#
# There is insufficient memory for the Java Runtime Environment to continue.
# Native memory allocation (malloc) failed to allocate 1714080 bytes. Error detail: Chunk::new
# Possible reasons:
#   The system is out of physical RAM or swap space
#   This process is running with CompressedOops enabled, and the Java Heap may be blocking the growth of the native heap
# Possible solutions:
#   Reduce memory load on the system
#   Increase physical memory or swap space
#   Check if swap backing store is full
#   Decrease Java heap size (-Xmx/-Xms)
#   Decrease number of Java threads
#   Decrease Java thread stack sizes (-Xss)
#   Set larger code cache with -XX:ReservedCodeCacheSize=
#   JVM is running with Unscaled Compressed Oops mode in which the Java heap is
#     placed in the first 4GB address space. The Java Heap base address is the
#     maximum limit for the native heap growth. Please use -XX:HeapBaseMinAddress
#     to set the Java Heap base and to place the Java Heap above 4GB virtual address.
# This output file may be truncated or incomplete.
#
#  Out of Memory Error (arena.cpp:168), pid=21908, tid=20228
#
# JRE version: OpenJDK Runtime Environment Temurin-21.0.6+7 (21.0.6+7) (build 21.0.6+7-LTS)
# Java VM: OpenJDK 64-Bit Server VM Temurin-21.0.6+7 (21.0.6+7-LTS, mixed mode, sharing, tiered, compressed oops, compressed class ptrs, parallel gc, windows-amd64)
# No core dump will be written. Minidumps are not enabled by default on client versions of Windows
#

---------------  S U M M A R Y ------------

Command Line: --add-modules=ALL-SYSTEM --add-opens=java.base/java.util=ALL-UNNAMED --add-opens=java.base/java.lang=ALL-UNNAMED --add-opens=java.base/sun.nio.fs=ALL-UNNAMED -Declipse.application=org.eclipse.jdt.ls.core.id1 -Dosgi.bundles.defaultStartLevel=4 -Declipse.product=org.eclipse.jdt.ls.core.product -Djava.import.generatesMetadataFilesAtProjectRoot=false -DDetectVMInstallationsJob.disabled=true -Dfile.encoding=utf8 -XX:+UseParallelGC -XX:GCTimeRatio=4 -XX:AdaptiveSizePolicyWeight=90 -Dsun.zip.disableMemoryMapping=true -Xmx1G -Xms100m -Xlog:disable -javaagent:c:\Users\DIGI ROUTE\.vscode\extensions\redhat.java-1.41.1-win32-x64\lombok\lombok-1.18.36.jar -XX:+HeapDumpOnOutOfMemoryError -XX:HeapDumpPath=c:\Users\DIGI ROUTE\AppData\Roaming\Code\User\workspaceStorage\62ba2304e335b5d45dd158eafd42745f\redhat.java -Daether.dependencyCollector.impl=bf c:\Users\DIGI ROUTE\.vscode\extensions\redhat.java-1.41.1-win32-x64\server\plugins\org.eclipse.equinox.launcher_1.7.0.v20250331-1702.jar -configuration c:\Users\DIGI ROUTE\AppData\Roaming\Code\User\globalStorage\redhat.java\1.41.1\config_win -data c:\Users\DIGI ROUTE\AppData\Roaming\Code\User\workspaceStorage\62ba2304e335b5d45dd158eafd42745f\redhat.java\jdt_ws --pipe=\\.\pipe\lsp-abf1ae809b06ee425089d1956778e5c4-sock

Host: 12th Gen Intel(R) Core(TM) i7-12700H, 20 cores, 15G,  Windows 11 , 64 bit Build 26100 (10.0.26100.3775)
Time: Sun Apr 27 10:55:55 2025 India Standard Time elapsed time: 19.432519 seconds (0d 0h 0m 19s)

---------------  T H R E A D  ---------------

Current thread (0x000001edca7ecc50):  JavaThread "C2 CompilerThread1" daemon [_thread_in_native, id=20228, stack(0x0000006d5fd00000,0x0000006d5fe00000) (1024K)]


Current CompileTask:
C2:19432 10109       4       org.lombokweb.asm.ClassReader::readMethod (1070 bytes)

Stack: [0x0000006d5fd00000,0x0000006d5fe00000]
Native frames: (J=compiled Java code, j=interpreted, Vv=VM code, C=native code)
V  [jvm.dll+0x6cdee9]
V  [jvm.dll+0x8a83d1]
V  [jvm.dll+0x8aa8fe]
V  [jvm.dll+0x8aafe3]
V  [jvm.dll+0x27f706]
V  [jvm.dll+0xc500d]
V  [jvm.dll+0xc5543]
V  [jvm.dll+0x3b678c]
V  [jvm.dll+0x1e0009]
V  [jvm.dll+0x247b42]
V  [jvm.dll+0x246fcf]
V  [jvm.dll+0x1c75ee]
V  [jvm.dll+0x25685a]
V  [jvm.dll+0x254dfa]
V  [jvm.dll+0x3f0256]
V  [jvm.dll+0x851f8b]
V  [jvm.dll+0x6cc5ed]
C  [ucrtbase.dll+0x37b0]
C  [KERNEL32.DLL+0x2e8d7]
C  [ntdll.dll+0xb14fc]


---------------  P R O C E S S  ---------------

Threads class SMR info:
_java_thread_list=0x000001edcac3e6e0, length=108, elements={
0x000001ede13f91f0, 0x000001edf935a3d0, 0x000001edf7c3dce0, 0x000001edf935f560,
0x000001edf9363fe0, 0x000001edf93680e0, 0x000001edf9366fd0, 0x000001edf936dd10,
0x000001edf93753b0, 0x000001edf946d1c0, 0x000001edf946ec00, 0x000001edf946cb30,
0x000001edf946f290, 0x000001edf946be10, 0x000001edf946d850, 0x000001edf946dee0,
0x000001edf946e570, 0x000001edc5fa95d0, 0x000001edc5fa8220, 0x000001edc5fa88b0,
0x000001edc5fa8f40, 0x000001edc5fa9c60, 0x000001edc5faa980, 0x000001edc5faa2f0,
0x000001edc5fa7500, 0x000001edc5fab010, 0x000001edc5fabd30, 0x000001edc5fad770,
0x000001edc5fade00, 0x000001edc5fa7b90, 0x000001edc5faca50, 0x000001edc5fae490,
0x000001edc5faeb20, 0x000001edc5fab6a0, 0x000001edc5fac3c0, 0x000001edc5fad0e0,
0x000001edc8438220, 0x000001edc8434da0, 0x000001edc84388b0, 0x000001edc8435430,
0x000001edc8437500, 0x000001edc8436150, 0x000001edc84367e0, 0x000001edc8436e70,
0x000001edc8438f40, 0x000001edc8437b90, 0x000001edc8435ac0, 0x000001edc843a2f0,
0x000001edc84395d0, 0x000001edc843b6a0, 0x000001edc843bd30, 0x000001edc843c3c0,
0x000001edc843a980, 0x000001edc843b010, 0x000001edc9ec37a0, 0x000001edc9ec44c0,
0x000001edc9ec2a80, 0x000001edc9ec3110, 0x000001edc9ec7940, 0x000001edc9ec5f00,
0x000001edc9ec6c20, 0x000001edc9ec72b0, 0x000001edc9ec5870, 0x000001edc9ec6590,
0x000001edc9ec4b50, 0x000001edca7ecc50, 0x000001edc9ec9380, 0x000001edc9964330,
0x000001edc99649c0, 0x000001edc9966400, 0x000001edc9962f80, 0x000001edc99656e0,
0x000001edc9966a90, 0x000001edc9965050, 0x000001edc9965d70, 0x000001edc9963610,
0x000001edc9967120, 0x000001edc9963ca0, 0x000001edc99677b0, 0x000001edc99684d0,
0x000001edc9967e40, 0x000001edc99691f0, 0x000001edc9968b60, 0x000001edc9969880,
0x000001edc9969f10, 0x000001edc996a5a0, 0x000001edc639ef80, 0x000001edc639c190,
0x000001edc639e8f0, 0x000001edc639ceb0, 0x000001edc639c820, 0x000001edc639e260,
0x000001edc639d540, 0x000001edc639dbd0, 0x000001edc639bb00, 0x000001edc63a16e0,
0x000001edc63a09c0, 0x000001edc63a1d70, 0x000001edc63a1050, 0x000001edc63a2400,
0x000001edc63a0330, 0x000001edca7ea370, 0x000001edca7eaa40, 0x000001edca7eb7e0,
0x000001edc639f610, 0x000001edca7eb110, 0x000001edca7ed320, 0x000001edc63a3120
}

Java Threads: ( => current thread )
  0x000001ede13f91f0 JavaThread "main"                              [_thread_blocked, id=12060, stack(0x0000006d5f000000,0x0000006d5f100000) (1024K)]
  0x000001edf935a3d0 JavaThread "Reference Handler"          daemon [_thread_blocked, id=30428, stack(0x0000006d5f400000,0x0000006d5f500000) (1024K)]
  0x000001edf7c3dce0 JavaThread "Finalizer"                  daemon [_thread_blocked, id=31064, stack(0x0000006d5f500000,0x0000006d5f600000) (1024K)]
  0x000001edf935f560 JavaThread "Signal Dispatcher"          daemon [_thread_blocked, id=3332, stack(0x0000006d5f600000,0x0000006d5f700000) (1024K)]
  0x000001edf9363fe0 JavaThread "Attach Listener"            daemon [_thread_blocked, id=25856, stack(0x0000006d5f700000,0x0000006d5f800000) (1024K)]
  0x000001edf93680e0 JavaThread "Service Thread"             daemon [_thread_blocked, id=6540, stack(0x0000006d5f800000,0x0000006d5f900000) (1024K)]
  0x000001edf9366fd0 JavaThread "Monitor Deflation Thread"   daemon [_thread_blocked, id=21964, stack(0x0000006d5f900000,0x0000006d5fa00000) (1024K)]
  0x000001edf936dd10 JavaThread "C2 CompilerThread0"         daemon [_thread_blocked, id=28104, stack(0x0000006d5fa00000,0x0000006d5fb00000) (1024K)]
  0x000001edf93753b0 JavaThread "C1 CompilerThread0"         daemon [_thread_blocked, id=28408, stack(0x0000006d5fb00000,0x0000006d5fc00000) (1024K)]
  0x000001edf946d1c0 JavaThread "Common-Cleaner"             daemon [_thread_blocked, id=25988, stack(0x0000006d5fc00000,0x0000006d5fd00000) (1024K)]
  0x000001edf946ec00 JavaThread "Notification Thread"        daemon [_thread_blocked, id=24436, stack(0x0000006d60100000,0x0000006d60200000) (1024K)]
  0x000001edf946cb30 JavaThread "Active Thread: Equinox Container: 39eb14b0-53e4-43e3-94d8-174320427035"        [_thread_blocked, id=22116, stack(0x0000006d60a00000,0x0000006d60b00000) (1024K)]
  0x000001edf946f290 JavaThread "Refresh Thread: Equinox Container: 39eb14b0-53e4-43e3-94d8-174320427035" daemon [_thread_blocked, id=19360, stack(0x0000006d60c00000,0x0000006d60d00000) (1024K)]
  0x000001edf946be10 JavaThread "Framework Event Dispatcher: Equinox Container: 39eb14b0-53e4-43e3-94d8-174320427035" daemon [_thread_blocked, id=24088, stack(0x0000006d60d00000,0x0000006d60e00000) (1024K)]
  0x000001edf946d850 JavaThread "Start Level: Equinox Container: 39eb14b0-53e4-43e3-94d8-174320427035" daemon [_thread_blocked, id=8152, stack(0x0000006d60e00000,0x0000006d60f00000) (1024K)]
  0x000001edf946dee0 JavaThread "Bundle File Closer"         daemon [_thread_blocked, id=23328, stack(0x0000006d60f00000,0x0000006d61000000) (1024K)]
  0x000001edf946e570 JavaThread "SCR Component Actor"        daemon [_thread_blocked, id=6288, stack(0x0000006d61300000,0x0000006d61400000) (1024K)]
  0x000001edc5fa95d0 JavaThread "Worker-JM"                         [_thread_blocked, id=10860, stack(0x0000006d61700000,0x0000006d61800000) (1024K)]
  0x000001edc5fa8220 JavaThread "JNA Cleaner"                daemon [_thread_blocked, id=21068, stack(0x0000006d61900000,0x0000006d61a00000) (1024K)]
  0x000001edc5fa88b0 JavaThread "Worker-0: Initialize workspace"        [_thread_blocked, id=19084, stack(0x0000006d61a00000,0x0000006d61b00000) (1024K)]
  0x000001edc5fa8f40 JavaThread "Worker-1"                          [_thread_blocked, id=24696, stack(0x0000006d61b00000,0x0000006d61c00000) (1024K)]
  0x000001edc5fa9c60 JavaThread "Java indexing"              daemon [_thread_blocked, id=7704, stack(0x0000006d61d00000,0x0000006d61e00000) (1024K)]
  0x000001edc5faa980 JavaThread "Worker-2"                          [_thread_blocked, id=31664, stack(0x0000006d62000000,0x0000006d62100000) (1024K)]
  0x000001edc5faa2f0 JavaThread "Worker-3: Building"                [_thread_blocked, id=7784, stack(0x0000006d62100000,0x0000006d62200000) (1024K)]
  0x000001edc5fa7500 JavaThread "Thread-2"                   daemon [_thread_in_native, id=26208, stack(0x0000006d62200000,0x0000006d62300000) (1024K)]
  0x000001edc5fab010 JavaThread "Thread-3"                   daemon [_thread_in_native, id=19640, stack(0x0000006d62300000,0x0000006d62400000) (1024K)]
  0x000001edc5fabd30 JavaThread "Thread-4"                   daemon [_thread_in_native, id=26080, stack(0x0000006d62400000,0x0000006d62500000) (1024K)]
  0x000001edc5fad770 JavaThread "Thread-5"                   daemon [_thread_in_native, id=8204, stack(0x0000006d62500000,0x0000006d62600000) (1024K)]
  0x000001edc5fade00 JavaThread "Thread-6"                   daemon [_thread_in_native, id=12676, stack(0x0000006d62600000,0x0000006d62700000) (1024K)]
  0x000001edc5fa7b90 JavaThread "Thread-7"                   daemon [_thread_in_native, id=25156, stack(0x0000006d62700000,0x0000006d62800000) (1024K)]
  0x000001edc5faca50 JavaThread "Thread-8"                   daemon [_thread_in_native, id=29976, stack(0x0000006d62800000,0x0000006d62900000) (1024K)]
  0x000001edc5fae490 JavaThread "Thread-9"                   daemon [_thread_in_native, id=18436, stack(0x0000006d62900000,0x0000006d62a00000) (1024K)]
  0x000001edc5faeb20 JavaThread "Thread-10"                  daemon [_thread_in_native, id=20596, stack(0x0000006d62a00000,0x0000006d62b00000) (1024K)]
  0x000001edc5fab6a0 JavaThread "Thread-11"                  daemon [_thread_in_native, id=30204, stack(0x0000006d62b00000,0x0000006d62c00000) (1024K)]
  0x000001edc5fac3c0 JavaThread "Thread-12"                  daemon [_thread_in_native, id=31336, stack(0x0000006d62c00000,0x0000006d62d00000) (1024K)]
  0x000001edc5fad0e0 JavaThread "Thread-13"                  daemon [_thread_in_native, id=22740, stack(0x0000006d62d00000,0x0000006d62e00000) (1024K)]
  0x000001edc8438220 JavaThread "Thread-14"                  daemon [_thread_in_native, id=25096, stack(0x0000006d62e00000,0x0000006d62f00000) (1024K)]
  0x000001edc8434da0 JavaThread "Thread-15"                  daemon [_thread_in_native, id=16952, stack(0x0000006d62f00000,0x0000006d63000000) (1024K)]
  0x000001edc84388b0 JavaThread "Thread-16"                  daemon [_thread_in_native, id=25148, stack(0x0000006d63000000,0x0000006d63100000) (1024K)]
  0x000001edc8435430 JavaThread "Thread-17"                  daemon [_thread_in_native, id=15348, stack(0x0000006d63100000,0x0000006d63200000) (1024K)]
  0x000001edc8437500 JavaThread "Thread-18"                  daemon [_thread_in_native, id=22904, stack(0x0000006d63200000,0x0000006d63300000) (1024K)]
  0x000001edc8436150 JavaThread "Thread-19"                  daemon [_thread_in_native, id=20360, stack(0x0000006d63300000,0x0000006d63400000) (1024K)]
  0x000001edc84367e0 JavaThread "Thread-20"                  daemon [_thread_in_native, id=31532, stack(0x0000006d63400000,0x0000006d63500000) (1024K)]
  0x000001edc8436e70 JavaThread "Thread-21"                  daemon [_thread_in_native, id=30480, stack(0x0000006d63500000,0x0000006d63600000) (1024K)]
  0x000001edc8438f40 JavaThread "Thread-22"                  daemon [_thread_in_native, id=14352, stack(0x0000006d63600000,0x0000006d63700000) (1024K)]
  0x000001edc8437b90 JavaThread "pool-2-thread-1"                   [_thread_blocked, id=28076, stack(0x0000006d63700000,0x0000006d63800000) (1024K)]
  0x000001edc8435ac0 JavaThread "Timer-0"                           [_thread_blocked, id=22768, stack(0x0000006d63900000,0x0000006d63a00000) (1024K)]
  0x000001edc843a2f0 JavaThread "Timer-1"                           [_thread_blocked, id=28276, stack(0x0000006d63a00000,0x0000006d63b00000) (1024K)]
  0x000001edc84395d0 JavaThread "WorkspaceEventsHandler"            [_thread_blocked, id=6928, stack(0x0000006d63b00000,0x0000006d63c00000) (1024K)]
  0x000001edc843b6a0 JavaThread "pool-1-thread-1"                   [_thread_blocked, id=29356, stack(0x0000006d63c00000,0x0000006d63d00000) (1024K)]
  0x000001edc843bd30 JavaThread "Worker-4: Java indexing... "        [_thread_blocked, id=12168, stack(0x0000006d63e00000,0x0000006d63f00000) (1024K)]
  0x000001edc843c3c0 JavaThread "Worker-5"                          [_thread_blocked, id=23728, stack(0x0000006d63f00000,0x0000006d64000000) (1024K)]
  0x000001edc843a980 JavaThread "Timer-2"                           [_thread_blocked, id=23492, stack(0x0000006d64000000,0x0000006d64100000) (1024K)]
  0x000001edc843b010 JavaThread "Timer-3"                           [_thread_blocked, id=31328, stack(0x0000006d63d00000,0x0000006d63e00000) (1024K)]
  0x000001edc9ec37a0 JavaThread "Timer-4"                           [_thread_blocked, id=22612, stack(0x0000006d64200000,0x0000006d64300000) (1024K)]
  0x000001edc9ec44c0 JavaThread "Timer-5"                           [_thread_blocked, id=28572, stack(0x0000006d64100000,0x0000006d64200000) (1024K)]
  0x000001edc9ec2a80 JavaThread "Timer-6"                           [_thread_blocked, id=28948, stack(0x0000006d64300000,0x0000006d64400000) (1024K)]
  0x000001edc9ec3110 JavaThread "Timer-7"                           [_thread_blocked, id=13584, stack(0x0000006d64400000,0x0000006d64500000) (1024K)]
  0x000001edc9ec7940 JavaThread "Exec process"                      [_thread_blocked, id=3344, stack(0x0000006d63800000,0x0000006d63900000) (1024K)]
  0x000001edc9ec5f00 JavaThread "Exec process Thread 2"             [_thread_blocked, id=27476, stack(0x0000006d64600000,0x0000006d64700000) (1024K)]
  0x000001edc9ec6c20 JavaThread "Exec process Thread 3"             [_thread_blocked, id=9536, stack(0x0000006d64700000,0x0000006d64800000) (1024K)]
  0x000001edc9ec72b0 JavaThread "Timer-8"                           [_thread_blocked, id=8472, stack(0x0000006d60200000,0x0000006d60300000) (1024K)]
  0x000001edc9ec5870 JavaThread "Timer-9"                           [_thread_blocked, id=22508, stack(0x0000006d60900000,0x0000006d60a00000) (1024K)]
  0x000001edc9ec6590 JavaThread "Timer-10"                          [_thread_blocked, id=26432, stack(0x0000006d61400000,0x0000006d61500000) (1024K)]
  0x000001edc9ec4b50 JavaThread "Timer-11"                          [_thread_blocked, id=29712, stack(0x0000006d64500000,0x0000006d64600000) (1024K)]
=>0x000001edca7ecc50 JavaThread "C2 CompilerThread1"         daemon [_thread_in_native, id=20228, stack(0x0000006d5fd00000,0x0000006d5fe00000) (1024K)]
  0x000001edc9ec9380 JavaThread "LocalFile Deleter"          daemon [_thread_blocked, id=26572, stack(0x0000006d5fe00000,0x0000006d5ff00000) (1024K)]
  0x000001edc9964330 JavaThread "LocalFile Deleter"          daemon [_thread_blocked, id=22784, stack(0x0000006d5ff00000,0x0000006d60000000) (1024K)]
  0x000001edc99649c0 JavaThread "LocalFile Deleter"          daemon [_thread_blocked, id=27132, stack(0x0000006d60000000,0x0000006d60100000) (1024K)]
  0x000001edc9966400 JavaThread "LocalFile Deleter"          daemon [_thread_blocked, id=26064, stack(0x0000006d64800000,0x0000006d64900000) (1024K)]
  0x000001edc9962f80 JavaThread "LocalFile Deleter"          daemon [_thread_blocked, id=23536, stack(0x0000006d64900000,0x0000006d64a00000) (1024K)]
  0x000001edc99656e0 JavaThread "LocalFile Deleter"          daemon [_thread_blocked, id=596, stack(0x0000006d64a00000,0x0000006d64b00000) (1024K)]
  0x000001edc9966a90 JavaThread "LocalFile Deleter"          daemon [_thread_blocked, id=18296, stack(0x0000006d64b00000,0x0000006d64c00000) (1024K)]
  0x000001edc9965050 JavaThread "LocalFile Deleter"          daemon [_thread_blocked, id=12596, stack(0x0000006d64c00000,0x0000006d64d00000) (1024K)]
  0x000001edc9965d70 JavaThread "LocalFile Deleter"          daemon [_thread_blocked, id=29204, stack(0x0000006d64d00000,0x0000006d64e00000) (1024K)]
  0x000001edc9963610 JavaThread "LocalFile Deleter"          daemon [_thread_blocked, id=13940, stack(0x0000006d64e00000,0x0000006d64f00000) (1024K)]
  0x000001edc9967120 JavaThread "LocalFile Deleter"          daemon [_thread_blocked, id=19144, stack(0x0000006d64f00000,0x0000006d65000000) (1024K)]
  0x000001edc9963ca0 JavaThread "LocalFile Deleter"          daemon [_thread_blocked, id=19336, stack(0x0000006d65000000,0x0000006d65100000) (1024K)]
  0x000001edc99677b0 JavaThread "LocalFile Deleter"          daemon [_thread_blocked, id=24940, stack(0x0000006d65100000,0x0000006d65200000) (1024K)]
  0x000001edc99684d0 JavaThread "LocalFile Deleter"          daemon [_thread_blocked, id=30464, stack(0x0000006d65200000,0x0000006d65300000) (1024K)]
  0x000001edc9967e40 JavaThread "LocalFile Deleter"          daemon [_thread_blocked, id=19968, stack(0x0000006d65300000,0x0000006d65400000) (1024K)]
  0x000001edc99691f0 JavaThread "LocalFile Deleter"          daemon [_thread_blocked, id=18292, stack(0x0000006d65400000,0x0000006d65500000) (1024K)]
  0x000001edc9968b60 JavaThread "LocalFile Deleter"          daemon [_thread_blocked, id=19108, stack(0x0000006d65500000,0x0000006d65600000) (1024K)]
  0x000001edc9969880 JavaThread "LocalFile Deleter"          daemon [_thread_blocked, id=14036, stack(0x0000006d65600000,0x0000006d65700000) (1024K)]
  0x000001edc9969f10 JavaThread "LocalFile Deleter"          daemon [_thread_blocked, id=27596, stack(0x0000006d65700000,0x0000006d65800000) (1024K)]
  0x000001edc996a5a0 JavaThread "LocalFile Deleter"          daemon [_thread_blocked, id=516, stack(0x0000006d65800000,0x0000006d65900000) (1024K)]
  0x000001edc639ef80 JavaThread "Compiler Source File Reader" daemon [_thread_blocked, id=28940, stack(0x0000006d65900000,0x0000006d65a00000) (1024K)]
  0x000001edc639c190 JavaThread "Compiler Source File Reader" daemon [_thread_blocked, id=8944, stack(0x0000006d65a00000,0x0000006d65b00000) (1024K)]
  0x000001edc639e8f0 JavaThread "Compiler Source File Reader" daemon [_thread_blocked, id=30516, stack(0x0000006d65b00000,0x0000006d65c00000) (1024K)]
  0x000001edc639ceb0 JavaThread "Compiler Source File Reader" daemon [_thread_blocked, id=12440, stack(0x0000006d65c00000,0x0000006d65d00000) (1024K)]
  0x000001edc639c820 JavaThread "Compiler Source File Reader" daemon [_thread_blocked, id=20996, stack(0x0000006d65d00000,0x0000006d65e00000) (1024K)]
  0x000001edc639e260 JavaThread "Compiler Source File Reader" daemon [_thread_blocked, id=29708, stack(0x0000006d65e00000,0x0000006d65f00000) (1024K)]
  0x000001edc639d540 JavaThread "Compiler Source File Reader" daemon [_thread_blocked, id=1960, stack(0x0000006d65f00000,0x0000006d66000000) (1024K)]
  0x000001edc639dbd0 JavaThread "Compiler Source File Reader" daemon [_thread_blocked, id=23616, stack(0x0000006d66000000,0x0000006d66100000) (1024K)]
  0x000001edc639bb00 JavaThread "Compiler Source File Reader" daemon [_thread_blocked, id=10080, stack(0x0000006d66100000,0x0000006d66200000) (1024K)]
  0x000001edc63a16e0 JavaThread "Compiler Source File Reader" daemon [_thread_blocked, id=19468, stack(0x0000006d66200000,0x0000006d66300000) (1024K)]
  0x000001edc63a09c0 JavaThread "Compiler Source File Reader" daemon [_thread_blocked, id=19756, stack(0x0000006d66300000,0x0000006d66400000) (1024K)]
  0x000001edc63a1d70 JavaThread "Compiler Source File Reader" daemon [_thread_blocked, id=6016, stack(0x0000006d66400000,0x0000006d66500000) (1024K)]
  0x000001edc63a1050 JavaThread "Compiler Source File Reader" daemon [_thread_blocked, id=29268, stack(0x0000006d66500000,0x0000006d66600000) (1024K)]
  0x000001edc63a2400 JavaThread "Compiler Source File Reader" daemon [_thread_blocked, id=22064, stack(0x0000006d66600000,0x0000006d66700000) (1024K)]
  0x000001edc63a0330 JavaThread "Compiler Source File Reader" daemon [_thread_blocked, id=10476, stack(0x0000006d66700000,0x0000006d66800000) (1024K)]
  0x000001edca7ea370 JavaThread "C1 CompilerThread1"         daemon [_thread_blocked, id=12352, stack(0x0000006d66800000,0x0000006d66900000) (1024K)]
  0x000001edca7eaa40 JavaThread "C2 CompilerThread2"         daemon [_thread_in_native, id=22216, stack(0x0000006d66900000,0x0000006d66a00000) (1024K)]
  0x000001edca7eb7e0 JavaThread "C2 CompilerThread3"         daemon [_thread_blocked, id=11064, stack(0x0000006d66a00000,0x0000006d66b00000) (1024K)]
  0x000001edc639f610 JavaThread "ForkJoinPool.commonPool-worker-1" daemon [_thread_blocked, id=29228, stack(0x0000006d66b00000,0x0000006d66c00000) (1024K)]
  0x000001edca7eb110 JavaThread "C1 CompilerThread2"         daemon [_thread_blocked, id=26132, stack(0x0000006d66c00000,0x0000006d66d00000) (1024K)]
  0x000001edca7ed320 JavaThread "C1 CompilerThread3"         daemon [_thread_blocked, id=20800, stack(0x0000006d66d00000,0x0000006d66e00000) (1024K)]
  0x000001edc63a3120 JavaThread "Compiler Processing Task"   daemon [_thread_blocked, id=25876, stack(0x0000006d66e00000,0x0000006d66f00000) (1024K)]
Total: 108

Other Threads:
  0x000001edf7c24070 VMThread "VM Thread"                           [id=30152, stack(0x0000006d5f300000,0x0000006d5f400000) (1024K)]
  0x000001edf7b1ca00 WatcherThread "VM Periodic Task Thread"        [id=23884, stack(0x0000006d5f200000,0x0000006d5f300000) (1024K)]
  0x000001ede386d040 WorkerThread "GC Thread#0"                     [id=25256, stack(0x0000006d5f100000,0x0000006d5f200000) (1024K)]
  0x000001edc57024a0 WorkerThread "GC Thread#1"                     [id=21892, stack(0x0000006d60300000,0x0000006d60400000) (1024K)]
  0x000001edc582f8f0 WorkerThread "GC Thread#2"                     [id=19992, stack(0x0000006d60400000,0x0000006d60500000) (1024K)]
  0x000001edc582fc90 WorkerThread "GC Thread#3"                     [id=5236, stack(0x0000006d60500000,0x0000006d60600000) (1024K)]
  0x000001edc5a2aa20 WorkerThread "GC Thread#4"                     [id=29824, stack(0x0000006d60600000,0x0000006d60700000) (1024K)]
  0x000001edc5a2adc0 WorkerThread "GC Thread#5"                     [id=17108, stack(0x0000006d60700000,0x0000006d60800000) (1024K)]
  0x000001edc5a2b160 WorkerThread "GC Thread#6"                     [id=15916, stack(0x0000006d60800000,0x0000006d60900000) (1024K)]
  0x000001edc5a70030 WorkerThread "GC Thread#7"                     [id=25168, stack(0x0000006d60b00000,0x0000006d60c00000) (1024K)]
  0x000001edc5e455b0 WorkerThread "GC Thread#8"                     [id=24612, stack(0x0000006d61000000,0x0000006d61100000) (1024K)]
  0x000001edc5c35550 WorkerThread "GC Thread#9"                     [id=23508, stack(0x0000006d61100000,0x0000006d61200000) (1024K)]
  0x000001edc6142e20 WorkerThread "GC Thread#10"                    [id=27444, stack(0x0000006d61200000,0x0000006d61300000) (1024K)]
  0x000001edc61431c0 WorkerThread "GC Thread#11"                    [id=21744, stack(0x0000006d61500000,0x0000006d61600000) (1024K)]
  0x000001edc6141fa0 WorkerThread "GC Thread#12"                    [id=27888, stack(0x0000006d61600000,0x0000006d61700000) (1024K)]
  0x000001edc6141c00 WorkerThread "GC Thread#13"                    [id=1516, stack(0x0000006d61800000,0x0000006d61900000) (1024K)]
  0x000001edc61426e0 WorkerThread "GC Thread#14"                    [id=4412, stack(0x0000006d61c00000,0x0000006d61d00000) (1024K)]
Total: 17

Threads with active compile tasks:
C2 CompilerThread0  20464 10715       4       java.util.IdentityHashMap::put (137 bytes)
C1 CompilerThread0  20464 10948       2       org.eclipse.jdt.internal.compiler.lookup.ReferenceBinding::readableName (170 bytes)
C2 CompilerThread1  20464 10109       4       org.lombokweb.asm.ClassReader::readMethod (1070 bytes)
C1 CompilerThread1  20464 10940       2       org.eclipse.jdt.internal.compiler.lookup.Scope::findTypeInOnDemandImports (304 bytes)
C2 CompilerThread2  20464 10118 %     4       org.lombokweb.asm.ClassReader::readCode @ 2187 (5117 bytes)
C2 CompilerThread3  20464 10519       4       org.eclipse.jdt.internal.compiler.parser.Scanner::internalScanIdentifierOrKeyword (5081 bytes)
C1 CompilerThread2  20464 10951       2       org.eclipse.jdt.internal.compiler.lookup.TypeBinding::typeVariables (4 bytes)
C1 CompilerThread3  20464 10950       2       org.eclipse.jdt.internal.compiler.lookup.LookupEnvironment::getType (205 bytes)
Total: 8

VM state: at safepoint (normal execution)

VM Mutex/Monitor currently owned by a thread:  ([mutex/lock_event])
[0x00007fff4876e380] Threads_lock - owner thread: 0x000001edf7c24070
[0x00007fff4876e480] Heap_lock - owner thread: 0x000001edc843b6a0

Heap address: 0x00000000c0000000, size: 1024 MB, Compressed Oops mode: 32-bit

CDS archive(s) mapped at: [0x000001ed80000000-0x000001ed80ba0000-0x000001ed80ba0000), size 12189696, SharedBaseAddress: 0x000001ed80000000, ArchiveRelocationMode: 1.
Compressed class space mapped at: 0x000001ed81000000-0x000001edc1000000, reserved size: 1073741824
Narrow klass base: 0x000001ed80000000, Narrow klass shift: 0, Narrow klass range: 0x100000000

GC Precious Log:
 CardTable entry size: 512
 CPUs: 20 total, 20 available
 Memory: 16004M
 Large Page Support: Disabled
 NUMA Support: Disabled
 Compressed Oops: Enabled (32-bit)
 Alignments: Space 512K, Generation 512K, Heap 2M
 Heap Min Capacity: 100M
 Heap Initial Capacity: 100M
 Heap Max Capacity: 1G
 Pre-touch: Disabled
 Parallel Workers: 15

Heap:
 PSYoungGen      total 3584K, used 992K [0x00000000eab00000, 0x00000000eb000000, 0x0000000100000000)
  eden space 2560K, 0% used [0x00000000eab00000,0x00000000eab00000,0x00000000ead80000)
  from space 1024K, 96% used [0x00000000eae00000,0x00000000eaef8010,0x00000000eaf00000)
  to   space 1024K, 0% used [0x00000000eaf00000,0x00000000eaf00000,0x00000000eb000000)
 ParOldGen       total 508416K, used 508122K [0x00000000c0000000, 0x00000000df080000, 0x00000000eab00000)
  object space 508416K, 99% used [0x00000000c0000000,0x00000000df036968,0x00000000df080000)
 Metaspace       used 74548K, committed 75968K, reserved 1179648K
  class space    used 8791K, committed 9408K, reserved 1048576K

Card table byte_map: [0x000001ede31f0000,0x000001ede3400000] _byte_map_base: 0x000001ede2bf0000

Marking Bits: (ParMarkBitMap*) 0x00007fff48773260
 Begin Bits: [0x000001edf5a40000, 0x000001edf6a40000)
 End Bits:   [0x000001edf6a40000, 0x000001edf7a40000)

Polling page: 0x000001ede1680000

Metaspace:

Usage:
  Non-class:     64.22 MB used.
      Class:      8.59 MB used.
       Both:     72.80 MB used.

Virtual space:
  Non-class space:      128.00 MB reserved,      65.00 MB ( 51%) committed,  2 nodes.
      Class space:        1.00 GB reserved,       9.19 MB ( <1%) committed,  1 nodes.
             Both:        1.12 GB reserved,      74.19 MB (  6%) committed. 

Chunk freelists:
   Non-Class:  14.64 MB
       Class:  6.78 MB
        Both:  21.42 MB

MaxMetaspaceSize: unlimited
CompressedClassSpaceSize: 1.00 GB
Initial GC threshold: 21.00 MB
Current GC threshold: 97.31 MB
CDS: on
 - commit_granule_bytes: 65536.
 - commit_granule_words: 8192.
 - virtual_space_node_default_size: 8388608.
 - enlarge_chunks_in_place: 1.
 - use_allocation_guard: 0.


Internal statistics:

num_allocs_failed_limit: 9.
num_arena_births: 1268.
num_arena_deaths: 14.
num_vsnodes_births: 3.
num_vsnodes_deaths: 0.
num_space_committed: 1187.
num_space_uncommitted: 0.
num_chunks_returned_to_freelist: 23.
num_chunks_taken_from_freelist: 4749.
num_chunk_merges: 15.
num_chunk_splits: 2941.
num_chunks_enlarged: 1666.
num_inconsistent_stats: 0.

CodeHeap 'non-profiled nmethods': size=119168Kb used=9348Kb max_used=9348Kb free=109819Kb
 bounds [0x000001edee5e0000, 0x000001edeef10000, 0x000001edf5a40000]
CodeHeap 'profiled nmethods': size=119104Kb used=21871Kb max_used=21871Kb free=97232Kb
 bounds [0x000001ede6a40000, 0x000001ede7fa0000, 0x000001edede90000]
CodeHeap 'non-nmethods': size=7488Kb used=3127Kb max_used=3177Kb free=4360Kb
 bounds [0x000001edede90000, 0x000001edee1c0000, 0x000001edee5e0000]
 total_blobs=10816 nmethods=10061 adapters=657
 compilation: enabled
              stopped_count=0, restarted_count=0
 full_count=0

Compilation events (20 events):
Event: 18.423 Thread 0x000001edca7eb110 10941       2       org.eclipse.jdt.internal.compiler.lookup.ProblemReferenceBinding::<init> (32 bytes)
Event: 18.423 Thread 0x000001edf93753b0 10945       2       org.eclipse.jdt.internal.compiler.lookup.ReferenceBinding::hasRestrictedAccess (15 bytes)
Event: 18.423 Thread 0x000001edf93753b0 nmethod 10945 0x000001ede7f97990 code [0x000001ede7f97b40, 0x000001ede7f97c88]
Event: 18.423 Thread 0x000001edca7eb110 nmethod 10941 0x000001ede7f97d10 code [0x000001ede7f97ea0, 0x000001ede7f98038]
Event: 18.423 Thread 0x000001edf93753b0 10942       2       java.util.concurrent.locks.AbstractQueuedSynchronizer::acquireSharedInterruptibly (36 bytes)
Event: 18.423 Thread 0x000001edca7ed320 nmethod 10936 0x000001ede7f98110 code [0x000001ede7f98460, 0x000001ede7f98e88]
Event: 18.423 Thread 0x000001edca7eb110 10943       2       jdk.internal.misc.Unsafe::freeMemory (18 bytes)
Event: 18.423 Thread 0x000001edca7eb110 nmethod 10943 0x000001ede7f99610 code [0x000001ede7f997c0, 0x000001ede7f99970]
Event: 18.423 Thread 0x000001edca7ed320 10944       2       jdk.internal.misc.Unsafe::freeMemoryChecks (7 bytes)
Event: 18.423 Thread 0x000001edf93753b0 nmethod 10942 0x000001ede7f99a90 code [0x000001ede7f99c60, 0x000001ede7f99f40]
Event: 18.423 Thread 0x000001edca7eb110 10947       2       org.eclipse.jdt.internal.compiler.lookup.ReferenceBinding::readableName (6 bytes)
Event: 18.423 Thread 0x000001edf93753b0 10948       2       org.eclipse.jdt.internal.compiler.lookup.ReferenceBinding::readableName (170 bytes)
Event: 18.423 Thread 0x000001edca7ed320 nmethod 10944 0x000001ede7f9a110 code [0x000001ede7f9a2a0, 0x000001ede7f9a3b0]
Event: 18.424 Thread 0x000001edca7ed320 10950       2       org.eclipse.jdt.internal.compiler.lookup.LookupEnvironment::getType (205 bytes)
Event: 18.424 Thread 0x000001edca7eb110 nmethod 10947 0x000001ede7f9a490 code [0x000001ede7f9a640, 0x000001ede7f9a778]
Event: 18.424 Thread 0x000001edca7eb110 10946       1       org.eclipse.jdt.internal.compiler.lookup.MissingTypeBinding::setMissingSuperclass (6 bytes)
Event: 18.424 Thread 0x000001edca7eb110 nmethod 10946 0x000001edeef00e90 code [0x000001edeef01020, 0x000001edeef01100]
Event: 18.424 Thread 0x000001edca7eb110 10951       2       org.eclipse.jdt.internal.compiler.lookup.TypeBinding::typeVariables (4 bytes)
Event: 18.424 Thread 0x000001edca7ea370 nmethod 10940 0x000001ede7f9a810 code [0x000001ede7f9aa60, 0x000001ede7f9b490]
Event: 18.424 Thread 0x000001edca7eb110 nmethod 10951 0x000001ede7f9ba10 code [0x000001ede7f9bba0, 0x000001ede7f9bcb0]

GC Heap History (20 events):
Event: 18.188 GC heap before
{Heap before GC invocations=468 (full 3):
 PSYoungGen      total 4096K, used 4005K [0x00000000eab00000, 0x00000000eb000000, 0x0000000100000000)
  eden space 3584K, 99% used [0x00000000eab00000,0x00000000eae79490,0x00000000eae80000)
  from space 512K, 87% used [0x00000000eaf80000,0x00000000eaff0000,0x00000000eb000000)
  to   space 512K, 0% used [0x00000000eae80000,0x00000000eae80000,0x00000000eaf00000)
 ParOldGen       total 501248K, used 501130K [0x00000000c0000000, 0x00000000de980000, 0x00000000eab00000)
  object space 501248K, 99% used [0x00000000c0000000,0x00000000de962888,0x00000000de980000)
 Metaspace       used 72766K, committed 74176K, reserved 1114112K
  class space    used 8652K, committed 9280K, reserved 1048576K
}
Event: 18.189 GC heap after
{Heap after GC invocations=468 (full 3):
 PSYoungGen      total 4096K, used 512K [0x00000000eab00000, 0x00000000eb080000, 0x0000000100000000)
  eden space 3584K, 0% used [0x00000000eab00000,0x00000000eab00000,0x00000000eae80000)
  from space 512K, 100% used [0x00000000eae80000,0x00000000eaf00000,0x00000000eaf00000)
  to   space 1024K, 0% used [0x00000000eaf80000,0x00000000eaf80000,0x00000000eb080000)
 ParOldGen       total 501760K, used 501258K [0x00000000c0000000, 0x00000000dea00000, 0x00000000eab00000)
  object space 501760K, 99% used [0x00000000c0000000,0x00000000de982898,0x00000000dea00000)
 Metaspace       used 72766K, committed 74176K, reserved 1114112K
  class space    used 8652K, committed 9280K, reserved 1048576K
}
Event: 18.214 GC heap before
{Heap before GC invocations=469 (full 3):
 PSYoungGen      total 4096K, used 4096K [0x00000000eab00000, 0x00000000eb080000, 0x0000000100000000)
  eden space 3584K, 100% used [0x00000000eab00000,0x00000000eae80000,0x00000000eae80000)
  from space 512K, 100% used [0x00000000eae80000,0x00000000eaf00000,0x00000000eaf00000)
  to   space 1024K, 0% used [0x00000000eaf80000,0x00000000eaf80000,0x00000000eb080000)
 ParOldGen       total 501760K, used 501258K [0x00000000c0000000, 0x00000000dea00000, 0x00000000eab00000)
  object space 501760K, 99% used [0x00000000c0000000,0x00000000de982898,0x00000000dea00000)
 Metaspace       used 73042K, committed 74432K, reserved 1179648K
  class space    used 8676K, committed 9280K, reserved 1048576K
}
Event: 18.215 GC heap after
{Heap after GC invocations=469 (full 3):
 PSYoungGen      total 3584K, used 1024K [0x00000000eab00000, 0x00000000eb280000, 0x0000000100000000)
  eden space 2560K, 0% used [0x00000000eab00000,0x00000000eab00000,0x00000000ead80000)
  from space 1024K, 100% used [0x00000000eaf80000,0x00000000eb080000,0x00000000eb080000)
  to   space 2048K, 0% used [0x00000000ead80000,0x00000000ead80000,0x00000000eaf80000)
 ParOldGen       total 501760K, used 501690K [0x00000000c0000000, 0x00000000dea00000, 0x00000000eab00000)
  object space 501760K, 99% used [0x00000000c0000000,0x00000000de9ee898,0x00000000dea00000)
 Metaspace       used 73042K, committed 74432K, reserved 1179648K
  class space    used 8676K, committed 9280K, reserved 1048576K
}
Event: 18.238 GC heap before
{Heap before GC invocations=470 (full 3):
 PSYoungGen      total 3584K, used 3584K [0x00000000eab00000, 0x00000000eb280000, 0x0000000100000000)
  eden space 2560K, 100% used [0x00000000eab00000,0x00000000ead80000,0x00000000ead80000)
  from space 1024K, 100% used [0x00000000eaf80000,0x00000000eb080000,0x00000000eb080000)
  to   space 2048K, 0% used [0x00000000ead80000,0x00000000ead80000,0x00000000eaf80000)
 ParOldGen       total 501760K, used 501690K [0x00000000c0000000, 0x00000000dea00000, 0x00000000eab00000)
  object space 501760K, 99% used [0x00000000c0000000,0x00000000de9ee898,0x00000000dea00000)
 Metaspace       used 73202K, committed 74624K, reserved 1179648K
  class space    used 8700K, committed 9344K, reserved 1048576K
}
Event: 18.240 GC heap after
{Heap after GC invocations=470 (full 3):
 PSYoungGen      total 4096K, used 1169K [0x00000000eab00000, 0x00000000eb080000, 0x0000000100000000)
  eden space 2560K, 0% used [0x00000000eab00000,0x00000000eab00000,0x00000000ead80000)
  from space 1536K, 76% used [0x00000000ead80000,0x00000000eaea45d0,0x00000000eaf00000)
  to   space 1536K, 0% used [0x00000000eaf00000,0x00000000eaf00000,0x00000000eb080000)
 ParOldGen       total 502784K, used 502419K [0x00000000c0000000, 0x00000000deb00000, 0x00000000eab00000)
  object space 502784K, 99% used [0x00000000c0000000,0x00000000deaa4fb0,0x00000000deb00000)
 Metaspace       used 73202K, committed 74624K, reserved 1179648K
  class space    used 8700K, committed 9344K, reserved 1048576K
}
Event: 18.268 GC heap before
{Heap before GC invocations=471 (full 3):
 PSYoungGen      total 4096K, used 3728K [0x00000000eab00000, 0x00000000eb080000, 0x0000000100000000)
  eden space 2560K, 99% used [0x00000000eab00000,0x00000000ead7fc98,0x00000000ead80000)
  from space 1536K, 76% used [0x00000000ead80000,0x00000000eaea45d0,0x00000000eaf00000)
  to   space 1536K, 0% used [0x00000000eaf00000,0x00000000eaf00000,0x00000000eb080000)
 ParOldGen       total 502784K, used 502419K [0x00000000c0000000, 0x00000000deb00000, 0x00000000eab00000)
  object space 502784K, 99% used [0x00000000c0000000,0x00000000deaa4fb0,0x00000000deb00000)
 Metaspace       used 73387K, committed 74816K, reserved 1179648K
  class space    used 8715K, committed 9344K, reserved 1048576K
}
Event: 18.269 GC heap after
{Heap after GC invocations=471 (full 3):
 PSYoungGen      total 3584K, used 704K [0x00000000eab00000, 0x00000000eb000000, 0x0000000100000000)
  eden space 2560K, 0% used [0x00000000eab00000,0x00000000eab00000,0x00000000ead80000)
  from space 1024K, 68% used [0x00000000eaf00000,0x00000000eafb0000,0x00000000eb000000)
  to   space 1024K, 0% used [0x00000000eae00000,0x00000000eae00000,0x00000000eaf00000)
 ParOldGen       total 503808K, used 503318K [0x00000000c0000000, 0x00000000dec00000, 0x00000000eab00000)
  object space 503808K, 99% used [0x00000000c0000000,0x00000000deb85908,0x00000000dec00000)
 Metaspace       used 73387K, committed 74816K, reserved 1179648K
  class space    used 8715K, committed 9344K, reserved 1048576K
}
Event: 18.293 GC heap before
{Heap before GC invocations=472 (full 3):
 PSYoungGen      total 3584K, used 3264K [0x00000000eab00000, 0x00000000eb000000, 0x0000000100000000)
  eden space 2560K, 100% used [0x00000000eab00000,0x00000000ead80000,0x00000000ead80000)
  from space 1024K, 68% used [0x00000000eaf00000,0x00000000eafb0000,0x00000000eb000000)
  to   space 1024K, 0% used [0x00000000eae00000,0x00000000eae00000,0x00000000eaf00000)
 ParOldGen       total 503808K, used 503318K [0x00000000c0000000, 0x00000000dec00000, 0x00000000eab00000)
  object space 503808K, 99% used [0x00000000c0000000,0x00000000deb85908,0x00000000dec00000)
 Metaspace       used 73543K, committed 74944K, reserved 1179648K
  class space    used 8723K, committed 9344K, reserved 1048576K
}
Event: 18.295 GC heap after
{Heap after GC invocations=472 (full 3):
 PSYoungGen      total 3584K, used 787K [0x00000000eab00000, 0x00000000eaf80000, 0x0000000100000000)
  eden space 2560K, 0% used [0x00000000eab00000,0x00000000eab00000,0x00000000ead80000)
  from space 1024K, 76% used [0x00000000eae00000,0x00000000eaec4c88,0x00000000eaf00000)
  to   space 512K, 0% used [0x00000000eaf00000,0x00000000eaf00000,0x00000000eaf80000)
 ParOldGen       total 504320K, used 503844K [0x00000000c0000000, 0x00000000dec80000, 0x00000000eab00000)
  object space 504320K, 99% used [0x00000000c0000000,0x00000000dec09210,0x00000000dec80000)
 Metaspace       used 73543K, committed 74944K, reserved 1179648K
  class space    used 8723K, committed 9344K, reserved 1048576K
}
Event: 18.323 GC heap before
{Heap before GC invocations=473 (full 3):
 PSYoungGen      total 3584K, used 3347K [0x00000000eab00000, 0x00000000eaf80000, 0x0000000100000000)
  eden space 2560K, 100% used [0x00000000eab00000,0x00000000ead80000,0x00000000ead80000)
  from space 1024K, 76% used [0x00000000eae00000,0x00000000eaec4c88,0x00000000eaf00000)
  to   space 512K, 0% used [0x00000000eaf00000,0x00000000eaf00000,0x00000000eaf80000)
 ParOldGen       total 504320K, used 503844K [0x00000000c0000000, 0x00000000dec80000, 0x00000000eab00000)
  object space 504320K, 99% used [0x00000000c0000000,0x00000000dec09210,0x00000000dec80000)
 Metaspace       used 73747K, committed 75200K, reserved 1179648K
  class space    used 8729K, committed 9344K, reserved 1048576K
}
Event: 18.324 GC heap after
{Heap after GC invocations=473 (full 3):
 PSYoungGen      total 3072K, used 512K [0x00000000eab00000, 0x00000000eb080000, 0x0000000100000000)
  eden space 2560K, 0% used [0x00000000eab00000,0x00000000eab00000,0x00000000ead80000)
  from space 512K, 100% used [0x00000000eaf00000,0x00000000eaf80000,0x00000000eaf80000)
  to   space 1536K, 0% used [0x00000000ead80000,0x00000000ead80000,0x00000000eaf00000)
 ParOldGen       total 504832K, used 504673K [0x00000000c0000000, 0x00000000ded00000, 0x00000000eab00000)
  object space 504832K, 99% used [0x00000000c0000000,0x00000000decd86a8,0x00000000ded00000)
 Metaspace       used 73747K, committed 75200K, reserved 1179648K
  class space    used 8729K, committed 9344K, reserved 1048576K
}
Event: 18.336 GC heap before
{Heap before GC invocations=474 (full 3):
 PSYoungGen      total 3072K, used 3072K [0x00000000eab00000, 0x00000000eb080000, 0x0000000100000000)
  eden space 2560K, 100% used [0x00000000eab00000,0x00000000ead80000,0x00000000ead80000)
  from space 512K, 100% used [0x00000000eaf00000,0x00000000eaf80000,0x00000000eaf80000)
  to   space 1536K, 0% used [0x00000000ead80000,0x00000000ead80000,0x00000000eaf00000)
 ParOldGen       total 504832K, used 504673K [0x00000000c0000000, 0x00000000ded00000, 0x00000000eab00000)
  object space 504832K, 99% used [0x00000000c0000000,0x00000000decd86a8,0x00000000ded00000)
 Metaspace       used 73801K, committed 75264K, reserved 1179648K
  class space    used 8730K, committed 9344K, reserved 1048576K
}
Event: 18.337 GC heap after
{Heap after GC invocations=474 (full 3):
 PSYoungGen      total 4096K, used 1088K [0x00000000eab00000, 0x00000000eb080000, 0x0000000100000000)
  eden space 2560K, 0% used [0x00000000eab00000,0x00000000eab00000,0x00000000ead80000)
  from space 1536K, 70% used [0x00000000ead80000,0x00000000eae90000,0x00000000eaf00000)
  to   space 1536K, 0% used [0x00000000eaf00000,0x00000000eaf00000,0x00000000eb080000)
 ParOldGen       total 505344K, used 505192K [0x00000000c0000000, 0x00000000ded80000, 0x00000000eab00000)
  object space 505344K, 99% used [0x00000000c0000000,0x00000000ded5a3b8,0x00000000ded80000)
 Metaspace       used 73801K, committed 75264K, reserved 1179648K
  class space    used 8730K, committed 9344K, reserved 1048576K
}
Event: 18.359 GC heap before
{Heap before GC invocations=475 (full 3):
 PSYoungGen      total 4096K, used 3648K [0x00000000eab00000, 0x00000000eb080000, 0x0000000100000000)
  eden space 2560K, 100% used [0x00000000eab00000,0x00000000ead80000,0x00000000ead80000)
  from space 1536K, 70% used [0x00000000ead80000,0x00000000eae90000,0x00000000eaf00000)
  to   space 1536K, 0% used [0x00000000eaf00000,0x00000000eaf00000,0x00000000eb080000)
 ParOldGen       total 505344K, used 505192K [0x00000000c0000000, 0x00000000ded80000, 0x00000000eab00000)
  object space 505344K, 99% used [0x00000000c0000000,0x00000000ded5a3b8,0x00000000ded80000)
 Metaspace       used 73939K, committed 75328K, reserved 1179648K
  class space    used 8740K, committed 9344K, reserved 1048576K
}
Event: 18.361 GC heap after
{Heap after GC invocations=475 (full 3):
 PSYoungGen      total 3584K, used 736K [0x00000000eab00000, 0x00000000eb000000, 0x0000000100000000)
  eden space 2560K, 0% used [0x00000000eab00000,0x00000000eab00000,0x00000000ead80000)
  from space 1024K, 71% used [0x00000000eaf00000,0x00000000eafb8000,0x00000000eb000000)
  to   space 1024K, 0% used [0x00000000eae00000,0x00000000eae00000,0x00000000eaf00000)
 ParOldGen       total 506368K, used 506118K [0x00000000c0000000, 0x00000000dee80000, 0x00000000eab00000)
  object space 506368K, 99% used [0x00000000c0000000,0x00000000dee41980,0x00000000dee80000)
 Metaspace       used 73939K, committed 75328K, reserved 1179648K
  class space    used 8740K, committed 9344K, reserved 1048576K
}
Event: 18.380 GC heap before
{Heap before GC invocations=476 (full 3):
 PSYoungGen      total 3584K, used 3295K [0x00000000eab00000, 0x00000000eb000000, 0x0000000100000000)
  eden space 2560K, 99% used [0x00000000eab00000,0x00000000ead7fff0,0x00000000ead80000)
  from space 1024K, 71% used [0x00000000eaf00000,0x00000000eafb8000,0x00000000eb000000)
  to   space 1024K, 0% used [0x00000000eae00000,0x00000000eae00000,0x00000000eaf00000)
 ParOldGen       total 506368K, used 506118K [0x00000000c0000000, 0x00000000dee80000, 0x00000000eab00000)
  object space 506368K, 99% used [0x00000000c0000000,0x00000000dee41980,0x00000000dee80000)
 Metaspace       used 74190K, committed 75648K, reserved 1179648K
  class space    used 8759K, committed 9408K, reserved 1048576K
}
Event: 18.382 GC heap after
{Heap after GC invocations=476 (full 3):
 PSYoungGen      total 3584K, used 1024K [0x00000000eab00000, 0x00000000eb080000, 0x0000000100000000)
  eden space 2560K, 0% used [0x00000000eab00000,0x00000000eab00000,0x00000000ead80000)
  from space 1024K, 100% used [0x00000000eae00000,0x00000000eaf00000,0x00000000eaf00000)
  to   space 1536K, 0% used [0x00000000eaf00000,0x00000000eaf00000,0x00000000eb080000)
 ParOldGen       total 506880K, used 506636K [0x00000000c0000000, 0x00000000def00000, 0x00000000eab00000)
  object space 506880K, 99% used [0x00000000c0000000,0x00000000deec3098,0x00000000def00000)
 Metaspace       used 74190K, committed 75648K, reserved 1179648K
  class space    used 8759K, committed 9408K, reserved 1048576K
}
Event: 18.416 GC heap before
{Heap before GC invocations=477 (full 3):
 PSYoungGen      total 3584K, used 3584K [0x00000000eab00000, 0x00000000eb080000, 0x0000000100000000)
  eden space 2560K, 100% used [0x00000000eab00000,0x00000000ead80000,0x00000000ead80000)
  from space 1024K, 100% used [0x00000000eae00000,0x00000000eaf00000,0x00000000eaf00000)
  to   space 1536K, 0% used [0x00000000eaf00000,0x00000000eaf00000,0x00000000eb080000)
 ParOldGen       total 506880K, used 506636K [0x00000000c0000000, 0x00000000def00000, 0x00000000eab00000)
  object space 506880K, 99% used [0x00000000c0000000,0x00000000deec3098,0x00000000def00000)
 Metaspace       used 74468K, committed 75904K, reserved 1179648K
  class space    used 8783K, committed 9408K, reserved 1048576K
}
Event: 18.417 GC heap after
{Heap after GC invocations=477 (full 3):
 PSYoungGen      total 3584K, used 775K [0x00000000eab00000, 0x00000000eb000000, 0x0000000100000000)
  eden space 2560K, 0% used [0x00000000eab00000,0x00000000eab00000,0x00000000ead80000)
  from space 1024K, 75% used [0x00000000eaf00000,0x00000000eafc1e18,0x00000000eb000000)
  to   space 1024K, 0% used [0x00000000eae00000,0x00000000eae00000,0x00000000eaf00000)
 ParOldGen       total 507904K, used 507436K [0x00000000c0000000, 0x00000000df000000, 0x00000000eab00000)
  object space 507904K, 99% used [0x00000000c0000000,0x00000000def8b220,0x00000000df000000)
 Metaspace       used 74468K, committed 75904K, reserved 1179648K
  class space    used 8783K, committed 9408K, reserved 1048576K
}

Dll operation events (14 events):
Event: 0.005 Loaded shared library c:\Users\DIGI ROUTE\.vscode\extensions\redhat.java-1.41.1-win32-x64\jre\21.0.6-win32-x86_64\bin\java.dll
Event: 0.039 Loaded shared library c:\Users\DIGI ROUTE\.vscode\extensions\redhat.java-1.41.1-win32-x64\jre\21.0.6-win32-x86_64\bin\zip.dll
Event: 0.053 Loaded shared library C:\Users\DIGI ROUTE\.vscode\extensions\redhat.java-1.41.1-win32-x64\jre\21.0.6-win32-x86_64\bin\instrument.dll
Event: 0.056 Loaded shared library C:\Users\DIGI ROUTE\.vscode\extensions\redhat.java-1.41.1-win32-x64\jre\21.0.6-win32-x86_64\bin\net.dll
Event: 0.057 Loaded shared library C:\Users\DIGI ROUTE\.vscode\extensions\redhat.java-1.41.1-win32-x64\jre\21.0.6-win32-x86_64\bin\nio.dll
Event: 0.058 Loaded shared library C:\Users\DIGI ROUTE\.vscode\extensions\redhat.java-1.41.1-win32-x64\jre\21.0.6-win32-x86_64\bin\zip.dll
Event: 0.068 Loaded shared library C:\Users\DIGI ROUTE\.vscode\extensions\redhat.java-1.41.1-win32-x64\jre\21.0.6-win32-x86_64\bin\jimage.dll
Event: 0.123 Loaded shared library c:\Users\DIGI ROUTE\.vscode\extensions\redhat.java-1.41.1-win32-x64\jre\21.0.6-win32-x86_64\bin\verify.dll
Event: 0.720 Loaded shared library C:\Users\DIGI ROUTE\AppData\Roaming\Code\User\globalStorage\redhat.java\1.41.1\config_win\org.eclipse.equinox.launcher\org.eclipse.equinox.launcher.win32.win32.x86_64_1.2.1300.v20250331-1702\eclipse_11911.dll
Event: 1.499 Loaded shared library C:\Users\DIGI ROUTE\AppData\Local\Temp\jna-1264834800\jna10455110195944192644.dll
Event: 2.951 Loaded shared library C:\Users\DIGI ROUTE\.gradle\native\c067742578af261105cb4f569cf0c3c89f3d7b1fecec35dd04571415982c5e48\windows-amd64\native-platform.dll
Event: 3.872 Loaded shared library C:\Users\DIGI ROUTE\.vscode\extensions\redhat.java-1.41.1-win32-x64\jre\21.0.6-win32-x86_64\bin\management.dll
Event: 3.873 Loaded shared library C:\Users\DIGI ROUTE\.vscode\extensions\redhat.java-1.41.1-win32-x64\jre\21.0.6-win32-x86_64\bin\management_ext.dll
Event: 5.907 Loaded shared library C:\Users\DIGI ROUTE\.vscode\extensions\redhat.java-1.41.1-win32-x64\jre\21.0.6-win32-x86_64\bin\extnet.dll

Deoptimization events (20 events):
Event: 18.307 Thread 0x000001edc5fa9c60 DEOPT PACKING pc=0x000001edeed81810 sp=0x0000006d61dff120
Event: 18.307 Thread 0x000001edc5fa9c60 DEOPT UNPACKING pc=0x000001ededee3aa2 sp=0x0000006d61dff0d0 mode 2
Event: 18.417 Thread 0x000001edc63a3120 Uncommon trap: trap_request=0xffffff45 fr.pc=0x000001edeee82860 relative=0x00000000000000c0
Event: 18.417 Thread 0x000001edc63a3120 Uncommon trap: reason=unstable_if action=reinterpret pc=0x000001edeee82860 method=java.util.Hashtable$Enumerator.nextElement()Ljava/lang/Object; @ 87 c2
Event: 18.417 Thread 0x000001edc63a3120 DEOPT PACKING pc=0x000001edeee82860 sp=0x0000006d66eff020
Event: 18.417 Thread 0x000001edc63a3120 DEOPT UNPACKING pc=0x000001ededee3aa2 sp=0x0000006d66efef40 mode 2
Event: 18.419 Thread 0x000001edc63a3120 Uncommon trap: trap_request=0xffffff45 fr.pc=0x000001edee6834a8 relative=0x0000000000000148
Event: 18.419 Thread 0x000001edc63a3120 Uncommon trap: reason=unstable_if action=reinterpret pc=0x000001edee6834a8 method=java.util.HashMap.getNode(Ljava/lang/Object;)Ljava/util/HashMap$Node; @ 66 c2
Event: 18.419 Thread 0x000001edc63a3120 DEOPT PACKING pc=0x000001edee6834a8 sp=0x0000006d66efe900
Event: 18.419 Thread 0x000001edc63a3120 DEOPT UNPACKING pc=0x000001ededee3aa2 sp=0x0000006d66efe800 mode 2
Event: 18.419 Thread 0x000001edc63a3120 Uncommon trap: trap_request=0xffffff45 fr.pc=0x000001edee682ca8 relative=0x0000000000000148
Event: 18.420 Thread 0x000001edc63a3120 Uncommon trap: reason=unstable_if action=reinterpret pc=0x000001edee682ca8 method=java.util.HashMap.getNode(Ljava/lang/Object;)Ljava/util/HashMap$Node; @ 66 c2
Event: 18.420 Thread 0x000001edc63a3120 DEOPT PACKING pc=0x000001edee682ca8 sp=0x0000006d66efe8c0
Event: 18.420 Thread 0x000001edc63a3120 DEOPT UNPACKING pc=0x000001ededee3aa2 sp=0x0000006d66efe840 mode 2
Event: 18.420 Thread 0x000001edc5faa2f0 Uncommon trap: trap_request=0xffffff45 fr.pc=0x000001edeee3ccb8 relative=0x0000000000000098
Event: 18.420 Thread 0x000001edc5faa2f0 Uncommon trap: reason=unstable_if action=reinterpret pc=0x000001edeee3ccb8 method=java.util.Hashtable$Enumerator.nextElement()Ljava/lang/Object; @ 87 c2
Event: 18.420 Thread 0x000001edc5faa2f0 DEOPT PACKING pc=0x000001edeee3ccb8 sp=0x0000006d621fe4e0
Event: 18.420 Thread 0x000001edc5faa2f0 DEOPT UNPACKING pc=0x000001ededee3aa2 sp=0x0000006d621fe468 mode 2
Event: 18.427 Thread 0x000001edc5fa9c60 Uncommon trap: trap_request=0xffffffc6 fr.pc=0x000001edeee7f1ec relative=0x00000000000001ec
Event: 19.429 Thread 0x000001edc5fa9c60 Uncommon trap: reason=bimorphic_or_optimized_type_check action=maybe_recompile pc=0x000001edeee7f1ec method=org.eclipse.core.internal.dtree.DeltaDataTree.getChildNodes(Lorg/eclipse/core/runtime/IPath;)[Lorg/eclipse/core/internal/dtree/AbstractDataTreeNode

Classes loaded (20 events):
Event: 18.175 Loading class java/util/stream/Nodes$IntFixedNodeBuilder
Event: 18.175 Loading class java/util/stream/Node$Builder$OfInt
Event: 18.175 Loading class java/util/stream/Sink$OfInt
Event: 18.175 Loading class java/util/stream/Sink$OfInt done
Event: 18.175 Loading class java/util/stream/Node$Builder$OfInt done
Event: 18.175 Loading class java/util/stream/Nodes$IntArrayNode
Event: 18.176 Loading class java/util/stream/Nodes$IntArrayNode done
Event: 18.176 Loading class java/util/stream/Nodes$IntFixedNodeBuilder done
Event: 18.176 Loading class java/util/stream/ReferencePipeline$4$1
Event: 18.176 Loading class java/util/stream/ReferencePipeline$4$1 done
Event: 18.235 Loading class java/util/stream/ReduceOps$4
Event: 18.235 Loading class java/util/stream/ReduceOps$4 done
Event: 18.235 Loading class java/util/stream/ReduceOps$4ReducingSink
Event: 18.235 Loading class java/util/stream/ReduceOps$4ReducingSink done
Event: 18.236 Loading class java/nio/file/Files$2
Event: 18.236 Loading class java/nio/file/Files$2 done
Event: 18.415 Loading class java/util/Hashtable$ValueCollection
Event: 18.417 Loading class java/util/Hashtable$ValueCollection done
Event: 18.423 Loading class java/util/concurrent/ConcurrentHashMap$KeySpliterator
Event: 18.423 Loading class java/util/concurrent/ConcurrentHashMap$KeySpliterator done

Classes unloaded (7 events):
Event: 1.855 Thread 0x000001edf7c24070 Unloading class 0x000001ed81198c00 'java/lang/invoke/LambdaForm$MH+0x000001ed81198c00'
Event: 1.855 Thread 0x000001edf7c24070 Unloading class 0x000001ed81198800 'java/lang/invoke/LambdaForm$MH+0x000001ed81198800'
Event: 1.855 Thread 0x000001edf7c24070 Unloading class 0x000001ed81198400 'java/lang/invoke/LambdaForm$MH+0x000001ed81198400'
Event: 1.855 Thread 0x000001edf7c24070 Unloading class 0x000001ed81198000 'java/lang/invoke/LambdaForm$MH+0x000001ed81198000'
Event: 1.855 Thread 0x000001edf7c24070 Unloading class 0x000001ed81197c00 'java/lang/invoke/LambdaForm$BMH+0x000001ed81197c00'
Event: 1.855 Thread 0x000001edf7c24070 Unloading class 0x000001ed81197800 'java/lang/invoke/LambdaForm$DMH+0x000001ed81197800'
Event: 1.855 Thread 0x000001edf7c24070 Unloading class 0x000001ed81196400 'java/lang/invoke/LambdaForm$DMH+0x000001ed81196400'

Classes redefined (0 events):
No events

Internal exceptions (20 events):
Event: 14.059 Thread 0x000001edc9969f10 Exception <a 'sun/nio/fs/WindowsException'{0x00000000eabd00c8}> (0x00000000eabd00c8) 
thrown [s\src\hotspot\share\prims\jni.cpp, line 520]
Event: 14.059 Thread 0x000001edc9964330 Exception <a 'sun/nio/fs/WindowsException'{0x00000000eabb2d38}> (0x00000000eabb2d38) 
thrown [s\src\hotspot\share\prims\jni.cpp, line 520]
Event: 14.059 Thread 0x000001edc996a5a0 Exception <a 'sun/nio/fs/WindowsException'{0x00000000eabd2cf0}> (0x00000000eabd2cf0) 
thrown [s\src\hotspot\share\prims\jni.cpp, line 520]
Event: 14.059 Thread 0x000001edc9967e40 Exception <a 'sun/nio/fs/WindowsException'{0x00000000eabb99d0}> (0x00000000eabb99d0) 
thrown [s\src\hotspot\share\prims\jni.cpp, line 520]
Event: 14.059 Thread 0x000001edc9969880 Exception <a 'sun/nio/fs/WindowsException'{0x00000000eabc7cb8}> (0x00000000eabc7cb8) 
thrown [s\src\hotspot\share\prims\jni.cpp, line 520]
Event: 14.059 Thread 0x000001edc9966a90 Exception <a 'sun/nio/fs/WindowsException'{0x00000000eab928d0}> (0x00000000eab928d0) 
thrown [s\src\hotspot\share\prims\jni.cpp, line 520]
Event: 14.060 Thread 0x000001edc99684d0 Exception <a 'sun/nio/fs/WindowsException'{0x00000000eabb67a0}> (0x00000000eabb67a0) 
thrown [s\src\hotspot\share\prims\jni.cpp, line 520]
Event: 14.060 Thread 0x000001edc99677b0 Exception <a 'sun/nio/fs/WindowsException'{0x00000000eabe16e0}> (0x00000000eabe16e0) 
thrown [s\src\hotspot\share\prims\jni.cpp, line 520]
Event: 14.060 Thread 0x000001edc9969880 Exception <a 'sun/nio/fs/WindowsException'{0x00000000eae324e0}> (0x00000000eae324e0) 
thrown [s\src\hotspot\share\prims\jni.cpp, line 520]
Event: 14.060 Thread 0x000001edc9967e40 Exception <a 'sun/nio/fs/WindowsException'{0x00000000eae207a0}> (0x00000000eae207a0) 
thrown [s\src\hotspot\share\prims\jni.cpp, line 520]
Event: 14.061 Thread 0x000001edc9965d70 Exception <a 'sun/nio/fs/WindowsException'{0x00000000eabcc558}> (0x00000000eabcc558) 
thrown [s\src\hotspot\share\prims\jni.cpp, line 520]
Event: 14.061 Thread 0x000001edc9ec9380 Exception <a 'sun/nio/fs/WindowsException'{0x00000000eae0eec0}> (0x00000000eae0eec0) 
thrown [s\src\hotspot\share\prims\jni.cpp, line 520]
Event: 14.061 Thread 0x000001edc9965050 Exception <a 'sun/nio/fs/WindowsException'{0x00000000eae0bc18}> (0x00000000eae0bc18) 
thrown [s\src\hotspot\share\prims\jni.cpp, line 520]
Event: 14.061 Thread 0x000001edc996a5a0 Exception <a 'sun/nio/fs/WindowsException'{0x00000000eae2ece8}> (0x00000000eae2ece8) 
thrown [s\src\hotspot\share\prims\jni.cpp, line 520]
Event: 14.061 Thread 0x000001edc9966a90 Exception <a 'sun/nio/fs/WindowsException'{0x00000000eae1aa10}> (0x00000000eae1aa10) 
thrown [s\src\hotspot\share\prims\jni.cpp, line 520]
Event: 14.062 Thread 0x000001edc996a5a0 Exception <a 'sun/nio/fs/WindowsException'{0x00000000eae312b8}> (0x00000000eae312b8) 
thrown [s\src\hotspot\share\prims\jni.cpp, line 520]
Event: 14.111 Thread 0x000001edc5faa2f0 Implicit null exception at 0x000001edeec07eda to 0x000001edeec07f33
Event: 17.741 Thread 0x000001edc5fa9c60 Exception <a 'sun/nio/fs/WindowsException'{0x00000000eab73968}> (0x00000000eab73968) 
thrown [s\src\hotspot\share\prims\jni.cpp, line 520]
Event: 18.237 Thread 0x000001edc5fa9c60 Exception <a 'java/lang/NoSuchMethodError'{0x00000000ead31530}: 'int java.lang.invoke.DirectMethodHandle$Holder.invokeSpecialIFC(java.lang.Object, java.lang.Object, java.lang.Object)'> (0x00000000ead31530) 
thrown [s\src\hotspot\share\interpreter\linkResolver.cpp, line 773]
Event: 18.374 Thread 0x000001edc5fa9c60 Exception <a 'java/lang/NoSuchMethodError'{0x00000000eacd0470}: 'void java.lang.invoke.DirectMethodHandle$Holder.invokeVirtual(java.lang.Object, java.lang.Object, java.lang.Object, java.lang.Object, java.lang.Object)'> (0x00000000eacd0470) 
thrown [s\src\hotspot\share\interpreter\linkResolver.cpp, line 773]

ZGC Phase Switch (0 events):
No events

VM Operations (20 events):
Event: 18.189 Executing VM operation: ParallelGCFailedAllocation (Allocation Failure) done
Event: 18.214 Executing VM operation: ParallelGCFailedAllocation (Allocation Failure)
Event: 18.215 Executing VM operation: ParallelGCFailedAllocation (Allocation Failure) done
Event: 18.238 Executing VM operation: ParallelGCFailedAllocation (Allocation Failure)
Event: 18.240 Executing VM operation: ParallelGCFailedAllocation (Allocation Failure) done
Event: 18.268 Executing VM operation: ParallelGCFailedAllocation (Allocation Failure)
Event: 18.269 Executing VM operation: ParallelGCFailedAllocation (Allocation Failure) done
Event: 18.293 Executing VM operation: ParallelGCFailedAllocation (Allocation Failure)
Event: 18.295 Executing VM operation: ParallelGCFailedAllocation (Allocation Failure) done
Event: 18.323 Executing VM operation: ParallelGCFailedAllocation (Allocation Failure)
Event: 18.324 Executing VM operation: ParallelGCFailedAllocation (Allocation Failure) done
Event: 18.336 Executing VM operation: ParallelGCFailedAllocation (Allocation Failure)
Event: 18.337 Executing VM operation: ParallelGCFailedAllocation (Allocation Failure) done
Event: 18.359 Executing VM operation: ParallelGCFailedAllocation (Allocation Failure)
Event: 18.361 Executing VM operation: ParallelGCFailedAllocation (Allocation Failure) done
Event: 18.380 Executing VM operation: ParallelGCFailedAllocation (Allocation Failure)
Event: 18.382 Executing VM operation: ParallelGCFailedAllocation (Allocation Failure) done
Event: 18.416 Executing VM operation: ParallelGCFailedAllocation (Allocation Failure)
Event: 18.417 Executing VM operation: ParallelGCFailedAllocation (Allocation Failure) done
Event: 18.442 Executing VM operation: ParallelGCFailedAllocation (Allocation Failure)

Memory protections (0 events):
No events

Nmethod flushes (20 events):
Event: 4.563 Thread 0x000001edf7c24070 flushing  nmethod 0x000001ede7401710
Event: 4.563 Thread 0x000001edf7c24070 flushing  nmethod 0x000001ede7402310
Event: 4.563 Thread 0x000001edf7c24070 flushing  nmethod 0x000001ede7403210
Event: 4.563 Thread 0x000001edf7c24070 flushing  nmethod 0x000001ede7403590
Event: 4.563 Thread 0x000001edf7c24070 flushing  nmethod 0x000001ede7405c10
Event: 4.563 Thread 0x000001edf7c24070 flushing  nmethod 0x000001ede742a790
Event: 4.563 Thread 0x000001edf7c24070 flushing  nmethod 0x000001ede743b010
Event: 4.563 Thread 0x000001edf7c24070 flushing  nmethod 0x000001ede7441610
Event: 4.563 Thread 0x000001edf7c24070 flushing  nmethod 0x000001ede7464810
Event: 4.563 Thread 0x000001edf7c24070 flushing  nmethod 0x000001ede7466290
Event: 4.563 Thread 0x000001edf7c24070 flushing  nmethod 0x000001ede7475d90
Event: 4.563 Thread 0x000001edf7c24070 flushing  nmethod 0x000001ede7476790
Event: 4.563 Thread 0x000001edf7c24070 flushing  nmethod 0x000001ede7476c10
Event: 4.563 Thread 0x000001edf7c24070 flushing  nmethod 0x000001ede7478710
Event: 4.563 Thread 0x000001edf7c24070 flushing  nmethod 0x000001ede747a010
Event: 4.563 Thread 0x000001edf7c24070 flushing  nmethod 0x000001ede747a390
Event: 4.563 Thread 0x000001edf7c24070 flushing  nmethod 0x000001ede747ad90
Event: 4.563 Thread 0x000001edf7c24070 flushing  nmethod 0x000001ede747b790
Event: 4.563 Thread 0x000001edf7c24070 flushing  nmethod 0x000001ede7486e90
Event: 4.563 Thread 0x000001edf7c24070 flushing  nmethod 0x000001ede74d5690

Events (20 events):
Event: 14.094 Thread 0x000001edc5faa2f0 Thread added: 0x000001edc639e8f0
Event: 14.094 Thread 0x000001edc5faa2f0 Thread added: 0x000001edc639ceb0
Event: 14.094 Thread 0x000001edc5faa2f0 Thread added: 0x000001edc639c820
Event: 14.094 Thread 0x000001edc639e8f0 Thread added: 0x000001edc639e260
Event: 14.094 Thread 0x000001edc639ef80 Thread added: 0x000001edc639d540
Event: 14.094 Thread 0x000001edc639e260 Thread added: 0x000001edc639dbd0
Event: 14.094 Thread 0x000001edc639c820 Thread added: 0x000001edc639bb00
Event: 14.094 Thread 0x000001edc639dbd0 Thread added: 0x000001edc63a16e0
Event: 14.095 Thread 0x000001edc639bb00 Thread added: 0x000001edc63a09c0
Event: 14.095 Thread 0x000001edc639ceb0 Thread added: 0x000001edc63a1d70
Event: 14.095 Thread 0x000001edc5faa2f0 Thread added: 0x000001edc63a1050
Event: 14.095 Thread 0x000001edc5faa2f0 Thread added: 0x000001edc63a2400
Event: 14.095 Thread 0x000001edc5faa2f0 Thread added: 0x000001edc63a0330
Event: 17.652 Thread 0x000001edf93753b0 Thread added: 0x000001edca7ea370
Event: 18.067 Thread 0x000001edf93753b0 Thread added: 0x000001edca7eaa40
Event: 18.151 Thread 0x000001edca7ea370 Thread added: 0x000001edca7eb7e0
Event: 18.220 Thread 0x000001edc5fa9c60 Thread added: 0x000001edc639f610
Event: 18.229 Thread 0x000001edf93753b0 Thread added: 0x000001edca7eb110
Event: 18.229 Thread 0x000001edf93753b0 Thread added: 0x000001edca7ed320
Event: 18.395 Thread 0x000001edc5faa2f0 Thread added: 0x000001edc63a3120


Dynamic libraries:
0x00007ff65a940000 - 0x00007ff65a94e000 	c:\Users\DIGI ROUTE\.vscode\extensions\redhat.java-1.41.1-win32-x64\jre\21.0.6-win32-x86_64\bin\java.exe
0x00007ff8031a0000 - 0x00007ff803400000 	C:\WINDOWS\SYSTEM32\ntdll.dll
0x00007ff801320000 - 0x00007ff8013e7000 	C:\WINDOWS\System32\KERNEL32.DLL
0x00007ff800880000 - 0x00007ff800c4a000 	C:\WINDOWS\System32\KERNELBASE.dll
0x00007ff800730000 - 0x00007ff80087b000 	C:\WINDOWS\System32\ucrtbase.dll
0x00007fffda730000 - 0x00007fffda748000 	c:\Users\DIGI ROUTE\.vscode\extensions\redhat.java-1.41.1-win32-x64\jre\21.0.6-win32-x86_64\bin\jli.dll
0x00007fffda270000 - 0x00007fffda28e000 	c:\Users\DIGI ROUTE\.vscode\extensions\redhat.java-1.41.1-win32-x64\jre\21.0.6-win32-x86_64\bin\VCRUNTIME140.dll
0x00007ff802f90000 - 0x00007ff80315c000 	C:\WINDOWS\System32\USER32.dll
0x00007ff800660000 - 0x00007ff800687000 	C:\WINDOWS\System32\win32u.dll
0x00007fffff4d0000 - 0x00007fffff767000 	C:\WINDOWS\WinSxS\amd64_microsoft.windows.common-controls_6595b64144ccf1df_6.0.26100.3624_none_3e086962e3345f24\COMCTL32.dll
0x00007ff8013f0000 - 0x00007ff80141a000 	C:\WINDOWS\System32\GDI32.dll
0x00007ff801170000 - 0x00007ff801219000 	C:\WINDOWS\System32\msvcrt.dll
0x00007ff800dd0000 - 0x00007ff800f01000 	C:\WINDOWS\System32\gdi32full.dll
0x00007ff800380000 - 0x00007ff800423000 	C:\WINDOWS\System32\msvcp_win.dll
0x00007ff801580000 - 0x00007ff8015af000 	C:\WINDOWS\System32\IMM32.DLL
0x00007fffe4f90000 - 0x00007fffe4f9c000 	c:\Users\DIGI ROUTE\.vscode\extensions\redhat.java-1.41.1-win32-x64\jre\21.0.6-win32-x86_64\bin\vcruntime140_1.dll
0x00007fffc4dc0000 - 0x00007fffc4e4d000 	c:\Users\DIGI ROUTE\.vscode\extensions\redhat.java-1.41.1-win32-x64\jre\21.0.6-win32-x86_64\bin\msvcp140.dll
0x00007fff47ac0000 - 0x00007fff48850000 	c:\Users\DIGI ROUTE\.vscode\extensions\redhat.java-1.41.1-win32-x64\jre\21.0.6-win32-x86_64\bin\server\jvm.dll
0x00007ff802290000 - 0x00007ff802342000 	C:\WINDOWS\System32\ADVAPI32.dll
0x00007ff800fa0000 - 0x00007ff801046000 	C:\WINDOWS\System32\sechost.dll
0x00007ff801050000 - 0x00007ff801166000 	C:\WINDOWS\System32\RPCRT4.dll
0x00007ff801a60000 - 0x00007ff801ad4000 	C:\WINDOWS\System32\WS2_32.dll
0x00007fffffba0000 - 0x00007fffffbfe000 	C:\WINDOWS\SYSTEM32\POWRPROF.dll
0x00007ffff6e70000 - 0x00007ffff6e7b000 	C:\WINDOWS\SYSTEM32\VERSION.dll
0x00007ffff4f40000 - 0x00007ffff4f76000 	C:\WINDOWS\SYSTEM32\WINMM.dll
0x00007fffff870000 - 0x00007fffff884000 	C:\WINDOWS\SYSTEM32\UMPDC.dll
0x00007ffffe8e0000 - 0x00007ffffe8fa000 	C:\WINDOWS\SYSTEM32\kernel.appcore.dll
0x00007fffe4110000 - 0x00007fffe411a000 	c:\Users\DIGI ROUTE\.vscode\extensions\redhat.java-1.41.1-win32-x64\jre\21.0.6-win32-x86_64\bin\jimage.dll
0x00007fffffc10000 - 0x00007fffffe51000 	C:\WINDOWS\SYSTEM32\DBGHELP.DLL
0x00007ff801650000 - 0x00007ff8019d2000 	C:\WINDOWS\System32\combase.dll
0x00007ff801240000 - 0x00007ff801316000 	C:\WINDOWS\System32\OLEAUT32.dll
0x00007fff93a70000 - 0x00007fff93aa9000 	C:\WINDOWS\SYSTEM32\dbgcore.DLL
0x00007ff800690000 - 0x00007ff800729000 	C:\WINDOWS\System32\bcryptPrimitives.dll
0x00007fffee520000 - 0x00007fffee52f000 	c:\Users\DIGI ROUTE\.vscode\extensions\redhat.java-1.41.1-win32-x64\jre\21.0.6-win32-x86_64\bin\instrument.dll
0x00007fffda0e0000 - 0x00007fffda0ff000 	c:\Users\DIGI ROUTE\.vscode\extensions\redhat.java-1.41.1-win32-x64\jre\21.0.6-win32-x86_64\bin\java.dll
0x00007ff801b60000 - 0x00007ff802289000 	C:\WINDOWS\System32\SHELL32.dll
0x00007ff800430000 - 0x00007ff800598000 	C:\WINDOWS\System32\wintypes.dll
0x00007ffffd5f0000 - 0x00007ffffde42000 	C:\WINDOWS\SYSTEM32\windows.storage.dll
0x00007ff802cf0000 - 0x00007ff802ddd000 	C:\WINDOWS\System32\SHCORE.dll
0x00007ff802bc0000 - 0x00007ff802c24000 	C:\WINDOWS\System32\shlwapi.dll
0x00007ff800290000 - 0x00007ff8002bf000 	C:\WINDOWS\SYSTEM32\profapi.dll
0x00007fffd6470000 - 0x00007fffd6488000 	c:\Users\DIGI ROUTE\.vscode\extensions\redhat.java-1.41.1-win32-x64\jre\21.0.6-win32-x86_64\bin\zip.dll
0x00007fffe3570000 - 0x00007fffe3580000 	C:\Users\DIGI ROUTE\.vscode\extensions\redhat.java-1.41.1-win32-x64\jre\21.0.6-win32-x86_64\bin\net.dll
0x00007ffff70a0000 - 0x00007ffff71bd000 	C:\WINDOWS\SYSTEM32\WINHTTP.dll
0x00007fffff130000 - 0x00007fffff19a000 	C:\WINDOWS\system32\mswsock.dll
0x00007fffcf660000 - 0x00007fffcf676000 	C:\Users\DIGI ROUTE\.vscode\extensions\redhat.java-1.41.1-win32-x64\jre\21.0.6-win32-x86_64\bin\nio.dll
0x00007fffe4170000 - 0x00007fffe4180000 	c:\Users\DIGI ROUTE\.vscode\extensions\redhat.java-1.41.1-win32-x64\jre\21.0.6-win32-x86_64\bin\verify.dll
0x00007fffd9a40000 - 0x00007fffd9a85000 	C:\Users\DIGI ROUTE\AppData\Roaming\Code\User\globalStorage\redhat.java\1.41.1\config_win\org.eclipse.equinox.launcher\org.eclipse.equinox.launcher.win32.win32.x86_64_1.2.1300.v20250331-1702\eclipse_11911.dll
0x00007ff8029d0000 - 0x00007ff802b66000 	C:\WINDOWS\System32\ole32.dll
0x00007ff800000000 - 0x00007ff80001c000 	C:\WINDOWS\SYSTEM32\CRYPTSP.dll
0x00007ffffea00000 - 0x00007ffffea3a000 	C:\WINDOWS\system32\rsaenh.dll
0x00007fffff1d0000 - 0x00007fffff1fb000 	C:\WINDOWS\SYSTEM32\USERENV.dll
0x00007ff800260000 - 0x00007ff800286000 	C:\WINDOWS\SYSTEM32\bcrypt.dll
0x00007fffff2d0000 - 0x00007fffff2dc000 	C:\WINDOWS\SYSTEM32\CRYPTBASE.dll
0x00007ffffe400000 - 0x00007ffffe433000 	C:\WINDOWS\SYSTEM32\IPHLPAPI.DLL
0x00007ff8019e0000 - 0x00007ff8019ea000 	C:\WINDOWS\System32\NSI.dll
0x00007fffd99f0000 - 0x00007fffd9a39000 	C:\Users\DIGI ROUTE\AppData\Local\Temp\jna-1264834800\jna10455110195944192644.dll
0x00007ff802530000 - 0x00007ff802538000 	C:\WINDOWS\System32\PSAPI.DLL
0x00007ffff8df0000 - 0x00007ffff8e0f000 	C:\WINDOWS\SYSTEM32\dhcpcsvc6.DLL
0x00007ffff8dc0000 - 0x00007ffff8de5000 	C:\WINDOWS\SYSTEM32\dhcpcsvc.DLL
0x00007fffd9880000 - 0x00007fffd98a7000 	C:\Users\DIGI ROUTE\.gradle\native\c067742578af261105cb4f569cf0c3c89f3d7b1fecec35dd04571415982c5e48\windows-amd64\native-platform.dll
0x00007fffe08c0000 - 0x00007fffe08ca000 	C:\Users\DIGI ROUTE\.vscode\extensions\redhat.java-1.41.1-win32-x64\jre\21.0.6-win32-x86_64\bin\management.dll
0x00007fffd9d70000 - 0x00007fffd9d7b000 	C:\Users\DIGI ROUTE\.vscode\extensions\redhat.java-1.41.1-win32-x64\jre\21.0.6-win32-x86_64\bin\management_ext.dll
0x00007fffebcb0000 - 0x00007fffebcb9000 	C:\Users\DIGI ROUTE\.vscode\extensions\redhat.java-1.41.1-win32-x64\jre\21.0.6-win32-x86_64\bin\extnet.dll

dbghelp: loaded successfully - version: 4.0.5 - missing functions: none
symbol engine: initialized successfully - sym options: 0x614 - pdb path: .;c:\Users\DIGI ROUTE\.vscode\extensions\redhat.java-1.41.1-win32-x64\jre\21.0.6-win32-x86_64\bin;C:\WINDOWS\SYSTEM32;C:\WINDOWS\WinSxS\amd64_microsoft.windows.common-controls_6595b64144ccf1df_6.0.26100.3624_none_3e086962e3345f24;c:\Users\DIGI ROUTE\.vscode\extensions\redhat.java-1.41.1-win32-x64\jre\21.0.6-win32-x86_64\bin\server;C:\Users\DIGI ROUTE\AppData\Roaming\Code\User\globalStorage\redhat.java\1.41.1\config_win\org.eclipse.equinox.launcher\org.eclipse.equinox.launcher.win32.win32.x86_64_1.2.1300.v20250331-1702;C:\Users\DIGI ROUTE\AppData\Local\Temp\jna-1264834800;C:\Users\DIGI ROUTE\.gradle\native\c067742578af261105cb4f569cf0c3c89f3d7b1fecec35dd04571415982c5e48\windows-amd64

VM Arguments:
jvm_args: --add-modules=ALL-SYSTEM --add-opens=java.base/java.util=ALL-UNNAMED --add-opens=java.base/java.lang=ALL-UNNAMED --add-opens=java.base/sun.nio.fs=ALL-UNNAMED -Declipse.application=org.eclipse.jdt.ls.core.id1 -Dosgi.bundles.defaultStartLevel=4 -Declipse.product=org.eclipse.jdt.ls.core.product -Djava.import.generatesMetadataFilesAtProjectRoot=false -DDetectVMInstallationsJob.disabled=true -Dfile.encoding=utf8 -XX:+UseParallelGC -XX:GCTimeRatio=4 -XX:AdaptiveSizePolicyWeight=90 -Dsun.zip.disableMemoryMapping=true -Xmx1G -Xms100m -Xlog:disable -javaagent:c:\Users\DIGI ROUTE\.vscode\extensions\redhat.java-1.41.1-win32-x64\lombok\lombok-1.18.36.jar -XX:+HeapDumpOnOutOfMemoryError -XX:HeapDumpPath=c:\Users\DIGI ROUTE\AppData\Roaming\Code\User\workspaceStorage\62ba2304e335b5d45dd158eafd42745f\redhat.java -Daether.dependencyCollector.impl=bf 
java_command: c:\Users\DIGI ROUTE\.vscode\extensions\redhat.java-1.41.1-win32-x64\server\plugins\org.eclipse.equinox.launcher_1.7.0.v20250331-1702.jar -configuration c:\Users\DIGI ROUTE\AppData\Roaming\Code\User\globalStorage\redhat.java\1.41.1\config_win -data c:\Users\DIGI ROUTE\AppData\Roaming\Code\User\workspaceStorage\62ba2304e335b5d45dd158eafd42745f\redhat.java\jdt_ws --pipe=\\.\pipe\lsp-abf1ae809b06ee425089d1956778e5c4-sock
java_class_path (initial): c:\Users\DIGI ROUTE\.vscode\extensions\redhat.java-1.41.1-win32-x64\server\plugins\org.eclipse.equinox.launcher_1.7.0.v20250331-1702.jar
Launcher Type: SUN_STANDARD

[Global flags]
    uintx AdaptiveSizePolicyWeight                 = 90                                        {product} {command line}
     intx CICompilerCount                          = 12                                        {product} {ergonomic}
    uintx GCTimeRatio                              = 4                                         {product} {command line}
     bool HeapDumpOnOutOfMemoryError               = true                                   {manageable} {command line}
    ccstr HeapDumpPath                             = c:\Users\DIGI ROUTE\AppData\Roaming\Code\User\workspaceStorage\62ba2304e335b5d45dd158eafd42745f\redhat.java         {manageable} {command line}
   size_t InitialHeapSize                          = 104857600                                 {product} {command line}
   size_t MaxHeapSize                              = 1073741824                                {product} {command line}
   size_t MaxNewSize                               = 357564416                                 {product} {ergonomic}
   size_t MinHeapDeltaBytes                        = 524288                                    {product} {ergonomic}
   size_t MinHeapSize                              = 104857600                                 {product} {command line}
   size_t NewSize                                  = 34603008                                  {product} {ergonomic}
    uintx NonNMethodCodeHeapSize                   = 7602480                                {pd product} {ergonomic}
    uintx NonProfiledCodeHeapSize                  = 122027880                              {pd product} {ergonomic}
   size_t OldSize                                  = 70254592                                  {product} {ergonomic}
    uintx ProfiledCodeHeapSize                     = 122027880                              {pd product} {ergonomic}
    uintx ReservedCodeCacheSize                    = 251658240                              {pd product} {ergonomic}
     bool SegmentedCodeCache                       = true                                      {product} {ergonomic}
   size_t SoftMaxHeapSize                          = 1073741824                             {manageable} {ergonomic}
     bool UseCompressedOops                        = true                           {product lp64_product} {ergonomic}
     bool UseLargePagesIndividualAllocation        = false                                  {pd product} {ergonomic}
     bool UseParallelGC                            = true                                      {product} {command line}

Logging:
Log output configuration:
 #0: stdout all=off uptime,level,tags foldmultilines=false
 #1: stderr all=off uptime,level,tags foldmultilines=false

Environment Variables:
PATH=C:\Program Files\Eclipse Adoptium\jdk-17.0.14.7-hotspot\bin;C:\Program Files\Eclipse Adoptium\jdk-11.0.26.4-hotspot\bin;C:\Program Files\Common Files\Oracle\Java\javapath;C:\Program Files (x86)\Common Files\Oracle\Java\java8path;C:\Program Files (x86)\Common Files\Oracle\Java\javapath;C:\Windows\system32;C:\Windows;C:\Windows\System32\Wbem;C:\Windows\System32\WindowsPowerShell\v1.0\;C:\Windows\System32\OpenSSH\;C:\Program Files (x86)\NVIDIA Corporation\PhysX\Common;C:\Program Files\NVIDIA Corporation\NVIDIA NvDLISR;C:\Program Files\Amazon\AWSCLIV2\;C:\Program Files\nodejs\;C:\WINDOWS\system32;C:\WINDOWS;C:\WINDOWS\System32\Wbem;C:\WINDOWS\System32\WindowsPowerShell\v1.0\;C:\WINDOWS\System32\OpenSSH\;C:\ProgramData\chocolatey\bin;C:\Program Files\Git\cmd;C:\Users\DIGI ROUTE\AppData\Local\Microsoft\WindowsApps;C:\Users\DIGI ROUTE\AppData\Local\Programs\Microsoft VS Code\bin;C:\Users\DIGI ROUTE\AppData\Roaming\npm;C:\Users\DIGI ROUTE\AppData\Local\Android\Sdk\platform-tools;
USERNAME=DIGI ROUTE
OS=Windows_NT
PROCESSOR_IDENTIFIER=Intel64 Family 6 Model 154 Stepping 3, GenuineIntel
TMP=C:\Users\DIGIRO~1\AppData\Local\Temp
TEMP=C:\Users\DIGIRO~1\AppData\Local\Temp




Periodic native trim disabled

---------------  S Y S T E M  ---------------

OS:
 Windows 11 , 64 bit Build 26100 (10.0.26100.3775)
OS uptime: 2 days 2:01 hours

CPU: total 20 (initial active 20) (10 cores per cpu, 2 threads per core) family 6 model 154 stepping 3 microcode 0x434, cx8, cmov, fxsr, ht, mmx, 3dnowpref, sse, sse2, sse3, ssse3, sse4.1, sse4.2, popcnt, lzcnt, tsc, tscinvbit, avx, avx2, aes, erms, clmul, bmi1, bmi2, adx, sha, fma, vzeroupper, clflush, clflushopt, clwb, serialize, rdtscp, rdpid, fsrm, f16c, pku, cet_ibt, cet_ss
Processor Information for the first 20 processors :
  Max Mhz: 2300, Current Mhz: 2300, Mhz Limit: 2300

Memory: 4k page, system-wide physical 16004M (823M free)
TotalPageFile size 65156M (AvailPageFile size 3M)
current process WorkingSet (physical memory assigned to process): 926M, peak: 932M
current process commit charge ("private bytes"): 861M, peak: 863M

vm_info: OpenJDK 64-Bit Server VM (21.0.6+7-LTS) for windows-amd64 JRE (21.0.6+7-LTS), built on 2025-01-21T00:00:00Z by "admin" with MS VC++ 17.7 (VS2022)

END.
