#
# There is insufficient memory for the Java Runtime Environment to continue.
# Native memory allocation (malloc) failed to allocate 1110096 bytes. Error detail: Chunk::new
# Possible reasons:
#   The system is out of physical RAM or swap space
#   This process is running with CompressedOops enabled, and the Java Heap may be blocking the growth of the native heap
# Possible solutions:
#   Reduce memory load on the system
#   Increase physical memory or swap space
#   Check if swap backing store is full
#   Decrease Java heap size (-Xmx/-Xms)
#   Decrease number of Java threads
#   Decrease Java thread stack sizes (-Xss)
#   Set larger code cache with -XX:ReservedCodeCacheSize=
#   JVM is running with Unscaled Compressed Oops mode in which the Java heap is
#     placed in the first 4GB address space. The Java Heap base address is the
#     maximum limit for the native heap growth. Please use -XX:HeapBaseMinAddress
#     to set the Java Heap base and to place the Java Heap above 4GB virtual address.
# This output file may be truncated or incomplete.
#
#  Out of Memory Error (arena.cpp:168), pid=27316, tid=12428
#
# JRE version: OpenJDK Runtime Environment Temurin-21.0.6+7 (21.0.6+7) (build 21.0.6+7-LTS)
# Java VM: OpenJDK 64-Bit Server VM Temurin-21.0.6+7 (21.0.6+7-LTS, mixed mode, sharing, tiered, compressed oops, compressed class ptrs, parallel gc, windows-amd64)
# No core dump will be written. Minidumps are not enabled by default on client versions of Windows
#

---------------  S U M M A R Y ------------

Command Line: --add-modules=ALL-SYSTEM --add-opens=java.base/java.util=ALL-UNNAMED --add-opens=java.base/java.lang=ALL-UNNAMED --add-opens=java.base/sun.nio.fs=ALL-UNNAMED -Declipse.application=org.eclipse.jdt.ls.core.id1 -Dosgi.bundles.defaultStartLevel=4 -Declipse.product=org.eclipse.jdt.ls.core.product -Djava.import.generatesMetadataFilesAtProjectRoot=false -DDetectVMInstallationsJob.disabled=true -Dfile.encoding=utf8 -XX:+UseParallelGC -XX:GCTimeRatio=4 -XX:AdaptiveSizePolicyWeight=90 -Dsun.zip.disableMemoryMapping=true -Xmx1G -Xms100m -Xlog:disable -javaagent:c:\Users\DIGI ROUTE\.vscode\extensions\redhat.java-1.41.1-win32-x64\lombok\lombok-1.18.36.jar -XX:+HeapDumpOnOutOfMemoryError -XX:HeapDumpPath=c:\Users\DIGI ROUTE\AppData\Roaming\Code\User\workspaceStorage\62ba2304e335b5d45dd158eafd42745f\redhat.java -Daether.dependencyCollector.impl=bf c:\Users\DIGI ROUTE\.vscode\extensions\redhat.java-1.41.1-win32-x64\server\plugins\org.eclipse.equinox.launcher_1.7.0.v20250331-1702.jar -configuration c:\Users\DIGI ROUTE\AppData\Roaming\Code\User\globalStorage\redhat.java\1.41.1\config_win -data c:\Users\DIGI ROUTE\AppData\Roaming\Code\User\workspaceStorage\62ba2304e335b5d45dd158eafd42745f\redhat.java\jdt_ws --pipe=\\.\pipe\lsp-c9f9bd7dab79e07f3c9f7c9c89aca132-sock

Host: 12th Gen Intel(R) Core(TM) i7-12700H, 20 cores, 15G,  Windows 11 , 64 bit Build 26100 (10.0.26100.3775)
Time: Sun Apr 27 10:48:36 2025 India Standard Time elapsed time: 30.227455 seconds (0d 0h 0m 30s)

---------------  T H R E A D  ---------------

Current thread (0x000002279ab9c2f0):  JavaThread "C2 CompilerThread2" daemon [_thread_in_native, id=12428, stack(0x000000b80e000000,0x000000b80e100000) (1024K)]


Current CompileTask:
C2:30227 10008       4       java.lang.invoke.MethodHandleImpl::makePairwiseConvertByEditor (617 bytes)

Stack: [0x000000b80e000000,0x000000b80e100000]
Native frames: (J=compiled Java code, j=interpreted, Vv=VM code, C=native code)
V  [jvm.dll+0x6cdee9]
V  [jvm.dll+0x8a83d1]
V  [jvm.dll+0x8aa8fe]
V  [jvm.dll+0x8aafe3]
V  [jvm.dll+0x27f706]
V  [jvm.dll+0xc500d]
V  [jvm.dll+0xc5543]
V  [jvm.dll+0x2f2acd]
V  [jvm.dll+0x5f6a2a]
V  [jvm.dll+0x250bb2]
V  [jvm.dll+0x250f6f]
V  [jvm.dll+0x249834]
V  [jvm.dll+0x246ec4]
V  [jvm.dll+0x1c75ee]
V  [jvm.dll+0x25685a]
V  [jvm.dll+0x254dfa]
V  [jvm.dll+0x3f0256]
V  [jvm.dll+0x851f8b]
V  [jvm.dll+0x6cc5ed]
C  [ucrtbase.dll+0x37b0]
C  [KERNEL32.DLL+0x2e8d7]
C  [ntdll.dll+0xb14fc]


---------------  P R O C E S S  ---------------

Threads class SMR info:
_java_thread_list=0x000002279b141490, length=69, elements={
0x000002273565a3c0, 0x000002274bebdb30, 0x000002274bebe680, 0x0000022737b73050,
0x0000022737b73ca0, 0x0000022737b76f30, 0x0000022737b7f940, 0x0000022737b881e0,
0x0000022737b8a7d0, 0x000002278e593240, 0x0000022790371050, 0x0000022795371c80,
0x0000022795121280, 0x00000227953b7450, 0x0000022795564730, 0x00000227952145d0,
0x000002279547fcd0, 0x00000227958d7570, 0x00000227958d5b30, 0x00000227958d7c00,
0x00000227958d8290, 0x00000227958d8920, 0x00000227958d6850, 0x00000227958d54a0,
0x00000227958d61c0, 0x00000227958d6ee0, 0x0000022796f161c0, 0x0000022796f18920,
0x0000022796f16850, 0x0000022796f17570, 0x0000022796f18290, 0x0000022796f15b30,
0x0000022796f19640, 0x0000022796f19cd0, 0x0000022796f17c00, 0x0000022796f1a360,
0x0000022796f18fb0, 0x0000022796f16ee0, 0x0000022796f1d150, 0x0000022796f1a9f0,
0x0000022796f1b080, 0x0000022796f1b710, 0x0000022796f1bda0, 0x0000022796f1c430,
0x0000022796f1cac0, 0x00000227975d8b90, 0x00000227975d7150, 0x00000227975d5da0,
0x00000227975d6430, 0x00000227975d9220, 0x00000227975d9f40, 0x00000227975da5d0,
0x00000227975dac60, 0x00000227975d77e0, 0x00000227975d7e70, 0x00000227975dc6a0,
0x00000227975dcd30, 0x00000227975db980, 0x00000227975dc010, 0x000002279a674930,
0x000002279a674fc0, 0x000002279a675650, 0x000002279a673c10, 0x000002279ab9ebd0,
0x000002279ab9c2f0, 0x000002279ab9c9c0, 0x000002279a6742a0, 0x000002279a677db0,
0x000002279aba0040
}

Java Threads: ( => current thread )
  0x000002273565a3c0 JavaThread "main"                              [_thread_blocked, id=4608, stack(0x000000b808c00000,0x000000b808d00000) (1024K)]
  0x000002274bebdb30 JavaThread "Reference Handler"          daemon [_thread_blocked, id=24792, stack(0x000000b809000000,0x000000b809100000) (1024K)]
  0x000002274bebe680 JavaThread "Finalizer"                  daemon [_thread_blocked, id=10560, stack(0x000000b809100000,0x000000b809200000) (1024K)]
  0x0000022737b73050 JavaThread "Signal Dispatcher"          daemon [_thread_blocked, id=23488, stack(0x000000b809200000,0x000000b809300000) (1024K)]
  0x0000022737b73ca0 JavaThread "Attach Listener"            daemon [_thread_blocked, id=26924, stack(0x000000b809300000,0x000000b809400000) (1024K)]
  0x0000022737b76f30 JavaThread "Service Thread"             daemon [_thread_blocked, id=18324, stack(0x000000b809400000,0x000000b809500000) (1024K)]
  0x0000022737b7f940 JavaThread "Monitor Deflation Thread"   daemon [_thread_blocked, id=15868, stack(0x000000b809500000,0x000000b809600000) (1024K)]
  0x0000022737b881e0 JavaThread "C2 CompilerThread0"         daemon [_thread_in_native, id=5780, stack(0x000000b809600000,0x000000b809700000) (1024K)]
  0x0000022737b8a7d0 JavaThread "C1 CompilerThread0"         daemon [_thread_blocked, id=3328, stack(0x000000b809700000,0x000000b809800000) (1024K)]
  0x000002278e593240 JavaThread "Common-Cleaner"             daemon [_thread_blocked, id=31388, stack(0x000000b809900000,0x000000b809a00000) (1024K)]
  0x0000022790371050 JavaThread "Notification Thread"        daemon [_thread_blocked, id=28212, stack(0x000000b809c00000,0x000000b809d00000) (1024K)]
  0x0000022795371c80 JavaThread "Active Thread: Equinox Container: 6420ddb4-e72d-4d5c-bad5-e6b08f0b350a"        [_thread_blocked, id=25320, stack(0x000000b80a400000,0x000000b80a500000) (1024K)]
  0x0000022795121280 JavaThread "Refresh Thread: Equinox Container: 6420ddb4-e72d-4d5c-bad5-e6b08f0b350a" daemon [_thread_blocked, id=20344, stack(0x000000b80a600000,0x000000b80a700000) (1024K)]
  0x00000227953b7450 JavaThread "Framework Event Dispatcher: Equinox Container: 6420ddb4-e72d-4d5c-bad5-e6b08f0b350a" daemon [_thread_blocked, id=29080, stack(0x000000b80a700000,0x000000b80a800000) (1024K)]
  0x0000022795564730 JavaThread "Start Level: Equinox Container: 6420ddb4-e72d-4d5c-bad5-e6b08f0b350a" daemon [_thread_blocked, id=18976, stack(0x000000b80a800000,0x000000b80a900000) (1024K)]
  0x00000227952145d0 JavaThread "Bundle File Closer"         daemon [_thread_blocked, id=26828, stack(0x000000b80a900000,0x000000b80aa00000) (1024K)]
  0x000002279547fcd0 JavaThread "SCR Component Actor"        daemon [_thread_blocked, id=28768, stack(0x000000b80ad00000,0x000000b80ae00000) (1024K)]
  0x00000227958d7570 JavaThread "Worker-JM"                         [_thread_blocked, id=8936, stack(0x000000b80b200000,0x000000b80b300000) (1024K)]
  0x00000227958d5b30 JavaThread "JNA Cleaner"                daemon [_thread_blocked, id=21156, stack(0x000000b809a00000,0x000000b809b00000) (1024K)]
  0x00000227958d7c00 JavaThread "Worker-0"                          [_thread_blocked, id=29104, stack(0x000000b80b500000,0x000000b80b600000) (1024K)]
  0x00000227958d8290 JavaThread "Worker-1"                          [_thread_blocked, id=16436, stack(0x000000b80b700000,0x000000b80b800000) (1024K)]
  0x00000227958d8920 JavaThread "Java indexing"              daemon [_thread_blocked, id=19064, stack(0x000000b80b800000,0x000000b80b900000) (1024K)]
  0x00000227958d6850 JavaThread "Worker-2"                          [_thread_blocked, id=11832, stack(0x000000b80bb00000,0x000000b80bc00000) (1024K)]
  0x00000227958d54a0 JavaThread "Worker-3: Synchronize Gradle projects with workspace"        [_thread_in_Java, id=25708, stack(0x000000b80bc00000,0x000000b80bd00000) (1024K)]
  0x00000227958d61c0 JavaThread "Thread-2"                   daemon [_thread_in_native, id=30076, stack(0x000000b80bd00000,0x000000b80be00000) (1024K)]
  0x00000227958d6ee0 JavaThread "Thread-3"                   daemon [_thread_in_native, id=6000, stack(0x000000b80be00000,0x000000b80bf00000) (1024K)]
  0x0000022796f161c0 JavaThread "Thread-4"                   daemon [_thread_in_native, id=9924, stack(0x000000b80bf00000,0x000000b80c000000) (1024K)]
  0x0000022796f18920 JavaThread "Thread-5"                   daemon [_thread_in_native, id=828, stack(0x000000b80c000000,0x000000b80c100000) (1024K)]
  0x0000022796f16850 JavaThread "Thread-6"                   daemon [_thread_in_native, id=27528, stack(0x000000b80c100000,0x000000b80c200000) (1024K)]
  0x0000022796f17570 JavaThread "Thread-7"                   daemon [_thread_in_native, id=22116, stack(0x000000b80c200000,0x000000b80c300000) (1024K)]
  0x0000022796f18290 JavaThread "Thread-8"                   daemon [_thread_in_native, id=1848, stack(0x000000b80c300000,0x000000b80c400000) (1024K)]
  0x0000022796f15b30 JavaThread "Thread-9"                   daemon [_thread_in_native, id=8140, stack(0x000000b80c400000,0x000000b80c500000) (1024K)]
  0x0000022796f19640 JavaThread "Thread-10"                  daemon [_thread_in_native, id=13196, stack(0x000000b80c500000,0x000000b80c600000) (1024K)]
  0x0000022796f19cd0 JavaThread "Thread-11"                  daemon [_thread_in_native, id=20832, stack(0x000000b80c600000,0x000000b80c700000) (1024K)]
  0x0000022796f17c00 JavaThread "Thread-12"                  daemon [_thread_in_native, id=23176, stack(0x000000b80c700000,0x000000b80c800000) (1024K)]
  0x0000022796f1a360 JavaThread "Thread-13"                  daemon [_thread_in_native, id=24800, stack(0x000000b80c800000,0x000000b80c900000) (1024K)]
  0x0000022796f18fb0 JavaThread "Thread-14"                  daemon [_thread_in_native, id=26976, stack(0x000000b80c900000,0x000000b80ca00000) (1024K)]
  0x0000022796f16ee0 JavaThread "Thread-15"                  daemon [_thread_in_native, id=21308, stack(0x000000b80ca00000,0x000000b80cb00000) (1024K)]
  0x0000022796f1d150 JavaThread "Thread-16"                  daemon [_thread_in_native, id=31616, stack(0x000000b80cb00000,0x000000b80cc00000) (1024K)]
  0x0000022796f1a9f0 JavaThread "Thread-17"                  daemon [_thread_in_native, id=19040, stack(0x000000b80cc00000,0x000000b80cd00000) (1024K)]
  0x0000022796f1b080 JavaThread "Thread-18"                  daemon [_thread_in_native, id=26808, stack(0x000000b80cd00000,0x000000b80ce00000) (1024K)]
  0x0000022796f1b710 JavaThread "Thread-19"                  daemon [_thread_in_native, id=21888, stack(0x000000b80ce00000,0x000000b80cf00000) (1024K)]
  0x0000022796f1bda0 JavaThread "Thread-20"                  daemon [_thread_in_native, id=20080, stack(0x000000b80cf00000,0x000000b80d000000) (1024K)]
  0x0000022796f1c430 JavaThread "Thread-21"                  daemon [_thread_in_native, id=24308, stack(0x000000b80d000000,0x000000b80d100000) (1024K)]
  0x0000022796f1cac0 JavaThread "Thread-22"                  daemon [_thread_in_native, id=17856, stack(0x000000b80d100000,0x000000b80d200000) (1024K)]
  0x00000227975d8b90 JavaThread "pool-2-thread-1"                   [_thread_blocked, id=28348, stack(0x000000b80d200000,0x000000b80d300000) (1024K)]
  0x00000227975d7150 JavaThread "Timer-0"                           [_thread_blocked, id=30164, stack(0x000000b80d300000,0x000000b80d400000) (1024K)]
  0x00000227975d5da0 JavaThread "Timer-1"                           [_thread_blocked, id=31556, stack(0x000000b80d400000,0x000000b80d500000) (1024K)]
  0x00000227975d6430 JavaThread "WorkspaceEventsHandler"            [_thread_blocked, id=28116, stack(0x000000b80d500000,0x000000b80d600000) (1024K)]
  0x00000227975d9220 JavaThread "pool-1-thread-1"                   [_thread_blocked, id=30996, stack(0x000000b80d600000,0x000000b80d700000) (1024K)]
  0x00000227975d9f40 JavaThread "Worker-4"                          [_thread_blocked, id=512, stack(0x000000b80d800000,0x000000b80d900000) (1024K)]
  0x00000227975da5d0 JavaThread "Worker-5: Updating workspace"        [_thread_blocked, id=29032, stack(0x000000b80d900000,0x000000b80da00000) (1024K)]
  0x00000227975dac60 JavaThread "Timer-2"                           [_thread_blocked, id=13176, stack(0x000000b80da00000,0x000000b80db00000) (1024K)]
  0x00000227975d77e0 JavaThread "Timer-3"                           [_thread_blocked, id=11436, stack(0x000000b80d700000,0x000000b80d800000) (1024K)]
  0x00000227975d7e70 JavaThread "Timer-4"                           [_thread_blocked, id=23952, stack(0x000000b80dc00000,0x000000b80dd00000) (1024K)]
  0x00000227975dc6a0 JavaThread "Timer-5"                           [_thread_blocked, id=23960, stack(0x000000b80db00000,0x000000b80dc00000) (1024K)]
  0x00000227975dcd30 JavaThread "Timer-6"                           [_thread_blocked, id=31584, stack(0x000000b80dd00000,0x000000b80de00000) (1024K)]
  0x00000227975db980 JavaThread "Timer-7"                           [_thread_blocked, id=27348, stack(0x000000b80de00000,0x000000b80df00000) (1024K)]
  0x00000227975dc010 JavaThread "Exec process"                      [_thread_blocked, id=13888, stack(0x000000b80e100000,0x000000b80e200000) (1024K)]
  0x000002279a674930 JavaThread "Exec process Thread 2"             [_thread_blocked, id=19540, stack(0x000000b80e200000,0x000000b80e300000) (1024K)]
  0x000002279a674fc0 JavaThread "Exec process Thread 3"             [_thread_blocked, id=7744, stack(0x000000b80e300000,0x000000b80e400000) (1024K)]
  0x000002279a675650 JavaThread "Timer-8"                           [_thread_blocked, id=19596, stack(0x000000b809800000,0x000000b809900000) (1024K)]
  0x000002279a673c10 JavaThread "Timer-9"                           [_thread_blocked, id=19676, stack(0x000000b80b600000,0x000000b80b700000) (1024K)]
  0x000002279ab9ebd0 JavaThread "C2 CompilerThread1"         daemon [_thread_in_native, id=21896, stack(0x000000b80df00000,0x000000b80e000000) (1024K)]
=>0x000002279ab9c2f0 JavaThread "C2 CompilerThread2"         daemon [_thread_in_native, id=12428, stack(0x000000b80e000000,0x000000b80e100000) (1024K)]
  0x000002279ab9c9c0 JavaThread "C2 CompilerThread3"         daemon [_thread_in_native, id=17852, stack(0x000000b80e400000,0x000000b80e500000) (1024K)]
  0x000002279a6742a0 JavaThread "ForkJoinPool.commonPool-worker-1" daemon [_thread_blocked, id=28656, stack(0x000000b80e500000,0x000000b80e600000) (1024K)]
  0x000002279a677db0 JavaThread "ForkJoinPool.commonPool-worker-2" daemon [_thread_blocked, id=28360, stack(0x000000b80e600000,0x000000b80e700000) (1024K)]
  0x000002279aba0040 JavaThread "C1 CompilerThread1"         daemon [_thread_in_native, id=18312, stack(0x000000b809b00000,0x000000b809c00000) (1024K)]
Total: 69

Other Threads:
  0x000002274bea4920 VMThread "VM Thread"                           [id=5408, stack(0x000000b808f00000,0x000000b809000000) (1024K)]
  0x000002274bd9ca00 WatcherThread "VM Periodic Task Thread"        [id=896, stack(0x000000b808e00000,0x000000b808f00000) (1024K)]
  0x0000022737aeb510 WorkerThread "GC Thread#0"                     [id=11088, stack(0x000000b808d00000,0x000000b808e00000) (1024K)]
  0x0000022790a49750 WorkerThread "GC Thread#1"                     [id=29048, stack(0x000000b809e00000,0x000000b809f00000) (1024K)]
  0x00000227904c7e00 WorkerThread "GC Thread#2"                     [id=31344, stack(0x000000b809f00000,0x000000b80a000000) (1024K)]
  0x00000227904c81a0 WorkerThread "GC Thread#3"                     [id=19032, stack(0x000000b80a000000,0x000000b80a100000) (1024K)]
  0x00000227904c8b50 WorkerThread "GC Thread#4"                     [id=12976, stack(0x000000b80a100000,0x000000b80a200000) (1024K)]
  0x00000227909c6400 WorkerThread "GC Thread#5"                     [id=8264, stack(0x000000b80a200000,0x000000b80a300000) (1024K)]
  0x00000227909c73c0 WorkerThread "GC Thread#6"                     [id=21028, stack(0x000000b80a300000,0x000000b80a400000) (1024K)]
  0x000002279514f860 WorkerThread "GC Thread#7"                     [id=21060, stack(0x000000b80a500000,0x000000b80a600000) (1024K)]
  0x0000022795a58a40 WorkerThread "GC Thread#8"                     [id=23848, stack(0x000000b80aa00000,0x000000b80ab00000) (1024K)]
  0x0000022795798290 WorkerThread "GC Thread#9"                     [id=28876, stack(0x000000b80ab00000,0x000000b80ac00000) (1024K)]
  0x0000022795796930 WorkerThread "GC Thread#10"                    [id=1736, stack(0x000000b80ac00000,0x000000b80ad00000) (1024K)]
  0x0000022795797b50 WorkerThread "GC Thread#11"                    [id=20432, stack(0x000000b80b000000,0x000000b80b100000) (1024K)]
  0x0000022795797ef0 WorkerThread "GC Thread#12"                    [id=4756, stack(0x000000b80b100000,0x000000b80b200000) (1024K)]
  0x0000022795797070 WorkerThread "GC Thread#13"                    [id=2148, stack(0x000000b80b300000,0x000000b80b400000) (1024K)]
  0x0000022795797410 WorkerThread "GC Thread#14"                    [id=16916, stack(0x000000b80b400000,0x000000b80b500000) (1024K)]
Total: 17

Threads with active compile tasks:
C2 CompilerThread0  31249 10161 %     4       java.io.DataOutputStream::writeUTF @ 10 (389 bytes)
C1 CompilerThread0  31250 10193       3       org.eclipse.osgi.container.ModuleDatabase$Persistence::getStringsVersionsAndMaps (286 bytes)
C2 CompilerThread1  31250 10104 %s!   4       org.eclipse.jdt.internal.core.index.DiskIndex::readCategoryTable @ 260 (743 bytes)
C2 CompilerThread2  31250 10008       4       java.lang.invoke.MethodHandleImpl::makePairwiseConvertByEditor (617 bytes)
C2 CompilerThread3  31250 10167       4       java.util.TimSort::binarySort (223 bytes)
C1 CompilerThread1  31250 10196       3       java.io.DataOutputStream::writeInt (28 bytes)
C2 CompilerThread4  31250 10145       4       java.lang.System::checkKey (34 bytes)
C2 CompilerThread5  31250 10187       4       java.util.Collections$UnmodifiableMap$UnmodifiableEntrySet$1::hasNext (10 bytes)
Total: 8

VM state: not at safepoint (normal execution)

VM Mutex/Monitor currently owned by a thread:  ([mutex/lock_event])
[0x00007fff4876cf00] MethodCompileQueue_lock - owner thread: 0x0000000000000000

Heap address: 0x00000000c0000000, size: 1024 MB, Compressed Oops mode: 32-bit

CDS archive(s) mapped at: [0x000002274c000000-0x000002274cba0000-0x000002274cba0000), size 12189696, SharedBaseAddress: 0x000002274c000000, ArchiveRelocationMode: 1.
Compressed class space mapped at: 0x000002274d000000-0x000002278d000000, reserved size: 1073741824
Narrow klass base: 0x000002274c000000, Narrow klass shift: 0, Narrow klass range: 0x100000000

GC Precious Log:
 CardTable entry size: 512
 CPUs: 20 total, 20 available
 Memory: 16004M
 Large Page Support: Disabled
 NUMA Support: Disabled
 Compressed Oops: Enabled (32-bit)
 Alignments: Space 512K, Generation 512K, Heap 2M
 Heap Min Capacity: 100M
 Heap Initial Capacity: 100M
 Heap Max Capacity: 1G
 Pre-touch: Disabled
 Parallel Workers: 15

Heap:
 PSYoungGen      total 9216K, used 3835K [0x00000000eab00000, 0x00000000ebb80000, 0x0000000100000000)
  eden space 8704K, 38% used [0x00000000eab00000,0x00000000eae46c58,0x00000000eb380000)
  from space 512K, 93% used [0x00000000ebb00000,0x00000000ebb78000,0x00000000ebb80000)
  to   space 2048K, 0% used [0x00000000eb780000,0x00000000eb780000,0x00000000eb980000)
 ParOldGen       total 699392K, used 490243K [0x00000000c0000000, 0x00000000eab00000, 0x00000000eab00000)
  object space 699392K, 70% used [0x00000000c0000000,0x00000000ddec0ce8,0x00000000eab00000)
 Metaspace       used 67821K, committed 69184K, reserved 1114112K
  class space    used 8172K, committed 8768K, reserved 1048576K

Card table byte_map: [0x0000022737480000,0x0000022737690000] _byte_map_base: 0x0000022736e80000

Marking Bits: (ParMarkBitMap*) 0x00007fff48773260
 Begin Bits: [0x0000022749cc0000, 0x000002274acc0000)
 End Bits:   [0x000002274acc0000, 0x000002274bcc0000)

Polling page: 0x0000022737150000

Metaspace:

Usage:
  Non-class:     58.25 MB used.
      Class:      7.98 MB used.
       Both:     66.23 MB used.

Virtual space:
  Non-class space:       64.00 MB reserved,      59.00 MB ( 92%) committed,  1 nodes.
      Class space:        1.00 GB reserved,       8.56 MB ( <1%) committed,  1 nodes.
             Both:        1.06 GB reserved,      67.56 MB (  6%) committed. 

Chunk freelists:
   Non-Class:  4.88 MB
       Class:  7.44 MB
        Both:  12.31 MB

MaxMetaspaceSize: unlimited
CompressedClassSpaceSize: 1.00 GB
Initial GC threshold: 21.00 MB
Current GC threshold: 98.12 MB
CDS: on
 - commit_granule_bytes: 65536.
 - commit_granule_words: 8192.
 - virtual_space_node_default_size: 8388608.
 - enlarge_chunks_in_place: 1.
 - use_allocation_guard: 0.


Internal statistics:

num_allocs_failed_limit: 13.
num_arena_births: 1214.
num_arena_deaths: 14.
num_vsnodes_births: 2.
num_vsnodes_deaths: 0.
num_space_committed: 1081.
num_space_uncommitted: 0.
num_chunks_returned_to_freelist: 27.
num_chunks_taken_from_freelist: 4309.
num_chunk_merges: 19.
num_chunk_splits: 2690.
num_chunks_enlarged: 1546.
num_inconsistent_stats: 0.

CodeHeap 'non-profiled nmethods': size=119168Kb used=7766Kb max_used=7766Kb free=111401Kb
 bounds [0x0000022742860000, 0x0000022743000000, 0x0000022749cc0000]
CodeHeap 'profiled nmethods': size=119104Kb used=19541Kb max_used=19541Kb free=99562Kb
 bounds [0x000002273acc0000, 0x000002273bfe0000, 0x0000022742110000]
CodeHeap 'non-nmethods': size=7488Kb used=1973Kb max_used=3204Kb free=5514Kb
 bounds [0x0000022742110000, 0x0000022742440000, 0x0000022742860000]
 total_blobs=10066 nmethods=9347 adapters=624
 compilation: enabled
              stopped_count=0, restarted_count=0
 full_count=0

Compilation events (20 events):
Event: 29.186 Thread 0x0000022737b881e0 nmethod 10114 0x0000022742fe8c90 code [0x0000022742fe8e40, 0x0000022742fe9018]
Event: 29.188 Thread 0x0000022737b881e0 10117       4       java.lang.invoke.MemberName::initResolved (53 bytes)
Event: 29.188 Thread 0x0000022737b881e0 nmethod 10117 0x0000022742fe9e10 code [0x0000022742fe9fa0, 0x0000022742fea048]
Event: 29.188 Thread 0x0000022737b881e0 10118       4       java.lang.invoke.InvokerBytecodeGenerator::emitLoadInsn (21 bytes)
Event: 29.190 Thread 0x0000022737b8a7d0 10122       3       org.eclipse.osgi.internal.loader.sources.MultiSourcePackage::loadClass (48 bytes)
Event: 29.190 Thread 0x0000022737b8a7d0 nmethod 10122 0x000002273bfaf710 code [0x000002273bfaf8e0, 0x000002273bfafd20]
Event: 29.202 Thread 0x0000022737b8a7d0 10123       3       org.eclipse.core.internal.resources.AliasManager$LocationMap::add (113 bytes)
Event: 30.191 Thread 0x0000022737b8a7d0 nmethod 10123 0x000002273bfaff10 code [0x000002273bfb0220, 0x000002273bfb1928]
Event: 30.192 Thread 0x0000022737b8a7d0 10124       3       org.eclipse.core.internal.resources.Container::findMember (7 bytes)
Event: 30.193 Thread 0x0000022737b8a7d0 nmethod 10124 0x000002273bfb2090 code [0x000002273bfb2240, 0x000002273bfb2408]
Event: 30.193 Thread 0x0000022737b8a7d0 10125       3       org.eclipse.core.internal.resources.Container::findMember (43 bytes)
Event: 30.194 Thread 0x0000022737b8a7d0 nmethod 10125 0x000002273bfb2510 code [0x000002273bfb2700, 0x000002273bfb2bd8]
Event: 30.194 Thread 0x0000022737b8a7d0 10127       3       java.net.URI::getSchemeSpecificPart (24 bytes)
Event: 30.194 Thread 0x0000022737b8a7d0 nmethod 10127 0x000002273bfb2e90 code [0x000002273bfb3060, 0x000002273bfb3298]
Event: 30.194 Thread 0x0000022737b8a7d0 10126       3       org.eclipse.core.internal.resources.Resource::isVirtual (25 bytes)
Event: 30.194 Thread 0x0000022737b8a7d0 nmethod 10126 0x000002273bfb3390 code [0x000002273bfb3560, 0x000002273bfb39f8]
Event: 30.195 Thread 0x0000022737b881e0 nmethod 10118 0x0000022742fea110 code [0x0000022742fea300, 0x0000022742fea8f0]
Event: 30.195 Thread 0x0000022737b881e0 10121       4       java.lang.invoke.InvokerBytecodeGenerator::loadInsnOpcode (98 bytes)
Event: 30.196 Thread 0x0000022737b881e0 nmethod 10121 0x0000022742feae10 code [0x0000022742feafa0, 0x0000022742feb0c8]
Event: 30.211 Thread 0x000002279ab9c9c0 nmethod 10113 0x0000022742feb190 code [0x0000022742feb4c0, 0x0000022742fed1b0]

GC Heap History (20 events):
Event: 12.525 GC heap before
{Heap before GC invocations=565 (full 3):
 PSYoungGen      total 14848K, used 12122K [0x00000000eab00000, 0x00000000ebe80000, 0x0000000100000000)
  eden space 8704K, 100% used [0x00000000eab00000,0x00000000eb380000,0x00000000eb380000)
  from space 6144K, 55% used [0x00000000eb380000,0x00000000eb6d6948,0x00000000eb980000)
  to   space 4608K, 0% used [0x00000000eba00000,0x00000000eba00000,0x00000000ebe80000)
 ParOldGen       total 699392K, used 465771K [0x00000000c0000000, 0x00000000eab00000, 0x00000000eab00000)
  object space 699392K, 66% used [0x00000000c0000000,0x00000000dc6dae30,0x00000000eab00000)
 Metaspace       used 65966K, committed 67328K, reserved 1114112K
  class space    used 7983K, committed 8576K, reserved 1048576K
}
Event: 12.527 GC heap after
{Heap after GC invocations=565 (full 3):
 PSYoungGen      total 12288K, used 3247K [0x00000000eab00000, 0x00000000ebd80000, 0x0000000100000000)
  eden space 8704K, 0% used [0x00000000eab00000,0x00000000eab00000,0x00000000eb380000)
  from space 3584K, 90% used [0x00000000eba00000,0x00000000ebd2bf78,0x00000000ebd80000)
  to   space 3584K, 0% used [0x00000000eb680000,0x00000000eb680000,0x00000000eba00000)
 ParOldGen       total 699392K, used 469093K [0x00000000c0000000, 0x00000000eab00000, 0x00000000eab00000)
  object space 699392K, 67% used [0x00000000c0000000,0x00000000dca19488,0x00000000eab00000)
 Metaspace       used 65966K, committed 67328K, reserved 1114112K
  class space    used 7983K, committed 8576K, reserved 1048576K
}
Event: 12.543 GC heap before
{Heap before GC invocations=566 (full 3):
 PSYoungGen      total 12288K, used 11951K [0x00000000eab00000, 0x00000000ebd80000, 0x0000000100000000)
  eden space 8704K, 100% used [0x00000000eab00000,0x00000000eb380000,0x00000000eb380000)
  from space 3584K, 90% used [0x00000000eba00000,0x00000000ebd2bf78,0x00000000ebd80000)
  to   space 3584K, 0% used [0x00000000eb680000,0x00000000eb680000,0x00000000eba00000)
 ParOldGen       total 699392K, used 469093K [0x00000000c0000000, 0x00000000eab00000, 0x00000000eab00000)
  object space 699392K, 67% used [0x00000000c0000000,0x00000000dca19488,0x00000000eab00000)
 Metaspace       used 65970K, committed 67328K, reserved 1114112K
  class space    used 7984K, committed 8576K, reserved 1048576K
}
Event: 12.546 GC heap after
{Heap after GC invocations=566 (full 3):
 PSYoungGen      total 12288K, used 3555K [0x00000000eab00000, 0x00000000ecb80000, 0x0000000100000000)
  eden space 8704K, 0% used [0x00000000eab00000,0x00000000eab00000,0x00000000eb380000)
  from space 3584K, 99% used [0x00000000eb680000,0x00000000eb9f8c58,0x00000000eba00000)
  to   space 12288K, 0% used [0x00000000ebf80000,0x00000000ebf80000,0x00000000ecb80000)
 ParOldGen       total 699392K, used 476133K [0x00000000c0000000, 0x00000000eab00000, 0x00000000eab00000)
  object space 699392K, 68% used [0x00000000c0000000,0x00000000dd0f9668,0x00000000eab00000)
 Metaspace       used 65970K, committed 67328K, reserved 1114112K
  class space    used 7984K, committed 8576K, reserved 1048576K
}
Event: 12.563 GC heap before
{Heap before GC invocations=567 (full 3):
 PSYoungGen      total 12288K, used 12259K [0x00000000eab00000, 0x00000000ecb80000, 0x0000000100000000)
  eden space 8704K, 100% used [0x00000000eab00000,0x00000000eb380000,0x00000000eb380000)
  from space 3584K, 99% used [0x00000000eb680000,0x00000000eb9f8c58,0x00000000eba00000)
  to   space 12288K, 0% used [0x00000000ebf80000,0x00000000ebf80000,0x00000000ecb80000)
 ParOldGen       total 699392K, used 476133K [0x00000000c0000000, 0x00000000eab00000, 0x00000000eab00000)
  object space 699392K, 68% used [0x00000000c0000000,0x00000000dd0f9668,0x00000000eab00000)
 Metaspace       used 65996K, committed 67328K, reserved 1114112K
  class space    used 7984K, committed 8576K, reserved 1048576K
}
Event: 12.566 GC heap after
{Heap after GC invocations=567 (full 3):
 PSYoungGen      total 15360K, used 6255K [0x00000000eab00000, 0x00000000ec600000, 0x0000000100000000)
  eden space 8704K, 0% used [0x00000000eab00000,0x00000000eab00000,0x00000000eb380000)
  from space 6656K, 93% used [0x00000000ebf80000,0x00000000ec59bc08,0x00000000ec600000)
  to   space 8192K, 0% used [0x00000000eb600000,0x00000000eb600000,0x00000000ebe00000)
 ParOldGen       total 699392K, used 479612K [0x00000000c0000000, 0x00000000eab00000, 0x00000000eab00000)
  object space 699392K, 68% used [0x00000000c0000000,0x00000000dd45f050,0x00000000eab00000)
 Metaspace       used 65996K, committed 67328K, reserved 1114112K
  class space    used 7984K, committed 8576K, reserved 1048576K
}
Event: 16.726 GC heap before
{Heap before GC invocations=568 (full 3):
 PSYoungGen      total 15360K, used 14958K [0x00000000eab00000, 0x00000000ec600000, 0x0000000100000000)
  eden space 8704K, 99% used [0x00000000eab00000,0x00000000eb37fd98,0x00000000eb380000)
  from space 6656K, 93% used [0x00000000ebf80000,0x00000000ec59bc08,0x00000000ec600000)
  to   space 8192K, 0% used [0x00000000eb600000,0x00000000eb600000,0x00000000ebe00000)
 ParOldGen       total 699392K, used 479612K [0x00000000c0000000, 0x00000000eab00000, 0x00000000eab00000)
  object space 699392K, 68% used [0x00000000c0000000,0x00000000dd45f050,0x00000000eab00000)
 Metaspace       used 66317K, committed 67712K, reserved 1114112K
  class space    used 7999K, committed 8640K, reserved 1048576K
}
Event: 16.729 GC heap after
{Heap after GC invocations=568 (full 3):
 PSYoungGen      total 11264K, used 2065K [0x00000000eab00000, 0x00000000ec000000, 0x0000000100000000)
  eden space 8704K, 0% used [0x00000000eab00000,0x00000000eab00000,0x00000000eb380000)
  from space 2560K, 80% used [0x00000000eb600000,0x00000000eb804638,0x00000000eb880000)
  to   space 4096K, 0% used [0x00000000ebc00000,0x00000000ebc00000,0x00000000ec000000)
 ParOldGen       total 699392K, used 484574K [0x00000000c0000000, 0x00000000eab00000, 0x00000000eab00000)
  object space 699392K, 69% used [0x00000000c0000000,0x00000000dd937838,0x00000000eab00000)
 Metaspace       used 66317K, committed 67712K, reserved 1114112K
  class space    used 7999K, committed 8640K, reserved 1048576K
}
Event: 19.248 GC heap before
{Heap before GC invocations=569 (full 3):
 PSYoungGen      total 11264K, used 10769K [0x00000000eab00000, 0x00000000ec000000, 0x0000000100000000)
  eden space 8704K, 100% used [0x00000000eab00000,0x00000000eb380000,0x00000000eb380000)
  from space 2560K, 80% used [0x00000000eb600000,0x00000000eb804638,0x00000000eb880000)
  to   space 4096K, 0% used [0x00000000ebc00000,0x00000000ebc00000,0x00000000ec000000)
 ParOldGen       total 699392K, used 484574K [0x00000000c0000000, 0x00000000eab00000, 0x00000000eab00000)
  object space 699392K, 69% used [0x00000000c0000000,0x00000000dd937838,0x00000000eab00000)
 Metaspace       used 66599K, committed 68032K, reserved 1114112K
  class space    used 8038K, committed 8704K, reserved 1048576K
}
Event: 19.250 GC heap after
{Heap after GC invocations=569 (full 3):
 PSYoungGen      total 9216K, used 512K [0x00000000eab00000, 0x00000000ebc80000, 0x0000000100000000)
  eden space 8704K, 0% used [0x00000000eab00000,0x00000000eab00000,0x00000000eb380000)
  from space 512K, 100% used [0x00000000ebc00000,0x00000000ebc80000,0x00000000ebc80000)
  to   space 1536K, 0% used [0x00000000eb980000,0x00000000eb980000,0x00000000ebb00000)
 ParOldGen       total 699392K, used 486455K [0x00000000c0000000, 0x00000000eab00000, 0x00000000eab00000)
  object space 699392K, 69% used [0x00000000c0000000,0x00000000ddb0de70,0x00000000eab00000)
 Metaspace       used 66599K, committed 68032K, reserved 1114112K
  class space    used 8038K, committed 8704K, reserved 1048576K
}
Event: 27.671 GC heap before
{Heap before GC invocations=570 (full 3):
 PSYoungGen      total 9216K, used 9216K [0x00000000eab00000, 0x00000000ebc80000, 0x0000000100000000)
  eden space 8704K, 100% used [0x00000000eab00000,0x00000000eb380000,0x00000000eb380000)
  from space 512K, 100% used [0x00000000ebc00000,0x00000000ebc80000,0x00000000ebc80000)
  to   space 1536K, 0% used [0x00000000eb980000,0x00000000eb980000,0x00000000ebb00000)
 ParOldGen       total 699392K, used 486455K [0x00000000c0000000, 0x00000000eab00000, 0x00000000eab00000)
  object space 699392K, 69% used [0x00000000c0000000,0x00000000ddb0de70,0x00000000eab00000)
 Metaspace       used 66689K, committed 68160K, reserved 1114112K
  class space    used 8040K, committed 8704K, reserved 1048576K
}
Event: 27.672 GC heap after
{Heap after GC invocations=570 (full 3):
 PSYoungGen      total 10240K, used 416K [0x00000000eab00000, 0x00000000ebc80000, 0x0000000100000000)
  eden space 8704K, 0% used [0x00000000eab00000,0x00000000eab00000,0x00000000eb380000)
  from space 1536K, 27% used [0x00000000eb980000,0x00000000eb9e8000,0x00000000ebb00000)
  to   space 1024K, 0% used [0x00000000ebb80000,0x00000000ebb80000,0x00000000ebc80000)
 ParOldGen       total 699392K, used 486663K [0x00000000c0000000, 0x00000000eab00000, 0x00000000eab00000)
  object space 699392K, 69% used [0x00000000c0000000,0x00000000ddb41ef8,0x00000000eab00000)
 Metaspace       used 66689K, committed 68160K, reserved 1114112K
  class space    used 8040K, committed 8704K, reserved 1048576K
}
Event: 27.776 GC heap before
{Heap before GC invocations=571 (full 3):
 PSYoungGen      total 10240K, used 9120K [0x00000000eab00000, 0x00000000ebc80000, 0x0000000100000000)
  eden space 8704K, 100% used [0x00000000eab00000,0x00000000eb380000,0x00000000eb380000)
  from space 1536K, 27% used [0x00000000eb980000,0x00000000eb9e8000,0x00000000ebb00000)
  to   space 1024K, 0% used [0x00000000ebb80000,0x00000000ebb80000,0x00000000ebc80000)
 ParOldGen       total 699392K, used 486663K [0x00000000c0000000, 0x00000000eab00000, 0x00000000eab00000)
  object space 699392K, 69% used [0x00000000c0000000,0x00000000ddb41ef8,0x00000000eab00000)
 Metaspace       used 66689K, committed 68160K, reserved 1114112K
  class space    used 8040K, committed 8704K, reserved 1048576K
}
Event: 27.777 GC heap after
{Heap after GC invocations=571 (full 3):
 PSYoungGen      total 9216K, used 288K [0x00000000eab00000, 0x00000000ebc00000, 0x0000000100000000)
  eden space 8704K, 0% used [0x00000000eab00000,0x00000000eab00000,0x00000000eb380000)
  from space 512K, 56% used [0x00000000ebb80000,0x00000000ebbc8000,0x00000000ebc00000)
  to   space 512K, 0% used [0x00000000ebb00000,0x00000000ebb00000,0x00000000ebb80000)
 ParOldGen       total 699392K, used 486759K [0x00000000c0000000, 0x00000000eab00000, 0x00000000eab00000)
  object space 699392K, 69% used [0x00000000c0000000,0x00000000ddb59ef8,0x00000000eab00000)
 Metaspace       used 66689K, committed 68160K, reserved 1114112K
  class space    used 8040K, committed 8704K, reserved 1048576K
}
Event: 27.944 GC heap before
{Heap before GC invocations=572 (full 3):
 PSYoungGen      total 9216K, used 8992K [0x00000000eab00000, 0x00000000ebc00000, 0x0000000100000000)
  eden space 8704K, 100% used [0x00000000eab00000,0x00000000eb380000,0x00000000eb380000)
  from space 512K, 56% used [0x00000000ebb80000,0x00000000ebbc8000,0x00000000ebc00000)
  to   space 512K, 0% used [0x00000000ebb00000,0x00000000ebb00000,0x00000000ebb80000)
 ParOldGen       total 699392K, used 486759K [0x00000000c0000000, 0x00000000eab00000, 0x00000000eab00000)
  object space 699392K, 69% used [0x00000000c0000000,0x00000000ddb59ef8,0x00000000eab00000)
 Metaspace       used 66697K, committed 68160K, reserved 1114112K
  class space    used 8040K, committed 8704K, reserved 1048576K
}
Event: 27.944 GC heap after
{Heap after GC invocations=572 (full 3):
 PSYoungGen      total 9216K, used 288K [0x00000000eab00000, 0x00000000ebc00000, 0x0000000100000000)
  eden space 8704K, 0% used [0x00000000eab00000,0x00000000eab00000,0x00000000eb380000)
  from space 512K, 56% used [0x00000000ebb00000,0x00000000ebb48000,0x00000000ebb80000)
  to   space 512K, 0% used [0x00000000ebb80000,0x00000000ebb80000,0x00000000ebc00000)
 ParOldGen       total 699392K, used 486799K [0x00000000c0000000, 0x00000000eab00000, 0x00000000eab00000)
  object space 699392K, 69% used [0x00000000c0000000,0x00000000ddb63ef8,0x00000000eab00000)
 Metaspace       used 66697K, committed 68160K, reserved 1114112K
  class space    used 8040K, committed 8704K, reserved 1048576K
}
Event: 28.103 GC heap before
{Heap before GC invocations=573 (full 3):
 PSYoungGen      total 9216K, used 8992K [0x00000000eab00000, 0x00000000ebc00000, 0x0000000100000000)
  eden space 8704K, 100% used [0x00000000eab00000,0x00000000eb380000,0x00000000eb380000)
  from space 512K, 56% used [0x00000000ebb00000,0x00000000ebb48000,0x00000000ebb80000)
  to   space 512K, 0% used [0x00000000ebb80000,0x00000000ebb80000,0x00000000ebc00000)
 ParOldGen       total 699392K, used 486799K [0x00000000c0000000, 0x00000000eab00000, 0x00000000eab00000)
  object space 699392K, 69% used [0x00000000c0000000,0x00000000ddb63ef8,0x00000000eab00000)
 Metaspace       used 66901K, committed 68352K, reserved 1114112K
  class space    used 8061K, committed 8704K, reserved 1048576K
}
Event: 28.104 GC heap after
{Heap after GC invocations=573 (full 3):
 PSYoungGen      total 9216K, used 512K [0x00000000eab00000, 0x00000000ebc00000, 0x0000000100000000)
  eden space 8704K, 0% used [0x00000000eab00000,0x00000000eab00000,0x00000000eb380000)
  from space 512K, 100% used [0x00000000ebb80000,0x00000000ebc00000,0x00000000ebc00000)
  to   space 1024K, 0% used [0x00000000eba00000,0x00000000eba00000,0x00000000ebb00000)
 ParOldGen       total 699392K, used 486863K [0x00000000c0000000, 0x00000000eab00000, 0x00000000eab00000)
  object space 699392K, 69% used [0x00000000c0000000,0x00000000ddb73ef8,0x00000000eab00000)
 Metaspace       used 66901K, committed 68352K, reserved 1114112K
  class space    used 8061K, committed 8704K, reserved 1048576K
}
Event: 28.154 GC heap before
{Heap before GC invocations=574 (full 3):
 PSYoungGen      total 9216K, used 9215K [0x00000000eab00000, 0x00000000ebc00000, 0x0000000100000000)
  eden space 8704K, 99% used [0x00000000eab00000,0x00000000eb37ffd8,0x00000000eb380000)
  from space 512K, 100% used [0x00000000ebb80000,0x00000000ebc00000,0x00000000ebc00000)
  to   space 1024K, 0% used [0x00000000eba00000,0x00000000eba00000,0x00000000ebb00000)
 ParOldGen       total 699392K, used 486863K [0x00000000c0000000, 0x00000000eab00000, 0x00000000eab00000)
  object space 699392K, 69% used [0x00000000c0000000,0x00000000ddb73ef8,0x00000000eab00000)
 Metaspace       used 67371K, committed 68736K, reserved 1114112K
  class space    used 8114K, committed 8704K, reserved 1048576K
}
Event: 29.155 GC heap after
{Heap after GC invocations=574 (full 3):
 PSYoungGen      total 9728K, used 1006K [0x00000000eab00000, 0x00000000ebd80000, 0x0000000100000000)
  eden space 8704K, 0% used [0x00000000eab00000,0x00000000eab00000,0x00000000eb380000)
  from space 1024K, 98% used [0x00000000eba00000,0x00000000ebafbb90,0x00000000ebb00000)
  to   space 2560K, 0% used [0x00000000ebb00000,0x00000000ebb00000,0x00000000ebd80000)
 ParOldGen       total 699392K, used 489880K [0x00000000c0000000, 0x00000000eab00000, 0x00000000eab00000)
  object space 699392K, 70% used [0x00000000c0000000,0x00000000dde660a0,0x00000000eab00000)
 Metaspace       used 67371K, committed 68736K, reserved 1114112K
  class space    used 8114K, committed 8704K, reserved 1048576K
}

Dll operation events (15 events):
Event: 0.006 Loaded shared library c:\Users\DIGI ROUTE\.vscode\extensions\redhat.java-1.41.1-win32-x64\jre\21.0.6-win32-x86_64\bin\java.dll
Event: 0.056 Loaded shared library c:\Users\DIGI ROUTE\.vscode\extensions\redhat.java-1.41.1-win32-x64\jre\21.0.6-win32-x86_64\bin\zip.dll
Event: 0.071 Loaded shared library C:\Users\DIGI ROUTE\.vscode\extensions\redhat.java-1.41.1-win32-x64\jre\21.0.6-win32-x86_64\bin\instrument.dll
Event: 0.075 Loaded shared library C:\Users\DIGI ROUTE\.vscode\extensions\redhat.java-1.41.1-win32-x64\jre\21.0.6-win32-x86_64\bin\net.dll
Event: 0.077 Loaded shared library C:\Users\DIGI ROUTE\.vscode\extensions\redhat.java-1.41.1-win32-x64\jre\21.0.6-win32-x86_64\bin\nio.dll
Event: 0.080 Loaded shared library C:\Users\DIGI ROUTE\.vscode\extensions\redhat.java-1.41.1-win32-x64\jre\21.0.6-win32-x86_64\bin\zip.dll
Event: 0.095 Loaded shared library C:\Users\DIGI ROUTE\.vscode\extensions\redhat.java-1.41.1-win32-x64\jre\21.0.6-win32-x86_64\bin\jimage.dll
Event: 0.163 Loaded shared library c:\Users\DIGI ROUTE\.vscode\extensions\redhat.java-1.41.1-win32-x64\jre\21.0.6-win32-x86_64\bin\verify.dll
Event: 0.895 Loaded shared library C:\Users\DIGI ROUTE\AppData\Roaming\Code\User\globalStorage\redhat.java\1.41.1\config_win\org.eclipse.equinox.launcher\org.eclipse.equinox.launcher.win32.win32.x86_64_1.2.1300.v20250331-1702\eclipse_11911.dll
Event: 1.815 Loaded shared library C:\Users\DIGI ROUTE\AppData\Local\Temp\jna-1264834800\jna13894476732450038186.dll
Event: 3.177 Loaded shared library C:\Users\DIGI ROUTE\.gradle\native\c067742578af261105cb4f569cf0c3c89f3d7b1fecec35dd04571415982c5e48\windows-amd64\native-platform.dll
Event: 4.022 Loaded shared library C:\Users\DIGI ROUTE\.vscode\extensions\redhat.java-1.41.1-win32-x64\jre\21.0.6-win32-x86_64\bin\management.dll
Event: 4.024 Loaded shared library C:\Users\DIGI ROUTE\.vscode\extensions\redhat.java-1.41.1-win32-x64\jre\21.0.6-win32-x86_64\bin\management_ext.dll
Event: 6.356 Loaded shared library C:\Users\DIGI ROUTE\.vscode\extensions\redhat.java-1.41.1-win32-x64\jre\21.0.6-win32-x86_64\bin\extnet.dll
Event: 12.320 Loaded shared library C:\Users\DIGI ROUTE\.vscode\extensions\redhat.java-1.41.1-win32-x64\jre\21.0.6-win32-x86_64\bin\sunmscapi.dll

Deoptimization events (20 events):
Event: 28.146 Thread 0x000002279a6742a0 DEOPT PACKING pc=0x0000022742f49824 sp=0x000000b80e5fe520
Event: 28.146 Thread 0x000002279a6742a0 DEOPT UNPACKING pc=0x0000022742163aa2 sp=0x000000b80e5fe498 mode 2
Event: 29.171 Thread 0x000002279a677db0 Uncommon trap: trap_request=0xffffff45 fr.pc=0x0000022742f4b134 relative=0x0000000000000594
Event: 29.171 Thread 0x000002279a677db0 Uncommon trap: reason=unstable_if action=reinterpret pc=0x0000022742f4b134 method=org.eclipse.jdt.internal.core.index.DiskIndex.addQueryResult(Lorg/eclipse/jdt/internal/compiler/util/HashtableOfObject;[CLjava/lang/Object;Lorg/eclipse/jdt/internal/core/ind
Event: 29.171 Thread 0x000002279a677db0 DEOPT PACKING pc=0x0000022742f4b134 sp=0x000000b80e6fe980
Event: 29.171 Thread 0x000002279a677db0 DEOPT UNPACKING pc=0x0000022742163aa2 sp=0x000000b80e6fe8d0 mode 2
Event: 29.172 Thread 0x000002279a677db0 Uncommon trap: trap_request=0xffffff45 fr.pc=0x0000022742fde9c8 relative=0x00000000000008a8
Event: 29.172 Thread 0x000002279a677db0 Uncommon trap: reason=unstable_if action=reinterpret pc=0x0000022742fde9c8 method=org.eclipse.jdt.internal.core.index.DiskIndex.readStreamChars(Ljava/io/InputStream;)[C @ 1 c2
Event: 29.172 Thread 0x000002279a677db0 DEOPT PACKING pc=0x0000022742fde9c8 sp=0x000000b80e6fe8d0
Event: 29.172 Thread 0x000002279a677db0 DEOPT UNPACKING pc=0x0000022742163aa2 sp=0x000000b80e6fe838 mode 2
Event: 29.173 Thread 0x00000227958d54a0 DEOPT PACKING pc=0x000002273bf71dce sp=0x000000b80bcfde00
Event: 29.173 Thread 0x00000227958d54a0 DEOPT UNPACKING pc=0x0000022742164242 sp=0x000000b80bcfd380 mode 0
Event: 29.188 Thread 0x00000227975d9f40 Uncommon trap: trap_request=0xffffffc6 fr.pc=0x0000022742a16b88 relative=0x00000000000001e8
Event: 29.188 Thread 0x00000227975d9f40 Uncommon trap: reason=bimorphic_or_optimized_type_check action=maybe_recompile pc=0x0000022742a16b88 method=java.util.Collections.eq(Ljava/lang/Object;Ljava/lang/Object;)Z @ 18 c2
Event: 29.188 Thread 0x00000227975d9f40 DEOPT PACKING pc=0x0000022742a16b88 sp=0x000000b80d8fe860
Event: 29.188 Thread 0x00000227975d9f40 DEOPT UNPACKING pc=0x0000022742163aa2 sp=0x000000b80d8fe7a0 mode 2
Event: 29.189 Thread 0x00000227975d9f40 Uncommon trap: trap_request=0xffffffc6 fr.pc=0x0000022742a16b88 relative=0x00000000000001e8
Event: 29.189 Thread 0x00000227975d9f40 Uncommon trap: reason=bimorphic_or_optimized_type_check action=maybe_recompile pc=0x0000022742a16b88 method=java.util.Collections.eq(Ljava/lang/Object;Ljava/lang/Object;)Z @ 18 c2
Event: 29.189 Thread 0x00000227975d9f40 DEOPT PACKING pc=0x0000022742a16b88 sp=0x000000b80d8fe9c0
Event: 29.189 Thread 0x00000227975d9f40 DEOPT UNPACKING pc=0x0000022742163aa2 sp=0x000000b80d8fe900 mode 2

Classes loaded (20 events):
Event: 13.626 Loading class java/lang/Throwable$WrappedPrintWriter
Event: 13.626 Loading class java/lang/Throwable$PrintStreamOrWriter
Event: 13.626 Loading class java/lang/Throwable$PrintStreamOrWriter done
Event: 13.626 Loading class java/lang/Throwable$WrappedPrintWriter done
Event: 19.061 Loading class sun/net/ConnectionResetException
Event: 19.061 Loading class sun/net/ConnectionResetException done
Event: 19.074 Loading class sun/misc/SharedSecrets
Event: 19.074 Loading class sun/misc/SharedSecrets done
Event: 19.119 Loading class java/security/DigestInputStream
Event: 19.120 Loading class java/security/DigestInputStream done
Event: 28.118 Loading class java/util/Collections$SynchronizedRandomAccessList
Event: 28.118 Loading class java/util/Collections$SynchronizedList
Event: 28.118 Loading class java/util/Collections$SynchronizedList done
Event: 28.119 Loading class java/util/Collections$SynchronizedRandomAccessList done
Event: 28.145 Loading class java/util/concurrent/ForkJoinTask$AdaptedCallable
Event: 28.145 Loading class java/util/concurrent/ForkJoinTask$AdaptedCallable done
Event: 29.169 Loading class java/util/ArrayDeque$DeqSpliterator
Event: 29.169 Loading class java/util/ArrayDeque$DeqSpliterator done
Event: 29.183 Loading class java/io/SequenceInputStream
Event: 29.183 Loading class java/io/SequenceInputStream done

Classes unloaded (7 events):
Event: 2.226 Thread 0x000002274bea4920 Unloading class 0x000002274d196400 'java/lang/invoke/LambdaForm$MH+0x000002274d196400'
Event: 2.226 Thread 0x000002274bea4920 Unloading class 0x000002274d196000 'java/lang/invoke/LambdaForm$MH+0x000002274d196000'
Event: 2.226 Thread 0x000002274bea4920 Unloading class 0x000002274d195c00 'java/lang/invoke/LambdaForm$MH+0x000002274d195c00'
Event: 2.226 Thread 0x000002274bea4920 Unloading class 0x000002274d195800 'java/lang/invoke/LambdaForm$MH+0x000002274d195800'
Event: 2.226 Thread 0x000002274bea4920 Unloading class 0x000002274d195400 'java/lang/invoke/LambdaForm$BMH+0x000002274d195400'
Event: 2.226 Thread 0x000002274bea4920 Unloading class 0x000002274d195000 'java/lang/invoke/LambdaForm$DMH+0x000002274d195000'
Event: 2.226 Thread 0x000002274bea4920 Unloading class 0x000002274d193c00 'java/lang/invoke/LambdaForm$DMH+0x000002274d193c00'

Classes redefined (0 events):
No events

Internal exceptions (20 events):
Event: 28.128 Thread 0x00000227975d9f40 Exception <a 'java/io/IOException'{0x00000000eade77d0}> (0x00000000eade77d0) 
thrown [s\src\hotspot\share\prims\jni.cpp, line 520]
Event: 28.129 Thread 0x00000227975d9f40 Exception <a 'java/io/IOException'{0x00000000eade9118}> (0x00000000eade9118) 
thrown [s\src\hotspot\share\prims\jni.cpp, line 520]
Event: 28.129 Thread 0x00000227975d9f40 Exception <a 'java/io/IOException'{0x00000000eadea8f0}> (0x00000000eadea8f0) 
thrown [s\src\hotspot\share\prims\jni.cpp, line 520]
Event: 28.131 Thread 0x00000227975d9f40 Exception <a 'java/io/IOException'{0x00000000eae1dfa8}> (0x00000000eae1dfa8) 
thrown [s\src\hotspot\share\prims\jni.cpp, line 520]
Event: 28.131 Thread 0x00000227975d9f40 Exception <a 'java/io/IOException'{0x00000000eae2e900}> (0x00000000eae2e900) 
thrown [s\src\hotspot\share\prims\jni.cpp, line 520]
Event: 28.132 Thread 0x00000227975d9f40 Exception <a 'java/io/IOException'{0x00000000eae38690}> (0x00000000eae38690) 
thrown [s\src\hotspot\share\prims\jni.cpp, line 520]
Event: 28.132 Thread 0x00000227975d9f40 Exception <a 'java/io/IOException'{0x00000000eae42ca0}> (0x00000000eae42ca0) 
thrown [s\src\hotspot\share\prims\jni.cpp, line 520]
Event: 28.142 Thread 0x00000227975d9f40 Exception <a 'java/io/IOException'{0x00000000eaeecba0}> (0x00000000eaeecba0) 
thrown [s\src\hotspot\share\prims\jni.cpp, line 520]
Event: 28.143 Thread 0x00000227958d6850 Exception <a 'java/io/IOException'{0x00000000eaef8988}> (0x00000000eaef8988) 
thrown [s\src\hotspot\share\prims\jni.cpp, line 520]
Event: 28.143 Thread 0x00000227958d6850 Exception <a 'java/io/IOException'{0x00000000eaefa1d0}> (0x00000000eaefa1d0) 
thrown [s\src\hotspot\share\prims\jni.cpp, line 520]
Event: 28.143 Thread 0x00000227958d6850 Exception <a 'java/io/IOException'{0x00000000eaf08f38}> (0x00000000eaf08f38) 
thrown [s\src\hotspot\share\prims\jni.cpp, line 520]
Event: 28.144 Thread 0x00000227958d6850 Exception <a 'java/io/IOException'{0x00000000eaf0a0e0}> (0x00000000eaf0a0e0) 
thrown [s\src\hotspot\share\prims\jni.cpp, line 520]
Event: 28.144 Thread 0x00000227958d6850 Exception <a 'java/io/IOException'{0x00000000eaf2b940}> (0x00000000eaf2b940) 
thrown [s\src\hotspot\share\prims\jni.cpp, line 520]
Event: 28.144 Thread 0x00000227958d6850 Exception <a 'java/io/FileNotFoundException'{0x00000000eaf2dcf8}> (0x00000000eaf2dcf8) 
thrown [s\src\hotspot\share\prims\jni.cpp, line 520]
Event: 28.144 Thread 0x00000227958d6850 Exception <a 'java/io/FileNotFoundException'{0x00000000eaf2ea70}> (0x00000000eaf2ea70) 
thrown [s\src\hotspot\share\prims\jni.cpp, line 520]
Event: 28.154 Thread 0x00000227975d9f40 Exception <a 'java/lang/NoSuchMethodError'{0x00000000eb3246a8}: 'java.lang.Object java.lang.invoke.DirectMethodHandle$Holder.invokeStatic(java.lang.Object, java.lang.Object, int, java.lang.Object)'> (0x00000000eb3246a8) 
thrown [s\src\hotspot\share\interpreter\linkResolver.cpp, line 773]
Event: 29.171 Thread 0x00000227975d9f40 Exception <a 'java/io/IOException'{0x00000000eac24410}> (0x00000000eac24410) 
thrown [s\src\hotspot\share\prims\jni.cpp, line 520]
Event: 29.172 Thread 0x00000227975d9f40 Exception <a 'java/io/IOException'{0x00000000eac31060}> (0x00000000eac31060) 
thrown [s\src\hotspot\share\prims\jni.cpp, line 520]
Event: 29.174 Thread 0x00000227958d6850 Exception <a 'java/io/IOException'{0x00000000eac8ca08}> (0x00000000eac8ca08) 
thrown [s\src\hotspot\share\prims\jni.cpp, line 520]
Event: 29.175 Thread 0x00000227958d6850 Exception <a 'java/io/IOException'{0x00000000eac9ccd0}> (0x00000000eac9ccd0) 
thrown [s\src\hotspot\share\prims\jni.cpp, line 520]

ZGC Phase Switch (0 events):
No events

VM Operations (20 events):
Event: 22.251 Executing VM operation: Cleanup
Event: 22.251 Executing VM operation: Cleanup done
Event: 23.252 Executing VM operation: Cleanup
Event: 23.252 Executing VM operation: Cleanup done
Event: 27.671 Executing VM operation: ParallelGCFailedAllocation (Allocation Failure)
Event: 27.672 Executing VM operation: ParallelGCFailedAllocation (Allocation Failure) done
Event: 27.776 Executing VM operation: ParallelGCFailedAllocation (Allocation Failure)
Event: 27.777 Executing VM operation: ParallelGCFailedAllocation (Allocation Failure) done
Event: 27.944 Executing VM operation: ParallelGCFailedAllocation (Allocation Failure)
Event: 27.944 Executing VM operation: ParallelGCFailedAllocation (Allocation Failure) done
Event: 28.103 Executing VM operation: ParallelGCFailedAllocation (Allocation Failure)
Event: 28.104 Executing VM operation: ParallelGCFailedAllocation (Allocation Failure) done
Event: 28.113 Executing VM operation: HandshakeAllThreads (Deoptimize)
Event: 28.113 Executing VM operation: HandshakeAllThreads (Deoptimize) done
Event: 28.114 Executing VM operation: HandshakeAllThreads (Deoptimize)
Event: 28.115 Executing VM operation: HandshakeAllThreads (Deoptimize) done
Event: 28.154 Executing VM operation: ParallelGCFailedAllocation (Allocation Failure)
Event: 29.155 Executing VM operation: ParallelGCFailedAllocation (Allocation Failure) done
Event: 30.155 Executing VM operation: Cleanup
Event: 30.192 Executing VM operation: Cleanup done

Memory protections (0 events):
No events

Nmethod flushes (20 events):
Event: 4.723 Thread 0x000002274bea4920 flushing  nmethod 0x000002273b678810
Event: 4.723 Thread 0x000002274bea4920 flushing  nmethod 0x000002273b678e10
Event: 4.723 Thread 0x000002274bea4920 flushing  nmethod 0x000002273b679690
Event: 4.723 Thread 0x000002274bea4920 flushing  nmethod 0x000002273b67ab90
Event: 4.723 Thread 0x000002274bea4920 flushing  nmethod 0x000002273b67c410
Event: 4.723 Thread 0x000002274bea4920 flushing  nmethod 0x000002273b6a4490
Event: 4.723 Thread 0x000002274bea4920 flushing  nmethod 0x000002273b6b1a90
Event: 4.723 Thread 0x000002274bea4920 flushing  nmethod 0x000002273b6b7c10
Event: 4.723 Thread 0x000002274bea4920 flushing  nmethod 0x000002273b6bf610
Event: 4.723 Thread 0x000002274bea4920 flushing  nmethod 0x000002273b6e4590
Event: 4.723 Thread 0x000002274bea4920 flushing  nmethod 0x000002273b6e5710
Event: 4.723 Thread 0x000002274bea4920 flushing  nmethod 0x000002273b6f2890
Event: 4.723 Thread 0x000002274bea4920 flushing  nmethod 0x000002273b6f3290
Event: 4.723 Thread 0x000002274bea4920 flushing  nmethod 0x000002273b6f3710
Event: 4.723 Thread 0x000002274bea4920 flushing  nmethod 0x000002273b6f3b10
Event: 4.723 Thread 0x000002274bea4920 flushing  nmethod 0x000002273b6f5410
Event: 4.723 Thread 0x000002274bea4920 flushing  nmethod 0x000002273b6f6f10
Event: 4.723 Thread 0x000002274bea4920 flushing  nmethod 0x000002273b6f8f90
Event: 4.723 Thread 0x000002274bea4920 flushing  nmethod 0x000002273b6fb710
Event: 4.723 Thread 0x000002274bea4920 flushing  nmethod 0x000002273b704310

Events (20 events):
Event: 19.460 Thread 0x000002279ab9f2a0 Thread exited: 0x000002279ab9f2a0
Event: 19.460 Thread 0x000002279ab9de30 Thread exited: 0x000002279ab9de30
Event: 20.931 Thread 0x000002279ab9ebd0 Thread exited: 0x000002279ab9ebd0
Event: 20.931 Thread 0x000002279ab9e500 Thread exited: 0x000002279ab9e500
Event: 20.932 Thread 0x000002279a677090 Thread exited: 0x000002279a677090
Event: 20.932 Thread 0x000002279a677720 Thread exited: 0x000002279a677720
Event: 20.932 Thread 0x000002279ab9f970 Thread exited: 0x000002279ab9f970
Event: 27.647 Thread 0x0000022737b8a7d0 Thread added: 0x000002279ab9f970
Event: 27.647 Thread 0x0000022737b8a7d0 Thread added: 0x000002279ab9d760
Event: 27.647 Thread 0x0000022737b8a7d0 Thread added: 0x000002279ab9de30
Event: 27.649 Thread 0x000002279a675ce0 Thread exited: 0x000002279a675ce0
Event: 27.649 Thread 0x000002279a676370 Thread exited: 0x000002279a676370
Event: 27.665 Thread 0x0000022737b881e0 Thread added: 0x000002279ab9ebd0
Event: 27.665 Thread 0x0000022737b881e0 Thread added: 0x000002279ab9c2f0
Event: 28.144 Thread 0x000002279ab9de30 Thread added: 0x000002279ab9c9c0
Event: 28.146 Thread 0x00000227958d6850 Thread added: 0x000002279a6742a0
Event: 28.146 Thread 0x000002279a6742a0 Thread added: 0x000002279a677db0
Event: 29.170 Thread 0x000002279ab9d760 Thread exited: 0x000002279ab9d760
Event: 29.170 Thread 0x000002279ab9f970 Thread exited: 0x000002279ab9f970
Event: 29.170 Thread 0x000002279ab9de30 Thread exited: 0x000002279ab9de30


Dynamic libraries:
0x00007ff65a940000 - 0x00007ff65a94e000 	c:\Users\DIGI ROUTE\.vscode\extensions\redhat.java-1.41.1-win32-x64\jre\21.0.6-win32-x86_64\bin\java.exe
0x00007ff8031a0000 - 0x00007ff803400000 	C:\WINDOWS\SYSTEM32\ntdll.dll
0x00007ff801320000 - 0x00007ff8013e7000 	C:\WINDOWS\System32\KERNEL32.DLL
0x00007ff800880000 - 0x00007ff800c4a000 	C:\WINDOWS\System32\KERNELBASE.dll
0x00007ff800730000 - 0x00007ff80087b000 	C:\WINDOWS\System32\ucrtbase.dll
0x00007fffda730000 - 0x00007fffda748000 	c:\Users\DIGI ROUTE\.vscode\extensions\redhat.java-1.41.1-win32-x64\jre\21.0.6-win32-x86_64\bin\jli.dll
0x00007fffda270000 - 0x00007fffda28e000 	c:\Users\DIGI ROUTE\.vscode\extensions\redhat.java-1.41.1-win32-x64\jre\21.0.6-win32-x86_64\bin\VCRUNTIME140.dll
0x00007ff802f90000 - 0x00007ff80315c000 	C:\WINDOWS\System32\USER32.dll
0x00007fffff4d0000 - 0x00007fffff767000 	C:\WINDOWS\WinSxS\amd64_microsoft.windows.common-controls_6595b64144ccf1df_6.0.26100.3624_none_3e086962e3345f24\COMCTL32.dll
0x00007ff800660000 - 0x00007ff800687000 	C:\WINDOWS\System32\win32u.dll
0x00007ff801170000 - 0x00007ff801219000 	C:\WINDOWS\System32\msvcrt.dll
0x00007ff8013f0000 - 0x00007ff80141a000 	C:\WINDOWS\System32\GDI32.dll
0x00007ff800dd0000 - 0x00007ff800f01000 	C:\WINDOWS\System32\gdi32full.dll
0x00007ff800380000 - 0x00007ff800423000 	C:\WINDOWS\System32\msvcp_win.dll
0x00007ff801580000 - 0x00007ff8015af000 	C:\WINDOWS\System32\IMM32.DLL
0x00007fffe4f90000 - 0x00007fffe4f9c000 	c:\Users\DIGI ROUTE\.vscode\extensions\redhat.java-1.41.1-win32-x64\jre\21.0.6-win32-x86_64\bin\vcruntime140_1.dll
0x00007fffc4dc0000 - 0x00007fffc4e4d000 	c:\Users\DIGI ROUTE\.vscode\extensions\redhat.java-1.41.1-win32-x64\jre\21.0.6-win32-x86_64\bin\msvcp140.dll
0x00007fff47ac0000 - 0x00007fff48850000 	c:\Users\DIGI ROUTE\.vscode\extensions\redhat.java-1.41.1-win32-x64\jre\21.0.6-win32-x86_64\bin\server\jvm.dll
0x00007ff802290000 - 0x00007ff802342000 	C:\WINDOWS\System32\ADVAPI32.dll
0x00007ff800fa0000 - 0x00007ff801046000 	C:\WINDOWS\System32\sechost.dll
0x00007ff801050000 - 0x00007ff801166000 	C:\WINDOWS\System32\RPCRT4.dll
0x00007ff801a60000 - 0x00007ff801ad4000 	C:\WINDOWS\System32\WS2_32.dll
0x00007fffffba0000 - 0x00007fffffbfe000 	C:\WINDOWS\SYSTEM32\POWRPROF.dll
0x00007ffff4f40000 - 0x00007ffff4f76000 	C:\WINDOWS\SYSTEM32\WINMM.dll
0x00007ffff6e70000 - 0x00007ffff6e7b000 	C:\WINDOWS\SYSTEM32\VERSION.dll
0x00007fffff870000 - 0x00007fffff884000 	C:\WINDOWS\SYSTEM32\UMPDC.dll
0x00007ffffe8e0000 - 0x00007ffffe8fa000 	C:\WINDOWS\SYSTEM32\kernel.appcore.dll
0x00007fffe4110000 - 0x00007fffe411a000 	c:\Users\DIGI ROUTE\.vscode\extensions\redhat.java-1.41.1-win32-x64\jre\21.0.6-win32-x86_64\bin\jimage.dll
0x00007fffffc10000 - 0x00007fffffe51000 	C:\WINDOWS\SYSTEM32\DBGHELP.DLL
0x00007ff801650000 - 0x00007ff8019d2000 	C:\WINDOWS\System32\combase.dll
0x00007ff801240000 - 0x00007ff801316000 	C:\WINDOWS\System32\OLEAUT32.dll
0x00007fff93a70000 - 0x00007fff93aa9000 	C:\WINDOWS\SYSTEM32\dbgcore.DLL
0x00007ff800690000 - 0x00007ff800729000 	C:\WINDOWS\System32\bcryptPrimitives.dll
0x00007fffe24a0000 - 0x00007fffe24af000 	c:\Users\DIGI ROUTE\.vscode\extensions\redhat.java-1.41.1-win32-x64\jre\21.0.6-win32-x86_64\bin\instrument.dll
0x00007fffda0e0000 - 0x00007fffda0ff000 	c:\Users\DIGI ROUTE\.vscode\extensions\redhat.java-1.41.1-win32-x64\jre\21.0.6-win32-x86_64\bin\java.dll
0x00007ff801b60000 - 0x00007ff802289000 	C:\WINDOWS\System32\SHELL32.dll
0x00007ff800430000 - 0x00007ff800598000 	C:\WINDOWS\System32\wintypes.dll
0x00007ffffd5f0000 - 0x00007ffffde42000 	C:\WINDOWS\SYSTEM32\windows.storage.dll
0x00007ff802cf0000 - 0x00007ff802ddd000 	C:\WINDOWS\System32\SHCORE.dll
0x00007ff802bc0000 - 0x00007ff802c24000 	C:\WINDOWS\System32\shlwapi.dll
0x00007ff800290000 - 0x00007ff8002bf000 	C:\WINDOWS\SYSTEM32\profapi.dll
0x00007fffd6470000 - 0x00007fffd6488000 	c:\Users\DIGI ROUTE\.vscode\extensions\redhat.java-1.41.1-win32-x64\jre\21.0.6-win32-x86_64\bin\zip.dll
0x00007fffe3570000 - 0x00007fffe3580000 	C:\Users\DIGI ROUTE\.vscode\extensions\redhat.java-1.41.1-win32-x64\jre\21.0.6-win32-x86_64\bin\net.dll
0x00007ffff70a0000 - 0x00007ffff71bd000 	C:\WINDOWS\SYSTEM32\WINHTTP.dll
0x00007fffff130000 - 0x00007fffff19a000 	C:\WINDOWS\system32\mswsock.dll
0x00007fffcf660000 - 0x00007fffcf676000 	C:\Users\DIGI ROUTE\.vscode\extensions\redhat.java-1.41.1-win32-x64\jre\21.0.6-win32-x86_64\bin\nio.dll
0x00007fffe2480000 - 0x00007fffe2490000 	c:\Users\DIGI ROUTE\.vscode\extensions\redhat.java-1.41.1-win32-x64\jre\21.0.6-win32-x86_64\bin\verify.dll
0x00007fffc5340000 - 0x00007fffc5385000 	C:\Users\DIGI ROUTE\AppData\Roaming\Code\User\globalStorage\redhat.java\1.41.1\config_win\org.eclipse.equinox.launcher\org.eclipse.equinox.launcher.win32.win32.x86_64_1.2.1300.v20250331-1702\eclipse_11911.dll
0x00007ff8029d0000 - 0x00007ff802b66000 	C:\WINDOWS\System32\ole32.dll
0x00007ff800000000 - 0x00007ff80001c000 	C:\WINDOWS\SYSTEM32\CRYPTSP.dll
0x00007ffffea00000 - 0x00007ffffea3a000 	C:\WINDOWS\system32\rsaenh.dll
0x00007fffff1d0000 - 0x00007fffff1fb000 	C:\WINDOWS\SYSTEM32\USERENV.dll
0x00007ff800260000 - 0x00007ff800286000 	C:\WINDOWS\SYSTEM32\bcrypt.dll
0x00007fffff2d0000 - 0x00007fffff2dc000 	C:\WINDOWS\SYSTEM32\CRYPTBASE.dll
0x00007ffffe400000 - 0x00007ffffe433000 	C:\WINDOWS\SYSTEM32\IPHLPAPI.DLL
0x00007ff8019e0000 - 0x00007ff8019ea000 	C:\WINDOWS\System32\NSI.dll
0x00007fffc4b20000 - 0x00007fffc4b69000 	C:\Users\DIGI ROUTE\AppData\Local\Temp\jna-1264834800\jna13894476732450038186.dll
0x00007ff802530000 - 0x00007ff802538000 	C:\WINDOWS\System32\PSAPI.DLL
0x00007ffff8df0000 - 0x00007ffff8e0f000 	C:\WINDOWS\SYSTEM32\dhcpcsvc6.DLL
0x00007ffff8dc0000 - 0x00007ffff8de5000 	C:\WINDOWS\SYSTEM32\dhcpcsvc.DLL
0x00007fffcf3b0000 - 0x00007fffcf3d7000 	C:\Users\DIGI ROUTE\.gradle\native\c067742578af261105cb4f569cf0c3c89f3d7b1fecec35dd04571415982c5e48\windows-amd64\native-platform.dll
0x00007fffe08c0000 - 0x00007fffe08ca000 	C:\Users\DIGI ROUTE\.vscode\extensions\redhat.java-1.41.1-win32-x64\jre\21.0.6-win32-x86_64\bin\management.dll
0x00007fffd9d70000 - 0x00007fffd9d7b000 	C:\Users\DIGI ROUTE\.vscode\extensions\redhat.java-1.41.1-win32-x64\jre\21.0.6-win32-x86_64\bin\management_ext.dll
0x00007fffebcb0000 - 0x00007fffebcb9000 	C:\Users\DIGI ROUTE\.vscode\extensions\redhat.java-1.41.1-win32-x64\jre\21.0.6-win32-x86_64\bin\extnet.dll
0x00007fffebcc0000 - 0x00007fffebcce000 	C:\Users\DIGI ROUTE\.vscode\extensions\redhat.java-1.41.1-win32-x64\jre\21.0.6-win32-x86_64\bin\sunmscapi.dll
0x00007ff800c50000 - 0x00007ff800dc7000 	C:\WINDOWS\System32\CRYPT32.dll
0x00007fffff490000 - 0x00007fffff4c0000 	C:\WINDOWS\SYSTEM32\ncrypt.dll
0x00007fffff440000 - 0x00007fffff47f000 	C:\WINDOWS\SYSTEM32\NTASN1.dll
0x00007fffef4b0000 - 0x00007fffef4b8000 	C:\WINDOWS\system32\wshunix.dll

dbghelp: loaded successfully - version: 4.0.5 - missing functions: none
symbol engine: initialized successfully - sym options: 0x614 - pdb path: .;c:\Users\DIGI ROUTE\.vscode\extensions\redhat.java-1.41.1-win32-x64\jre\21.0.6-win32-x86_64\bin;C:\WINDOWS\SYSTEM32;C:\WINDOWS\WinSxS\amd64_microsoft.windows.common-controls_6595b64144ccf1df_6.0.26100.3624_none_3e086962e3345f24;c:\Users\DIGI ROUTE\.vscode\extensions\redhat.java-1.41.1-win32-x64\jre\21.0.6-win32-x86_64\bin\server;C:\Users\DIGI ROUTE\AppData\Roaming\Code\User\globalStorage\redhat.java\1.41.1\config_win\org.eclipse.equinox.launcher\org.eclipse.equinox.launcher.win32.win32.x86_64_1.2.1300.v20250331-1702;C:\Users\DIGI ROUTE\AppData\Local\Temp\jna-1264834800;C:\Users\DIGI ROUTE\.gradle\native\c067742578af261105cb4f569cf0c3c89f3d7b1fecec35dd04571415982c5e48\windows-amd64

VM Arguments:
jvm_args: --add-modules=ALL-SYSTEM --add-opens=java.base/java.util=ALL-UNNAMED --add-opens=java.base/java.lang=ALL-UNNAMED --add-opens=java.base/sun.nio.fs=ALL-UNNAMED -Declipse.application=org.eclipse.jdt.ls.core.id1 -Dosgi.bundles.defaultStartLevel=4 -Declipse.product=org.eclipse.jdt.ls.core.product -Djava.import.generatesMetadataFilesAtProjectRoot=false -DDetectVMInstallationsJob.disabled=true -Dfile.encoding=utf8 -XX:+UseParallelGC -XX:GCTimeRatio=4 -XX:AdaptiveSizePolicyWeight=90 -Dsun.zip.disableMemoryMapping=true -Xmx1G -Xms100m -Xlog:disable -javaagent:c:\Users\DIGI ROUTE\.vscode\extensions\redhat.java-1.41.1-win32-x64\lombok\lombok-1.18.36.jar -XX:+HeapDumpOnOutOfMemoryError -XX:HeapDumpPath=c:\Users\DIGI ROUTE\AppData\Roaming\Code\User\workspaceStorage\62ba2304e335b5d45dd158eafd42745f\redhat.java -Daether.dependencyCollector.impl=bf 
java_command: c:\Users\DIGI ROUTE\.vscode\extensions\redhat.java-1.41.1-win32-x64\server\plugins\org.eclipse.equinox.launcher_1.7.0.v20250331-1702.jar -configuration c:\Users\DIGI ROUTE\AppData\Roaming\Code\User\globalStorage\redhat.java\1.41.1\config_win -data c:\Users\DIGI ROUTE\AppData\Roaming\Code\User\workspaceStorage\62ba2304e335b5d45dd158eafd42745f\redhat.java\jdt_ws --pipe=\\.\pipe\lsp-c9f9bd7dab79e07f3c9f7c9c89aca132-sock
java_class_path (initial): c:\Users\DIGI ROUTE\.vscode\extensions\redhat.java-1.41.1-win32-x64\server\plugins\org.eclipse.equinox.launcher_1.7.0.v20250331-1702.jar
Launcher Type: SUN_STANDARD

[Global flags]
    uintx AdaptiveSizePolicyWeight                 = 90                                        {product} {command line}
     intx CICompilerCount                          = 12                                        {product} {ergonomic}
    uintx GCTimeRatio                              = 4                                         {product} {command line}
     bool HeapDumpOnOutOfMemoryError               = true                                   {manageable} {command line}
    ccstr HeapDumpPath                             = c:\Users\DIGI ROUTE\AppData\Roaming\Code\User\workspaceStorage\62ba2304e335b5d45dd158eafd42745f\redhat.java         {manageable} {command line}
   size_t InitialHeapSize                          = 104857600                                 {product} {command line}
   size_t MaxHeapSize                              = 1073741824                                {product} {command line}
   size_t MaxNewSize                               = 357564416                                 {product} {ergonomic}
   size_t MinHeapDeltaBytes                        = 524288                                    {product} {ergonomic}
   size_t MinHeapSize                              = 104857600                                 {product} {command line}
   size_t NewSize                                  = 34603008                                  {product} {ergonomic}
    uintx NonNMethodCodeHeapSize                   = 7602480                                {pd product} {ergonomic}
    uintx NonProfiledCodeHeapSize                  = 122027880                              {pd product} {ergonomic}
   size_t OldSize                                  = 70254592                                  {product} {ergonomic}
    uintx ProfiledCodeHeapSize                     = 122027880                              {pd product} {ergonomic}
    uintx ReservedCodeCacheSize                    = 251658240                              {pd product} {ergonomic}
     bool SegmentedCodeCache                       = true                                      {product} {ergonomic}
   size_t SoftMaxHeapSize                          = 1073741824                             {manageable} {ergonomic}
     bool UseCompressedOops                        = true                           {product lp64_product} {ergonomic}
     bool UseLargePagesIndividualAllocation        = false                                  {pd product} {ergonomic}
     bool UseParallelGC                            = true                                      {product} {command line}

Logging:
Log output configuration:
 #0: stdout all=off uptime,level,tags foldmultilines=false
 #1: stderr all=off uptime,level,tags foldmultilines=false

Environment Variables:
PATH=C:\Program Files\Eclipse Adoptium\jdk-17.0.14.7-hotspot\bin;C:\Program Files\Eclipse Adoptium\jdk-11.0.26.4-hotspot\bin;C:\Program Files\Common Files\Oracle\Java\javapath;C:\Program Files (x86)\Common Files\Oracle\Java\java8path;C:\Program Files (x86)\Common Files\Oracle\Java\javapath;C:\Windows\system32;C:\Windows;C:\Windows\System32\Wbem;C:\Windows\System32\WindowsPowerShell\v1.0\;C:\Windows\System32\OpenSSH\;C:\Program Files (x86)\NVIDIA Corporation\PhysX\Common;C:\Program Files\NVIDIA Corporation\NVIDIA NvDLISR;C:\Program Files\Amazon\AWSCLIV2\;C:\Program Files\nodejs\;C:\WINDOWS\system32;C:\WINDOWS;C:\WINDOWS\System32\Wbem;C:\WINDOWS\System32\WindowsPowerShell\v1.0\;C:\WINDOWS\System32\OpenSSH\;C:\ProgramData\chocolatey\bin;C:\Program Files\Git\cmd;C:\Users\DIGI ROUTE\AppData\Local\Microsoft\WindowsApps;C:\Users\DIGI ROUTE\AppData\Local\Programs\Microsoft VS Code\bin;C:\Users\DIGI ROUTE\AppData\Roaming\npm;C:\Users\DIGI ROUTE\AppData\Local\Android\Sdk\platform-tools;
USERNAME=DIGI ROUTE
OS=Windows_NT
PROCESSOR_IDENTIFIER=Intel64 Family 6 Model 154 Stepping 3, GenuineIntel
TMP=C:\Users\DIGIRO~1\AppData\Local\Temp
TEMP=C:\Users\DIGIRO~1\AppData\Local\Temp




Periodic native trim disabled

---------------  S Y S T E M  ---------------

OS:
 Windows 11 , 64 bit Build 26100 (10.0.26100.3775)
OS uptime: 2 days 1:54 hours

CPU: total 20 (initial active 20) (20 cores per cpu, 1 threads per core) family 6 model 154 stepping 3 microcode 0x434, cx8, cmov, fxsr, mmx, 3dnowpref, sse, sse2, sse3, ssse3, sse4.1, sse4.2, popcnt, lzcnt, tsc, tscinvbit, avx, avx2, aes, erms, clmul, bmi1, bmi2, adx, sha, fma, vzeroupper, clflush, clflushopt, clwb, serialize, rdtscp, rdpid, fsrm, f16c, pku, cet_ibt, cet_ss
Processor Information for the first 20 processors :
  Max Mhz: 2300, Current Mhz: 2300, Mhz Limit: 2300

Memory: 4k page, system-wide physical 16004M (1514M free)
TotalPageFile size 65156M (AvailPageFile size 10M)
current process WorkingSet (physical memory assigned to process): 871M, peak: 871M
current process commit charge ("private bytes"): 1007M, peak: 1022M

vm_info: OpenJDK 64-Bit Server VM (21.0.6+7-LTS) for windows-amd64 JRE (21.0.6+7-LTS), built on 2025-01-21T00:00:00Z by "admin" with MS VC++ 17.7 (VS2022)

END.
