#
# There is insufficient memory for the Java Runtime Environment to continue.
# Native memory allocation (malloc) failed to allocate 544656 bytes. Error detail: Chunk::new
# Possible reasons:
#   The system is out of physical RAM or swap space
#   This process is running with CompressedOops enabled, and the Java Heap may be blocking the growth of the native heap
# Possible solutions:
#   Reduce memory load on the system
#   Increase physical memory or swap space
#   Check if swap backing store is full
#   Decrease Java heap size (-Xmx/-Xms)
#   Decrease number of Java threads
#   Decrease Java thread stack sizes (-Xss)
#   Set larger code cache with -XX:ReservedCodeCacheSize=
#   JVM is running with Unscaled Compressed Oops mode in which the Java heap is
#     placed in the first 4GB address space. The Java Heap base address is the
#     maximum limit for the native heap growth. Please use -XX:HeapBaseMinAddress
#     to set the Java Heap base and to place the Java Heap above 4GB virtual address.
# This output file may be truncated or incomplete.
#
#  Out of Memory Error (arena.cpp:168), pid=3356, tid=29052
#
# JRE version: OpenJDK Runtime Environment Temurin-21.0.6+7 (21.0.6+7) (build 21.0.6+7-LTS)
# Java VM: OpenJDK 64-Bit Server VM Temurin-21.0.6+7 (21.0.6+7-LTS, mixed mode, sharing, tiered, compressed oops, compressed class ptrs, parallel gc, windows-amd64)
# No core dump will be written. Minidumps are not enabled by default on client versions of Windows
#

---------------  S U M M A R Y ------------

Command Line: --add-modules=ALL-SYSTEM --add-opens=java.base/java.util=ALL-UNNAMED --add-opens=java.base/java.lang=ALL-UNNAMED --add-opens=java.base/sun.nio.fs=ALL-UNNAMED -Declipse.application=org.eclipse.jdt.ls.core.id1 -Dosgi.bundles.defaultStartLevel=4 -Declipse.product=org.eclipse.jdt.ls.core.product -Djava.import.generatesMetadataFilesAtProjectRoot=false -DDetectVMInstallationsJob.disabled=true -Dfile.encoding=utf8 -XX:+UseParallelGC -XX:GCTimeRatio=4 -XX:AdaptiveSizePolicyWeight=90 -Dsun.zip.disableMemoryMapping=true -Xmx1G -Xms100m -Xlog:disable -javaagent:c:\Users\DIGI ROUTE\.vscode\extensions\redhat.java-1.41.1-win32-x64\lombok\lombok-1.18.36.jar -XX:+HeapDumpOnOutOfMemoryError -XX:HeapDumpPath=c:\Users\DIGI ROUTE\AppData\Roaming\Code\User\workspaceStorage\62ba2304e335b5d45dd158eafd42745f\redhat.java -Daether.dependencyCollector.impl=bf c:\Users\DIGI ROUTE\.vscode\extensions\redhat.java-1.41.1-win32-x64\server\plugins\org.eclipse.equinox.launcher_1.7.0.v20250331-1702.jar -configuration c:\Users\DIGI ROUTE\AppData\Roaming\Code\User\globalStorage\redhat.java\1.41.1\config_win -data c:\Users\DIGI ROUTE\AppData\Roaming\Code\User\workspaceStorage\62ba2304e335b5d45dd158eafd42745f\redhat.java\jdt_ws --pipe=\\.\pipe\lsp-281bad6a9f2ed19c7fedd3f99f076ec9-sock

Host: 12th Gen Intel(R) Core(TM) i7-12700H, 20 cores, 15G,  Windows 11 , 64 bit Build 26100 (10.0.26100.3775)
Time: Sun Apr 27 10:56:08 2025 India Standard Time elapsed time: 10.855823 seconds (0d 0h 0m 10s)

---------------  T H R E A D  ---------------

Current thread (0x0000013996c8b850):  JavaThread "C2 CompilerThread1" daemon [_thread_in_native, id=29052, stack(0x00000009f6c00000,0x00000009f6d00000) (1024K)]


Current CompileTask:
C2:10855 9147       4       jdk.internal.module.SystemModuleFinders$SystemModuleReader::find (59 bytes)

Stack: [0x00000009f6c00000,0x00000009f6d00000]
Native frames: (J=compiled Java code, j=interpreted, Vv=VM code, C=native code)
V  [jvm.dll+0x6cdee9]
V  [jvm.dll+0x8a83d1]
V  [jvm.dll+0x8aa8fe]
V  [jvm.dll+0x8aafe3]
V  [jvm.dll+0x27f706]
V  [jvm.dll+0xc500d]
V  [jvm.dll+0xc5543]
V  [jvm.dll+0x3b6752]
V  [jvm.dll+0x382935]
V  [jvm.dll+0x381d9a]
V  [jvm.dll+0x2479f0]
V  [jvm.dll+0x246fcf]
V  [jvm.dll+0x1c75ee]
V  [jvm.dll+0x25685a]
V  [jvm.dll+0x254dfa]
V  [jvm.dll+0x3f0256]
V  [jvm.dll+0x851f8b]
V  [jvm.dll+0x6cc5ed]
C  [ucrtbase.dll+0x37b0]
C  [KERNEL32.DLL+0x2e8d7]
C  [ntdll.dll+0xb14fc]


---------------  P R O C E S S  ---------------

Threads class SMR info:
_java_thread_list=0x0000013997b92410, length=62, elements={
0x0000013938dabac0, 0x000001398e1fcab0, 0x000001398e1fd9c0, 0x0000013938e55e40,
0x0000013938e579a0, 0x0000013938e5c300, 0x0000013938e5f160, 0x0000013938e6e900,
0x000001398f71ac40, 0x000001398f7da410, 0x000001398f854860, 0x000001398fa18530,
0x0000013991668190, 0x00000139919c83a0, 0x0000013996283210, 0x00000139962b9010,
0x00000139962b9670, 0x000001399692dbd0, 0x0000013996537990, 0x000001399692efa0,
0x000001399692fcc0, 0x0000013996930350, 0x000001399692f630, 0x000001399692e280,
0x00000139969309e0, 0x000001399692e910, 0x0000013996931700, 0x0000013996931070,
0x0000013997cbc720, 0x0000013997cbd440, 0x0000013997cbdad0, 0x0000013997cbb370,
0x0000013997cbba00, 0x0000013997cbcdb0, 0x0000013997cbe160, 0x0000013997cbace0,
0x0000013997cbf510, 0x0000013997cbe7f0, 0x0000013997cbee80, 0x0000013997cbc090,
0x0000013997cc08c0, 0x0000013997cc2300, 0x0000013997cc0f50, 0x0000013997cc15e0,
0x0000013997cc1c70, 0x0000013997cbfba0, 0x0000013997cc0230, 0x000001399a0b3a40,
0x000001399a0b61a0, 0x000001399a0b5480, 0x000001399a0b5b10, 0x000001399a0b7550,
0x000001399a0b6830, 0x000001399a0b4df0, 0x000001399a0b40d0, 0x000001399a0b8900,
0x000001399a0b6ec0, 0x000001399a0bb060, 0x000001399a0b9cb0, 0x000001399a0ba340,
0x000001399b6013c0, 0x0000013996c8b850
}

Java Threads: ( => current thread )
  0x0000013938dabac0 JavaThread "main"                              [_thread_blocked, id=22296, stack(0x00000009f5e00000,0x00000009f5f00000) (1024K)]
  0x000001398e1fcab0 JavaThread "Reference Handler"          daemon [_thread_blocked, id=22764, stack(0x00000009f6200000,0x00000009f6300000) (1024K)]
  0x000001398e1fd9c0 JavaThread "Finalizer"                  daemon [_thread_blocked, id=20884, stack(0x00000009f6300000,0x00000009f6400000) (1024K)]
  0x0000013938e55e40 JavaThread "Signal Dispatcher"          daemon [_thread_blocked, id=15020, stack(0x00000009f6400000,0x00000009f6500000) (1024K)]
  0x0000013938e579a0 JavaThread "Attach Listener"            daemon [_thread_blocked, id=29492, stack(0x00000009f6500000,0x00000009f6600000) (1024K)]
  0x0000013938e5c300 JavaThread "Service Thread"             daemon [_thread_blocked, id=16848, stack(0x00000009f6600000,0x00000009f6700000) (1024K)]
  0x0000013938e5f160 JavaThread "Monitor Deflation Thread"   daemon [_thread_blocked, id=12228, stack(0x00000009f6700000,0x00000009f6800000) (1024K)]
  0x0000013938e6e900 JavaThread "C2 CompilerThread0"         daemon [_thread_blocked, id=13420, stack(0x00000009f6800000,0x00000009f6900000) (1024K)]
  0x000001398f71ac40 JavaThread "C1 CompilerThread0"         daemon [_thread_blocked, id=18468, stack(0x00000009f6900000,0x00000009f6a00000) (1024K)]
  0x000001398f7da410 JavaThread "C1 CompilerThread1"         daemon [_thread_blocked, id=30524, stack(0x00000009f6a00000,0x00000009f6b00000) (1024K)]
  0x000001398f854860 JavaThread "Common-Cleaner"             daemon [_thread_blocked, id=26940, stack(0x00000009f6b00000,0x00000009f6c00000) (1024K)]
  0x000001398fa18530 JavaThread "C1 CompilerThread2"         daemon [_thread_blocked, id=31616, stack(0x00000009f6d00000,0x00000009f6e00000) (1024K)]
  0x0000013991668190 JavaThread "Notification Thread"        daemon [_thread_blocked, id=16228, stack(0x00000009f6f00000,0x00000009f7000000) (1024K)]
  0x00000139919c83a0 JavaThread "Active Thread: Equinox Container: f3230c56-ab35-4623-8126-c11cdbf474a2"        [_thread_blocked, id=8244, stack(0x00000009f7900000,0x00000009f7a00000) (1024K)]
  0x0000013996283210 JavaThread "Refresh Thread: Equinox Container: f3230c56-ab35-4623-8126-c11cdbf474a2" daemon [_thread_blocked, id=27332, stack(0x00000009f7b00000,0x00000009f7c00000) (1024K)]
  0x00000139962b9010 JavaThread "Framework Event Dispatcher: Equinox Container: f3230c56-ab35-4623-8126-c11cdbf474a2" daemon [_thread_blocked, id=22812, stack(0x00000009f7c00000,0x00000009f7d00000) (1024K)]
  0x00000139962b9670 JavaThread "Start Level: Equinox Container: f3230c56-ab35-4623-8126-c11cdbf474a2" daemon [_thread_blocked, id=28284, stack(0x00000009f7d00000,0x00000009f7e00000) (1024K)]
  0x000001399692dbd0 JavaThread "Bundle File Closer"         daemon [_thread_blocked, id=8360, stack(0x00000009f7e00000,0x00000009f7f00000) (1024K)]
  0x0000013996537990 JavaThread "SCR Component Actor"        daemon [_thread_blocked, id=27176, stack(0x00000009f8200000,0x00000009f8300000) (1024K)]
  0x000001399692efa0 JavaThread "Worker-JM"                         [_thread_blocked, id=12964, stack(0x00000009f8600000,0x00000009f8700000) (1024K)]
  0x000001399692fcc0 JavaThread "JNA Cleaner"                daemon [_thread_blocked, id=24748, stack(0x00000009f8900000,0x00000009f8a00000) (1024K)]
  0x0000013996930350 JavaThread "Worker-0: Java indexing... "        [_thread_blocked, id=18692, stack(0x00000009f8a00000,0x00000009f8b00000) (1024K)]
  0x000001399692f630 JavaThread "Worker-1"                          [_thread_blocked, id=5384, stack(0x00000009f8b00000,0x00000009f8c00000) (1024K)]
  0x000001399692e280 JavaThread "Java indexing"              daemon [_thread_blocked, id=21256, stack(0x00000009f8c00000,0x00000009f8d00000) (1024K)]
  0x00000139969309e0 JavaThread "Worker-2"                          [_thread_blocked, id=11932, stack(0x00000009f8f00000,0x00000009f9000000) (1024K)]
  0x000001399692e910 JavaThread "Worker-3: Synchronize Gradle projects with workspace"        [_thread_blocked, id=10484, stack(0x00000009f9000000,0x00000009f9100000) (1024K)]
  0x0000013996931700 JavaThread "Thread-2"                   daemon [_thread_in_native, id=8700, stack(0x00000009f9100000,0x00000009f9200000) (1024K)]
  0x0000013996931070 JavaThread "Thread-3"                   daemon [_thread_in_native, id=16940, stack(0x00000009f9200000,0x00000009f9300000) (1024K)]
  0x0000013997cbc720 JavaThread "Thread-4"                   daemon [_thread_in_native, id=30880, stack(0x00000009f9300000,0x00000009f9400000) (1024K)]
  0x0000013997cbd440 JavaThread "Thread-5"                   daemon [_thread_in_native, id=8660, stack(0x00000009f9400000,0x00000009f9500000) (1024K)]
  0x0000013997cbdad0 JavaThread "Thread-6"                   daemon [_thread_in_native, id=23800, stack(0x00000009f9500000,0x00000009f9600000) (1024K)]
  0x0000013997cbb370 JavaThread "Thread-7"                   daemon [_thread_in_native, id=8972, stack(0x00000009f9600000,0x00000009f9700000) (1024K)]
  0x0000013997cbba00 JavaThread "Thread-8"                   daemon [_thread_in_native, id=26944, stack(0x00000009f9700000,0x00000009f9800000) (1024K)]
  0x0000013997cbcdb0 JavaThread "Thread-9"                   daemon [_thread_in_native, id=7796, stack(0x00000009f9800000,0x00000009f9900000) (1024K)]
  0x0000013997cbe160 JavaThread "Thread-10"                  daemon [_thread_in_native, id=23040, stack(0x00000009f9900000,0x00000009f9a00000) (1024K)]
  0x0000013997cbace0 JavaThread "Thread-11"                  daemon [_thread_in_native, id=13964, stack(0x00000009f9a00000,0x00000009f9b00000) (1024K)]
  0x0000013997cbf510 JavaThread "Thread-12"                  daemon [_thread_in_native, id=25264, stack(0x00000009f9b00000,0x00000009f9c00000) (1024K)]
  0x0000013997cbe7f0 JavaThread "Thread-13"                  daemon [_thread_in_native, id=26956, stack(0x00000009f9c00000,0x00000009f9d00000) (1024K)]
  0x0000013997cbee80 JavaThread "Thread-14"                  daemon [_thread_in_native, id=20036, stack(0x00000009f9d00000,0x00000009f9e00000) (1024K)]
  0x0000013997cbc090 JavaThread "Thread-15"                  daemon [_thread_in_native, id=3348, stack(0x00000009f9e00000,0x00000009f9f00000) (1024K)]
  0x0000013997cc08c0 JavaThread "Thread-16"                  daemon [_thread_in_native, id=31168, stack(0x00000009f9f00000,0x00000009fa000000) (1024K)]
  0x0000013997cc2300 JavaThread "Thread-17"                  daemon [_thread_in_native, id=27992, stack(0x00000009fa000000,0x00000009fa100000) (1024K)]
  0x0000013997cc0f50 JavaThread "Thread-18"                  daemon [_thread_in_native, id=6264, stack(0x00000009fa100000,0x00000009fa200000) (1024K)]
  0x0000013997cc15e0 JavaThread "Thread-19"                  daemon [_thread_in_native, id=9324, stack(0x00000009fa200000,0x00000009fa300000) (1024K)]
  0x0000013997cc1c70 JavaThread "Thread-20"                  daemon [_thread_in_native, id=18592, stack(0x00000009fa300000,0x00000009fa400000) (1024K)]
  0x0000013997cbfba0 JavaThread "Thread-21"                  daemon [_thread_in_native, id=7480, stack(0x00000009fa400000,0x00000009fa500000) (1024K)]
  0x0000013997cc0230 JavaThread "Thread-22"                  daemon [_thread_in_native, id=11376, stack(0x00000009fa500000,0x00000009fa600000) (1024K)]
  0x000001399a0b3a40 JavaThread "pool-2-thread-1"                   [_thread_blocked, id=22944, stack(0x00000009fa600000,0x00000009fa700000) (1024K)]
  0x000001399a0b61a0 JavaThread "Timer-0"                           [_thread_blocked, id=25556, stack(0x00000009fa700000,0x00000009fa800000) (1024K)]
  0x000001399a0b5480 JavaThread "Timer-1"                           [_thread_blocked, id=14304, stack(0x00000009fa800000,0x00000009fa900000) (1024K)]
  0x000001399a0b5b10 JavaThread "WorkspaceEventsHandler"            [_thread_blocked, id=24288, stack(0x00000009faa00000,0x00000009fab00000) (1024K)]
  0x000001399a0b7550 JavaThread "pool-1-thread-1"                   [_thread_blocked, id=30280, stack(0x00000009fab00000,0x00000009fac00000) (1024K)]
  0x000001399a0b6830 JavaThread "Worker-4"                          [_thread_blocked, id=18980, stack(0x00000009fac00000,0x00000009fad00000) (1024K)]
  0x000001399a0b4df0 JavaThread "Worker-5: Initialize Workspace"        [_thread_blocked, id=1956, stack(0x00000009fad00000,0x00000009fae00000) (1024K)]
  0x000001399a0b40d0 JavaThread "Timer-2"                           [_thread_blocked, id=14092, stack(0x00000009fa900000,0x00000009faa00000) (1024K)]
  0x000001399a0b8900 JavaThread "Timer-3"                           [_thread_blocked, id=3456, stack(0x00000009fae00000,0x00000009faf00000) (1024K)]
  0x000001399a0b6ec0 JavaThread "Timer-4"                           [_thread_blocked, id=23568, stack(0x00000009faf00000,0x00000009fb000000) (1024K)]
  0x000001399a0bb060 JavaThread "Timer-5"                           [_thread_blocked, id=26356, stack(0x00000009fb000000,0x00000009fb100000) (1024K)]
  0x000001399a0b9cb0 JavaThread "Timer-6"                           [_thread_blocked, id=31244, stack(0x00000009fb100000,0x00000009fb200000) (1024K)]
  0x000001399a0ba340 JavaThread "Timer-7"                           [_thread_blocked, id=20852, stack(0x00000009fb200000,0x00000009fb300000) (1024K)]
  0x000001399b6013c0 JavaThread "Connection worker"                 [_thread_blocked, id=3152, stack(0x00000009fb300000,0x00000009fb400000) (1024K)]
=>0x0000013996c8b850 JavaThread "C2 CompilerThread1"         daemon [_thread_in_native, id=29052, stack(0x00000009f6c00000,0x00000009f6d00000) (1024K)]
Total: 62

Other Threads:
  0x000001398e1e4980 VMThread "VM Thread"                           [id=10288, stack(0x00000009f6100000,0x00000009f6200000) (1024K)]
  0x000001398e0dca00 WatcherThread "VM Periodic Task Thread"        [id=27884, stack(0x00000009f6000000,0x00000009f6100000) (1024K)]
  0x0000013938dc9080 WorkerThread "GC Thread#0"                     [id=28956, stack(0x00000009f5f00000,0x00000009f6000000) (1024K)]
  0x000001399615e350 WorkerThread "GC Thread#1"                     [id=22288, stack(0x00000009f7100000,0x00000009f7200000) (1024K)]
  0x00000139960e07f0 WorkerThread "GC Thread#2"                     [id=9728, stack(0x00000009f7200000,0x00000009f7300000) (1024K)]
  0x00000139961a91d0 WorkerThread "GC Thread#3"                     [id=24120, stack(0x00000009f7300000,0x00000009f7400000) (1024K)]
  0x00000139961a9570 WorkerThread "GC Thread#4"                     [id=20764, stack(0x00000009f7400000,0x00000009f7500000) (1024K)]
  0x00000139961a9910 WorkerThread "GC Thread#5"                     [id=25476, stack(0x00000009f7500000,0x00000009f7600000) (1024K)]
  0x00000139960140a0 WorkerThread "GC Thread#6"                     [id=30240, stack(0x00000009f7600000,0x00000009f7700000) (1024K)]
  0x000001399640e430 WorkerThread "GC Thread#7"                     [id=5380, stack(0x00000009f7a00000,0x00000009f7b00000) (1024K)]
  0x000001399640e090 WorkerThread "GC Thread#8"                     [id=6812, stack(0x00000009f7f00000,0x00000009f8000000) (1024K)]
  0x000001399640ef10 WorkerThread "GC Thread#9"                     [id=4068, stack(0x00000009f8000000,0x00000009f8100000) (1024K)]
  0x000001399640e7d0 WorkerThread "GC Thread#10"                    [id=27396, stack(0x00000009f8100000,0x00000009f8200000) (1024K)]
  0x000001399640f9f0 WorkerThread "GC Thread#11"                    [id=17224, stack(0x00000009f8400000,0x00000009f8500000) (1024K)]
  0x00000139968d7b10 WorkerThread "GC Thread#12"                    [id=22600, stack(0x00000009f8500000,0x00000009f8600000) (1024K)]
  0x00000139968d4850 WorkerThread "GC Thread#13"                    [id=15616, stack(0x00000009f8700000,0x00000009f8800000) (1024K)]
  0x00000139968d4bf0 WorkerThread "GC Thread#14"                    [id=20120, stack(0x00000009f8800000,0x00000009f8900000) (1024K)]
Total: 17

Threads with active compile tasks:
C2 CompilerThread0  14874 9148       4       jdk.internal.jimage.BasicImageReader::verifyLocation (39 bytes)
C2 CompilerThread1  14874 9147       4       jdk.internal.module.SystemModuleFinders$SystemModuleReader::find (59 bytes)
Total: 2

VM state: at safepoint (normal execution)

VM Mutex/Monitor currently owned by a thread:  ([mutex/lock_event])
[0x00007fff4876e380] Threads_lock - owner thread: 0x000001398e1e4980
[0x00007fff4876e480] Heap_lock - owner thread: 0x000001399692e280

Heap address: 0x00000000c0000000, size: 1024 MB, Compressed Oops mode: 32-bit

CDS archive(s) mapped at: [0x000001394d000000-0x000001394dba0000-0x000001394dba0000), size 12189696, SharedBaseAddress: 0x000001394d000000, ArchiveRelocationMode: 1.
Compressed class space mapped at: 0x000001394e000000-0x000001398e000000, reserved size: 1073741824
Narrow klass base: 0x000001394d000000, Narrow klass shift: 0, Narrow klass range: 0x100000000

GC Precious Log:
 CardTable entry size: 512
 CPUs: 20 total, 20 available
 Memory: 16004M
 Large Page Support: Disabled
 NUMA Support: Disabled
 Compressed Oops: Enabled (32-bit)
 Alignments: Space 512K, Generation 512K, Heap 2M
 Heap Min Capacity: 100M
 Heap Initial Capacity: 100M
 Heap Max Capacity: 1G
 Pre-touch: Disabled
 Parallel Workers: 15

Heap:
 PSYoungGen      total 14336K, used 13541K [0x00000000eab00000, 0x00000000ebd00000, 0x0000000100000000)
  eden space 11264K, 100% used [0x00000000eab00000,0x00000000eb600000,0x00000000eb600000)
  from space 3072K, 74% used [0x00000000eb600000,0x00000000eb8396f8,0x00000000eb900000)
  to   space 2560K, 83% used [0x00000000eba80000,0x00000000ebc95310,0x00000000ebd00000)
 ParOldGen       total 376832K, used 376742K [0x00000000c0000000, 0x00000000d7000000, 0x00000000eab00000)
  object space 376832K, 99% used [0x00000000c0000000,0x00000000d6fe9aa8,0x00000000d7000000)
 Metaspace       used 63367K, committed 64768K, reserved 1114112K
  class space    used 7669K, committed 8320K, reserved 1048576K

Card table byte_map: [0x0000013938750000,0x0000013938960000] _byte_map_base: 0x0000013938150000

Marking Bits: (ParMarkBitMap*) 0x00007fff48773260
 Begin Bits: [0x000001394afa0000, 0x000001394bfa0000)
 End Bits:   [0x000001394bfa0000, 0x000001394cfa0000)

Polling page: 0x0000013936860000

Metaspace:

Usage:
  Non-class:     54.39 MB used.
      Class:      7.49 MB used.
       Both:     61.88 MB used.

Virtual space:
  Non-class space:       64.00 MB reserved,      55.12 MB ( 86%) committed,  1 nodes.
      Class space:        1.00 GB reserved,       8.12 MB ( <1%) committed,  1 nodes.
             Both:        1.06 GB reserved,      63.25 MB (  6%) committed. 

Chunk freelists:
   Non-Class:  8.83 MB
       Class:  7.80 MB
        Both:  16.62 MB

MaxMetaspaceSize: unlimited
CompressedClassSpaceSize: 1.00 GB
Initial GC threshold: 21.00 MB
Current GC threshold: 98.12 MB
CDS: on
 - commit_granule_bytes: 65536.
 - commit_granule_words: 8192.
 - virtual_space_node_default_size: 8388608.
 - enlarge_chunks_in_place: 1.
 - use_allocation_guard: 0.


Internal statistics:

num_allocs_failed_limit: 15.
num_arena_births: 1102.
num_arena_deaths: 14.
num_vsnodes_births: 2.
num_vsnodes_deaths: 0.
num_space_committed: 1012.
num_space_uncommitted: 0.
num_chunks_returned_to_freelist: 29.
num_chunks_taken_from_freelist: 4028.
num_chunk_merges: 21.
num_chunk_splits: 2501.
num_chunks_enlarged: 1422.
num_inconsistent_stats: 0.

CodeHeap 'non-profiled nmethods': size=119168Kb used=7637Kb max_used=7637Kb free=111530Kb
 bounds [0x0000013943b40000, 0x00000139442c0000, 0x000001394afa0000]
CodeHeap 'profiled nmethods': size=119104Kb used=17382Kb max_used=17382Kb free=101721Kb
 bounds [0x000001393bfa0000, 0x000001393d0a0000, 0x00000139433f0000]
CodeHeap 'non-nmethods': size=7488Kb used=2523Kb max_used=3192Kb free=4965Kb
 bounds [0x00000139433f0000, 0x0000013943720000, 0x0000013943b40000]
 total_blobs=9040 nmethods=8336 adapters=608
 compilation: enabled
              stopped_count=0, restarted_count=0
 full_count=0

Compilation events (20 events):
Event: 8.813 Thread 0x000001398f7da410 9176       3       org.eclipse.jdt.ls.core.internal.handlers.InitHandler$1::belongsTo (75 bytes)
Event: 8.814 Thread 0x000001398f7da410 nmethod 9176 0x000001393d08c010 code [0x000001393d08c280, 0x000001393d08cca8]
Event: 8.814 Thread 0x000001398fa18530 nmethod 9169% 0x000001393d08cf10 code [0x000001393d08d360, 0x000001393d08fa48]
Event: 8.815 Thread 0x000001398f7da410 9177       3       org.eclipse.jdt.internal.compiler.util.HashtableOfObject::get (56 bytes)
Event: 8.815 Thread 0x000001398f71ac40 nmethod 9172% 0x000001393d090d10 code [0x000001393d0911e0, 0x000001393d093db8]
Event: 8.815 Thread 0x000001398f7da410 nmethod 9177 0x000001393d095010 code [0x000001393d095200, 0x000001393d095630]
Event: 8.815 Thread 0x000001398f71ac40 9179       3       org.eclipse.jdt.internal.compiler.util.HashtableOfObject::putUnsafely (78 bytes)
Event: 8.815 Thread 0x000001398f71ac40 nmethod 9179 0x000001393d095890 code [0x000001393d095a80, 0x000001393d096098]
Event: 8.815 Thread 0x000001398f71ac40 9180       3       org.eclipse.jdt.internal.compiler.util.HashtableOfObject::rehash (84 bytes)
Event: 8.815 Thread 0x000001398f71ac40 nmethod 9180 0x000001393d096310 code [0x000001393d096500, 0x000001393d0968c8]
Event: 8.816 Thread 0x000001398f7da410 9181       3       org.eclipse.jdt.internal.compiler.util.HashtableOfObject::put (101 bytes)
Event: 8.816 Thread 0x000001398f71ac40 9182       3       org.eclipse.jdt.internal.core.index.DiskIndex$IntList::add (67 bytes)
Event: 8.816 Thread 0x000001398f71ac40 nmethod 9182 0x000001393d096b10 code [0x000001393d096cc0, 0x000001393d096ff0]
Event: 8.816 Thread 0x000001398f7da410 nmethod 9181 0x000001393d097190 code [0x000001393d0973c0, 0x000001393d097c58]
Event: 8.817 Thread 0x000001398f71ac40 9183       3       org.eclipse.jdt.internal.core.index.DiskIndex$IntList::<init> (16 bytes)
Event: 8.817 Thread 0x0000013938e6e900 nmethod 9139% 0x00000139442b2a90 code [0x00000139442b2d20, 0x00000139442b4c28]
Event: 8.817 Thread 0x000001398f71ac40 nmethod 9183 0x000001393d098010 code [0x000001393d0981c0, 0x000001393d098350]
Event: 8.817 Thread 0x0000013938e6e900 9148       4       jdk.internal.jimage.BasicImageReader::verifyLocation (39 bytes)
Event: 8.818 Thread 0x000001398fa18530 9186       3       org.eclipse.jdt.internal.core.index.DiskIndex::copyQueryResults (221 bytes)
Event: 8.819 Thread 0x000001398fa18530 nmethod 9186 0x000001393d098410 code [0x000001393d0986c0, 0x000001393d0994e8]

GC Heap History (20 events):
Event: 5.721 GC heap after
{Heap after GC invocations=405 (full 3):
 PSYoungGen      total 9728K, used 1517K [0x00000000eab00000, 0x00000000eb680000, 0x0000000100000000)
  eden space 7680K, 0% used [0x00000000eab00000,0x00000000eab00000,0x00000000eb280000)
  from space 2048K, 74% used [0x00000000eb480000,0x00000000eb5fb7c8,0x00000000eb680000)
  to   space 2048K, 0% used [0x00000000eb280000,0x00000000eb280000,0x00000000eb480000)
 ParOldGen       total 352768K, used 352430K [0x00000000c0000000, 0x00000000d5880000, 0x00000000eab00000)
  object space 352768K, 99% used [0x00000000c0000000,0x00000000d582b940,0x00000000d5880000)
 Metaspace       used 63264K, committed 64640K, reserved 1114112K
  class space    used 7646K, committed 8256K, reserved 1048576K
}
Event: 5.724 GC heap before
{Heap before GC invocations=406 (full 3):
 PSYoungGen      total 9728K, used 9197K [0x00000000eab00000, 0x00000000eb680000, 0x0000000100000000)
  eden space 7680K, 100% used [0x00000000eab00000,0x00000000eb280000,0x00000000eb280000)
  from space 2048K, 74% used [0x00000000eb480000,0x00000000eb5fb7c8,0x00000000eb680000)
  to   space 2048K, 0% used [0x00000000eb280000,0x00000000eb280000,0x00000000eb480000)
 ParOldGen       total 352768K, used 352456K [0x00000000c0000000, 0x00000000d5880000, 0x00000000eab00000)
  object space 352768K, 99% used [0x00000000c0000000,0x00000000d5832258,0x00000000d5880000)
 Metaspace       used 63264K, committed 64640K, reserved 1114112K
  class space    used 7646K, committed 8256K, reserved 1048576K
}
Event: 5.725 GC heap after
{Heap after GC invocations=406 (full 3):
 PSYoungGen      total 9728K, used 2033K [0x00000000eab00000, 0x00000000ebc00000, 0x0000000100000000)
  eden space 7680K, 0% used [0x00000000eab00000,0x00000000eab00000,0x00000000eb280000)
  from space 2048K, 99% used [0x00000000eb280000,0x00000000eb47c4f0,0x00000000eb480000)
  to   space 4096K, 0% used [0x00000000eb800000,0x00000000eb800000,0x00000000ebc00000)
 ParOldGen       total 354304K, used 353797K [0x00000000c0000000, 0x00000000d5a00000, 0x00000000eab00000)
  object space 354304K, 99% used [0x00000000c0000000,0x00000000d5981408,0x00000000d5a00000)
 Metaspace       used 63264K, committed 64640K, reserved 1114112K
  class space    used 7646K, committed 8256K, reserved 1048576K
}
Event: 5.728 GC heap before
{Heap before GC invocations=407 (full 3):
 PSYoungGen      total 9728K, used 9703K [0x00000000eab00000, 0x00000000ebc00000, 0x0000000100000000)
  eden space 7680K, 99% used [0x00000000eab00000,0x00000000eb27da28,0x00000000eb280000)
  from space 2048K, 99% used [0x00000000eb280000,0x00000000eb47c4f0,0x00000000eb480000)
  to   space 4096K, 0% used [0x00000000eb800000,0x00000000eb800000,0x00000000ebc00000)
 ParOldGen       total 354304K, used 353906K [0x00000000c0000000, 0x00000000d5a00000, 0x00000000eab00000)
  object space 354304K, 99% used [0x00000000c0000000,0x00000000d599cb40,0x00000000d5a00000)
 Metaspace       used 63264K, committed 64640K, reserved 1114112K
  class space    used 7646K, committed 8256K, reserved 1048576K
}
Event: 5.730 GC heap after
{Heap after GC invocations=407 (full 3):
 PSYoungGen      total 11776K, used 2377K [0x00000000eab00000, 0x00000000eba80000, 0x0000000100000000)
  eden space 9216K, 0% used [0x00000000eab00000,0x00000000eab00000,0x00000000eb400000)
  from space 2560K, 92% used [0x00000000eb800000,0x00000000eba52470,0x00000000eba80000)
  to   space 3072K, 0% used [0x00000000eb480000,0x00000000eb480000,0x00000000eb780000)
 ParOldGen       total 355840K, used 355717K [0x00000000c0000000, 0x00000000d5b80000, 0x00000000eab00000)
  object space 355840K, 99% used [0x00000000c0000000,0x00000000d5b61588,0x00000000d5b80000)
 Metaspace       used 63264K, committed 64640K, reserved 1114112K
  class space    used 7646K, committed 8256K, reserved 1048576K
}
Event: 5.733 GC heap before
{Heap before GC invocations=408 (full 3):
 PSYoungGen      total 11776K, used 11593K [0x00000000eab00000, 0x00000000eba80000, 0x0000000100000000)
  eden space 9216K, 100% used [0x00000000eab00000,0x00000000eb400000,0x00000000eb400000)
  from space 2560K, 92% used [0x00000000eb800000,0x00000000eba52470,0x00000000eba80000)
  to   space 3072K, 0% used [0x00000000eb480000,0x00000000eb480000,0x00000000eb780000)
 ParOldGen       total 355840K, used 355829K [0x00000000c0000000, 0x00000000d5b80000, 0x00000000eab00000)
  object space 355840K, 99% used [0x00000000c0000000,0x00000000d5b7d5f0,0x00000000d5b80000)
 Metaspace       used 63264K, committed 64640K, reserved 1114112K
  class space    used 7646K, committed 8256K, reserved 1048576K
}
Event: 6.753 GC heap after
{Heap after GC invocations=408 (full 3):
 PSYoungGen      total 12288K, used 3042K [0x00000000eab00000, 0x00000000eba80000, 0x0000000100000000)
  eden space 9216K, 0% used [0x00000000eab00000,0x00000000eab00000,0x00000000eb400000)
  from space 3072K, 99% used [0x00000000eb480000,0x00000000eb778840,0x00000000eb780000)
  to   space 2560K, 0% used [0x00000000eb800000,0x00000000eb800000,0x00000000eba80000)
 ParOldGen       total 358400K, used 357976K [0x00000000c0000000, 0x00000000d5e00000, 0x00000000eab00000)
  object space 358400K, 99% used [0x00000000c0000000,0x00000000d5d961c0,0x00000000d5e00000)
 Metaspace       used 63264K, committed 64640K, reserved 1114112K
  class space    used 7646K, committed 8256K, reserved 1048576K
}
Event: 6.757 GC heap before
{Heap before GC invocations=409 (full 3):
 PSYoungGen      total 12288K, used 12258K [0x00000000eab00000, 0x00000000eba80000, 0x0000000100000000)
  eden space 9216K, 100% used [0x00000000eab00000,0x00000000eb400000,0x00000000eb400000)
  from space 3072K, 99% used [0x00000000eb480000,0x00000000eb778840,0x00000000eb780000)
  to   space 2560K, 0% used [0x00000000eb800000,0x00000000eb800000,0x00000000eba80000)
 ParOldGen       total 358400K, used 357976K [0x00000000c0000000, 0x00000000d5e00000, 0x00000000eab00000)
  object space 358400K, 99% used [0x00000000c0000000,0x00000000d5d961c0,0x00000000d5e00000)
 Metaspace       used 63265K, committed 64640K, reserved 1114112K
  class space    used 7646K, committed 8256K, reserved 1048576K
}
Event: 7.759 GC heap after
{Heap after GC invocations=409 (full 3):
 PSYoungGen      total 9216K, used 2549K [0x00000000eab00000, 0x00000000ec300000, 0x0000000100000000)
  eden space 6656K, 0% used [0x00000000eab00000,0x00000000eab00000,0x00000000eb180000)
  from space 2560K, 99% used [0x00000000eb800000,0x00000000eba7d460,0x00000000eba80000)
  to   space 6656K, 0% used [0x00000000eb180000,0x00000000eb180000,0x00000000eb800000)
 ParOldGen       total 361984K, used 361763K [0x00000000c0000000, 0x00000000d6180000, 0x00000000eab00000)
  object space 361984K, 99% used [0x00000000c0000000,0x00000000d6148ef8,0x00000000d6180000)
 Metaspace       used 63265K, committed 64640K, reserved 1114112K
  class space    used 7646K, committed 8256K, reserved 1048576K
}
Event: 7.762 GC heap before
{Heap before GC invocations=410 (full 3):
 PSYoungGen      total 9216K, used 9139K [0x00000000eab00000, 0x00000000ec300000, 0x0000000100000000)
  eden space 6656K, 99% used [0x00000000eab00000,0x00000000eb16fb80,0x00000000eb180000)
  from space 2560K, 99% used [0x00000000eb800000,0x00000000eba7d460,0x00000000eba80000)
  to   space 6656K, 0% used [0x00000000eb180000,0x00000000eb180000,0x00000000eb800000)
 ParOldGen       total 361984K, used 361763K [0x00000000c0000000, 0x00000000d6180000, 0x00000000eab00000)
  object space 361984K, 99% used [0x00000000c0000000,0x00000000d6148ef8,0x00000000d6180000)
 Metaspace       used 63267K, committed 64640K, reserved 1114112K
  class space    used 7646K, committed 8256K, reserved 1048576K
}
Event: 7.764 GC heap after
{Heap after GC invocations=410 (full 3):
 PSYoungGen      total 9728K, used 2796K [0x00000000eab00000, 0x00000000ebc00000, 0x0000000100000000)
  eden space 6656K, 0% used [0x00000000eab00000,0x00000000eab00000,0x00000000eb180000)
  from space 3072K, 91% used [0x00000000eb180000,0x00000000eb43b188,0x00000000eb480000)
  to   space 4608K, 0% used [0x00000000eb780000,0x00000000eb780000,0x00000000ebc00000)
 ParOldGen       total 364544K, used 364178K [0x00000000c0000000, 0x00000000d6400000, 0x00000000eab00000)
  object space 364544K, 99% used [0x00000000c0000000,0x00000000d63a4948,0x00000000d6400000)
 Metaspace       used 63267K, committed 64640K, reserved 1114112K
  class space    used 7646K, committed 8256K, reserved 1048576K
}
Event: 7.766 GC heap before
{Heap before GC invocations=411 (full 3):
 PSYoungGen      total 9728K, used 9452K [0x00000000eab00000, 0x00000000ebc00000, 0x0000000100000000)
  eden space 6656K, 100% used [0x00000000eab00000,0x00000000eb180000,0x00000000eb180000)
  from space 3072K, 91% used [0x00000000eb180000,0x00000000eb43b188,0x00000000eb480000)
  to   space 4608K, 0% used [0x00000000eb780000,0x00000000eb780000,0x00000000ebc00000)
 ParOldGen       total 364544K, used 364178K [0x00000000c0000000, 0x00000000d6400000, 0x00000000eab00000)
  object space 364544K, 99% used [0x00000000c0000000,0x00000000d63a4948,0x00000000d6400000)
 Metaspace       used 63267K, committed 64640K, reserved 1114112K
  class space    used 7646K, committed 8256K, reserved 1048576K
}
Event: 7.767 GC heap after
{Heap after GC invocations=411 (full 3):
 PSYoungGen      total 11264K, used 2897K [0x00000000eab00000, 0x00000000eba80000, 0x0000000100000000)
  eden space 8192K, 0% used [0x00000000eab00000,0x00000000eab00000,0x00000000eb300000)
  from space 3072K, 94% used [0x00000000eb780000,0x00000000eba54718,0x00000000eba80000)
  to   space 3584K, 0% used [0x00000000eb380000,0x00000000eb380000,0x00000000eb700000)
 ParOldGen       total 367104K, used 366656K [0x00000000c0000000, 0x00000000d6680000, 0x00000000eab00000)
  object space 367104K, 99% used [0x00000000c0000000,0x00000000d66100e8,0x00000000d6680000)
 Metaspace       used 63267K, committed 64640K, reserved 1114112K
  class space    used 7646K, committed 8256K, reserved 1048576K
}
Event: 7.770 GC heap before
{Heap before GC invocations=412 (full 3):
 PSYoungGen      total 11264K, used 11082K [0x00000000eab00000, 0x00000000eba80000, 0x0000000100000000)
  eden space 8192K, 99% used [0x00000000eab00000,0x00000000eb2fe438,0x00000000eb300000)
  from space 3072K, 94% used [0x00000000eb780000,0x00000000eba54718,0x00000000eba80000)
  to   space 3584K, 0% used [0x00000000eb380000,0x00000000eb380000,0x00000000eb700000)
 ParOldGen       total 367104K, used 366656K [0x00000000c0000000, 0x00000000d6680000, 0x00000000eab00000)
  object space 367104K, 99% used [0x00000000c0000000,0x00000000d66100e8,0x00000000d6680000)
 Metaspace       used 63267K, committed 64640K, reserved 1114112K
  class space    used 7646K, committed 8256K, reserved 1048576K
}
Event: 7.772 GC heap after
{Heap after GC invocations=412 (full 3):
 PSYoungGen      total 12288K, used 3475K [0x00000000eab00000, 0x00000000ebd00000, 0x0000000100000000)
  eden space 8704K, 0% used [0x00000000eab00000,0x00000000eab00000,0x00000000eb380000)
  from space 3584K, 96% used [0x00000000eb380000,0x00000000eb6e4e60,0x00000000eb700000)
  to   space 4096K, 0% used [0x00000000eb900000,0x00000000eb900000,0x00000000ebd00000)
 ParOldGen       total 369664K, used 369250K [0x00000000c0000000, 0x00000000d6900000, 0x00000000eab00000)
  object space 369664K, 99% used [0x00000000c0000000,0x00000000d6898b20,0x00000000d6900000)
 Metaspace       used 63267K, committed 64640K, reserved 1114112K
  class space    used 7646K, committed 8256K, reserved 1048576K
}
Event: 7.776 GC heap before
{Heap before GC invocations=413 (full 3):
 PSYoungGen      total 12288K, used 12179K [0x00000000eab00000, 0x00000000ebd00000, 0x0000000100000000)
  eden space 8704K, 100% used [0x00000000eab00000,0x00000000eb380000,0x00000000eb380000)
  from space 3584K, 96% used [0x00000000eb380000,0x00000000eb6e4e60,0x00000000eb700000)
  to   space 4096K, 0% used [0x00000000eb900000,0x00000000eb900000,0x00000000ebd00000)
 ParOldGen       total 369664K, used 369250K [0x00000000c0000000, 0x00000000d6900000, 0x00000000eab00000)
  object space 369664K, 99% used [0x00000000c0000000,0x00000000d6898b20,0x00000000d6900000)
 Metaspace       used 63267K, committed 64640K, reserved 1114112K
  class space    used 7646K, committed 8256K, reserved 1048576K
}
Event: 7.778 GC heap after
{Heap after GC invocations=413 (full 3):
 PSYoungGen      total 13824K, used 2644K [0x00000000eab00000, 0x00000000ebc00000, 0x0000000100000000)
  eden space 10752K, 0% used [0x00000000eab00000,0x00000000eab00000,0x00000000eb580000)
  from space 3072K, 86% used [0x00000000eb900000,0x00000000ebb952c8,0x00000000ebc00000)
  to   space 3072K, 0% used [0x00000000eb600000,0x00000000eb600000,0x00000000eb900000)
 ParOldGen       total 372736K, used 372410K [0x00000000c0000000, 0x00000000d6c00000, 0x00000000eab00000)
  object space 372736K, 99% used [0x00000000c0000000,0x00000000d6bae9b8,0x00000000d6c00000)
 Metaspace       used 63267K, committed 64640K, reserved 1114112K
  class space    used 7646K, committed 8256K, reserved 1048576K
}
Event: 7.787 GC heap before
{Heap before GC invocations=414 (full 3):
 PSYoungGen      total 13824K, used 13396K [0x00000000eab00000, 0x00000000ebc00000, 0x0000000100000000)
  eden space 10752K, 100% used [0x00000000eab00000,0x00000000eb580000,0x00000000eb580000)
  from space 3072K, 86% used [0x00000000eb900000,0x00000000ebb952c8,0x00000000ebc00000)
  to   space 3072K, 0% used [0x00000000eb600000,0x00000000eb600000,0x00000000eb900000)
 ParOldGen       total 372736K, used 372410K [0x00000000c0000000, 0x00000000d6c00000, 0x00000000eab00000)
  object space 372736K, 99% used [0x00000000c0000000,0x00000000d6bae9b8,0x00000000d6c00000)
 Metaspace       used 63267K, committed 64640K, reserved 1114112K
  class space    used 7646K, committed 8256K, reserved 1048576K
}
Event: 7.789 GC heap after
{Heap after GC invocations=414 (full 3):
 PSYoungGen      total 14336K, used 2277K [0x00000000eab00000, 0x00000000ebd00000, 0x0000000100000000)
  eden space 11264K, 0% used [0x00000000eab00000,0x00000000eab00000,0x00000000eb600000)
  from space 3072K, 74% used [0x00000000eb600000,0x00000000eb8396f8,0x00000000eb900000)
  to   space 2560K, 0% used [0x00000000eba80000,0x00000000eba80000,0x00000000ebd00000)
 ParOldGen       total 375296K, used 374867K [0x00000000c0000000, 0x00000000d6e80000, 0x00000000eab00000)
  object space 375296K, 99% used [0x00000000c0000000,0x00000000d6e14df8,0x00000000d6e80000)
 Metaspace       used 63267K, committed 64640K, reserved 1114112K
  class space    used 7646K, committed 8256K, reserved 1048576K
}
Event: 8.822 GC heap before
{Heap before GC invocations=415 (full 3):
 PSYoungGen      total 14336K, used 13541K [0x00000000eab00000, 0x00000000ebd00000, 0x0000000100000000)
  eden space 11264K, 100% used [0x00000000eab00000,0x00000000eb600000,0x00000000eb600000)
  from space 3072K, 74% used [0x00000000eb600000,0x00000000eb8396f8,0x00000000eb900000)
  to   space 2560K, 0% used [0x00000000eba80000,0x00000000eba80000,0x00000000ebd00000)
 ParOldGen       total 375296K, used 374867K [0x00000000c0000000, 0x00000000d6e80000, 0x00000000eab00000)
  object space 375296K, 99% used [0x00000000c0000000,0x00000000d6e14df8,0x00000000d6e80000)
 Metaspace       used 63367K, committed 64768K, reserved 1114112K
  class space    used 7669K, committed 8320K, reserved 1048576K
}

Dll operation events (13 events):
Event: 0.006 Loaded shared library c:\Users\DIGI ROUTE\.vscode\extensions\redhat.java-1.41.1-win32-x64\jre\21.0.6-win32-x86_64\bin\java.dll
Event: 0.039 Loaded shared library c:\Users\DIGI ROUTE\.vscode\extensions\redhat.java-1.41.1-win32-x64\jre\21.0.6-win32-x86_64\bin\zip.dll
Event: 0.049 Loaded shared library C:\Users\DIGI ROUTE\.vscode\extensions\redhat.java-1.41.1-win32-x64\jre\21.0.6-win32-x86_64\bin\instrument.dll
Event: 0.052 Loaded shared library C:\Users\DIGI ROUTE\.vscode\extensions\redhat.java-1.41.1-win32-x64\jre\21.0.6-win32-x86_64\bin\net.dll
Event: 0.053 Loaded shared library C:\Users\DIGI ROUTE\.vscode\extensions\redhat.java-1.41.1-win32-x64\jre\21.0.6-win32-x86_64\bin\nio.dll
Event: 0.055 Loaded shared library C:\Users\DIGI ROUTE\.vscode\extensions\redhat.java-1.41.1-win32-x64\jre\21.0.6-win32-x86_64\bin\zip.dll
Event: 0.063 Loaded shared library C:\Users\DIGI ROUTE\.vscode\extensions\redhat.java-1.41.1-win32-x64\jre\21.0.6-win32-x86_64\bin\jimage.dll
Event: 0.099 Loaded shared library c:\Users\DIGI ROUTE\.vscode\extensions\redhat.java-1.41.1-win32-x64\jre\21.0.6-win32-x86_64\bin\verify.dll
Event: 0.645 Loaded shared library C:\Users\DIGI ROUTE\AppData\Roaming\Code\User\globalStorage\redhat.java\1.41.1\config_win\org.eclipse.equinox.launcher\org.eclipse.equinox.launcher.win32.win32.x86_64_1.2.1300.v20250331-1702\eclipse_11911.dll
Event: 1.379 Loaded shared library C:\Users\DIGI ROUTE\AppData\Local\Temp\jna-1264834800\jna17033141447035013269.dll
Event: 2.693 Loaded shared library C:\Users\DIGI ROUTE\.gradle\native\c067742578af261105cb4f569cf0c3c89f3d7b1fecec35dd04571415982c5e48\windows-amd64\native-platform.dll
Event: 3.567 Loaded shared library C:\Users\DIGI ROUTE\.vscode\extensions\redhat.java-1.41.1-win32-x64\jre\21.0.6-win32-x86_64\bin\management.dll
Event: 3.571 Loaded shared library C:\Users\DIGI ROUTE\.vscode\extensions\redhat.java-1.41.1-win32-x64\jre\21.0.6-win32-x86_64\bin\management_ext.dll

Deoptimization events (20 events):
Event: 7.801 Thread 0x000001399b6013c0 Uncommon trap: trap_request=0xffffff45 fr.pc=0x000001394421cedc relative=0x00000000000019fc
Event: 7.801 Thread 0x000001399b6013c0 Uncommon trap: reason=unstable_if action=reinterpret pc=0x000001394421cedc method=org.gradle.internal.daemon.client.serialization.ClasspathInferer.find(Ljava/lang/Class;Ljava/util/Collection;Ljava/util/Collection;)V @ 73 c2
Event: 7.801 Thread 0x000001399b6013c0 DEOPT PACKING pc=0x000001394421cedc sp=0x00000009fb3fdba0
Event: 7.801 Thread 0x000001399b6013c0 DEOPT UNPACKING pc=0x0000013943443aa2 sp=0x00000009fb3fdb70 mode 2
Event: 7.900 Thread 0x000001399692e280 Uncommon trap: trap_request=0xffffff45 fr.pc=0x0000013943f8c370 relative=0x00000000000003f0
Event: 8.811 Thread 0x000001399692e280 Uncommon trap: reason=unstable_if action=reinterpret pc=0x0000013943f8c370 method=org.eclipse.jdt.internal.compiler.util.HashtableOfObject.putUnsafely([CLjava/lang/Object;)V @ 70 c2
Event: 8.812 Thread 0x000001399692e280 DEOPT PACKING pc=0x0000013943f8c370 sp=0x00000009f8cfee70
Event: 8.812 Thread 0x000001399692e280 DEOPT UNPACKING pc=0x0000013943443aa2 sp=0x00000009f8cfee18 mode 2
Event: 8.812 Thread 0x000001399692e280 Uncommon trap: trap_request=0xffffff45 fr.pc=0x0000013943f618f8 relative=0x0000000000000518
Event: 8.812 Thread 0x000001399692e280 Uncommon trap: reason=unstable_if action=reinterpret pc=0x0000013943f618f8 method=org.eclipse.jdt.internal.compiler.util.HashtableOfObject.get([C)Ljava/lang/Object; @ 37 c2
Event: 8.812 Thread 0x000001399692e280 DEOPT PACKING pc=0x0000013943f618f8 sp=0x00000009f8cfee80
Event: 8.812 Thread 0x000001399692e280 DEOPT UNPACKING pc=0x0000013943443aa2 sp=0x00000009f8cfee10 mode 2
Event: 8.815 Thread 0x000001399692e280 Uncommon trap: trap_request=0xffffff45 fr.pc=0x0000013943f8ebfc relative=0x00000000000005fc
Event: 8.815 Thread 0x000001399692e280 Uncommon trap: reason=unstable_if action=reinterpret pc=0x0000013943f8ebfc method=org.eclipse.jdt.internal.compiler.util.HashtableOfObject.put([CLjava/lang/Object;)Ljava/lang/Object; @ 23 c2
Event: 8.815 Thread 0x000001399692e280 DEOPT PACKING pc=0x0000013943f8ebfc sp=0x00000009f8cfee70
Event: 8.815 Thread 0x000001399692e280 DEOPT UNPACKING pc=0x0000013943443aa2 sp=0x00000009f8cfee18 mode 2
Event: 8.815 Thread 0x000001399692e280 Uncommon trap: trap_request=0xffffff45 fr.pc=0x0000013943fc073c relative=0x000000000000087c
Event: 8.815 Thread 0x000001399692e280 Uncommon trap: reason=unstable_if action=reinterpret pc=0x0000013943fc073c method=org.eclipse.jdt.internal.compiler.util.HashtableOfObject.putUnsafely([CLjava/lang/Object;)V @ 23 c2
Event: 8.815 Thread 0x000001399692e280 DEOPT PACKING pc=0x0000013943fc073c sp=0x00000009f8cfedf0
Event: 8.815 Thread 0x000001399692e280 DEOPT UNPACKING pc=0x0000013943443aa2 sp=0x00000009f8cfed18 mode 2

Classes loaded (20 events):
Event: 4.804 Loading class java/util/PrimitiveIterator done
Event: 4.804 Loading class java/util/PrimitiveIterator$OfDouble done
Event: 4.807 Loading class java/util/PrimitiveIterator$OfLong
Event: 4.807 Loading class java/util/PrimitiveIterator$OfLong done
Event: 4.807 Loading class java/util/PrimitiveIterator$OfInt
Event: 4.807 Loading class java/util/PrimitiveIterator$OfInt done
Event: 4.808 Loading class java/util/stream/LongStream
Event: 4.808 Loading class java/util/stream/LongStream done
Event: 4.808 Loading class java/util/stream/DoubleStream
Event: 4.809 Loading class java/util/stream/DoubleStream done
Event: 4.891 Loading class java/util/concurrent/atomic/AtomicIntegerFieldUpdater
Event: 4.891 Loading class java/util/concurrent/atomic/AtomicIntegerFieldUpdater done
Event: 4.910 Loading class java/util/concurrent/LinkedBlockingDeque
Event: 4.911 Loading class java/util/concurrent/BlockingDeque
Event: 4.911 Loading class java/util/concurrent/BlockingDeque done
Event: 4.911 Loading class java/util/concurrent/LinkedBlockingDeque done
Event: 4.911 Loading class java/util/concurrent/PriorityBlockingQueue
Event: 4.911 Loading class java/util/concurrent/PriorityBlockingQueue done
Event: 5.062 Loading class java/io/ObjectStreamClass$ExceptionInfo
Event: 5.062 Loading class java/io/ObjectStreamClass$ExceptionInfo done

Classes unloaded (7 events):
Event: 1.696 Thread 0x000001398e1e4980 Unloading class 0x000001394e19e400 'java/lang/invoke/LambdaForm$MH+0x000001394e19e400'
Event: 1.696 Thread 0x000001398e1e4980 Unloading class 0x000001394e19e000 'java/lang/invoke/LambdaForm$MH+0x000001394e19e000'
Event: 1.696 Thread 0x000001398e1e4980 Unloading class 0x000001394e19dc00 'java/lang/invoke/LambdaForm$MH+0x000001394e19dc00'
Event: 1.696 Thread 0x000001398e1e4980 Unloading class 0x000001394e19d800 'java/lang/invoke/LambdaForm$MH+0x000001394e19d800'
Event: 1.696 Thread 0x000001398e1e4980 Unloading class 0x000001394e19d400 'java/lang/invoke/LambdaForm$BMH+0x000001394e19d400'
Event: 1.696 Thread 0x000001398e1e4980 Unloading class 0x000001394e19d000 'java/lang/invoke/LambdaForm$DMH+0x000001394e19d000'
Event: 1.696 Thread 0x000001398e1e4980 Unloading class 0x000001394e19bc00 'java/lang/invoke/LambdaForm$DMH+0x000001394e19bc00'

Classes redefined (0 events):
No events

Internal exceptions (20 events):
Event: 3.680 Thread 0x000001399a0b4df0 Exception <a 'sun/nio/fs/WindowsException'{0x00000000eb3ff578}> (0x00000000eb3ff578) 
thrown [s\src\hotspot\share\prims\jni.cpp, line 520]
Event: 3.680 Thread 0x000001399a0b4df0 Exception <a 'sun/nio/fs/WindowsException'{0x00000000eb3ffe70}> (0x00000000eb3ffe70) 
thrown [s\src\hotspot\share\prims\jni.cpp, line 520]
Event: 3.680 Thread 0x000001399a0b4df0 Exception <a 'sun/nio/fs/WindowsException'{0x00000000eb4004b8}> (0x00000000eb4004b8) 
thrown [s\src\hotspot\share\prims\jni.cpp, line 520]
Event: 3.680 Thread 0x000001399a0b4df0 Exception <a 'sun/nio/fs/WindowsException'{0x00000000eb400b10}> (0x00000000eb400b10) 
thrown [s\src\hotspot\share\prims\jni.cpp, line 520]
Event: 3.776 Thread 0x000001399a0b4df0 Exception <a 'sun/nio/fs/WindowsException'{0x00000000eabab058}> (0x00000000eabab058) 
thrown [s\src\hotspot\share\prims\jni.cpp, line 520]
Event: 3.776 Thread 0x000001399a0b4df0 Exception <a 'sun/nio/fs/WindowsException'{0x00000000eabab678}> (0x00000000eabab678) 
thrown [s\src\hotspot\share\prims\jni.cpp, line 520]
Event: 3.776 Thread 0x000001399a0b4df0 Exception <a 'sun/nio/fs/WindowsException'{0x00000000eababc98}> (0x00000000eababc98) 
thrown [s\src\hotspot\share\prims\jni.cpp, line 520]
Event: 3.776 Thread 0x000001399a0b4df0 Exception <a 'sun/nio/fs/WindowsException'{0x00000000eabac2d0}> (0x00000000eabac2d0) 
thrown [s\src\hotspot\share\prims\jni.cpp, line 520]
Event: 3.776 Thread 0x000001399a0b4df0 Exception <a 'sun/nio/fs/WindowsException'{0x00000000eabb2b30}> (0x00000000eabb2b30) 
thrown [s\src\hotspot\share\prims\jni.cpp, line 520]
Event: 3.776 Thread 0x000001399a0b4df0 Exception <a 'sun/nio/fs/WindowsException'{0x00000000eabb3188}> (0x00000000eabb3188) 
thrown [s\src\hotspot\share\prims\jni.cpp, line 520]
Event: 3.777 Thread 0x000001399a0b4df0 Exception <a 'sun/nio/fs/WindowsException'{0x00000000eabb37e8}> (0x00000000eabb37e8) 
thrown [s\src\hotspot\share\prims\jni.cpp, line 520]
Event: 3.777 Thread 0x000001399a0b4df0 Exception <a 'sun/nio/fs/WindowsException'{0x00000000eabb3e58}> (0x00000000eabb3e58) 
thrown [s\src\hotspot\share\prims\jni.cpp, line 520]
Event: 3.777 Thread 0x000001399a0b4df0 Exception <a 'sun/nio/fs/WindowsException'{0x00000000eac15538}> (0x00000000eac15538) 
thrown [s\src\hotspot\share\prims\jni.cpp, line 520]
Event: 3.777 Thread 0x000001399a0b4df0 Exception <a 'sun/nio/fs/WindowsException'{0x00000000eac15b68}> (0x00000000eac15b68) 
thrown [s\src\hotspot\share\prims\jni.cpp, line 520]
Event: 3.777 Thread 0x000001399a0b4df0 Exception <a 'sun/nio/fs/WindowsException'{0x00000000eac16198}> (0x00000000eac16198) 
thrown [s\src\hotspot\share\prims\jni.cpp, line 520]
Event: 3.777 Thread 0x000001399a0b4df0 Exception <a 'sun/nio/fs/WindowsException'{0x00000000eac167e8}> (0x00000000eac167e8) 
thrown [s\src\hotspot\share\prims\jni.cpp, line 520]
Event: 4.485 Thread 0x00000139969309e0 Exception <a 'java/lang/NoSuchMethodError'{0x00000000eac6edc0}: 'java.lang.Object java.lang.invoke.Invokers$Holder.invoke_MT(java.lang.Object, java.lang.Object, java.lang.Object, java.lang.Object, java.lang.Object, java.lang.Object, java.lang.Object, java.lang.Object, java.lang.Object, java.lang.Object)'> (0x00000000eac6edc0) 
thrown [s\src\hotspot\share\interpreter\linkResolver.cpp, line 773]
Event: 4.756 Thread 0x00000139969309e0 Exception <a 'java/io/FileNotFoundException'{0x00000000ead7fab8}> (0x00000000ead7fab8) 
thrown [s\src\hotspot\share\prims\jni.cpp, line 520]
Event: 4.756 Thread 0x00000139969309e0 Exception <a 'java/io/FileNotFoundException'{0x00000000ead80ae0}> (0x00000000ead80ae0) 
thrown [s\src\hotspot\share\prims\jni.cpp, line 520]
Event: 4.756 Thread 0x00000139969309e0 Exception <a 'java/io/FileNotFoundException'{0x00000000ead81860}> (0x00000000ead81860) 
thrown [s\src\hotspot\share\prims\jni.cpp, line 520]

ZGC Phase Switch (0 events):
No events

VM Operations (20 events):
Event: 5.725 Executing VM operation: ParallelGCFailedAllocation (Allocation Failure) done
Event: 5.728 Executing VM operation: ParallelGCFailedAllocation (Allocation Failure)
Event: 5.728 Executing VM operation: ParallelGCFailedAllocation (Allocation Failure) done
Event: 5.728 Executing VM operation: ParallelGCSystemGC (GCLocker Initiated GC)
Event: 5.730 Executing VM operation: ParallelGCSystemGC (GCLocker Initiated GC) done
Event: 5.733 Executing VM operation: ParallelGCFailedAllocation (Allocation Failure)
Event: 6.753 Executing VM operation: ParallelGCFailedAllocation (Allocation Failure) done
Event: 6.757 Executing VM operation: ParallelGCFailedAllocation (Allocation Failure)
Event: 7.759 Executing VM operation: ParallelGCFailedAllocation (Allocation Failure) done
Event: 7.762 Executing VM operation: ParallelGCFailedAllocation (Allocation Failure)
Event: 7.764 Executing VM operation: ParallelGCFailedAllocation (Allocation Failure) done
Event: 7.766 Executing VM operation: ParallelGCFailedAllocation (Allocation Failure)
Event: 7.767 Executing VM operation: ParallelGCFailedAllocation (Allocation Failure) done
Event: 7.770 Executing VM operation: ParallelGCFailedAllocation (Allocation Failure)
Event: 7.772 Executing VM operation: ParallelGCFailedAllocation (Allocation Failure) done
Event: 7.776 Executing VM operation: ParallelGCFailedAllocation (Allocation Failure)
Event: 7.778 Executing VM operation: ParallelGCFailedAllocation (Allocation Failure) done
Event: 7.787 Executing VM operation: ParallelGCFailedAllocation (Allocation Failure)
Event: 7.789 Executing VM operation: ParallelGCFailedAllocation (Allocation Failure) done
Event: 8.822 Executing VM operation: ParallelGCFailedAllocation (Allocation Failure)

Memory protections (0 events):
No events

Nmethod flushes (20 events):
Event: 4.538 Thread 0x000001398e1e4980 flushing  nmethod 0x000001393c957c10
Event: 4.538 Thread 0x000001398e1e4980 flushing  nmethod 0x000001393c958210
Event: 4.538 Thread 0x000001398e1e4980 flushing  nmethod 0x000001393c959a90
Event: 4.538 Thread 0x000001398e1e4980 flushing  nmethod 0x000001393c980c10
Event: 4.538 Thread 0x000001398e1e4980 flushing  nmethod 0x000001393c98f890
Event: 4.538 Thread 0x000001398e1e4980 flushing  nmethod 0x000001393c992790
Event: 4.538 Thread 0x000001398e1e4980 flushing  nmethod 0x000001393c99b490
Event: 4.538 Thread 0x000001398e1e4980 flushing  nmethod 0x000001393c9bf610
Event: 4.538 Thread 0x000001398e1e4980 flushing  nmethod 0x000001393c9c0790
Event: 4.538 Thread 0x000001398e1e4980 flushing  nmethod 0x000001393c9d0e10
Event: 4.538 Thread 0x000001398e1e4980 flushing  nmethod 0x000001393c9d1810
Event: 4.538 Thread 0x000001398e1e4980 flushing  nmethod 0x000001393c9d3110
Event: 4.538 Thread 0x000001398e1e4980 flushing  nmethod 0x000001393c9d3590
Event: 4.538 Thread 0x000001398e1e4980 flushing  nmethod 0x000001393c9d5090
Event: 4.538 Thread 0x000001398e1e4980 flushing  nmethod 0x000001393c9d5410
Event: 4.538 Thread 0x000001398e1e4980 flushing  nmethod 0x000001393c9d7b90
Event: 4.538 Thread 0x000001398e1e4980 flushing  nmethod 0x000001393c9dbe10
Event: 4.539 Thread 0x000001398e1e4980 flushing  nmethod 0x000001393c9e4a10
Event: 4.539 Thread 0x000001398e1e4980 flushing  nmethod 0x000001393c9fa290
Event: 4.539 Thread 0x000001398e1e4980 flushing  nmethod 0x000001393ca27f90

Events (20 events):
Event: 3.674 Thread 0x000001399692e910 Thread added: 0x000001399a0b40d0
Event: 3.785 Thread 0x000001399a0b4df0 Thread added: 0x000001399a0b8900
Event: 3.787 Thread 0x000001399a0b4df0 Thread added: 0x000001399a0b8f90
Event: 3.799 Thread 0x000001399a0b8f90 Thread exited: 0x000001399a0b8f90
Event: 3.802 Thread 0x000001399a0b4df0 Thread added: 0x000001399a0b6ec0
Event: 3.803 Thread 0x000001399a0b4df0 Thread added: 0x000001399a0b9620
Event: 3.810 Thread 0x000001399a0b9620 Thread exited: 0x000001399a0b9620
Event: 3.811 Thread 0x000001399a0b4df0 Thread added: 0x000001399a0bb060
Event: 4.207 Thread 0x000001399a0b4df0 Thread added: 0x000001399a0b9cb0
Event: 4.208 Thread 0x000001399a0b4df0 Thread added: 0x000001399a0ba340
Event: 4.214 Thread 0x000001399a0ba340 Thread exited: 0x000001399a0ba340
Event: 4.215 Thread 0x000001399a0b4df0 Thread added: 0x000001399a0ba340
Event: 4.217 Thread 0x000001399a0b4df0 Thread added: 0x000001399b6013c0
Event: 6.753 Thread 0x0000013996036630 Thread exited: 0x0000013996036630
Event: 6.754 Thread 0x00000139968f2f50 Thread exited: 0x00000139968f2f50
Event: 7.759 Thread 0x0000013996171f30 Thread exited: 0x0000013996171f30
Event: 7.759 Thread 0x00000139916c20e0 Thread exited: 0x00000139916c20e0
Event: 7.759 Thread 0x000001398fa14de0 Thread exited: 0x000001398fa14de0
Event: 7.759 Thread 0x000001398f86c820 Thread exited: 0x000001398f86c820
Event: 7.802 Thread 0x000001398f71ac40 Thread added: 0x0000013996c8b850


Dynamic libraries:
0x00007ff65a940000 - 0x00007ff65a94e000 	c:\Users\DIGI ROUTE\.vscode\extensions\redhat.java-1.41.1-win32-x64\jre\21.0.6-win32-x86_64\bin\java.exe
0x00007ff8031a0000 - 0x00007ff803400000 	C:\WINDOWS\SYSTEM32\ntdll.dll
0x00007ff801320000 - 0x00007ff8013e7000 	C:\WINDOWS\System32\KERNEL32.DLL
0x00007ff800880000 - 0x00007ff800c4a000 	C:\WINDOWS\System32\KERNELBASE.dll
0x00007ff800730000 - 0x00007ff80087b000 	C:\WINDOWS\System32\ucrtbase.dll
0x00007fffda270000 - 0x00007fffda28e000 	c:\Users\DIGI ROUTE\.vscode\extensions\redhat.java-1.41.1-win32-x64\jre\21.0.6-win32-x86_64\bin\VCRUNTIME140.dll
0x00007fffda730000 - 0x00007fffda748000 	c:\Users\DIGI ROUTE\.vscode\extensions\redhat.java-1.41.1-win32-x64\jre\21.0.6-win32-x86_64\bin\jli.dll
0x00007ff802f90000 - 0x00007ff80315c000 	C:\WINDOWS\System32\USER32.dll
0x00007ff800660000 - 0x00007ff800687000 	C:\WINDOWS\System32\win32u.dll
0x00007fffff4d0000 - 0x00007fffff767000 	C:\WINDOWS\WinSxS\amd64_microsoft.windows.common-controls_6595b64144ccf1df_6.0.26100.3624_none_3e086962e3345f24\COMCTL32.dll
0x00007ff8013f0000 - 0x00007ff80141a000 	C:\WINDOWS\System32\GDI32.dll
0x00007ff801170000 - 0x00007ff801219000 	C:\WINDOWS\System32\msvcrt.dll
0x00007ff800dd0000 - 0x00007ff800f01000 	C:\WINDOWS\System32\gdi32full.dll
0x00007ff800380000 - 0x00007ff800423000 	C:\WINDOWS\System32\msvcp_win.dll
0x00007ff801580000 - 0x00007ff8015af000 	C:\WINDOWS\System32\IMM32.DLL
0x00007fffe4f90000 - 0x00007fffe4f9c000 	c:\Users\DIGI ROUTE\.vscode\extensions\redhat.java-1.41.1-win32-x64\jre\21.0.6-win32-x86_64\bin\vcruntime140_1.dll
0x00007fffc4dc0000 - 0x00007fffc4e4d000 	c:\Users\DIGI ROUTE\.vscode\extensions\redhat.java-1.41.1-win32-x64\jre\21.0.6-win32-x86_64\bin\msvcp140.dll
0x00007fff47ac0000 - 0x00007fff48850000 	c:\Users\DIGI ROUTE\.vscode\extensions\redhat.java-1.41.1-win32-x64\jre\21.0.6-win32-x86_64\bin\server\jvm.dll
0x00007ff802290000 - 0x00007ff802342000 	C:\WINDOWS\System32\ADVAPI32.dll
0x00007ff800fa0000 - 0x00007ff801046000 	C:\WINDOWS\System32\sechost.dll
0x00007ff801050000 - 0x00007ff801166000 	C:\WINDOWS\System32\RPCRT4.dll
0x00007ff801a60000 - 0x00007ff801ad4000 	C:\WINDOWS\System32\WS2_32.dll
0x00007fffffba0000 - 0x00007fffffbfe000 	C:\WINDOWS\SYSTEM32\POWRPROF.dll
0x00007ffff4f40000 - 0x00007ffff4f76000 	C:\WINDOWS\SYSTEM32\WINMM.dll
0x00007ffff6e70000 - 0x00007ffff6e7b000 	C:\WINDOWS\SYSTEM32\VERSION.dll
0x00007fffff870000 - 0x00007fffff884000 	C:\WINDOWS\SYSTEM32\UMPDC.dll
0x00007ffffe8e0000 - 0x00007ffffe8fa000 	C:\WINDOWS\SYSTEM32\kernel.appcore.dll
0x00007fffe4110000 - 0x00007fffe411a000 	c:\Users\DIGI ROUTE\.vscode\extensions\redhat.java-1.41.1-win32-x64\jre\21.0.6-win32-x86_64\bin\jimage.dll
0x00007fffffc10000 - 0x00007fffffe51000 	C:\WINDOWS\SYSTEM32\DBGHELP.DLL
0x00007ff801650000 - 0x00007ff8019d2000 	C:\WINDOWS\System32\combase.dll
0x00007ff801240000 - 0x00007ff801316000 	C:\WINDOWS\System32\OLEAUT32.dll
0x00007fff93a70000 - 0x00007fff93aa9000 	C:\WINDOWS\SYSTEM32\dbgcore.DLL
0x00007ff800690000 - 0x00007ff800729000 	C:\WINDOWS\System32\bcryptPrimitives.dll
0x00007fffee520000 - 0x00007fffee52f000 	c:\Users\DIGI ROUTE\.vscode\extensions\redhat.java-1.41.1-win32-x64\jre\21.0.6-win32-x86_64\bin\instrument.dll
0x00007fffda0e0000 - 0x00007fffda0ff000 	c:\Users\DIGI ROUTE\.vscode\extensions\redhat.java-1.41.1-win32-x64\jre\21.0.6-win32-x86_64\bin\java.dll
0x00007ff801b60000 - 0x00007ff802289000 	C:\WINDOWS\System32\SHELL32.dll
0x00007ff800430000 - 0x00007ff800598000 	C:\WINDOWS\System32\wintypes.dll
0x00007ffffd5f0000 - 0x00007ffffde42000 	C:\WINDOWS\SYSTEM32\windows.storage.dll
0x00007ff802cf0000 - 0x00007ff802ddd000 	C:\WINDOWS\System32\SHCORE.dll
0x00007ff802bc0000 - 0x00007ff802c24000 	C:\WINDOWS\System32\shlwapi.dll
0x00007ff800290000 - 0x00007ff8002bf000 	C:\WINDOWS\SYSTEM32\profapi.dll
0x00007fffd6470000 - 0x00007fffd6488000 	c:\Users\DIGI ROUTE\.vscode\extensions\redhat.java-1.41.1-win32-x64\jre\21.0.6-win32-x86_64\bin\zip.dll
0x00007fffe3570000 - 0x00007fffe3580000 	C:\Users\DIGI ROUTE\.vscode\extensions\redhat.java-1.41.1-win32-x64\jre\21.0.6-win32-x86_64\bin\net.dll
0x00007ffff70a0000 - 0x00007ffff71bd000 	C:\WINDOWS\SYSTEM32\WINHTTP.dll
0x00007fffff130000 - 0x00007fffff19a000 	C:\WINDOWS\system32\mswsock.dll
0x00007fffcf660000 - 0x00007fffcf676000 	C:\Users\DIGI ROUTE\.vscode\extensions\redhat.java-1.41.1-win32-x64\jre\21.0.6-win32-x86_64\bin\nio.dll
0x00007fffe4170000 - 0x00007fffe4180000 	c:\Users\DIGI ROUTE\.vscode\extensions\redhat.java-1.41.1-win32-x64\jre\21.0.6-win32-x86_64\bin\verify.dll
0x00007fffda580000 - 0x00007fffda5c5000 	C:\Users\DIGI ROUTE\AppData\Roaming\Code\User\globalStorage\redhat.java\1.41.1\config_win\org.eclipse.equinox.launcher\org.eclipse.equinox.launcher.win32.win32.x86_64_1.2.1300.v20250331-1702\eclipse_11911.dll
0x00007ff8029d0000 - 0x00007ff802b66000 	C:\WINDOWS\System32\ole32.dll
0x00007ff800000000 - 0x00007ff80001c000 	C:\WINDOWS\SYSTEM32\CRYPTSP.dll
0x00007ffffea00000 - 0x00007ffffea3a000 	C:\WINDOWS\system32\rsaenh.dll
0x00007fffff1d0000 - 0x00007fffff1fb000 	C:\WINDOWS\SYSTEM32\USERENV.dll
0x00007ff800260000 - 0x00007ff800286000 	C:\WINDOWS\SYSTEM32\bcrypt.dll
0x00007fffff2d0000 - 0x00007fffff2dc000 	C:\WINDOWS\SYSTEM32\CRYPTBASE.dll
0x00007ffffe400000 - 0x00007ffffe433000 	C:\WINDOWS\SYSTEM32\IPHLPAPI.DLL
0x00007ff8019e0000 - 0x00007ff8019ea000 	C:\WINDOWS\System32\NSI.dll
0x00007fffda350000 - 0x00007fffda399000 	C:\Users\DIGI ROUTE\AppData\Local\Temp\jna-1264834800\jna17033141447035013269.dll
0x00007ff802530000 - 0x00007ff802538000 	C:\WINDOWS\System32\PSAPI.DLL
0x00007ffff8df0000 - 0x00007ffff8e0f000 	C:\WINDOWS\SYSTEM32\dhcpcsvc6.DLL
0x00007ffff8dc0000 - 0x00007ffff8de5000 	C:\WINDOWS\SYSTEM32\dhcpcsvc.DLL
0x00007fffda550000 - 0x00007fffda577000 	C:\Users\DIGI ROUTE\.gradle\native\c067742578af261105cb4f569cf0c3c89f3d7b1fecec35dd04571415982c5e48\windows-amd64\native-platform.dll
0x00007fffe08c0000 - 0x00007fffe08ca000 	C:\Users\DIGI ROUTE\.vscode\extensions\redhat.java-1.41.1-win32-x64\jre\21.0.6-win32-x86_64\bin\management.dll
0x00007fffd9d70000 - 0x00007fffd9d7b000 	C:\Users\DIGI ROUTE\.vscode\extensions\redhat.java-1.41.1-win32-x64\jre\21.0.6-win32-x86_64\bin\management_ext.dll

dbghelp: loaded successfully - version: 4.0.5 - missing functions: none
symbol engine: initialized successfully - sym options: 0x614 - pdb path: .;c:\Users\DIGI ROUTE\.vscode\extensions\redhat.java-1.41.1-win32-x64\jre\21.0.6-win32-x86_64\bin;C:\WINDOWS\SYSTEM32;C:\WINDOWS\WinSxS\amd64_microsoft.windows.common-controls_6595b64144ccf1df_6.0.26100.3624_none_3e086962e3345f24;c:\Users\DIGI ROUTE\.vscode\extensions\redhat.java-1.41.1-win32-x64\jre\21.0.6-win32-x86_64\bin\server;C:\Users\DIGI ROUTE\AppData\Roaming\Code\User\globalStorage\redhat.java\1.41.1\config_win\org.eclipse.equinox.launcher\org.eclipse.equinox.launcher.win32.win32.x86_64_1.2.1300.v20250331-1702;C:\Users\DIGI ROUTE\AppData\Local\Temp\jna-1264834800;C:\Users\DIGI ROUTE\.gradle\native\c067742578af261105cb4f569cf0c3c89f3d7b1fecec35dd04571415982c5e48\windows-amd64

VM Arguments:
jvm_args: --add-modules=ALL-SYSTEM --add-opens=java.base/java.util=ALL-UNNAMED --add-opens=java.base/java.lang=ALL-UNNAMED --add-opens=java.base/sun.nio.fs=ALL-UNNAMED -Declipse.application=org.eclipse.jdt.ls.core.id1 -Dosgi.bundles.defaultStartLevel=4 -Declipse.product=org.eclipse.jdt.ls.core.product -Djava.import.generatesMetadataFilesAtProjectRoot=false -DDetectVMInstallationsJob.disabled=true -Dfile.encoding=utf8 -XX:+UseParallelGC -XX:GCTimeRatio=4 -XX:AdaptiveSizePolicyWeight=90 -Dsun.zip.disableMemoryMapping=true -Xmx1G -Xms100m -Xlog:disable -javaagent:c:\Users\DIGI ROUTE\.vscode\extensions\redhat.java-1.41.1-win32-x64\lombok\lombok-1.18.36.jar -XX:+HeapDumpOnOutOfMemoryError -XX:HeapDumpPath=c:\Users\DIGI ROUTE\AppData\Roaming\Code\User\workspaceStorage\62ba2304e335b5d45dd158eafd42745f\redhat.java -Daether.dependencyCollector.impl=bf 
java_command: c:\Users\DIGI ROUTE\.vscode\extensions\redhat.java-1.41.1-win32-x64\server\plugins\org.eclipse.equinox.launcher_1.7.0.v20250331-1702.jar -configuration c:\Users\DIGI ROUTE\AppData\Roaming\Code\User\globalStorage\redhat.java\1.41.1\config_win -data c:\Users\DIGI ROUTE\AppData\Roaming\Code\User\workspaceStorage\62ba2304e335b5d45dd158eafd42745f\redhat.java\jdt_ws --pipe=\\.\pipe\lsp-281bad6a9f2ed19c7fedd3f99f076ec9-sock
java_class_path (initial): c:\Users\DIGI ROUTE\.vscode\extensions\redhat.java-1.41.1-win32-x64\server\plugins\org.eclipse.equinox.launcher_1.7.0.v20250331-1702.jar
Launcher Type: SUN_STANDARD

[Global flags]
    uintx AdaptiveSizePolicyWeight                 = 90                                        {product} {command line}
     intx CICompilerCount                          = 12                                        {product} {ergonomic}
    uintx GCTimeRatio                              = 4                                         {product} {command line}
     bool HeapDumpOnOutOfMemoryError               = true                                   {manageable} {command line}
    ccstr HeapDumpPath                             = c:\Users\DIGI ROUTE\AppData\Roaming\Code\User\workspaceStorage\62ba2304e335b5d45dd158eafd42745f\redhat.java         {manageable} {command line}
   size_t InitialHeapSize                          = 104857600                                 {product} {command line}
   size_t MaxHeapSize                              = 1073741824                                {product} {command line}
   size_t MaxNewSize                               = 357564416                                 {product} {ergonomic}
   size_t MinHeapDeltaBytes                        = 524288                                    {product} {ergonomic}
   size_t MinHeapSize                              = 104857600                                 {product} {command line}
   size_t NewSize                                  = 34603008                                  {product} {ergonomic}
    uintx NonNMethodCodeHeapSize                   = 7602480                                {pd product} {ergonomic}
    uintx NonProfiledCodeHeapSize                  = 122027880                              {pd product} {ergonomic}
   size_t OldSize                                  = 70254592                                  {product} {ergonomic}
    uintx ProfiledCodeHeapSize                     = 122027880                              {pd product} {ergonomic}
    uintx ReservedCodeCacheSize                    = 251658240                              {pd product} {ergonomic}
     bool SegmentedCodeCache                       = true                                      {product} {ergonomic}
   size_t SoftMaxHeapSize                          = 1073741824                             {manageable} {ergonomic}
     bool UseCompressedOops                        = true                           {product lp64_product} {ergonomic}
     bool UseLargePagesIndividualAllocation        = false                                  {pd product} {ergonomic}
     bool UseParallelGC                            = true                                      {product} {command line}

Logging:
Log output configuration:
 #0: stdout all=off uptime,level,tags foldmultilines=false
 #1: stderr all=off uptime,level,tags foldmultilines=false

Environment Variables:
PATH=C:\Program Files\Eclipse Adoptium\jdk-17.0.14.7-hotspot\bin;C:\Program Files\Eclipse Adoptium\jdk-11.0.26.4-hotspot\bin;C:\Program Files\Common Files\Oracle\Java\javapath;C:\Program Files (x86)\Common Files\Oracle\Java\java8path;C:\Program Files (x86)\Common Files\Oracle\Java\javapath;C:\Windows\system32;C:\Windows;C:\Windows\System32\Wbem;C:\Windows\System32\WindowsPowerShell\v1.0\;C:\Windows\System32\OpenSSH\;C:\Program Files (x86)\NVIDIA Corporation\PhysX\Common;C:\Program Files\NVIDIA Corporation\NVIDIA NvDLISR;C:\Program Files\Amazon\AWSCLIV2\;C:\Program Files\nodejs\;C:\WINDOWS\system32;C:\WINDOWS;C:\WINDOWS\System32\Wbem;C:\WINDOWS\System32\WindowsPowerShell\v1.0\;C:\WINDOWS\System32\OpenSSH\;C:\ProgramData\chocolatey\bin;C:\Program Files\Git\cmd;C:\Users\DIGI ROUTE\AppData\Local\Microsoft\WindowsApps;C:\Users\DIGI ROUTE\AppData\Local\Programs\Microsoft VS Code\bin;C:\Users\DIGI ROUTE\AppData\Roaming\npm;C:\Users\DIGI ROUTE\AppData\Local\Android\Sdk\platform-tools;
USERNAME=DIGI ROUTE
OS=Windows_NT
PROCESSOR_IDENTIFIER=Intel64 Family 6 Model 154 Stepping 3, GenuineIntel
TMP=C:\Users\DIGIRO~1\AppData\Local\Temp
TEMP=C:\Users\DIGIRO~1\AppData\Local\Temp




Periodic native trim disabled

---------------  S Y S T E M  ---------------

OS:
 Windows 11 , 64 bit Build 26100 (10.0.26100.3775)
OS uptime: 2 days 2:01 hours

CPU: total 20 (initial active 20) (10 cores per cpu, 2 threads per core) family 6 model 154 stepping 3 microcode 0x434, cx8, cmov, fxsr, ht, mmx, 3dnowpref, sse, sse2, sse3, ssse3, sse4.1, sse4.2, popcnt, lzcnt, tsc, tscinvbit, avx, avx2, aes, erms, clmul, bmi1, bmi2, adx, sha, fma, vzeroupper, clflush, clflushopt, clwb, serialize, rdtscp, rdpid, fsrm, f16c, pku, cet_ibt, cet_ss
Processor Information for processor 0
  Max Mhz: 2300, Current Mhz: 2300, Mhz Limit: 2300
Processor Information for processor 1
  Max Mhz: 2300, Current Mhz: 2300, Mhz Limit: 2300
Processor Information for processor 2
  Max Mhz: 2300, Current Mhz: 2300, Mhz Limit: 2300
Processor Information for processor 3
  Max Mhz: 2300, Current Mhz: 2300, Mhz Limit: 2300
Processor Information for processor 4
  Max Mhz: 2300, Current Mhz: 2300, Mhz Limit: 2300
Processor Information for processor 5
  Max Mhz: 2300, Current Mhz: 2300, Mhz Limit: 2300
Processor Information for processor 6
  Max Mhz: 2300, Current Mhz: 2300, Mhz Limit: 2300
Processor Information for processor 7
  Max Mhz: 2300, Current Mhz: 2300, Mhz Limit: 2300
Processor Information for processor 8
  Max Mhz: 2300, Current Mhz: 1506, Mhz Limit: 2300
Processor Information for processor 9
  Max Mhz: 2300, Current Mhz: 1506, Mhz Limit: 2300
Processor Information for processor 10
  Max Mhz: 2300, Current Mhz: 2300, Mhz Limit: 2300
Processor Information for processor 11
  Max Mhz: 2300, Current Mhz: 1506, Mhz Limit: 2300
Processor Information for processor 12
  Max Mhz: 2300, Current Mhz: 2300, Mhz Limit: 2300
Processor Information for processor 13
  Max Mhz: 2300, Current Mhz: 2300, Mhz Limit: 2300
Processor Information for processor 14
  Max Mhz: 2300, Current Mhz: 2300, Mhz Limit: 2300
Processor Information for processor 15
  Max Mhz: 2300, Current Mhz: 2300, Mhz Limit: 2300
Processor Information for processor 16
  Max Mhz: 2300, Current Mhz: 2300, Mhz Limit: 2300
Processor Information for processor 17
  Max Mhz: 2300, Current Mhz: 2300, Mhz Limit: 2300
Processor Information for processor 18
  Max Mhz: 2300, Current Mhz: 2300, Mhz Limit: 2300
Processor Information for processor 19
  Max Mhz: 2300, Current Mhz: 2300, Mhz Limit: 2300

Memory: 4k page, system-wide physical 16004M (566M free)
TotalPageFile size 65156M (AvailPageFile size 698M)
current process WorkingSet (physical memory assigned to process): 727M, peak: 769M
current process commit charge ("private bytes"): 657M, peak: 1015M

vm_info: OpenJDK 64-Bit Server VM (21.0.6+7-LTS) for windows-amd64 JRE (21.0.6+7-LTS), built on 2025-01-21T00:00:00Z by "admin" with MS VC++ 17.7 (VS2022)

END.
