#
# There is insufficient memory for the Java Runtime Environment to continue.
# Native memory allocation (malloc) failed to allocate 1352016 bytes. Error detail: Chunk::new
# Possible reasons:
#   The system is out of physical RAM or swap space
#   This process is running with CompressedOops enabled, and the Java Heap may be blocking the growth of the native heap
# Possible solutions:
#   Reduce memory load on the system
#   Increase physical memory or swap space
#   Check if swap backing store is full
#   Decrease Java heap size (-Xmx/-Xms)
#   Decrease number of Java threads
#   Decrease Java thread stack sizes (-Xss)
#   Set larger code cache with -XX:ReservedCodeCacheSize=
#   JVM is running with Unscaled Compressed Oops mode in which the Java heap is
#     placed in the first 4GB address space. The Java Heap base address is the
#     maximum limit for the native heap growth. Please use -XX:HeapBaseMinAddress
#     to set the Java Heap base and to place the Java Heap above 4GB virtual address.
# This output file may be truncated or incomplete.
#
#  Out of Memory Error (arena.cpp:168), pid=16908, tid=11300
#
# JRE version: OpenJDK Runtime Environment Temurin-21.0.6+7 (21.0.6+7) (build 21.0.6+7-LTS)
# Java VM: OpenJDK 64-Bit Server VM Temurin-21.0.6+7 (21.0.6+7-LTS, mixed mode, sharing, tiered, compressed oops, compressed class ptrs, parallel gc, windows-amd64)
# No core dump will be written. Minidumps are not enabled by default on client versions of Windows
#

---------------  S U M M A R Y ------------

Command Line: --add-modules=ALL-SYSTEM --add-opens=java.base/java.util=ALL-UNNAMED --add-opens=java.base/java.lang=ALL-UNNAMED --add-opens=java.base/sun.nio.fs=ALL-UNNAMED -Declipse.application=org.eclipse.jdt.ls.core.id1 -Dosgi.bundles.defaultStartLevel=4 -Declipse.product=org.eclipse.jdt.ls.core.product -Djava.import.generatesMetadataFilesAtProjectRoot=false -DDetectVMInstallationsJob.disabled=true -Dfile.encoding=utf8 -XX:+UseParallelGC -XX:GCTimeRatio=4 -XX:AdaptiveSizePolicyWeight=90 -Dsun.zip.disableMemoryMapping=true -Xmx1G -Xms100m -Xlog:disable -javaagent:c:\Users\DIGI ROUTE\.vscode\extensions\redhat.java-1.41.1-win32-x64\lombok\lombok-1.18.36.jar -XX:+HeapDumpOnOutOfMemoryError -XX:HeapDumpPath=c:\Users\DIGI ROUTE\AppData\Roaming\Code\User\workspaceStorage\62ba2304e335b5d45dd158eafd42745f\redhat.java -Daether.dependencyCollector.impl=bf c:\Users\DIGI ROUTE\.vscode\extensions\redhat.java-1.41.1-win32-x64\server\plugins\org.eclipse.equinox.launcher_1.7.0.v20250331-1702.jar -configuration c:\Users\DIGI ROUTE\AppData\Roaming\Code\User\globalStorage\redhat.java\1.41.1\config_win -data c:\Users\DIGI ROUTE\AppData\Roaming\Code\User\workspaceStorage\62ba2304e335b5d45dd158eafd42745f\redhat.java\jdt_ws --pipe=\\.\pipe\lsp-0455f868db283a85f3455346aaf5474b-sock

Host: 12th Gen Intel(R) Core(TM) i7-12700H, 20 cores, 15G,  Windows 11 , 64 bit Build 26100 (10.0.26100.3775)
Time: Sun Apr 27 10:48:49 2025 India Standard Time elapsed time: 7.037844 seconds (0d 0h 0m 7s)

---------------  T H R E A D  ---------------

Current thread (0x0000029a50d7b220):  JavaThread "C2 CompilerThread0" daemon [_thread_in_native, id=11300, stack(0x000000ad6bc00000,0x000000ad6bd00000) (1024K)]


Current CompileTask:
C2:7037 9134   !   4       org.eclipse.jdt.internal.compiler.classfmt.ClassFileReader::<init> (2135 bytes)

Stack: [0x000000ad6bc00000,0x000000ad6bd00000]
Native frames: (J=compiled Java code, j=interpreted, Vv=VM code, C=native code)
V  [jvm.dll+0x6cdee9]
V  [jvm.dll+0x8a83d1]
V  [jvm.dll+0x8aa8fe]
V  [jvm.dll+0x8aafe3]
V  [jvm.dll+0x27f706]
V  [jvm.dll+0xc500d]
V  [jvm.dll+0xc5543]
V  [jvm.dll+0x3b6752]
V  [jvm.dll+0x382935]
V  [jvm.dll+0x381d9a]
V  [jvm.dll+0x2479f0]
V  [jvm.dll+0x246fcf]
V  [jvm.dll+0x1c75ee]
V  [jvm.dll+0x25685a]
V  [jvm.dll+0x254dfa]
V  [jvm.dll+0x3f0256]
V  [jvm.dll+0x851f8b]
V  [jvm.dll+0x6cc5ed]
C  [ucrtbase.dll+0x37b0]
C  [KERNEL32.DLL+0x2e8d7]
C  [ntdll.dll+0xb14fc]


---------------  P R O C E S S  ---------------

Threads class SMR info:
_java_thread_list=0x0000029a5ca5c520, length=68, elements={
0x0000029a7a1fc050, 0x0000029a50d6a400, 0x0000029a7f5ed8b0, 0x0000029a50d6f320,
0x0000029a50d70f80, 0x0000029a50d71bd0, 0x0000029a50d77c10, 0x0000029a50d7b220,
0x0000029a50d85880, 0x0000029a50e89a00, 0x0000029a50eacb30, 0x0000029a50ead1d0,
0x0000029a50eb7390, 0x0000029a50f66b10, 0x0000029a570c1990, 0x0000029a571f96e0,
0x0000029a57aad0c0, 0x0000029a57b4afb0, 0x0000029a578b9d60, 0x0000029a57974810,
0x0000029a57ca1020, 0x0000029a57c4ab40, 0x0000029a5851bcd0, 0x0000029a57e5bf70,
0x0000029a50e90820, 0x0000029a50e8f470, 0x0000029a50e8fb00, 0x0000029a50e8e750,
0x0000029a50e8ede0, 0x0000029a50e90190, 0x0000029a59710ce0, 0x0000029a50e90eb0,
0x0000029a50e91540, 0x0000029a50e8e0c0, 0x0000029a5b570330, 0x0000029a5b571050,
0x0000029a5b5716e0, 0x0000029a5b571d70, 0x0000029a5b572400, 0x0000029a5b572a90,
0x0000029a5b573120, 0x0000029a5b5737b0, 0x0000029a5b573e40, 0x0000029a5b5709c0,
0x0000029a5b56fca0, 0x0000029a5b5744d0, 0x0000029a5b5765a0, 0x0000029a5b576c30,
0x0000029a5b5772c0, 0x0000029a5b574b60, 0x0000029a5b5751f0, 0x0000029a5b575f10,
0x0000029a5b575880, 0x0000029a5bab1990, 0x0000029a5baaff50, 0x0000029a5bab2020,
0x0000029a5bab33d0, 0x0000029a5bab05e0, 0x0000029a5970f870, 0x0000029a5bab3a60,
0x0000029a5bab40f0, 0x0000029a5bab0c70, 0x0000029a5bab2d40, 0x0000029a5bab1300,
0x0000029a5bab4780, 0x0000029a5bab54a0, 0x0000029a5bab5b30, 0x0000029a5bab61c0
}

Java Threads: ( => current thread )
  0x0000029a7a1fc050 JavaThread "main"                              [_thread_blocked, id=29716, stack(0x000000ad6b200000,0x000000ad6b300000) (1024K)]
  0x0000029a50d6a400 JavaThread "Reference Handler"          daemon [_thread_blocked, id=21396, stack(0x000000ad6b600000,0x000000ad6b700000) (1024K)]
  0x0000029a7f5ed8b0 JavaThread "Finalizer"                  daemon [_thread_blocked, id=29268, stack(0x000000ad6b700000,0x000000ad6b800000) (1024K)]
  0x0000029a50d6f320 JavaThread "Signal Dispatcher"          daemon [_thread_blocked, id=21816, stack(0x000000ad6b800000,0x000000ad6b900000) (1024K)]
  0x0000029a50d70f80 JavaThread "Attach Listener"            daemon [_thread_blocked, id=29404, stack(0x000000ad6b900000,0x000000ad6ba00000) (1024K)]
  0x0000029a50d71bd0 JavaThread "Service Thread"             daemon [_thread_blocked, id=18068, stack(0x000000ad6ba00000,0x000000ad6bb00000) (1024K)]
  0x0000029a50d77c10 JavaThread "Monitor Deflation Thread"   daemon [_thread_blocked, id=1900, stack(0x000000ad6bb00000,0x000000ad6bc00000) (1024K)]
=>0x0000029a50d7b220 JavaThread "C2 CompilerThread0"         daemon [_thread_in_native, id=11300, stack(0x000000ad6bc00000,0x000000ad6bd00000) (1024K)]
  0x0000029a50d85880 JavaThread "C1 CompilerThread0"         daemon [_thread_blocked, id=22584, stack(0x000000ad6bd00000,0x000000ad6be00000) (1024K)]
  0x0000029a50e89a00 JavaThread "Common-Cleaner"             daemon [_thread_blocked, id=23476, stack(0x000000ad6be00000,0x000000ad6bf00000) (1024K)]
  0x0000029a50eacb30 JavaThread "C1 CompilerThread1"         daemon [_thread_blocked, id=24456, stack(0x000000ad6bf00000,0x000000ad6c000000) (1024K)]
  0x0000029a50ead1d0 JavaThread "C1 CompilerThread2"         daemon [_thread_blocked, id=12352, stack(0x000000ad6c000000,0x000000ad6c100000) (1024K)]
  0x0000029a50eb7390 JavaThread "C1 CompilerThread3"         daemon [_thread_blocked, id=10388, stack(0x000000ad6c100000,0x000000ad6c200000) (1024K)]
  0x0000029a50f66b10 JavaThread "C2 CompilerThread1"         daemon [_thread_blocked, id=22064, stack(0x000000ad6c200000,0x000000ad6c300000) (1024K)]
  0x0000029a570c1990 JavaThread "Notification Thread"        daemon [_thread_blocked, id=24808, stack(0x000000ad6c300000,0x000000ad6c400000) (1024K)]
  0x0000029a571f96e0 JavaThread "C2 CompilerThread2"         daemon [_thread_blocked, id=28312, stack(0x000000ad6c400000,0x000000ad6c500000) (1024K)]
  0x0000029a57aad0c0 JavaThread "C2 CompilerThread3"         daemon [_thread_blocked, id=11016, stack(0x000000ad6cb00000,0x000000ad6cc00000) (1024K)]
  0x0000029a57b4afb0 JavaThread "Active Thread: Equinox Container: 3b8c19de-517e-4d86-adde-2815bbba00eb"        [_thread_blocked, id=9848, stack(0x000000ad6cd00000,0x000000ad6ce00000) (1024K)]
  0x0000029a578b9d60 JavaThread "Refresh Thread: Equinox Container: 3b8c19de-517e-4d86-adde-2815bbba00eb" daemon [_thread_blocked, id=31328, stack(0x000000ad6cf00000,0x000000ad6d000000) (1024K)]
  0x0000029a57974810 JavaThread "Framework Event Dispatcher: Equinox Container: 3b8c19de-517e-4d86-adde-2815bbba00eb" daemon [_thread_blocked, id=10520, stack(0x000000ad6d000000,0x000000ad6d100000) (1024K)]
  0x0000029a57ca1020 JavaThread "Start Level: Equinox Container: 3b8c19de-517e-4d86-adde-2815bbba00eb" daemon [_thread_blocked, id=7188, stack(0x000000ad6d100000,0x000000ad6d200000) (1024K)]
  0x0000029a57c4ab40 JavaThread "Bundle File Closer"         daemon [_thread_blocked, id=22944, stack(0x000000ad6d200000,0x000000ad6d300000) (1024K)]
  0x0000029a5851bcd0 JavaThread "SCR Component Actor"        daemon [_thread_blocked, id=3164, stack(0x000000ad6d600000,0x000000ad6d700000) (1024K)]
  0x0000029a57e5bf70 JavaThread "SCR Component Registry"     daemon [_thread_blocked, id=29376, stack(0x000000ad6d700000,0x000000ad6d800000) (1024K)]
  0x0000029a50e90820 JavaThread "Worker-JM"                         [_thread_blocked, id=28684, stack(0x000000ad6d900000,0x000000ad6da00000) (1024K)]
  0x0000029a50e8f470 JavaThread "JNA Cleaner"                daemon [_thread_blocked, id=22932, stack(0x000000ad6dc00000,0x000000ad6dd00000) (1024K)]
  0x0000029a50e8fb00 JavaThread "Worker-0"                          [_thread_blocked, id=30140, stack(0x000000ad6dd00000,0x000000ad6de00000) (1024K)]
  0x0000029a50e8e750 JavaThread "Worker-1: Java indexing... "        [_thread_blocked, id=14748, stack(0x000000ad6de00000,0x000000ad6df00000) (1024K)]
  0x0000029a50e8ede0 JavaThread "Java indexing"              daemon [_thread_blocked, id=27904, stack(0x000000ad6df00000,0x000000ad6e000000) (1024K)]
  0x0000029a50e90190 JavaThread "Worker-2"                          [_thread_blocked, id=19268, stack(0x000000ad6e200000,0x000000ad6e300000) (1024K)]
  0x0000029a59710ce0 JavaThread "C2 CompilerThread4"         daemon [_thread_blocked, id=19592, stack(0x000000ad6e300000,0x000000ad6e400000) (1024K)]
  0x0000029a50e90eb0 JavaThread "Worker-3: Synchronize Gradle projects with workspace"        [_thread_blocked, id=9820, stack(0x000000ad6e400000,0x000000ad6e500000) (1024K)]
  0x0000029a50e91540 JavaThread "Thread-2"                   daemon [_thread_in_native, id=19204, stack(0x000000ad6e500000,0x000000ad6e600000) (1024K)]
  0x0000029a50e8e0c0 JavaThread "Thread-3"                   daemon [_thread_in_native, id=24128, stack(0x000000ad6e600000,0x000000ad6e700000) (1024K)]
  0x0000029a5b570330 JavaThread "Thread-4"                   daemon [_thread_in_native, id=26516, stack(0x000000ad6e700000,0x000000ad6e800000) (1024K)]
  0x0000029a5b571050 JavaThread "Thread-5"                   daemon [_thread_in_native, id=22432, stack(0x000000ad6e800000,0x000000ad6e900000) (1024K)]
  0x0000029a5b5716e0 JavaThread "Thread-6"                   daemon [_thread_in_native, id=19184, stack(0x000000ad6e900000,0x000000ad6ea00000) (1024K)]
  0x0000029a5b571d70 JavaThread "Thread-7"                   daemon [_thread_in_native, id=8196, stack(0x000000ad6ea00000,0x000000ad6eb00000) (1024K)]
  0x0000029a5b572400 JavaThread "Thread-8"                   daemon [_thread_in_native, id=14968, stack(0x000000ad6eb00000,0x000000ad6ec00000) (1024K)]
  0x0000029a5b572a90 JavaThread "Thread-9"                   daemon [_thread_in_native, id=30096, stack(0x000000ad6ec00000,0x000000ad6ed00000) (1024K)]
  0x0000029a5b573120 JavaThread "Thread-10"                  daemon [_thread_in_native, id=6412, stack(0x000000ad6ed00000,0x000000ad6ee00000) (1024K)]
  0x0000029a5b5737b0 JavaThread "Thread-11"                  daemon [_thread_in_native, id=20880, stack(0x000000ad6ee00000,0x000000ad6ef00000) (1024K)]
  0x0000029a5b573e40 JavaThread "Thread-12"                  daemon [_thread_in_native, id=10972, stack(0x000000ad6ef00000,0x000000ad6f000000) (1024K)]
  0x0000029a5b5709c0 JavaThread "Thread-13"                  daemon [_thread_in_native, id=12564, stack(0x000000ad6f000000,0x000000ad6f100000) (1024K)]
  0x0000029a5b56fca0 JavaThread "Thread-14"                  daemon [_thread_in_native, id=24088, stack(0x000000ad6f100000,0x000000ad6f200000) (1024K)]
  0x0000029a5b5744d0 JavaThread "Thread-15"                  daemon [_thread_in_native, id=11416, stack(0x000000ad6f200000,0x000000ad6f300000) (1024K)]
  0x0000029a5b5765a0 JavaThread "Thread-16"                  daemon [_thread_in_native, id=20392, stack(0x000000ad6f300000,0x000000ad6f400000) (1024K)]
  0x0000029a5b576c30 JavaThread "Thread-17"                  daemon [_thread_in_native, id=30488, stack(0x000000ad6f400000,0x000000ad6f500000) (1024K)]
  0x0000029a5b5772c0 JavaThread "Thread-18"                  daemon [_thread_in_native, id=9404, stack(0x000000ad6f500000,0x000000ad6f600000) (1024K)]
  0x0000029a5b574b60 JavaThread "Thread-19"                  daemon [_thread_in_native, id=17388, stack(0x000000ad6f600000,0x000000ad6f700000) (1024K)]
  0x0000029a5b5751f0 JavaThread "Thread-20"                  daemon [_thread_in_native, id=2060, stack(0x000000ad6f700000,0x000000ad6f800000) (1024K)]
  0x0000029a5b575f10 JavaThread "Thread-21"                  daemon [_thread_in_native, id=29176, stack(0x000000ad6f800000,0x000000ad6f900000) (1024K)]
  0x0000029a5b575880 JavaThread "Thread-22"                  daemon [_thread_in_native, id=22036, stack(0x000000ad6f900000,0x000000ad6fa00000) (1024K)]
  0x0000029a5bab1990 JavaThread "pool-2-thread-1"                   [_thread_blocked, id=25896, stack(0x000000ad6fa00000,0x000000ad6fb00000) (1024K)]
  0x0000029a5baaff50 JavaThread "Timer-0"                           [_thread_blocked, id=8876, stack(0x000000ad6fb00000,0x000000ad6fc00000) (1024K)]
  0x0000029a5bab2020 JavaThread "Timer-1"                           [_thread_blocked, id=21180, stack(0x000000ad6fc00000,0x000000ad6fd00000) (1024K)]
  0x0000029a5bab33d0 JavaThread "WorkspaceEventsHandler"            [_thread_blocked, id=2840, stack(0x000000ad6fe00000,0x000000ad6ff00000) (1024K)]
  0x0000029a5bab05e0 JavaThread "pool-1-thread-1"                   [_thread_blocked, id=1520, stack(0x000000ad6ff00000,0x000000ad70000000) (1024K)]
  0x0000029a5970f870 JavaThread "C2 CompilerThread5"         daemon [_thread_blocked, id=31492, stack(0x000000ad70000000,0x000000ad70100000) (1024K)]
  0x0000029a5bab3a60 JavaThread "Worker-4: Initialize Workspace"        [_thread_blocked, id=18824, stack(0x000000ad70300000,0x000000ad70400000) (1024K)]
  0x0000029a5bab40f0 JavaThread "Worker-5"                          [_thread_blocked, id=21152, stack(0x000000ad70400000,0x000000ad70500000) (1024K)]
  0x0000029a5bab0c70 JavaThread "Timer-2"                           [_thread_blocked, id=18008, stack(0x000000ad70500000,0x000000ad70600000) (1024K)]
  0x0000029a5bab2d40 JavaThread "Timer-3"                           [_thread_blocked, id=30336, stack(0x000000ad6fd00000,0x000000ad6fe00000) (1024K)]
  0x0000029a5bab1300 JavaThread "Timer-4"                           [_thread_blocked, id=27772, stack(0x000000ad70700000,0x000000ad70800000) (1024K)]
  0x0000029a5bab4780 JavaThread "Timer-5"                           [_thread_blocked, id=14876, stack(0x000000ad70600000,0x000000ad70700000) (1024K)]
  0x0000029a5bab54a0 JavaThread "Timer-6"                           [_thread_blocked, id=23492, stack(0x000000ad70800000,0x000000ad70900000) (1024K)]
  0x0000029a5bab5b30 JavaThread "Timer-7"                           [_thread_blocked, id=23920, stack(0x000000ad70900000,0x000000ad70a00000) (1024K)]
  0x0000029a5bab61c0 JavaThread "Connection worker"                 [_thread_blocked, id=20724, stack(0x000000ad70a00000,0x000000ad70b00000) (1024K)]
Total: 68

Other Threads:
  0x0000029a50d653b0 VMThread "VM Thread"                           [id=12616, stack(0x000000ad6b500000,0x000000ad6b600000) (1024K)]
  0x0000029a7f4cca00 WatcherThread "VM Periodic Task Thread"        [id=28972, stack(0x000000ad6b400000,0x000000ad6b500000) (1024K)]
  0x0000029a7a21a230 WorkerThread "GC Thread#0"                     [id=10432, stack(0x000000ad6b300000,0x000000ad6b400000) (1024K)]
  0x0000029a57b89470 WorkerThread "GC Thread#1"                     [id=12476, stack(0x000000ad6c500000,0x000000ad6c600000) (1024K)]
  0x0000029a5746ccd0 WorkerThread "GC Thread#2"                     [id=25276, stack(0x000000ad6c600000,0x000000ad6c700000) (1024K)]
  0x0000029a57612b20 WorkerThread "GC Thread#3"                     [id=26840, stack(0x000000ad6c700000,0x000000ad6c800000) (1024K)]
  0x0000029a57471590 WorkerThread "GC Thread#4"                     [id=26304, stack(0x000000ad6c800000,0x000000ad6c900000) (1024K)]
  0x0000029a579a90b0 WorkerThread "GC Thread#5"                     [id=27064, stack(0x000000ad6c900000,0x000000ad6ca00000) (1024K)]
  0x0000029a579a9450 WorkerThread "GC Thread#6"                     [id=7296, stack(0x000000ad6ca00000,0x000000ad6cb00000) (1024K)]
  0x0000029a57bb0c20 WorkerThread "GC Thread#7"                     [id=28076, stack(0x000000ad6ce00000,0x000000ad6cf00000) (1024K)]
  0x0000029a581463c0 WorkerThread "GC Thread#8"                     [id=16924, stack(0x000000ad6d300000,0x000000ad6d400000) (1024K)]
  0x0000029a57f90b00 WorkerThread "GC Thread#9"                     [id=28276, stack(0x000000ad6d400000,0x000000ad6d500000) (1024K)]
  0x0000029a57f90ea0 WorkerThread "GC Thread#10"                    [id=25644, stack(0x000000ad6d500000,0x000000ad6d600000) (1024K)]
  0x0000029a57f903c0 WorkerThread "GC Thread#11"                    [id=28036, stack(0x000000ad6cc00000,0x000000ad6cd00000) (1024K)]
  0x0000029a57f91980 WorkerThread "GC Thread#12"                    [id=14132, stack(0x000000ad6d800000,0x000000ad6d900000) (1024K)]
  0x0000029a57f91d20 WorkerThread "GC Thread#13"                    [id=27328, stack(0x000000ad6da00000,0x000000ad6db00000) (1024K)]
  0x0000029a57f90760 WorkerThread "GC Thread#14"                    [id=28172, stack(0x000000ad6db00000,0x000000ad6dc00000) (1024K)]
Total: 17

Threads with active compile tasks:
C2 CompilerThread0  7052 9134   !   4       org.eclipse.jdt.internal.compiler.classfmt.ClassFileReader::<init> (2135 bytes)
C2 CompilerThread1  7052 9154   !   4       jdk.internal.reflect.UTF8::encode (191 bytes)
C2 CompilerThread2  7052 9152       4       jdk.internal.module.SystemModuleFinders$SystemModuleReader::find (59 bytes)
C2 CompilerThread3  7052 9143       4       org.eclipse.jdt.internal.compiler.classfmt.FieldInfo::createField (450 bytes)
C2 CompilerThread4  7052 9153       4       jdk.internal.jimage.BasicImageReader::verifyLocation (39 bytes)
C2 CompilerThread5  7052 9129   !   4       org.eclipse.jdt.internal.core.search.indexing.BinaryIndexer::indexDocument (1204 bytes)
Total: 6

VM state: at safepoint (normal execution)

VM Mutex/Monitor currently owned by a thread:  ([mutex/lock_event])
[0x00007fff4876e380] Threads_lock - owner thread: 0x0000029a50d653b0
[0x00007fff4876e480] Heap_lock - owner thread: 0x0000029a50e8ede0

Heap address: 0x00000000c0000000, size: 1024 MB, Compressed Oops mode: 32-bit

CDS archive(s) mapped at: [0x0000029a0f000000-0x0000029a0fba0000-0x0000029a0fba0000), size 12189696, SharedBaseAddress: 0x0000029a0f000000, ArchiveRelocationMode: 1.
Compressed class space mapped at: 0x0000029a10000000-0x0000029a50000000, reserved size: 1073741824
Narrow klass base: 0x0000029a0f000000, Narrow klass shift: 0, Narrow klass range: 0x100000000

GC Precious Log:
 CardTable entry size: 512
 CPUs: 20 total, 20 available
 Memory: 16004M
 Large Page Support: Disabled
 NUMA Support: Disabled
 Compressed Oops: Enabled (32-bit)
 Alignments: Space 512K, Generation 512K, Heap 2M
 Heap Min Capacity: 100M
 Heap Initial Capacity: 100M
 Heap Max Capacity: 1G
 Pre-touch: Disabled
 Parallel Workers: 15

Heap:
 PSYoungGen      total 4608K, used 1010K [0x00000000eab00000, 0x00000000eb080000, 0x0000000100000000)
  eden space 3584K, 0% used [0x00000000eab00000,0x00000000eab00000,0x00000000eae80000)
  from space 1024K, 98% used [0x00000000eaf80000,0x00000000eb07c8e8,0x00000000eb080000)
  to   space 1024K, 0% used [0x00000000eae80000,0x00000000eae80000,0x00000000eaf80000)
 ParOldGen       total 299008K, used 298638K [0x00000000c0000000, 0x00000000d2400000, 0x00000000eab00000)
  object space 299008K, 99% used [0x00000000c0000000,0x00000000d23a3b98,0x00000000d2400000)
 Metaspace       used 63288K, committed 64640K, reserved 1114112K
  class space    used 7652K, committed 8256K, reserved 1048576K

Card table byte_map: [0x0000029a79ba0000,0x0000029a79db0000] _byte_map_base: 0x0000029a795a0000

Marking Bits: (ParMarkBitMap*) 0x00007fff48773260
 Begin Bits: [0x0000029a7d3f0000, 0x0000029a7e3f0000)
 End Bits:   [0x0000029a7e3f0000, 0x0000029a7f3f0000)

Polling page: 0x0000029a77f30000

Metaspace:

Usage:
  Non-class:     54.33 MB used.
      Class:      7.47 MB used.
       Both:     61.80 MB used.

Virtual space:
  Non-class space:       64.00 MB reserved,      55.06 MB ( 86%) committed,  1 nodes.
      Class space:        1.00 GB reserved,       8.06 MB ( <1%) committed,  1 nodes.
             Both:        1.06 GB reserved,      63.12 MB (  6%) committed. 

Chunk freelists:
   Non-Class:  8.98 MB
       Class:  7.83 MB
        Both:  16.81 MB

MaxMetaspaceSize: unlimited
CompressedClassSpaceSize: 1.00 GB
Initial GC threshold: 21.00 MB
Current GC threshold: 98.88 MB
CDS: on
 - commit_granule_bytes: 65536.
 - commit_granule_words: 8192.
 - virtual_space_node_default_size: 8388608.
 - enlarge_chunks_in_place: 1.
 - use_allocation_guard: 0.


Internal statistics:

num_allocs_failed_limit: 13.
num_arena_births: 1102.
num_arena_deaths: 14.
num_vsnodes_births: 2.
num_vsnodes_deaths: 0.
num_space_committed: 1010.
num_space_uncommitted: 0.
num_chunks_returned_to_freelist: 27.
num_chunks_taken_from_freelist: 4057.
num_chunk_merges: 19.
num_chunk_splits: 2525.
num_chunks_enlarged: 1416.
num_inconsistent_stats: 0.

CodeHeap 'non-profiled nmethods': size=119168Kb used=7795Kb max_used=7795Kb free=111372Kb
 bounds [0x0000029a07ba0000, 0x0000029a08340000, 0x0000029a0f000000]
CodeHeap 'profiled nmethods': size=119104Kb used=17274Kb max_used=17714Kb free=101829Kb
 bounds [0x0000029a00000000, 0x0000029a01160000, 0x0000029a07450000]
CodeHeap 'non-nmethods': size=7488Kb used=3088Kb max_used=3217Kb free=4400Kb
 bounds [0x0000029a07450000, 0x0000029a07780000, 0x0000029a07ba0000]
 total_blobs=9025 nmethods=8320 adapters=608
 compilation: enabled
              stopped_count=0, restarted_count=0
 full_count=0

Compilation events (20 events):
Event: 6.017 Thread 0x0000029a50eacb30 9151       3       java.lang.ClassValue$Entry::assertNotPromise (22 bytes)
Event: 6.017 Thread 0x0000029a571f96e0 9152       4       jdk.internal.module.SystemModuleFinders$SystemModuleReader::find (59 bytes)
Event: 6.017 Thread 0x0000029a59710ce0 9153       4       jdk.internal.jimage.BasicImageReader::verifyLocation (39 bytes)
Event: 6.017 Thread 0x0000029a50d85880 nmethod 9150 0x0000029a00723110 code [0x0000029a007232c0, 0x0000029a00723438]
Event: 6.018 Thread 0x0000029a50eb7390 nmethod 9149 0x0000029a002ed190 code [0x0000029a002ed340, 0x0000029a002ed570]
Event: 6.018 Thread 0x0000029a50eacb30 nmethod 9151 0x0000029a00776e90 code [0x0000029a00777020, 0x0000029a00777138]
Event: 6.018 Thread 0x0000029a50d85880 9157       3       org.eclipse.jdt.internal.compiler.classfmt.MethodInfo::decodeParamAnnotations (125 bytes)
Event: 6.019 Thread 0x0000029a50d85880 nmethod 9157 0x0000029a0072d610 code [0x0000029a0072d820, 0x0000029a0072e038]
Event: 6.021 Thread 0x0000029a50d85880 9160       2       java.lang.Short::reverseBytes (14 bytes)
Event: 6.021 Thread 0x0000029a50d85880 nmethod 9160 0x0000029a008a0b90 code [0x0000029a008a0d20, 0x0000029a008a0e20]
Event: 6.022 Thread 0x0000029a50f66b10 nmethod 9140 0x0000029a08338710 code [0x0000029a08338b20, 0x0000029a0833ad58]
Event: 6.023 Thread 0x0000029a50eacb30 9162       3       java.util.regex.Pattern$TreeInfo::<init> (9 bytes)
Event: 6.023 Thread 0x0000029a50d85880 9163       3       java.util.regex.Pattern$$Lambda/0x800000029::<init> (10 bytes)
Event: 6.023 Thread 0x0000029a50eb7390 9164       3       java.util.regex.Pattern$Start::<init> (35 bytes)
Event: 6.023 Thread 0x0000029a50ead1d0 9165       3       java.util.regex.Pattern::Single (7 bytes)
Event: 6.023 Thread 0x0000029a50eacb30 nmethod 9162 0x0000029a002f1a10 code [0x0000029a002f1bc0, 0x0000029a002f1da0]
Event: 6.023 Thread 0x0000029a50d85880 nmethod 9163 0x0000029a00948210 code [0x0000029a009483c0, 0x0000029a00948528]
Event: 6.023 Thread 0x0000029a50f66b10 9154   !   4       jdk.internal.reflect.UTF8::encode (191 bytes)
Event: 6.023 Thread 0x0000029a50eb7390 nmethod 9164 0x0000029a000cc790 code [0x0000029a000cc960, 0x0000029a000ccdc8]
Event: 6.023 Thread 0x0000029a50ead1d0 nmethod 9165 0x0000029a00100390 code [0x0000029a00100580, 0x0000029a00100a90]

GC Heap History (20 events):
Event: 5.861 GC heap after
{Heap after GC invocations=299 (full 3):
 PSYoungGen      total 4608K, used 753K [0x00000000eab00000, 0x00000000eb080000, 0x0000000100000000)
  eden space 3584K, 0% used [0x00000000eab00000,0x00000000eab00000,0x00000000eae80000)
  from space 1024K, 73% used [0x00000000eaf80000,0x00000000eb03c4f0,0x00000000eb080000)
  to   space 1024K, 0% used [0x00000000eae80000,0x00000000eae80000,0x00000000eaf80000)
 ParOldGen       total 292864K, used 292377K [0x00000000c0000000, 0x00000000d1e00000, 0x00000000eab00000)
  object space 292864K, 99% used [0x00000000c0000000,0x00000000d1d866a8,0x00000000d1e00000)
 Metaspace       used 63275K, committed 64640K, reserved 1114112K
  class space    used 7650K, committed 8256K, reserved 1048576K
}
Event: 5.865 GC heap before
{Heap before GC invocations=300 (full 3):
 PSYoungGen      total 4608K, used 4337K [0x00000000eab00000, 0x00000000eb080000, 0x0000000100000000)
  eden space 3584K, 100% used [0x00000000eab00000,0x00000000eae80000,0x00000000eae80000)
  from space 1024K, 73% used [0x00000000eaf80000,0x00000000eb03c4f0,0x00000000eb080000)
  to   space 1024K, 0% used [0x00000000eae80000,0x00000000eae80000,0x00000000eaf80000)
 ParOldGen       total 292864K, used 292377K [0x00000000c0000000, 0x00000000d1e00000, 0x00000000eab00000)
  object space 292864K, 99% used [0x00000000c0000000,0x00000000d1d866a8,0x00000000d1e00000)
 Metaspace       used 63275K, committed 64640K, reserved 1114112K
  class space    used 7650K, committed 8256K, reserved 1048576K
}
Event: 5.866 GC heap after
{Heap after GC invocations=300 (full 3):
 PSYoungGen      total 4608K, used 801K [0x00000000eab00000, 0x00000000eb080000, 0x0000000100000000)
  eden space 3584K, 0% used [0x00000000eab00000,0x00000000eab00000,0x00000000eae80000)
  from space 1024K, 78% used [0x00000000eae80000,0x00000000eaf48618,0x00000000eaf80000)
  to   space 1024K, 0% used [0x00000000eaf80000,0x00000000eaf80000,0x00000000eb080000)
 ParOldGen       total 293376K, used 292935K [0x00000000c0000000, 0x00000000d1e80000, 0x00000000eab00000)
  object space 293376K, 99% used [0x00000000c0000000,0x00000000d1e11e90,0x00000000d1e80000)
 Metaspace       used 63275K, committed 64640K, reserved 1114112K
  class space    used 7650K, committed 8256K, reserved 1048576K
}
Event: 5.869 GC heap before
{Heap before GC invocations=301 (full 3):
 PSYoungGen      total 4608K, used 4385K [0x00000000eab00000, 0x00000000eb080000, 0x0000000100000000)
  eden space 3584K, 100% used [0x00000000eab00000,0x00000000eae80000,0x00000000eae80000)
  from space 1024K, 78% used [0x00000000eae80000,0x00000000eaf48618,0x00000000eaf80000)
  to   space 1024K, 0% used [0x00000000eaf80000,0x00000000eaf80000,0x00000000eb080000)
 ParOldGen       total 293376K, used 292935K [0x00000000c0000000, 0x00000000d1e80000, 0x00000000eab00000)
  object space 293376K, 99% used [0x00000000c0000000,0x00000000d1e11e90,0x00000000d1e80000)
 Metaspace       used 63275K, committed 64640K, reserved 1114112K
  class space    used 7650K, committed 8256K, reserved 1048576K
}
Event: 5.870 GC heap after
{Heap after GC invocations=301 (full 3):
 PSYoungGen      total 4608K, used 883K [0x00000000eab00000, 0x00000000eb080000, 0x0000000100000000)
  eden space 3584K, 0% used [0x00000000eab00000,0x00000000eab00000,0x00000000eae80000)
  from space 1024K, 86% used [0x00000000eaf80000,0x00000000eb05ce58,0x00000000eb080000)
  to   space 1024K, 0% used [0x00000000eae80000,0x00000000eae80000,0x00000000eaf80000)
 ParOldGen       total 293888K, used 293494K [0x00000000c0000000, 0x00000000d1f00000, 0x00000000eab00000)
  object space 293888K, 99% used [0x00000000c0000000,0x00000000d1e9d890,0x00000000d1f00000)
 Metaspace       used 63275K, committed 64640K, reserved 1114112K
  class space    used 7650K, committed 8256K, reserved 1048576K
}
Event: 5.873 GC heap before
{Heap before GC invocations=302 (full 3):
 PSYoungGen      total 4608K, used 4467K [0x00000000eab00000, 0x00000000eb080000, 0x0000000100000000)
  eden space 3584K, 100% used [0x00000000eab00000,0x00000000eae80000,0x00000000eae80000)
  from space 1024K, 86% used [0x00000000eaf80000,0x00000000eb05ce58,0x00000000eb080000)
  to   space 1024K, 0% used [0x00000000eae80000,0x00000000eae80000,0x00000000eaf80000)
 ParOldGen       total 293888K, used 293494K [0x00000000c0000000, 0x00000000d1f00000, 0x00000000eab00000)
  object space 293888K, 99% used [0x00000000c0000000,0x00000000d1e9d890,0x00000000d1f00000)
 Metaspace       used 63275K, committed 64640K, reserved 1114112K
  class space    used 7650K, committed 8256K, reserved 1048576K
}
Event: 5.874 GC heap after
{Heap after GC invocations=302 (full 3):
 PSYoungGen      total 4608K, used 752K [0x00000000eab00000, 0x00000000eb080000, 0x0000000100000000)
  eden space 3584K, 0% used [0x00000000eab00000,0x00000000eab00000,0x00000000eae80000)
  from space 1024K, 73% used [0x00000000eae80000,0x00000000eaf3c170,0x00000000eaf80000)
  to   space 1024K, 0% used [0x00000000eaf80000,0x00000000eaf80000,0x00000000eb080000)
 ParOldGen       total 294400K, used 294099K [0x00000000c0000000, 0x00000000d1f80000, 0x00000000eab00000)
  object space 294400K, 99% used [0x00000000c0000000,0x00000000d1f34e68,0x00000000d1f80000)
 Metaspace       used 63275K, committed 64640K, reserved 1114112K
  class space    used 7650K, committed 8256K, reserved 1048576K
}
Event: 5.878 GC heap before
{Heap before GC invocations=303 (full 3):
 PSYoungGen      total 4608K, used 4333K [0x00000000eab00000, 0x00000000eb080000, 0x0000000100000000)
  eden space 3584K, 99% used [0x00000000eab00000,0x00000000eae7f2b0,0x00000000eae80000)
  from space 1024K, 73% used [0x00000000eae80000,0x00000000eaf3c170,0x00000000eaf80000)
  to   space 1024K, 0% used [0x00000000eaf80000,0x00000000eaf80000,0x00000000eb080000)
 ParOldGen       total 294400K, used 294099K [0x00000000c0000000, 0x00000000d1f80000, 0x00000000eab00000)
  object space 294400K, 99% used [0x00000000c0000000,0x00000000d1f34e68,0x00000000d1f80000)
 Metaspace       used 63275K, committed 64640K, reserved 1114112K
  class space    used 7650K, committed 8256K, reserved 1048576K
}
Event: 5.878 GC heap after
{Heap after GC invocations=303 (full 3):
 PSYoungGen      total 4608K, used 848K [0x00000000eab00000, 0x00000000eb080000, 0x0000000100000000)
  eden space 3584K, 0% used [0x00000000eab00000,0x00000000eab00000,0x00000000eae80000)
  from space 1024K, 82% used [0x00000000eaf80000,0x00000000eb0541f0,0x00000000eb080000)
  to   space 1024K, 0% used [0x00000000eae80000,0x00000000eae80000,0x00000000eaf80000)
 ParOldGen       total 294912K, used 294697K [0x00000000c0000000, 0x00000000d2000000, 0x00000000eab00000)
  object space 294912K, 99% used [0x00000000c0000000,0x00000000d1fca7d0,0x00000000d2000000)
 Metaspace       used 63275K, committed 64640K, reserved 1114112K
  class space    used 7650K, committed 8256K, reserved 1048576K
}
Event: 5.994 GC heap before
{Heap before GC invocations=304 (full 3):
 PSYoungGen      total 4608K, used 4432K [0x00000000eab00000, 0x00000000eb080000, 0x0000000100000000)
  eden space 3584K, 100% used [0x00000000eab00000,0x00000000eae80000,0x00000000eae80000)
  from space 1024K, 82% used [0x00000000eaf80000,0x00000000eb0541f0,0x00000000eb080000)
  to   space 1024K, 0% used [0x00000000eae80000,0x00000000eae80000,0x00000000eaf80000)
 ParOldGen       total 294912K, used 294697K [0x00000000c0000000, 0x00000000d2000000, 0x00000000eab00000)
  object space 294912K, 99% used [0x00000000c0000000,0x00000000d1fca7d0,0x00000000d2000000)
 Metaspace       used 63275K, committed 64640K, reserved 1114112K
  class space    used 7650K, committed 8256K, reserved 1048576K
}
Event: 5.995 GC heap after
{Heap after GC invocations=304 (full 3):
 PSYoungGen      total 4608K, used 729K [0x00000000eab00000, 0x00000000eb080000, 0x0000000100000000)
  eden space 3584K, 0% used [0x00000000eab00000,0x00000000eab00000,0x00000000eae80000)
  from space 1024K, 71% used [0x00000000eae80000,0x00000000eaf366f0,0x00000000eaf80000)
  to   space 1024K, 0% used [0x00000000eaf80000,0x00000000eaf80000,0x00000000eb080000)
 ParOldGen       total 295424K, used 295257K [0x00000000c0000000, 0x00000000d2080000, 0x00000000eab00000)
  object space 295424K, 99% used [0x00000000c0000000,0x00000000d2056738,0x00000000d2080000)
 Metaspace       used 63275K, committed 64640K, reserved 1114112K
  class space    used 7650K, committed 8256K, reserved 1048576K
}
Event: 6.002 GC heap before
{Heap before GC invocations=305 (full 3):
 PSYoungGen      total 4608K, used 4313K [0x00000000eab00000, 0x00000000eb080000, 0x0000000100000000)
  eden space 3584K, 100% used [0x00000000eab00000,0x00000000eae80000,0x00000000eae80000)
  from space 1024K, 71% used [0x00000000eae80000,0x00000000eaf366f0,0x00000000eaf80000)
  to   space 1024K, 0% used [0x00000000eaf80000,0x00000000eaf80000,0x00000000eb080000)
 ParOldGen       total 295424K, used 295257K [0x00000000c0000000, 0x00000000d2080000, 0x00000000eab00000)
  object space 295424K, 99% used [0x00000000c0000000,0x00000000d2056738,0x00000000d2080000)
 Metaspace       used 63275K, committed 64640K, reserved 1114112K
  class space    used 7650K, committed 8256K, reserved 1048576K
}
Event: 6.003 GC heap after
{Heap after GC invocations=305 (full 3):
 PSYoungGen      total 4608K, used 832K [0x00000000eab00000, 0x00000000eb080000, 0x0000000100000000)
  eden space 3584K, 0% used [0x00000000eab00000,0x00000000eab00000,0x00000000eae80000)
  from space 1024K, 81% used [0x00000000eaf80000,0x00000000eb050000,0x00000000eb080000)
  to   space 1024K, 0% used [0x00000000eae80000,0x00000000eae80000,0x00000000eaf80000)
 ParOldGen       total 295936K, used 295756K [0x00000000c0000000, 0x00000000d2100000, 0x00000000eab00000)
  object space 295936K, 99% used [0x00000000c0000000,0x00000000d20d3130,0x00000000d2100000)
 Metaspace       used 63275K, committed 64640K, reserved 1114112K
  class space    used 7650K, committed 8256K, reserved 1048576K
}
Event: 6.007 GC heap before
{Heap before GC invocations=306 (full 3):
 PSYoungGen      total 4608K, used 4416K [0x00000000eab00000, 0x00000000eb080000, 0x0000000100000000)
  eden space 3584K, 100% used [0x00000000eab00000,0x00000000eae80000,0x00000000eae80000)
  from space 1024K, 81% used [0x00000000eaf80000,0x00000000eb050000,0x00000000eb080000)
  to   space 1024K, 0% used [0x00000000eae80000,0x00000000eae80000,0x00000000eaf80000)
 ParOldGen       total 295936K, used 295756K [0x00000000c0000000, 0x00000000d2100000, 0x00000000eab00000)
  object space 295936K, 99% used [0x00000000c0000000,0x00000000d20d3130,0x00000000d2100000)
 Metaspace       used 63275K, committed 64640K, reserved 1114112K
  class space    used 7650K, committed 8256K, reserved 1048576K
}
Event: 6.008 GC heap after
{Heap after GC invocations=306 (full 3):
 PSYoungGen      total 4608K, used 864K [0x00000000eab00000, 0x00000000eb080000, 0x0000000100000000)
  eden space 3584K, 0% used [0x00000000eab00000,0x00000000eab00000,0x00000000eae80000)
  from space 1024K, 84% used [0x00000000eae80000,0x00000000eaf58000,0x00000000eaf80000)
  to   space 1024K, 0% used [0x00000000eaf80000,0x00000000eaf80000,0x00000000eb080000)
 ParOldGen       total 296960K, used 296478K [0x00000000c0000000, 0x00000000d2200000, 0x00000000eab00000)
  object space 296960K, 99% used [0x00000000c0000000,0x00000000d2187930,0x00000000d2200000)
 Metaspace       used 63275K, committed 64640K, reserved 1114112K
  class space    used 7650K, committed 8256K, reserved 1048576K
}
Event: 6.012 GC heap before
{Heap before GC invocations=307 (full 3):
 PSYoungGen      total 4608K, used 4448K [0x00000000eab00000, 0x00000000eb080000, 0x0000000100000000)
  eden space 3584K, 100% used [0x00000000eab00000,0x00000000eae80000,0x00000000eae80000)
  from space 1024K, 84% used [0x00000000eae80000,0x00000000eaf58000,0x00000000eaf80000)
  to   space 1024K, 0% used [0x00000000eaf80000,0x00000000eaf80000,0x00000000eb080000)
 ParOldGen       total 296960K, used 296478K [0x00000000c0000000, 0x00000000d2200000, 0x00000000eab00000)
  object space 296960K, 99% used [0x00000000c0000000,0x00000000d2187930,0x00000000d2200000)
 Metaspace       used 63275K, committed 64640K, reserved 1114112K
  class space    used 7650K, committed 8256K, reserved 1048576K
}
Event: 6.013 GC heap after
{Heap after GC invocations=307 (full 3):
 PSYoungGen      total 4608K, used 928K [0x00000000eab00000, 0x00000000eb080000, 0x0000000100000000)
  eden space 3584K, 0% used [0x00000000eab00000,0x00000000eab00000,0x00000000eae80000)
  from space 1024K, 90% used [0x00000000eaf80000,0x00000000eb068000,0x00000000eb080000)
  to   space 1024K, 0% used [0x00000000eae80000,0x00000000eae80000,0x00000000eaf80000)
 ParOldGen       total 297472K, used 297216K [0x00000000c0000000, 0x00000000d2280000, 0x00000000eab00000)
  object space 297472K, 99% used [0x00000000c0000000,0x00000000d2240110,0x00000000d2280000)
 Metaspace       used 63275K, committed 64640K, reserved 1114112K
  class space    used 7650K, committed 8256K, reserved 1048576K
}
Event: 6.019 GC heap before
{Heap before GC invocations=308 (full 3):
 PSYoungGen      total 4608K, used 4512K [0x00000000eab00000, 0x00000000eb080000, 0x0000000100000000)
  eden space 3584K, 100% used [0x00000000eab00000,0x00000000eae80000,0x00000000eae80000)
  from space 1024K, 90% used [0x00000000eaf80000,0x00000000eb068000,0x00000000eb080000)
  to   space 1024K, 0% used [0x00000000eae80000,0x00000000eae80000,0x00000000eaf80000)
 ParOldGen       total 297472K, used 297216K [0x00000000c0000000, 0x00000000d2280000, 0x00000000eab00000)
  object space 297472K, 99% used [0x00000000c0000000,0x00000000d2240110,0x00000000d2280000)
 Metaspace       used 63286K, committed 64640K, reserved 1114112K
  class space    used 7651K, committed 8256K, reserved 1048576K
}
Event: 6.019 GC heap after
{Heap after GC invocations=308 (full 3):
 PSYoungGen      total 4608K, used 978K [0x00000000eab00000, 0x00000000eb080000, 0x0000000100000000)
  eden space 3584K, 0% used [0x00000000eab00000,0x00000000eab00000,0x00000000eae80000)
  from space 1024K, 95% used [0x00000000eae80000,0x00000000eaf74bc8,0x00000000eaf80000)
  to   space 1024K, 0% used [0x00000000eaf80000,0x00000000eaf80000,0x00000000eb080000)
 ParOldGen       total 297984K, used 297892K [0x00000000c0000000, 0x00000000d2300000, 0x00000000eab00000)
  object space 297984K, 99% used [0x00000000c0000000,0x00000000d22e91f8,0x00000000d2300000)
 Metaspace       used 63286K, committed 64640K, reserved 1114112K
  class space    used 7651K, committed 8256K, reserved 1048576K
}
Event: 6.025 GC heap before
{Heap before GC invocations=309 (full 3):
 PSYoungGen      total 4608K, used 4408K [0x00000000eab00000, 0x00000000eb080000, 0x0000000100000000)
  eden space 3584K, 95% used [0x00000000eab00000,0x00000000eae59570,0x00000000eae80000)
  from space 1024K, 95% used [0x00000000eae80000,0x00000000eaf74bc8,0x00000000eaf80000)
  to   space 1024K, 0% used [0x00000000eaf80000,0x00000000eaf80000,0x00000000eb080000)
 ParOldGen       total 297984K, used 297892K [0x00000000c0000000, 0x00000000d2300000, 0x00000000eab00000)
  object space 297984K, 99% used [0x00000000c0000000,0x00000000d22e91f8,0x00000000d2300000)
 Metaspace       used 63288K, committed 64640K, reserved 1114112K
  class space    used 7652K, committed 8256K, reserved 1048576K
}

Dll operation events (13 events):
Event: 0.007 Loaded shared library c:\Users\DIGI ROUTE\.vscode\extensions\redhat.java-1.41.1-win32-x64\jre\21.0.6-win32-x86_64\bin\java.dll
Event: 0.045 Loaded shared library c:\Users\DIGI ROUTE\.vscode\extensions\redhat.java-1.41.1-win32-x64\jre\21.0.6-win32-x86_64\bin\zip.dll
Event: 0.055 Loaded shared library C:\Users\DIGI ROUTE\.vscode\extensions\redhat.java-1.41.1-win32-x64\jre\21.0.6-win32-x86_64\bin\instrument.dll
Event: 0.058 Loaded shared library C:\Users\DIGI ROUTE\.vscode\extensions\redhat.java-1.41.1-win32-x64\jre\21.0.6-win32-x86_64\bin\net.dll
Event: 0.059 Loaded shared library C:\Users\DIGI ROUTE\.vscode\extensions\redhat.java-1.41.1-win32-x64\jre\21.0.6-win32-x86_64\bin\nio.dll
Event: 0.060 Loaded shared library C:\Users\DIGI ROUTE\.vscode\extensions\redhat.java-1.41.1-win32-x64\jre\21.0.6-win32-x86_64\bin\zip.dll
Event: 0.070 Loaded shared library C:\Users\DIGI ROUTE\.vscode\extensions\redhat.java-1.41.1-win32-x64\jre\21.0.6-win32-x86_64\bin\jimage.dll
Event: 0.105 Loaded shared library c:\Users\DIGI ROUTE\.vscode\extensions\redhat.java-1.41.1-win32-x64\jre\21.0.6-win32-x86_64\bin\verify.dll
Event: 0.631 Loaded shared library C:\Users\DIGI ROUTE\AppData\Roaming\Code\User\globalStorage\redhat.java\1.41.1\config_win\org.eclipse.equinox.launcher\org.eclipse.equinox.launcher.win32.win32.x86_64_1.2.1300.v20250331-1702\eclipse_11911.dll
Event: 1.385 Loaded shared library C:\Users\DIGI ROUTE\AppData\Local\Temp\jna-1264834800\jna3975991036342033680.dll
Event: 2.760 Loaded shared library C:\Users\DIGI ROUTE\.gradle\native\c067742578af261105cb4f569cf0c3c89f3d7b1fecec35dd04571415982c5e48\windows-amd64\native-platform.dll
Event: 3.787 Loaded shared library C:\Users\DIGI ROUTE\.vscode\extensions\redhat.java-1.41.1-win32-x64\jre\21.0.6-win32-x86_64\bin\management.dll
Event: 3.789 Loaded shared library C:\Users\DIGI ROUTE\.vscode\extensions\redhat.java-1.41.1-win32-x64\jre\21.0.6-win32-x86_64\bin\management_ext.dll

Deoptimization events (20 events):
Event: 5.877 Thread 0x0000029a50e8ede0 DEOPT PACKING pc=0x0000029a0115469a sp=0x000000ad6dffe790
Event: 5.877 Thread 0x0000029a50e8ede0 DEOPT UNPACKING pc=0x0000029a074a4242 sp=0x000000ad6dffdd18 mode 0
Event: 5.993 Thread 0x0000029a50e8ede0 DEOPT PACKING pc=0x0000029a0115469a sp=0x000000ad6dffe790
Event: 5.993 Thread 0x0000029a50e8ede0 DEOPT UNPACKING pc=0x0000029a074a4242 sp=0x000000ad6dffdd18 mode 0
Event: 6.001 Thread 0x0000029a50e8ede0 DEOPT PACKING pc=0x0000029a0115469a sp=0x000000ad6dffe790
Event: 6.001 Thread 0x0000029a50e8ede0 DEOPT UNPACKING pc=0x0000029a074a4242 sp=0x000000ad6dffdd18 mode 0
Event: 6.006 Thread 0x0000029a50e8ede0 DEOPT PACKING pc=0x0000029a0115469a sp=0x000000ad6dffe790
Event: 6.006 Thread 0x0000029a50e8ede0 DEOPT UNPACKING pc=0x0000029a074a4242 sp=0x000000ad6dffdd18 mode 0
Event: 6.011 Thread 0x0000029a50e8ede0 DEOPT PACKING pc=0x0000029a0115469a sp=0x000000ad6dffe9c0
Event: 6.011 Thread 0x0000029a50e8ede0 DEOPT UNPACKING pc=0x0000029a074a4242 sp=0x000000ad6dffdf48 mode 0
Event: 6.016 Thread 0x0000029a50e8ede0 DEOPT PACKING pc=0x0000029a0115469a sp=0x000000ad6dffe9c0
Event: 6.016 Thread 0x0000029a50e8ede0 DEOPT UNPACKING pc=0x0000029a074a4242 sp=0x000000ad6dffdf48 mode 0
Event: 6.017 Thread 0x0000029a5bab61c0 Uncommon trap: trap_request=0xffffff45 fr.pc=0x0000029a082b445c relative=0x000000000000379c
Event: 6.017 Thread 0x0000029a5bab61c0 Uncommon trap: reason=unstable_if action=reinterpret pc=0x0000029a082b445c method=org.gradle.internal.daemon.client.serialization.ClasspathInferer.find(Ljava/lang/Class;Ljava/util/Collection;Ljava/util/Collection;)V @ 73 c2
Event: 6.018 Thread 0x0000029a5bab61c0 DEOPT PACKING pc=0x0000029a082b445c sp=0x000000ad70afdd30
Event: 6.018 Thread 0x0000029a5bab61c0 DEOPT UNPACKING pc=0x0000029a074a3aa2 sp=0x000000ad70afdd00 mode 2
Event: 6.020 Thread 0x0000029a50e8ede0 DEOPT PACKING pc=0x0000029a0115469a sp=0x000000ad6dffe9c0
Event: 6.020 Thread 0x0000029a50e8ede0 DEOPT UNPACKING pc=0x0000029a074a4242 sp=0x000000ad6dffdf48 mode 0
Event: 6.025 Thread 0x0000029a50e8ede0 DEOPT PACKING pc=0x0000029a0115469a sp=0x000000ad6dffe9c0
Event: 6.025 Thread 0x0000029a50e8ede0 DEOPT UNPACKING pc=0x0000029a074a4242 sp=0x000000ad6dffdf48 mode 0

Classes loaded (20 events):
Event: 5.007 Loading class java/util/PrimitiveIterator done
Event: 5.007 Loading class java/util/PrimitiveIterator$OfDouble done
Event: 5.008 Loading class java/util/PrimitiveIterator$OfLong
Event: 5.008 Loading class java/util/PrimitiveIterator$OfLong done
Event: 5.008 Loading class java/util/PrimitiveIterator$OfInt
Event: 5.008 Loading class java/util/PrimitiveIterator$OfInt done
Event: 5.009 Loading class java/util/stream/LongStream
Event: 5.009 Loading class java/util/stream/LongStream done
Event: 5.009 Loading class java/util/stream/DoubleStream
Event: 5.010 Loading class java/util/stream/DoubleStream done
Event: 5.078 Loading class java/util/concurrent/atomic/AtomicIntegerFieldUpdater
Event: 5.078 Loading class java/util/concurrent/atomic/AtomicIntegerFieldUpdater done
Event: 5.094 Loading class java/util/concurrent/LinkedBlockingDeque
Event: 5.094 Loading class java/util/concurrent/BlockingDeque
Event: 5.094 Loading class java/util/concurrent/BlockingDeque done
Event: 5.094 Loading class java/util/concurrent/LinkedBlockingDeque done
Event: 5.094 Loading class java/util/concurrent/PriorityBlockingQueue
Event: 5.094 Loading class java/util/concurrent/PriorityBlockingQueue done
Event: 5.230 Loading class java/io/ObjectStreamClass$ExceptionInfo
Event: 5.230 Loading class java/io/ObjectStreamClass$ExceptionInfo done

Classes unloaded (7 events):
Event: 1.730 Thread 0x0000029a50d653b0 Unloading class 0x0000029a1019c400 'java/lang/invoke/LambdaForm$MH+0x0000029a1019c400'
Event: 1.730 Thread 0x0000029a50d653b0 Unloading class 0x0000029a1019c000 'java/lang/invoke/LambdaForm$MH+0x0000029a1019c000'
Event: 1.730 Thread 0x0000029a50d653b0 Unloading class 0x0000029a1019bc00 'java/lang/invoke/LambdaForm$MH+0x0000029a1019bc00'
Event: 1.730 Thread 0x0000029a50d653b0 Unloading class 0x0000029a1019b800 'java/lang/invoke/LambdaForm$MH+0x0000029a1019b800'
Event: 1.730 Thread 0x0000029a50d653b0 Unloading class 0x0000029a1019b400 'java/lang/invoke/LambdaForm$BMH+0x0000029a1019b400'
Event: 1.730 Thread 0x0000029a50d653b0 Unloading class 0x0000029a1019b000 'java/lang/invoke/LambdaForm$DMH+0x0000029a1019b000'
Event: 1.730 Thread 0x0000029a50d653b0 Unloading class 0x0000029a10199c00 'java/lang/invoke/LambdaForm$DMH+0x0000029a10199c00'

Classes redefined (0 events):
No events

Internal exceptions (20 events):
Event: 3.760 Thread 0x0000029a5bab3a60 Exception <a 'sun/nio/fs/WindowsException'{0x00000000eae56418}> (0x00000000eae56418) 
thrown [s\src\hotspot\share\prims\jni.cpp, line 520]
Event: 3.850 Thread 0x0000029a5bab05e0 Exception <a 'java/lang/IncompatibleClassChangeError'{0x00000000eae4f488}: Found class java.lang.Object, but interface was expected> (0x00000000eae4f488) 
thrown [s\src\hotspot\share\interpreter\linkResolver.cpp, line 840]
Event: 3.876 Thread 0x0000029a5bab3a60 Exception <a 'sun/nio/fs/WindowsException'{0x00000000eac98188}> (0x00000000eac98188) 
thrown [s\src\hotspot\share\prims\jni.cpp, line 520]
Event: 3.876 Thread 0x0000029a5bab3a60 Exception <a 'sun/nio/fs/WindowsException'{0x00000000eac987a8}> (0x00000000eac987a8) 
thrown [s\src\hotspot\share\prims\jni.cpp, line 520]
Event: 3.876 Thread 0x0000029a5bab3a60 Exception <a 'sun/nio/fs/WindowsException'{0x00000000eac98dc8}> (0x00000000eac98dc8) 
thrown [s\src\hotspot\share\prims\jni.cpp, line 520]
Event: 3.876 Thread 0x0000029a5bab3a60 Exception <a 'sun/nio/fs/WindowsException'{0x00000000eac99400}> (0x00000000eac99400) 
thrown [s\src\hotspot\share\prims\jni.cpp, line 520]
Event: 3.877 Thread 0x0000029a5bab3a60 Exception <a 'sun/nio/fs/WindowsException'{0x00000000eac9f9f8}> (0x00000000eac9f9f8) 
thrown [s\src\hotspot\share\prims\jni.cpp, line 520]
Event: 3.877 Thread 0x0000029a5bab3a60 Exception <a 'sun/nio/fs/WindowsException'{0x00000000eaca0050}> (0x00000000eaca0050) 
thrown [s\src\hotspot\share\prims\jni.cpp, line 520]
Event: 3.877 Thread 0x0000029a5bab3a60 Exception <a 'sun/nio/fs/WindowsException'{0x00000000eaca06b0}> (0x00000000eaca06b0) 
thrown [s\src\hotspot\share\prims\jni.cpp, line 520]
Event: 3.877 Thread 0x0000029a5bab3a60 Exception <a 'sun/nio/fs/WindowsException'{0x00000000eaca0d20}> (0x00000000eaca0d20) 
thrown [s\src\hotspot\share\prims\jni.cpp, line 520]
Event: 3.877 Thread 0x0000029a5bab3a60 Exception <a 'sun/nio/fs/WindowsException'{0x00000000eace0b58}> (0x00000000eace0b58) 
thrown [s\src\hotspot\share\prims\jni.cpp, line 520]
Event: 3.877 Thread 0x0000029a5bab3a60 Exception <a 'sun/nio/fs/WindowsException'{0x00000000eace1188}> (0x00000000eace1188) 
thrown [s\src\hotspot\share\prims\jni.cpp, line 520]
Event: 3.877 Thread 0x0000029a5bab3a60 Exception <a 'sun/nio/fs/WindowsException'{0x00000000eace17b8}> (0x00000000eace17b8) 
thrown [s\src\hotspot\share\prims\jni.cpp, line 520]
Event: 3.877 Thread 0x0000029a5bab3a60 Exception <a 'sun/nio/fs/WindowsException'{0x00000000eace1e08}> (0x00000000eace1e08) 
thrown [s\src\hotspot\share\prims\jni.cpp, line 520]
Event: 4.150 Thread 0x0000029a50e8ede0 Implicit null exception at 0x0000029a080dcafb to 0x0000029a080e097c
Event: 4.420 Thread 0x0000029a50e8fb00 Exception <a 'java/lang/NoSuchMethodError'{0x00000000eb560da8}: 'java.lang.Object java.lang.invoke.Invokers$Holder.invoke_MT(java.lang.Object, java.lang.Object, java.lang.Object, java.lang.Object, java.lang.Object, java.lang.Object, java.lang.Object, java.lang.Object, java.lang.Object, java.lang.Object)'> (0x00000000eb560da8) 
thrown [s\src\hotspot\share\interpreter\linkResolver.cpp, line 773]
Event: 4.674 Thread 0x0000029a50e8fb00 Exception <a 'java/io/FileNotFoundException'{0x00000000ead8d9d8}> (0x00000000ead8d9d8) 
thrown [s\src\hotspot\share\prims\jni.cpp, line 520]
Event: 4.674 Thread 0x0000029a50e8fb00 Exception <a 'java/io/FileNotFoundException'{0x00000000ead8ea00}> (0x00000000ead8ea00) 
thrown [s\src\hotspot\share\prims\jni.cpp, line 520]
Event: 4.674 Thread 0x0000029a50e8fb00 Exception <a 'java/io/FileNotFoundException'{0x00000000ead8f780}> (0x00000000ead8f780) 
thrown [s\src\hotspot\share\prims\jni.cpp, line 520]
Event: 4.758 Thread 0x0000029a50e8ede0 Implicit null exception at 0x0000029a0805dc20 to 0x0000029a0805e9e4

ZGC Phase Switch (0 events):
No events

VM Operations (20 events):
Event: 5.861 Executing VM operation: ParallelGCFailedAllocation (Allocation Failure) done
Event: 5.865 Executing VM operation: ParallelGCFailedAllocation (Allocation Failure)
Event: 5.866 Executing VM operation: ParallelGCFailedAllocation (Allocation Failure) done
Event: 5.869 Executing VM operation: ParallelGCFailedAllocation (Allocation Failure)
Event: 5.870 Executing VM operation: ParallelGCFailedAllocation (Allocation Failure) done
Event: 5.873 Executing VM operation: ParallelGCFailedAllocation (Allocation Failure)
Event: 5.874 Executing VM operation: ParallelGCFailedAllocation (Allocation Failure) done
Event: 5.878 Executing VM operation: ParallelGCFailedAllocation (Allocation Failure)
Event: 5.878 Executing VM operation: ParallelGCFailedAllocation (Allocation Failure) done
Event: 5.884 Executing VM operation: ParallelGCFailedAllocation (Allocation Failure)
Event: 5.995 Executing VM operation: ParallelGCFailedAllocation (Allocation Failure) done
Event: 6.002 Executing VM operation: ParallelGCFailedAllocation (Allocation Failure)
Event: 6.003 Executing VM operation: ParallelGCFailedAllocation (Allocation Failure) done
Event: 6.007 Executing VM operation: ParallelGCFailedAllocation (Allocation Failure)
Event: 6.008 Executing VM operation: ParallelGCFailedAllocation (Allocation Failure) done
Event: 6.012 Executing VM operation: ParallelGCFailedAllocation (Allocation Failure)
Event: 6.013 Executing VM operation: ParallelGCFailedAllocation (Allocation Failure) done
Event: 6.019 Executing VM operation: ParallelGCFailedAllocation (Allocation Failure)
Event: 6.019 Executing VM operation: ParallelGCFailedAllocation (Allocation Failure) done
Event: 6.025 Executing VM operation: ParallelGCFailedAllocation (Allocation Failure)

Memory protections (0 events):
No events

Nmethod flushes (20 events):
Event: 4.821 Thread 0x0000029a50d653b0 flushing  nmethod 0x0000029a009bcf10
Event: 4.821 Thread 0x0000029a50d653b0 flushing  nmethod 0x0000029a009bde10
Event: 4.821 Thread 0x0000029a50d653b0 flushing  nmethod 0x0000029a009be690
Event: 4.821 Thread 0x0000029a50d653b0 flushing  nmethod 0x0000029a009bec90
Event: 4.821 Thread 0x0000029a50d653b0 flushing  nmethod 0x0000029a009c0510
Event: 4.821 Thread 0x0000029a50d653b0 flushing  nmethod 0x0000029a009e7890
Event: 4.821 Thread 0x0000029a50d653b0 flushing  nmethod 0x0000029a009f7910
Event: 4.821 Thread 0x0000029a50d653b0 flushing  nmethod 0x0000029a009fe890
Event: 4.821 Thread 0x0000029a50d653b0 flushing  nmethod 0x0000029a00a22a10
Event: 4.821 Thread 0x0000029a50d653b0 flushing  nmethod 0x0000029a00a23b90
Event: 4.821 Thread 0x0000029a50d653b0 flushing  nmethod 0x0000029a00a33f90
Event: 4.821 Thread 0x0000029a50d653b0 flushing  nmethod 0x0000029a00a34990
Event: 4.821 Thread 0x0000029a50d653b0 flushing  nmethod 0x0000029a00a34e10
Event: 4.821 Thread 0x0000029a50d653b0 flushing  nmethod 0x0000029a00a35190
Event: 4.821 Thread 0x0000029a50d653b0 flushing  nmethod 0x0000029a00a36c90
Event: 4.821 Thread 0x0000029a50d653b0 flushing  nmethod 0x0000029a00a38590
Event: 4.821 Thread 0x0000029a50d653b0 flushing  nmethod 0x0000029a00a39e90
Event: 4.821 Thread 0x0000029a50d653b0 flushing  nmethod 0x0000029a00a48210
Event: 4.821 Thread 0x0000029a50d653b0 flushing  nmethod 0x0000029a00a5e910
Event: 4.821 Thread 0x0000029a50d653b0 flushing  nmethod 0x0000029a00a84d10

Events (20 events):
Event: 2.531 Thread 0x0000029a50d85880 Thread added: 0x0000029a59710610
Event: 2.531 Thread 0x0000029a50d85880 Thread added: 0x0000029a597113b0
Event: 2.770 Thread 0x0000029a50e90190 Thread added: 0x0000029a5bab3a60
Event: 2.896 Thread 0x0000029a5bab3a60 Thread added: 0x0000029a5bab40f0
Event: 3.890 Thread 0x0000029a5bab3a60 Thread added: 0x0000029a5bab0c70
Event: 3.891 Thread 0x0000029a5bab3a60 Thread added: 0x0000029a5bab4780
Event: 3.936 Thread 0x0000029a5bab4780 Thread exited: 0x0000029a5bab4780
Event: 3.936 Thread 0x0000029a5bab2d40 Thread exited: 0x0000029a5bab2d40
Event: 3.951 Thread 0x0000029a5bab3a60 Thread added: 0x0000029a5bab2d40
Event: 3.955 Thread 0x0000029a5bab3a60 Thread added: 0x0000029a5bab4780
Event: 3.956 Thread 0x0000029a50e90eb0 Thread added: 0x0000029a5bab1300
Event: 3.967 Thread 0x0000029a5bab4780 Thread exited: 0x0000029a5bab4780
Event: 3.968 Thread 0x0000029a5bab3a60 Thread added: 0x0000029a5bab4780
Event: 4.377 Thread 0x0000029a5bab3a60 Thread added: 0x0000029a5bab54a0
Event: 4.378 Thread 0x0000029a5bab3a60 Thread added: 0x0000029a5bab4e10
Event: 4.384 Thread 0x0000029a5bab4e10 Thread exited: 0x0000029a5bab4e10
Event: 4.384 Thread 0x0000029a5bab3a60 Thread added: 0x0000029a5bab5b30
Event: 4.387 Thread 0x0000029a5bab3a60 Thread added: 0x0000029a5bab61c0
Event: 5.680 Thread 0x0000029a597113b0 Thread exited: 0x0000029a597113b0
Event: 5.798 Thread 0x0000029a59710610 Thread exited: 0x0000029a59710610


Dynamic libraries:
0x00007ff65a940000 - 0x00007ff65a94e000 	c:\Users\DIGI ROUTE\.vscode\extensions\redhat.java-1.41.1-win32-x64\jre\21.0.6-win32-x86_64\bin\java.exe
0x00007ff8031a0000 - 0x00007ff803400000 	C:\WINDOWS\SYSTEM32\ntdll.dll
0x00007ff801320000 - 0x00007ff8013e7000 	C:\WINDOWS\System32\KERNEL32.DLL
0x00007ff800880000 - 0x00007ff800c4a000 	C:\WINDOWS\System32\KERNELBASE.dll
0x00007ff800730000 - 0x00007ff80087b000 	C:\WINDOWS\System32\ucrtbase.dll
0x00007fffda730000 - 0x00007fffda748000 	c:\Users\DIGI ROUTE\.vscode\extensions\redhat.java-1.41.1-win32-x64\jre\21.0.6-win32-x86_64\bin\jli.dll
0x00007fffda270000 - 0x00007fffda28e000 	c:\Users\DIGI ROUTE\.vscode\extensions\redhat.java-1.41.1-win32-x64\jre\21.0.6-win32-x86_64\bin\VCRUNTIME140.dll
0x00007ff802f90000 - 0x00007ff80315c000 	C:\WINDOWS\System32\USER32.dll
0x00007ff800660000 - 0x00007ff800687000 	C:\WINDOWS\System32\win32u.dll
0x00007fffff4d0000 - 0x00007fffff767000 	C:\WINDOWS\WinSxS\amd64_microsoft.windows.common-controls_6595b64144ccf1df_6.0.26100.3624_none_3e086962e3345f24\COMCTL32.dll
0x00007ff8013f0000 - 0x00007ff80141a000 	C:\WINDOWS\System32\GDI32.dll
0x00007ff801170000 - 0x00007ff801219000 	C:\WINDOWS\System32\msvcrt.dll
0x00007ff800dd0000 - 0x00007ff800f01000 	C:\WINDOWS\System32\gdi32full.dll
0x00007ff800380000 - 0x00007ff800423000 	C:\WINDOWS\System32\msvcp_win.dll
0x00007ff801580000 - 0x00007ff8015af000 	C:\WINDOWS\System32\IMM32.DLL
0x00007fffe4f90000 - 0x00007fffe4f9c000 	c:\Users\DIGI ROUTE\.vscode\extensions\redhat.java-1.41.1-win32-x64\jre\21.0.6-win32-x86_64\bin\vcruntime140_1.dll
0x00007fffc4dc0000 - 0x00007fffc4e4d000 	c:\Users\DIGI ROUTE\.vscode\extensions\redhat.java-1.41.1-win32-x64\jre\21.0.6-win32-x86_64\bin\msvcp140.dll
0x00007fff47ac0000 - 0x00007fff48850000 	c:\Users\DIGI ROUTE\.vscode\extensions\redhat.java-1.41.1-win32-x64\jre\21.0.6-win32-x86_64\bin\server\jvm.dll
0x00007ff802290000 - 0x00007ff802342000 	C:\WINDOWS\System32\ADVAPI32.dll
0x00007ff800fa0000 - 0x00007ff801046000 	C:\WINDOWS\System32\sechost.dll
0x00007ff801050000 - 0x00007ff801166000 	C:\WINDOWS\System32\RPCRT4.dll
0x00007ff801a60000 - 0x00007ff801ad4000 	C:\WINDOWS\System32\WS2_32.dll
0x00007ffff4f40000 - 0x00007ffff4f76000 	C:\WINDOWS\SYSTEM32\WINMM.dll
0x00007ffff6e70000 - 0x00007ffff6e7b000 	C:\WINDOWS\SYSTEM32\VERSION.dll
0x00007fffffba0000 - 0x00007fffffbfe000 	C:\WINDOWS\SYSTEM32\POWRPROF.dll
0x00007fffff870000 - 0x00007fffff884000 	C:\WINDOWS\SYSTEM32\UMPDC.dll
0x00007ffffe8e0000 - 0x00007ffffe8fa000 	C:\WINDOWS\SYSTEM32\kernel.appcore.dll
0x00007fffe4110000 - 0x00007fffe411a000 	c:\Users\DIGI ROUTE\.vscode\extensions\redhat.java-1.41.1-win32-x64\jre\21.0.6-win32-x86_64\bin\jimage.dll
0x00007fffffc10000 - 0x00007fffffe51000 	C:\WINDOWS\SYSTEM32\DBGHELP.DLL
0x00007ff801650000 - 0x00007ff8019d2000 	C:\WINDOWS\System32\combase.dll
0x00007ff801240000 - 0x00007ff801316000 	C:\WINDOWS\System32\OLEAUT32.dll
0x00007fff93a70000 - 0x00007fff93aa9000 	C:\WINDOWS\SYSTEM32\dbgcore.DLL
0x00007ff800690000 - 0x00007ff800729000 	C:\WINDOWS\System32\bcryptPrimitives.dll
0x00007fffe24a0000 - 0x00007fffe24af000 	c:\Users\DIGI ROUTE\.vscode\extensions\redhat.java-1.41.1-win32-x64\jre\21.0.6-win32-x86_64\bin\instrument.dll
0x00007fffda0e0000 - 0x00007fffda0ff000 	c:\Users\DIGI ROUTE\.vscode\extensions\redhat.java-1.41.1-win32-x64\jre\21.0.6-win32-x86_64\bin\java.dll
0x00007ff801b60000 - 0x00007ff802289000 	C:\WINDOWS\System32\SHELL32.dll
0x00007ff800430000 - 0x00007ff800598000 	C:\WINDOWS\System32\wintypes.dll
0x00007ffffd5f0000 - 0x00007ffffde42000 	C:\WINDOWS\SYSTEM32\windows.storage.dll
0x00007ff802cf0000 - 0x00007ff802ddd000 	C:\WINDOWS\System32\SHCORE.dll
0x00007ff802bc0000 - 0x00007ff802c24000 	C:\WINDOWS\System32\shlwapi.dll
0x00007ff800290000 - 0x00007ff8002bf000 	C:\WINDOWS\SYSTEM32\profapi.dll
0x00007fffd6470000 - 0x00007fffd6488000 	c:\Users\DIGI ROUTE\.vscode\extensions\redhat.java-1.41.1-win32-x64\jre\21.0.6-win32-x86_64\bin\zip.dll
0x00007fffe3570000 - 0x00007fffe3580000 	C:\Users\DIGI ROUTE\.vscode\extensions\redhat.java-1.41.1-win32-x64\jre\21.0.6-win32-x86_64\bin\net.dll
0x00007ffff70a0000 - 0x00007ffff71bd000 	C:\WINDOWS\SYSTEM32\WINHTTP.dll
0x00007fffff130000 - 0x00007fffff19a000 	C:\WINDOWS\system32\mswsock.dll
0x00007fffcf660000 - 0x00007fffcf676000 	C:\Users\DIGI ROUTE\.vscode\extensions\redhat.java-1.41.1-win32-x64\jre\21.0.6-win32-x86_64\bin\nio.dll
0x00007fffe2480000 - 0x00007fffe2490000 	c:\Users\DIGI ROUTE\.vscode\extensions\redhat.java-1.41.1-win32-x64\jre\21.0.6-win32-x86_64\bin\verify.dll
0x00007fffe3590000 - 0x00007fffe35d5000 	C:\Users\DIGI ROUTE\AppData\Roaming\Code\User\globalStorage\redhat.java\1.41.1\config_win\org.eclipse.equinox.launcher\org.eclipse.equinox.launcher.win32.win32.x86_64_1.2.1300.v20250331-1702\eclipse_11911.dll
0x00007ff8029d0000 - 0x00007ff802b66000 	C:\WINDOWS\System32\ole32.dll
0x00007ff800000000 - 0x00007ff80001c000 	C:\WINDOWS\SYSTEM32\CRYPTSP.dll
0x00007ffffea00000 - 0x00007ffffea3a000 	C:\WINDOWS\system32\rsaenh.dll
0x00007fffff1d0000 - 0x00007fffff1fb000 	C:\WINDOWS\SYSTEM32\USERENV.dll
0x00007ff800260000 - 0x00007ff800286000 	C:\WINDOWS\SYSTEM32\bcrypt.dll
0x00007fffff2d0000 - 0x00007fffff2dc000 	C:\WINDOWS\SYSTEM32\CRYPTBASE.dll
0x00007ffffe400000 - 0x00007ffffe433000 	C:\WINDOWS\SYSTEM32\IPHLPAPI.DLL
0x00007ff8019e0000 - 0x00007ff8019ea000 	C:\WINDOWS\System32\NSI.dll
0x00007fffda120000 - 0x00007fffda169000 	C:\Users\DIGI ROUTE\AppData\Local\Temp\jna-1264834800\jna3975991036342033680.dll
0x00007ff802530000 - 0x00007ff802538000 	C:\WINDOWS\System32\PSAPI.DLL
0x00007ffff8df0000 - 0x00007ffff8e0f000 	C:\WINDOWS\SYSTEM32\dhcpcsvc6.DLL
0x00007ffff8dc0000 - 0x00007ffff8de5000 	C:\WINDOWS\SYSTEM32\dhcpcsvc.DLL
0x00007fffce5e0000 - 0x00007fffce607000 	C:\Users\DIGI ROUTE\.gradle\native\c067742578af261105cb4f569cf0c3c89f3d7b1fecec35dd04571415982c5e48\windows-amd64\native-platform.dll
0x00007fffe08c0000 - 0x00007fffe08ca000 	C:\Users\DIGI ROUTE\.vscode\extensions\redhat.java-1.41.1-win32-x64\jre\21.0.6-win32-x86_64\bin\management.dll
0x00007fffd9d70000 - 0x00007fffd9d7b000 	C:\Users\DIGI ROUTE\.vscode\extensions\redhat.java-1.41.1-win32-x64\jre\21.0.6-win32-x86_64\bin\management_ext.dll

dbghelp: loaded successfully - version: 4.0.5 - missing functions: none
symbol engine: initialized successfully - sym options: 0x614 - pdb path: .;c:\Users\DIGI ROUTE\.vscode\extensions\redhat.java-1.41.1-win32-x64\jre\21.0.6-win32-x86_64\bin;C:\WINDOWS\SYSTEM32;C:\WINDOWS\WinSxS\amd64_microsoft.windows.common-controls_6595b64144ccf1df_6.0.26100.3624_none_3e086962e3345f24;c:\Users\DIGI ROUTE\.vscode\extensions\redhat.java-1.41.1-win32-x64\jre\21.0.6-win32-x86_64\bin\server;C:\Users\DIGI ROUTE\AppData\Roaming\Code\User\globalStorage\redhat.java\1.41.1\config_win\org.eclipse.equinox.launcher\org.eclipse.equinox.launcher.win32.win32.x86_64_1.2.1300.v20250331-1702;C:\Users\DIGI ROUTE\AppData\Local\Temp\jna-1264834800;C:\Users\DIGI ROUTE\.gradle\native\c067742578af261105cb4f569cf0c3c89f3d7b1fecec35dd04571415982c5e48\windows-amd64

VM Arguments:
jvm_args: --add-modules=ALL-SYSTEM --add-opens=java.base/java.util=ALL-UNNAMED --add-opens=java.base/java.lang=ALL-UNNAMED --add-opens=java.base/sun.nio.fs=ALL-UNNAMED -Declipse.application=org.eclipse.jdt.ls.core.id1 -Dosgi.bundles.defaultStartLevel=4 -Declipse.product=org.eclipse.jdt.ls.core.product -Djava.import.generatesMetadataFilesAtProjectRoot=false -DDetectVMInstallationsJob.disabled=true -Dfile.encoding=utf8 -XX:+UseParallelGC -XX:GCTimeRatio=4 -XX:AdaptiveSizePolicyWeight=90 -Dsun.zip.disableMemoryMapping=true -Xmx1G -Xms100m -Xlog:disable -javaagent:c:\Users\DIGI ROUTE\.vscode\extensions\redhat.java-1.41.1-win32-x64\lombok\lombok-1.18.36.jar -XX:+HeapDumpOnOutOfMemoryError -XX:HeapDumpPath=c:\Users\DIGI ROUTE\AppData\Roaming\Code\User\workspaceStorage\62ba2304e335b5d45dd158eafd42745f\redhat.java -Daether.dependencyCollector.impl=bf 
java_command: c:\Users\DIGI ROUTE\.vscode\extensions\redhat.java-1.41.1-win32-x64\server\plugins\org.eclipse.equinox.launcher_1.7.0.v20250331-1702.jar -configuration c:\Users\DIGI ROUTE\AppData\Roaming\Code\User\globalStorage\redhat.java\1.41.1\config_win -data c:\Users\DIGI ROUTE\AppData\Roaming\Code\User\workspaceStorage\62ba2304e335b5d45dd158eafd42745f\redhat.java\jdt_ws --pipe=\\.\pipe\lsp-0455f868db283a85f3455346aaf5474b-sock
java_class_path (initial): c:\Users\DIGI ROUTE\.vscode\extensions\redhat.java-1.41.1-win32-x64\server\plugins\org.eclipse.equinox.launcher_1.7.0.v20250331-1702.jar
Launcher Type: SUN_STANDARD

[Global flags]
    uintx AdaptiveSizePolicyWeight                 = 90                                        {product} {command line}
     intx CICompilerCount                          = 12                                        {product} {ergonomic}
    uintx GCTimeRatio                              = 4                                         {product} {command line}
     bool HeapDumpOnOutOfMemoryError               = true                                   {manageable} {command line}
    ccstr HeapDumpPath                             = c:\Users\DIGI ROUTE\AppData\Roaming\Code\User\workspaceStorage\62ba2304e335b5d45dd158eafd42745f\redhat.java         {manageable} {command line}
   size_t InitialHeapSize                          = 104857600                                 {product} {command line}
   size_t MaxHeapSize                              = 1073741824                                {product} {command line}
   size_t MaxNewSize                               = 357564416                                 {product} {ergonomic}
   size_t MinHeapDeltaBytes                        = 524288                                    {product} {ergonomic}
   size_t MinHeapSize                              = 104857600                                 {product} {command line}
   size_t NewSize                                  = 34603008                                  {product} {ergonomic}
    uintx NonNMethodCodeHeapSize                   = 7602480                                {pd product} {ergonomic}
    uintx NonProfiledCodeHeapSize                  = 122027880                              {pd product} {ergonomic}
   size_t OldSize                                  = 70254592                                  {product} {ergonomic}
    uintx ProfiledCodeHeapSize                     = 122027880                              {pd product} {ergonomic}
    uintx ReservedCodeCacheSize                    = 251658240                              {pd product} {ergonomic}
     bool SegmentedCodeCache                       = true                                      {product} {ergonomic}
   size_t SoftMaxHeapSize                          = 1073741824                             {manageable} {ergonomic}
     bool UseCompressedOops                        = true                           {product lp64_product} {ergonomic}
     bool UseLargePagesIndividualAllocation        = false                                  {pd product} {ergonomic}
     bool UseParallelGC                            = true                                      {product} {command line}

Logging:
Log output configuration:
 #0: stdout all=off uptime,level,tags foldmultilines=false
 #1: stderr all=off uptime,level,tags foldmultilines=false

Environment Variables:
PATH=C:\Program Files\Eclipse Adoptium\jdk-17.0.14.7-hotspot\bin;C:\Program Files\Eclipse Adoptium\jdk-11.0.26.4-hotspot\bin;C:\Program Files\Common Files\Oracle\Java\javapath;C:\Program Files (x86)\Common Files\Oracle\Java\java8path;C:\Program Files (x86)\Common Files\Oracle\Java\javapath;C:\Windows\system32;C:\Windows;C:\Windows\System32\Wbem;C:\Windows\System32\WindowsPowerShell\v1.0\;C:\Windows\System32\OpenSSH\;C:\Program Files (x86)\NVIDIA Corporation\PhysX\Common;C:\Program Files\NVIDIA Corporation\NVIDIA NvDLISR;C:\Program Files\Amazon\AWSCLIV2\;C:\Program Files\nodejs\;C:\WINDOWS\system32;C:\WINDOWS;C:\WINDOWS\System32\Wbem;C:\WINDOWS\System32\WindowsPowerShell\v1.0\;C:\WINDOWS\System32\OpenSSH\;C:\ProgramData\chocolatey\bin;C:\Program Files\Git\cmd;C:\Users\DIGI ROUTE\AppData\Local\Microsoft\WindowsApps;C:\Users\DIGI ROUTE\AppData\Local\Programs\Microsoft VS Code\bin;C:\Users\DIGI ROUTE\AppData\Roaming\npm;C:\Users\DIGI ROUTE\AppData\Local\Android\Sdk\platform-tools;
USERNAME=DIGI ROUTE
OS=Windows_NT
PROCESSOR_IDENTIFIER=Intel64 Family 6 Model 154 Stepping 3, GenuineIntel
TMP=C:\Users\DIGIRO~1\AppData\Local\Temp
TEMP=C:\Users\DIGIRO~1\AppData\Local\Temp




Periodic native trim disabled

---------------  S Y S T E M  ---------------

OS:
 Windows 11 , 64 bit Build 26100 (10.0.26100.3775)
OS uptime: 2 days 1:54 hours

CPU: total 20 (initial active 20) (10 cores per cpu, 2 threads per core) family 6 model 154 stepping 3 microcode 0x434, cx8, cmov, fxsr, ht, mmx, 3dnowpref, sse, sse2, sse3, ssse3, sse4.1, sse4.2, popcnt, lzcnt, tsc, tscinvbit, avx, avx2, aes, erms, clmul, bmi1, bmi2, adx, sha, fma, vzeroupper, clflush, clflushopt, clwb, serialize, rdtscp, rdpid, fsrm, f16c, pku, cet_ibt, cet_ss
Processor Information for the first 20 processors :
  Max Mhz: 2300, Current Mhz: 2300, Mhz Limit: 2300

Memory: 4k page, system-wide physical 16004M (1267M free)
TotalPageFile size 65156M (AvailPageFile size 2M)
current process WorkingSet (physical memory assigned to process): 645M, peak: 645M
current process commit charge ("private bytes"): 614M, peak: 614M

vm_info: OpenJDK 64-Bit Server VM (21.0.6+7-LTS) for windows-amd64 JRE (21.0.6+7-LTS), built on 2025-01-21T00:00:00Z by "admin" with MS VC++ 17.7 (VS2022)

END.
