#
# There is insufficient memory for the Java Runtime Environment to continue.
# Native memory allocation (malloc) failed to allocate 1051376 bytes for Chunk::new
# Possible reasons:
#   The system is out of physical RAM or swap space
#   The process is running with CompressedOops enabled, and the Java Heap may be blocking the growth of the native heap
# Possible solutions:
#   Reduce memory load on the system
#   Increase physical memory or swap space
#   Check if swap backing store is full
#   Decrease Java heap size (-Xmx/-Xms)
#   Decrease number of Java threads
#   Decrease Java thread stack sizes (-Xss)
#   Set larger code cache with -XX:ReservedCodeCacheSize=
#   JVM is running with Unscaled Compressed Oops mode in which the Java heap is
#     placed in the first 4GB address space. The Java Heap base address is the
#     maximum limit for the native heap growth. Please use -XX:HeapBaseMinAddress
#     to set the Java Heap base and to place the Java Heap above 4GB virtual address.
# This output file may be truncated or incomplete.
#
#  Out of Memory Error (arena.cpp:197), pid=30196, tid=29000
#
# JRE version: OpenJDK Runtime Environment Temurin-11.0.26+4 (11.0.26+4) (build 11.0.26+4)
# Java VM: OpenJDK 64-Bit Server VM Temurin-11.0.26+4 (11.0.26+4, mixed mode, tiered, compressed oops, g1 gc, windows-amd64)
# No core dump will be written. Minidumps are not enabled by default on client versions of Windows
#

---------------  S U M M A R Y ------------

Command Line: --add-opens=java.base/java.lang=ALL-UNNAMED --add-opens=java.base/java.lang.invoke=ALL-UNNAMED --add-opens=java.base/java.util=ALL-UNNAMED --add-opens=java.prefs/java.util.prefs=ALL-UNNAMED --add-exports=jdk.compiler/com.sun.tools.javac.api=ALL-UNNAMED --add-exports=jdk.compiler/com.sun.tools.javac.util=ALL-UNNAMED --add-opens=java.base/java.util=ALL-UNNAMED --add-opens=java.prefs/java.util.prefs=ALL-UNNAMED --add-opens=java.base/java.nio.charset=ALL-UNNAMED --add-opens=java.base/java.net=ALL-UNNAMED --add-opens=java.base/java.util.concurrent.atomic=ALL-UNNAMED --add-opens=java.xml/javax.xml.namespace=ALL-UNNAMED -XX:MaxMetaspaceSize=512m -Xmx2048m -Dfile.encoding=UTF-8 -Duser.country=IN -Duser.language=en -Duser.variant -javaagent:C:\Users\DIGI ROUTE\.gradle\wrapper\dists\gradle-8.11.1-bin\bpt9gzteqjrbo1mjrsomdt32c\gradle-8.11.1\lib\agents\gradle-instrumentation-agent-8.11.1.jar org.gradle.launcher.daemon.bootstrap.GradleDaemon 8.11.1

Host: 12th Gen Intel(R) Core(TM) i7-12700H, 20 cores, 15G,  Windows 11 , 64 bit Build 26100 (10.0.26100.3775)
Time: Sun Apr 27 10:48:33 2025 India Standard Time elapsed time: 7.243039 seconds (0d 0h 0m 7s)

---------------  T H R E A D  ---------------

Current thread (0x000001a605392800):  JavaThread "C2 CompilerThread0" daemon [_thread_in_native, id=29000, stack(0x0000007fbb700000,0x0000007fbb800000)]


Current CompileTask:
C2:   7243 5152       4       java.lang.invoke.MethodType::makeImpl (108 bytes)

Stack: [0x0000007fbb700000,0x0000007fbb800000]
Native frames: (J=compiled Java code, j=interpreted, Vv=VM code, C=native code)
V  [jvm.dll+0x64485a]
V  [jvm.dll+0x7d7099]
V  [jvm.dll+0x7d8779]
V  [jvm.dll+0x7d8e73]
V  [jvm.dll+0x269095]
V  [jvm.dll+0xc26fc]
V  [jvm.dll+0xc2d0c]
V  [jvm.dll+0x3785f1]
V  [jvm.dll+0x1b30b4]
V  [jvm.dll+0x22138d]
V  [jvm.dll+0x220263]
V  [jvm.dll+0x19dfc1]
V  [jvm.dll+0x230244]
V  [jvm.dll+0x22e63c]
V  [jvm.dll+0x7982f1]
V  [jvm.dll+0x790e54]
V  [jvm.dll+0x643625]
C  [ucrtbase.dll+0x37b0]
C  [KERNEL32.DLL+0x2e8d7]
C  [ntdll.dll+0xb14fc]


---------------  P R O C E S S  ---------------

Threads class SMR info:
_java_thread_list=0x000001a60905d060, length=46, elements={
0x000001a664053800, 0x000001a60498e800, 0x000001a60497e000, 0x000001a60538f800,
0x000001a605390800, 0x000001a605391800, 0x000001a605392800, 0x000001a605393800,
0x000001a605399000, 0x000001a605320800, 0x000001a605580800, 0x000001a605582000,
0x000001a605be6800, 0x000001a607f4c000, 0x000001a6055a0800, 0x000001a6055bb800,
0x000001a6058fe000, 0x000001a607af3000, 0x000001a606a9d000, 0x000001a6088d1800,
0x000001a605be4000, 0x000001a607bf1000, 0x000001a607bf2000, 0x000001a607f1b800,
0x000001a607f1a000, 0x000001a607f1c800, 0x000001a607f1d800, 0x000001a607f1b000,
0x000001a607f1e000, 0x000001a607f1f000, 0x000001a607f20000, 0x000001a607f20800,
0x000001a608748800, 0x000001a60874a000, 0x000001a60874b800, 0x000001a60874b000,
0x000001a608749000, 0x000001a60874d000, 0x000001a60874f000, 0x000001a60874f800,
0x000001a608751800, 0x000001a608752000, 0x000001a608753000, 0x000001a608750800,
0x000001a608755800, 0x000001a608756000
}

Java Threads: ( => current thread )
  0x000001a664053800 JavaThread "main" [_thread_blocked, id=25076, stack(0x0000007fbab00000,0x0000007fbac00000)]
  0x000001a60498e800 JavaThread "Reference Handler" daemon [_thread_blocked, id=26896, stack(0x0000007fbb200000,0x0000007fbb300000)]
  0x000001a60497e000 JavaThread "Finalizer" daemon [_thread_blocked, id=14456, stack(0x0000007fbb300000,0x0000007fbb400000)]
  0x000001a60538f800 JavaThread "Signal Dispatcher" daemon [_thread_blocked, id=21528, stack(0x0000007fbb400000,0x0000007fbb500000)]
  0x000001a605390800 JavaThread "Attach Listener" daemon [_thread_blocked, id=10004, stack(0x0000007fbb500000,0x0000007fbb600000)]
  0x000001a605391800 JavaThread "Service Thread" daemon [_thread_blocked, id=4180, stack(0x0000007fbb600000,0x0000007fbb700000)]
=>0x000001a605392800 JavaThread "C2 CompilerThread0" daemon [_thread_in_native, id=29000, stack(0x0000007fbb700000,0x0000007fbb800000)]
  0x000001a605393800 JavaThread "C1 CompilerThread0" daemon [_thread_blocked, id=25300, stack(0x0000007fbb800000,0x0000007fbb900000)]
  0x000001a605399000 JavaThread "Sweeper thread" daemon [_thread_blocked, id=22292, stack(0x0000007fbb900000,0x0000007fbba00000)]
  0x000001a605320800 JavaThread "Common-Cleaner" daemon [_thread_blocked, id=21164, stack(0x0000007fbba00000,0x0000007fbbb00000)]
  0x000001a605580800 JavaThread "C1 CompilerThread1" daemon [_thread_blocked, id=8516, stack(0x0000007fbbb00000,0x0000007fbbc00000)]
  0x000001a605582000 JavaThread "C1 CompilerThread2" daemon [_thread_blocked, id=14604, stack(0x0000007fbbc00000,0x0000007fbbd00000)]
  0x000001a605be6800 JavaThread "C1 CompilerThread3" daemon [_thread_blocked, id=16160, stack(0x0000007fbc700000,0x0000007fbc800000)]
  0x000001a607f4c000 JavaThread "Daemon health stats" [_thread_blocked, id=21920, stack(0x0000007fbc800000,0x0000007fbc900000)]
  0x000001a6055a0800 JavaThread "Incoming local TCP Connector on port 60628" [_thread_in_native, id=8112, stack(0x0000007fbbd00000,0x0000007fbbe00000)]
  0x000001a6055bb800 JavaThread "Daemon periodic checks" [_thread_blocked, id=15680, stack(0x0000007fbbe00000,0x0000007fbbf00000)]
  0x000001a6058fe000 JavaThread "Daemon" [_thread_blocked, id=24868, stack(0x0000007fbc000000,0x0000007fbc100000)]
  0x000001a607af3000 JavaThread "Handler for socket connection from /127.0.0.1:60628 to /127.0.0.1:60629" [_thread_in_native, id=15232, stack(0x0000007fbc100000,0x0000007fbc200000)]
  0x000001a606a9d000 JavaThread "Cancel handler" [_thread_blocked, id=4860, stack(0x0000007fbc900000,0x0000007fbca00000)]
  0x000001a6088d1800 JavaThread "Daemon worker" [_thread_in_Java, id=31152, stack(0x0000007fbca00000,0x0000007fbcb00000)]
  0x000001a605be4000 JavaThread "C2 CompilerThread1" daemon [_thread_in_native, id=23264, stack(0x0000007fbcb00000,0x0000007fbcc00000)]
  0x000001a607bf1000 JavaThread "Asynchronous log dispatcher for DefaultDaemonConnection: socket connection from /127.0.0.1:60628 to /127.0.0.1:60629" [_thread_blocked, id=14980, stack(0x0000007fbcc00000,0x0000007fbcd00000)]
  0x000001a607bf2000 JavaThread "Stdin handler" [_thread_blocked, id=19100, stack(0x0000007fbcd00000,0x0000007fbce00000)]
  0x000001a607f1b800 JavaThread "Daemon client event forwarder" [_thread_blocked, id=20452, stack(0x0000007fbce00000,0x0000007fbcf00000)]
  0x000001a607f1a000 JavaThread "Cache worker for journal cache (C:\Users\DIGI ROUTE\.gradle\caches\journal-1)" [_thread_blocked, id=28208, stack(0x0000007fbdb00000,0x0000007fbdc00000)]
  0x000001a607f1c800 JavaThread "File lock request listener" [_thread_in_native, id=26180, stack(0x0000007fbdc00000,0x0000007fbdd00000)]
  0x000001a607f1d800 JavaThread "Cache worker for file hash cache (C:\Users\DIGI ROUTE\.gradle\caches\8.11.1\fileHashes)" [_thread_blocked, id=11276, stack(0x0000007fbdd00000,0x0000007fbde00000)]
  0x000001a607f1b000 JavaThread "Problems report writer" [_thread_blocked, id=15228, stack(0x0000007fbdf00000,0x0000007fbe000000)]
  0x000001a607f1e000 JavaThread "Cache worker for file content cache (C:\Users\DIGI ROUTE\.gradle\caches\8.11.1\fileContent)" [_thread_blocked, id=16304, stack(0x0000007fbe000000,0x0000007fbe100000)]
  0x000001a607f1f000 JavaThread "Cache worker for file hash cache (C:\Users\DIGI ROUTE\Desktop\wellfareCanteen\android\.gradle\8.11.1\fileHashes)" [_thread_blocked, id=29420, stack(0x0000007fbe100000,0x0000007fbe200000)]
  0x000001a607f20000 JavaThread "Cache worker for Build Output Cleanup Cache (C:\Users\DIGI ROUTE\Desktop\wellfareCanteen\android\.gradle\buildOutputCleanup)" [_thread_blocked, id=3152, stack(0x0000007fbe200000,0x0000007fbe300000)]
  0x000001a607f20800 JavaThread "File watcher server" daemon [_thread_in_native, id=30728, stack(0x0000007fbe300000,0x0000007fbe400000)]
  0x000001a608748800 JavaThread "File watcher consumer" daemon [_thread_blocked, id=18140, stack(0x0000007fbe400000,0x0000007fbe500000)]
  0x000001a60874a000 JavaThread "Cache worker for checksums cache (C:\Users\DIGI ROUTE\Desktop\wellfareCanteen\android\.gradle\8.11.1\checksums)" [_thread_blocked, id=21356, stack(0x0000007fbe500000,0x0000007fbe600000)]
  0x000001a60874b800 JavaThread "Cache worker for cache directory md-rule (C:\Users\DIGI ROUTE\.gradle\caches\8.11.1\md-rule)" [_thread_blocked, id=17268, stack(0x0000007fbe600000,0x0000007fbe700000)]
  0x000001a60874b000 JavaThread "Cache worker for cache directory md-supplier (C:\Users\DIGI ROUTE\.gradle\caches\8.11.1\md-supplier)" [_thread_blocked, id=7796, stack(0x0000007fbe700000,0x0000007fbe800000)]
  0x000001a608749000 JavaThread "jar transforms" [_thread_blocked, id=27656, stack(0x0000007fbe800000,0x0000007fbe900000)]
  0x000001a60874d000 JavaThread "jar transforms Thread 2" [_thread_blocked, id=24168, stack(0x0000007fbe900000,0x0000007fbea00000)]
  0x000001a60874f000 JavaThread "jar transforms Thread 3" [_thread_blocked, id=6164, stack(0x0000007fbeb00000,0x0000007fbec00000)]
  0x000001a60874f800 JavaThread "Cache worker for Build Output Cleanup Cache (C:\Users\DIGI ROUTE\Desktop\wellfareCanteen\node_modules\@react-native\gradle-plugin\.gradle\buildOutputCleanup)" [_thread_blocked, id=8268, stack(0x0000007fbec00000,0x0000007fbed00000)]
  0x000001a608751800 JavaThread "Unconstrained build operations" [_thread_blocked, id=21176, stack(0x0000007fbea00000,0x0000007fbeb00000)]
  0x000001a608752000 JavaThread "Unconstrained build operations Thread 2" [_thread_blocked, id=29928, stack(0x0000007fbed00000,0x0000007fbee00000)]
  0x000001a608753000 JavaThread "Unconstrained build operations Thread 3" [_thread_blocked, id=19612, stack(0x0000007fbde00000,0x0000007fbdf00000)]
  0x000001a608750800 JavaThread "Unconstrained build operations Thread 4" [_thread_blocked, id=28888, stack(0x0000007fbee00000,0x0000007fbef00000)]
  0x000001a608755800 JavaThread "Unconstrained build operations Thread 5" [_thread_blocked, id=9012, stack(0x0000007fbef00000,0x0000007fbf000000)]
  0x000001a608756000 JavaThread "Unconstrained build operations Thread 6" [_thread_blocked, id=21864, stack(0x0000007fbf000000,0x0000007fbf100000)]

Other Threads:
  0x000001a60497c000 VMThread "VM Thread" [stack: 0x0000007fbb100000,0x0000007fbb200000] [id=9324]
  0x000001a6058a9800 WatcherThread [stack: 0x0000007fbbf00000,0x0000007fbc000000] [id=21676]
  0x000001a66406f000 GCTaskThread "GC Thread#0" [stack: 0x0000007fbac00000,0x0000007fbad00000] [id=20708]
  0x000001a6058ac800 GCTaskThread "GC Thread#1" [stack: 0x0000007fbc200000,0x0000007fbc300000] [id=28536]
  0x000001a60594f000 GCTaskThread "GC Thread#2" [stack: 0x0000007fbc300000,0x0000007fbc400000] [id=19284]
  0x000001a605950000 GCTaskThread "GC Thread#3" [stack: 0x0000007fbc400000,0x0000007fbc500000] [id=13500]
  0x000001a6061aa800 GCTaskThread "GC Thread#4" [stack: 0x0000007fbc500000,0x0000007fbc600000] [id=26848]
  0x000001a6061ab800 GCTaskThread "GC Thread#5" [stack: 0x0000007fbc600000,0x0000007fbc700000] [id=25428]
  0x000001a60779f800 GCTaskThread "GC Thread#6" [stack: 0x0000007fbcf00000,0x0000007fbd000000] [id=14436]
  0x000001a6084bb800 GCTaskThread "GC Thread#7" [stack: 0x0000007fbd000000,0x0000007fbd100000] [id=6340]
  0x000001a607bf3000 GCTaskThread "GC Thread#8" [stack: 0x0000007fbd100000,0x0000007fbd200000] [id=1776]
  0x000001a6070e7800 GCTaskThread "GC Thread#9" [stack: 0x0000007fbd200000,0x0000007fbd300000] [id=21948]
  0x000001a6070e9000 GCTaskThread "GC Thread#10" [stack: 0x0000007fbd300000,0x0000007fbd400000] [id=25876]
  0x000001a607bcb000 GCTaskThread "GC Thread#11" [stack: 0x0000007fbd400000,0x0000007fbd500000] [id=11616]
  0x000001a607bcc000 GCTaskThread "GC Thread#12" [stack: 0x0000007fbd500000,0x0000007fbd600000] [id=27384]
  0x000001a607e05800 GCTaskThread "GC Thread#13" [stack: 0x0000007fbd600000,0x0000007fbd700000] [id=10248]
  0x000001a607e07800 GCTaskThread "GC Thread#14" [stack: 0x0000007fbd700000,0x0000007fbd800000] [id=19344]
  0x000001a6640a3800 ConcurrentGCThread "G1 Main Marker" [stack: 0x0000007fbad00000,0x0000007fbae00000] [id=10488]
  0x000001a6640a5800 ConcurrentGCThread "G1 Conc#0" [stack: 0x0000007fbae00000,0x0000007fbaf00000] [id=10544]
  0x000001a608619000 ConcurrentGCThread "G1 Conc#1" [stack: 0x0000007fbd800000,0x0000007fbd900000] [id=27416]
  0x000001a60861b000 ConcurrentGCThread "G1 Conc#2" [stack: 0x0000007fbd900000,0x0000007fbda00000] [id=24144]
  0x000001a60861c000 ConcurrentGCThread "G1 Conc#3" [stack: 0x0000007fbda00000,0x0000007fbdb00000] [id=20800]
  0x000001a6640a8800 ConcurrentGCThread "G1 Refine#0" [stack: 0x0000007fbaf00000,0x0000007fbb000000] [id=28340]
  0x000001a604885000 ConcurrentGCThread "G1 Young RemSet Sampling" [stack: 0x0000007fbb000000,0x0000007fbb100000] [id=6264]

Threads with active compile tasks:
C2 CompilerThread0     7252 5152       4       java.lang.invoke.MethodType::makeImpl (108 bytes)
C2 CompilerThread1     7252 5354   !   4       jdk.internal.loader.BuiltinClassLoader::loadClassOrNull (143 bytes)

VM state:not at safepoint (normal execution)

VM Mutex/Monitor currently owned by a thread: None

Heap address: 0x0000000080000000, size: 2048 MB, Compressed Oops mode: 32-bit
Narrow klass base: 0x0000000000000000, Narrow klass shift: 3
Compressed class space size: 528482304 Address: 0x0000000100000000

Heap:
 garbage-first heap   total 258048K, used 57017K [0x0000000080000000, 0x0000000100000000)
  region size 1024K, 33 young (33792K), 12 survivors (12288K)
 Metaspace       used 55354K, capacity 57186K, committed 57472K, reserved 567296K
  class space    used 7201K, capacity 7942K, committed 8064K, reserved 516096K
Heap Regions: E=young(eden), S=young(survivor), O=old, HS=humongous(starts), HC=humongous(continues), CS=collection set, F=free, A=archive, TAMS=top-at-mark-start (previous, next)
|   0|0x0000000080000000, 0x0000000080100000, 0x0000000080100000|100%| O|  |TAMS 0x0000000080100000, 0x0000000080000000| Untracked 
|   1|0x0000000080100000, 0x0000000080200000, 0x0000000080200000|100%|HS|  |TAMS 0x0000000080200000, 0x0000000080100000| Complete 
|   2|0x0000000080200000, 0x0000000080300000, 0x0000000080300000|100%|HC|  |TAMS 0x0000000080300000, 0x0000000080200000| Complete 
|   3|0x0000000080300000, 0x0000000080400000, 0x0000000080400000|100%|HC|  |TAMS 0x0000000080400000, 0x0000000080300000| Complete 
|   4|0x0000000080400000, 0x0000000080500000, 0x0000000080500000|100%|HS|  |TAMS 0x0000000080500000, 0x0000000080400000| Complete 
|   5|0x0000000080500000, 0x0000000080600000, 0x0000000080600000|100%| O|  |TAMS 0x0000000080600000, 0x0000000080500000| Untracked 
|   6|0x0000000080600000, 0x0000000080700000, 0x0000000080700000|100%| O|  |TAMS 0x0000000080700000, 0x0000000080600000| Untracked 
|   7|0x0000000080700000, 0x0000000080800000, 0x0000000080800000|100%| O|  |TAMS 0x0000000080800000, 0x0000000080700000| Untracked 
|   8|0x0000000080800000, 0x0000000080900000, 0x0000000080900000|100%| O|  |TAMS 0x0000000080900000, 0x0000000080800000| Untracked 
|   9|0x0000000080900000, 0x0000000080a00000, 0x0000000080a00000|100%| O|  |TAMS 0x0000000080a00000, 0x0000000080900000| Untracked 
|  10|0x0000000080a00000, 0x0000000080b00000, 0x0000000080b00000|100%| O|  |TAMS 0x0000000080b00000, 0x0000000080a00000| Untracked 
|  11|0x0000000080b00000, 0x0000000080c00000, 0x0000000080c00000|100%| O|  |TAMS 0x0000000080c00000, 0x0000000080b00000| Untracked 
|  12|0x0000000080c00000, 0x0000000080d00000, 0x0000000080d00000|100%| O|  |TAMS 0x0000000080d00000, 0x0000000080c00000| Untracked 
|  13|0x0000000080d00000, 0x0000000080e00000, 0x0000000080e00000|100%| O|  |TAMS 0x0000000080e00000, 0x0000000080d00000| Untracked 
|  14|0x0000000080e00000, 0x0000000080f00000, 0x0000000080f00000|100%| O|  |TAMS 0x0000000080f00000, 0x0000000080e00000| Untracked 
|  15|0x0000000080f00000, 0x0000000081000000, 0x0000000081000000|100%| O|  |TAMS 0x0000000081000000, 0x0000000080f00000| Untracked 
|  16|0x0000000081000000, 0x0000000081100000, 0x0000000081100000|100%| O|  |TAMS 0x0000000081100000, 0x0000000081000000| Untracked 
|  17|0x0000000081100000, 0x0000000081200000, 0x0000000081200000|100%| O|  |TAMS 0x0000000081200000, 0x0000000081100000| Untracked 
|  18|0x0000000081200000, 0x0000000081300000, 0x0000000081300000|100%| O|  |TAMS 0x00000000812c7c00, 0x0000000081200000| Untracked 
|  19|0x0000000081300000, 0x0000000081400000, 0x0000000081400000|100%| O|  |TAMS 0x0000000081300000, 0x0000000081300000| Untracked 
|  20|0x0000000081400000, 0x0000000081500000, 0x0000000081500000|100%| O|  |TAMS 0x0000000081400000, 0x0000000081400000| Untracked 
|  21|0x0000000081500000, 0x0000000081600000, 0x0000000081600000|100%| O|  |TAMS 0x0000000081500000, 0x0000000081500000| Untracked 
|  22|0x0000000081600000, 0x0000000081700000, 0x0000000081700000|100%| O|  |TAMS 0x0000000081600000, 0x0000000081600000| Untracked 
|  23|0x0000000081700000, 0x00000000817fb200, 0x0000000081800000| 98%| O|  |TAMS 0x0000000081700000, 0x0000000081700000| Untracked 
|  24|0x0000000081800000, 0x0000000081800000, 0x0000000081900000|  0%| F|  |TAMS 0x0000000081800000, 0x0000000081800000| Untracked 
|  25|0x0000000081900000, 0x0000000081900000, 0x0000000081a00000|  0%| F|  |TAMS 0x0000000081900000, 0x0000000081900000| Untracked 
|  26|0x0000000081a00000, 0x0000000081a00000, 0x0000000081b00000|  0%| F|  |TAMS 0x0000000081a00000, 0x0000000081a00000| Untracked 
|  27|0x0000000081b00000, 0x0000000081b00000, 0x0000000081c00000|  0%| F|  |TAMS 0x0000000081b00000, 0x0000000081b00000| Untracked 
|  28|0x0000000081c00000, 0x0000000081c00000, 0x0000000081d00000|  0%| F|  |TAMS 0x0000000081c00000, 0x0000000081c00000| Untracked 
|  29|0x0000000081d00000, 0x0000000081d00000, 0x0000000081e00000|  0%| F|  |TAMS 0x0000000081d00000, 0x0000000081d00000| Untracked 
|  30|0x0000000081e00000, 0x0000000081e00000, 0x0000000081f00000|  0%| F|  |TAMS 0x0000000081e00000, 0x0000000081e00000| Untracked 
|  31|0x0000000081f00000, 0x0000000081f00000, 0x0000000082000000|  0%| F|  |TAMS 0x0000000081f00000, 0x0000000081f00000| Untracked 
|  32|0x0000000082000000, 0x0000000082000000, 0x0000000082100000|  0%| F|  |TAMS 0x0000000082000000, 0x0000000082000000| Untracked 
|  33|0x0000000082100000, 0x0000000082100000, 0x0000000082200000|  0%| F|  |TAMS 0x0000000082100000, 0x0000000082100000| Untracked 
|  34|0x0000000082200000, 0x0000000082200000, 0x0000000082300000|  0%| F|  |TAMS 0x0000000082200000, 0x0000000082200000| Untracked 
|  35|0x0000000082300000, 0x0000000082300000, 0x0000000082400000|  0%| F|  |TAMS 0x0000000082300000, 0x0000000082300000| Untracked 
|  36|0x0000000082400000, 0x0000000082400000, 0x0000000082500000|  0%| F|  |TAMS 0x0000000082400000, 0x0000000082400000| Untracked 
|  37|0x0000000082500000, 0x0000000082500000, 0x0000000082600000|  0%| F|  |TAMS 0x0000000082500000, 0x0000000082500000| Untracked 
|  38|0x0000000082600000, 0x0000000082600000, 0x0000000082700000|  0%| F|  |TAMS 0x0000000082600000, 0x0000000082600000| Untracked 
|  39|0x0000000082700000, 0x0000000082700000, 0x0000000082800000|  0%| F|  |TAMS 0x0000000082700000, 0x0000000082700000| Untracked 
|  40|0x0000000082800000, 0x0000000082800000, 0x0000000082900000|  0%| F|  |TAMS 0x0000000082800000, 0x0000000082800000| Untracked 
|  41|0x0000000082900000, 0x0000000082900000, 0x0000000082a00000|  0%| F|  |TAMS 0x0000000082900000, 0x0000000082900000| Untracked 
|  42|0x0000000082a00000, 0x0000000082a00000, 0x0000000082b00000|  0%| F|  |TAMS 0x0000000082a00000, 0x0000000082a00000| Untracked 
|  43|0x0000000082b00000, 0x0000000082b00000, 0x0000000082c00000|  0%| F|  |TAMS 0x0000000082b00000, 0x0000000082b00000| Untracked 
|  44|0x0000000082c00000, 0x0000000082c00000, 0x0000000082d00000|  0%| F|  |TAMS 0x0000000082c00000, 0x0000000082c00000| Untracked 
|  45|0x0000000082d00000, 0x0000000082d00000, 0x0000000082e00000|  0%| F|  |TAMS 0x0000000082d00000, 0x0000000082d00000| Untracked 
|  46|0x0000000082e00000, 0x0000000082e00000, 0x0000000082f00000|  0%| F|  |TAMS 0x0000000082e00000, 0x0000000082e00000| Untracked 
|  47|0x0000000082f00000, 0x0000000082f00000, 0x0000000083000000|  0%| F|  |TAMS 0x0000000082f00000, 0x0000000082f00000| Untracked 
|  48|0x0000000083000000, 0x0000000083000000, 0x0000000083100000|  0%| F|  |TAMS 0x0000000083000000, 0x0000000083000000| Untracked 
|  49|0x0000000083100000, 0x0000000083100000, 0x0000000083200000|  0%| F|  |TAMS 0x0000000083100000, 0x0000000083100000| Untracked 
|  50|0x0000000083200000, 0x0000000083200000, 0x0000000083300000|  0%| F|  |TAMS 0x0000000083200000, 0x0000000083200000| Untracked 
|  51|0x0000000083300000, 0x0000000083300000, 0x0000000083400000|  0%| F|  |TAMS 0x0000000083300000, 0x0000000083300000| Untracked 
|  52|0x0000000083400000, 0x0000000083400000, 0x0000000083500000|  0%| F|  |TAMS 0x0000000083400000, 0x0000000083400000| Untracked 
|  53|0x0000000083500000, 0x0000000083500000, 0x0000000083600000|  0%| F|  |TAMS 0x0000000083500000, 0x0000000083500000| Untracked 
|  54|0x0000000083600000, 0x0000000083600000, 0x0000000083700000|  0%| F|  |TAMS 0x0000000083600000, 0x0000000083600000| Untracked 
|  55|0x0000000083700000, 0x0000000083700000, 0x0000000083800000|  0%| F|  |TAMS 0x0000000083700000, 0x0000000083700000| Untracked 
|  56|0x0000000083800000, 0x0000000083800000, 0x0000000083900000|  0%| F|  |TAMS 0x0000000083800000, 0x0000000083800000| Untracked 
|  57|0x0000000083900000, 0x0000000083900000, 0x0000000083a00000|  0%| F|  |TAMS 0x0000000083900000, 0x0000000083900000| Untracked 
|  58|0x0000000083a00000, 0x0000000083a00000, 0x0000000083b00000|  0%| F|  |TAMS 0x0000000083a00000, 0x0000000083a00000| Untracked 
|  59|0x0000000083b00000, 0x0000000083b00000, 0x0000000083c00000|  0%| F|  |TAMS 0x0000000083b00000, 0x0000000083b00000| Untracked 
|  60|0x0000000083c00000, 0x0000000083c00000, 0x0000000083d00000|  0%| F|  |TAMS 0x0000000083c00000, 0x0000000083c00000| Untracked 
|  61|0x0000000083d00000, 0x0000000083d00000, 0x0000000083e00000|  0%| F|  |TAMS 0x0000000083d00000, 0x0000000083d00000| Untracked 
|  62|0x0000000083e00000, 0x0000000083e00000, 0x0000000083f00000|  0%| F|  |TAMS 0x0000000083e00000, 0x0000000083e00000| Untracked 
|  63|0x0000000083f00000, 0x0000000083f00000, 0x0000000084000000|  0%| F|  |TAMS 0x0000000083f00000, 0x0000000083f00000| Untracked 
|  64|0x0000000084000000, 0x0000000084000000, 0x0000000084100000|  0%| F|  |TAMS 0x0000000084000000, 0x0000000084000000| Untracked 
|  65|0x0000000084100000, 0x0000000084100000, 0x0000000084200000|  0%| F|  |TAMS 0x0000000084100000, 0x0000000084100000| Untracked 
|  66|0x0000000084200000, 0x0000000084200000, 0x0000000084300000|  0%| F|  |TAMS 0x0000000084200000, 0x0000000084200000| Untracked 
|  67|0x0000000084300000, 0x0000000084300000, 0x0000000084400000|  0%| F|  |TAMS 0x0000000084300000, 0x0000000084300000| Untracked 
|  68|0x0000000084400000, 0x0000000084400000, 0x0000000084500000|  0%| F|  |TAMS 0x0000000084400000, 0x0000000084400000| Untracked 
|  69|0x0000000084500000, 0x0000000084500000, 0x0000000084600000|  0%| F|  |TAMS 0x0000000084500000, 0x0000000084500000| Untracked 
|  70|0x0000000084600000, 0x0000000084600000, 0x0000000084700000|  0%| F|  |TAMS 0x0000000084600000, 0x0000000084600000| Untracked 
|  71|0x0000000084700000, 0x0000000084700000, 0x0000000084800000|  0%| F|  |TAMS 0x0000000084700000, 0x0000000084700000| Untracked 
|  72|0x0000000084800000, 0x0000000084800000, 0x0000000084900000|  0%| F|  |TAMS 0x0000000084800000, 0x0000000084800000| Untracked 
|  73|0x0000000084900000, 0x0000000084900000, 0x0000000084a00000|  0%| F|  |TAMS 0x0000000084900000, 0x0000000084900000| Untracked 
|  74|0x0000000084a00000, 0x0000000084a00000, 0x0000000084b00000|  0%| F|  |TAMS 0x0000000084a00000, 0x0000000084a00000| Untracked 
|  75|0x0000000084b00000, 0x0000000084b00000, 0x0000000084c00000|  0%| F|  |TAMS 0x0000000084b00000, 0x0000000084b00000| Untracked 
|  76|0x0000000084c00000, 0x0000000084c00000, 0x0000000084d00000|  0%| F|  |TAMS 0x0000000084c00000, 0x0000000084c00000| Untracked 
|  77|0x0000000084d00000, 0x0000000084d00000, 0x0000000084e00000|  0%| F|  |TAMS 0x0000000084d00000, 0x0000000084d00000| Untracked 
|  78|0x0000000084e00000, 0x0000000084e00000, 0x0000000084f00000|  0%| F|  |TAMS 0x0000000084e00000, 0x0000000084e00000| Untracked 
|  79|0x0000000084f00000, 0x0000000084f00000, 0x0000000085000000|  0%| F|  |TAMS 0x0000000084f00000, 0x0000000084f00000| Untracked 
|  80|0x0000000085000000, 0x0000000085000000, 0x0000000085100000|  0%| F|  |TAMS 0x0000000085000000, 0x0000000085000000| Untracked 
|  81|0x0000000085100000, 0x0000000085100000, 0x0000000085200000|  0%| F|  |TAMS 0x0000000085100000, 0x0000000085100000| Untracked 
|  82|0x0000000085200000, 0x0000000085200000, 0x0000000085300000|  0%| F|  |TAMS 0x0000000085200000, 0x0000000085200000| Untracked 
|  83|0x0000000085300000, 0x0000000085300000, 0x0000000085400000|  0%| F|  |TAMS 0x0000000085300000, 0x0000000085300000| Untracked 
|  84|0x0000000085400000, 0x0000000085400000, 0x0000000085500000|  0%| F|  |TAMS 0x0000000085400000, 0x0000000085400000| Untracked 
|  85|0x0000000085500000, 0x0000000085500000, 0x0000000085600000|  0%| F|  |TAMS 0x0000000085500000, 0x0000000085500000| Untracked 
|  86|0x0000000085600000, 0x0000000085600000, 0x0000000085700000|  0%| F|  |TAMS 0x0000000085600000, 0x0000000085600000| Untracked 
|  87|0x0000000085700000, 0x0000000085700000, 0x0000000085800000|  0%| F|  |TAMS 0x0000000085700000, 0x0000000085700000| Untracked 
|  88|0x0000000085800000, 0x0000000085800000, 0x0000000085900000|  0%| F|  |TAMS 0x0000000085800000, 0x0000000085800000| Untracked 
|  89|0x0000000085900000, 0x0000000085900000, 0x0000000085a00000|  0%| F|  |TAMS 0x0000000085900000, 0x0000000085900000| Untracked 
|  90|0x0000000085a00000, 0x0000000085a00000, 0x0000000085b00000|  0%| F|  |TAMS 0x0000000085a00000, 0x0000000085a00000| Untracked 
|  91|0x0000000085b00000, 0x0000000085b00000, 0x0000000085c00000|  0%| F|  |TAMS 0x0000000085b00000, 0x0000000085b00000| Untracked 
|  92|0x0000000085c00000, 0x0000000085c00000, 0x0000000085d00000|  0%| F|  |TAMS 0x0000000085c00000, 0x0000000085c00000| Untracked 
|  93|0x0000000085d00000, 0x0000000085d00000, 0x0000000085e00000|  0%| F|  |TAMS 0x0000000085d00000, 0x0000000085d00000| Untracked 
|  94|0x0000000085e00000, 0x0000000085e00000, 0x0000000085f00000|  0%| F|  |TAMS 0x0000000085e00000, 0x0000000085e00000| Untracked 
|  95|0x0000000085f00000, 0x0000000085f00000, 0x0000000086000000|  0%| F|  |TAMS 0x0000000085f00000, 0x0000000085f00000| Untracked 
|  96|0x0000000086000000, 0x0000000086000000, 0x0000000086100000|  0%| F|  |TAMS 0x0000000086000000, 0x0000000086000000| Untracked 
|  97|0x0000000086100000, 0x0000000086100000, 0x0000000086200000|  0%| F|  |TAMS 0x0000000086100000, 0x0000000086100000| Untracked 
|  98|0x0000000086200000, 0x0000000086200000, 0x0000000086300000|  0%| F|  |TAMS 0x0000000086200000, 0x0000000086200000| Untracked 
|  99|0x0000000086300000, 0x0000000086300000, 0x0000000086400000|  0%| F|  |TAMS 0x0000000086300000, 0x0000000086300000| Untracked 
| 100|0x0000000086400000, 0x0000000086400000, 0x0000000086500000|  0%| F|  |TAMS 0x0000000086400000, 0x0000000086400000| Untracked 
| 101|0x0000000086500000, 0x0000000086500000, 0x0000000086600000|  0%| F|  |TAMS 0x0000000086500000, 0x0000000086500000| Untracked 
| 102|0x0000000086600000, 0x0000000086600000, 0x0000000086700000|  0%| F|  |TAMS 0x0000000086600000, 0x0000000086600000| Untracked 
| 103|0x0000000086700000, 0x00000000867b33d0, 0x0000000086800000| 70%| S|CS|TAMS 0x0000000086700000, 0x0000000086700000| Complete 
| 104|0x0000000086800000, 0x0000000086900000, 0x0000000086900000|100%| S|CS|TAMS 0x0000000086800000, 0x0000000086800000| Complete 
| 105|0x0000000086900000, 0x0000000086a00000, 0x0000000086a00000|100%| S|CS|TAMS 0x0000000086900000, 0x0000000086900000| Complete 
| 106|0x0000000086a00000, 0x0000000086b00000, 0x0000000086b00000|100%| S|CS|TAMS 0x0000000086a00000, 0x0000000086a00000| Complete 
| 107|0x0000000086b00000, 0x0000000086c00000, 0x0000000086c00000|100%| S|CS|TAMS 0x0000000086b00000, 0x0000000086b00000| Complete 
| 108|0x0000000086c00000, 0x0000000086d00000, 0x0000000086d00000|100%| S|CS|TAMS 0x0000000086c00000, 0x0000000086c00000| Complete 
| 109|0x0000000086d00000, 0x0000000086e00000, 0x0000000086e00000|100%| S|CS|TAMS 0x0000000086d00000, 0x0000000086d00000| Complete 
| 110|0x0000000086e00000, 0x0000000086f00000, 0x0000000086f00000|100%| S|CS|TAMS 0x0000000086e00000, 0x0000000086e00000| Complete 
| 111|0x0000000086f00000, 0x0000000087000000, 0x0000000087000000|100%| S|CS|TAMS 0x0000000086f00000, 0x0000000086f00000| Complete 
| 112|0x0000000087000000, 0x0000000087100000, 0x0000000087100000|100%| S|CS|TAMS 0x0000000087000000, 0x0000000087000000| Complete 
| 113|0x0000000087100000, 0x0000000087200000, 0x0000000087200000|100%| S|CS|TAMS 0x0000000087100000, 0x0000000087100000| Complete 
| 114|0x0000000087200000, 0x0000000087300000, 0x0000000087300000|100%| S|CS|TAMS 0x0000000087200000, 0x0000000087200000| Complete 
| 115|0x0000000087300000, 0x0000000087300000, 0x0000000087400000|  0%| F|  |TAMS 0x0000000087300000, 0x0000000087300000| Untracked 
| 116|0x0000000087400000, 0x0000000087400000, 0x0000000087500000|  0%| F|  |TAMS 0x0000000087400000, 0x0000000087400000| Untracked 
| 117|0x0000000087500000, 0x0000000087500000, 0x0000000087600000|  0%| F|  |TAMS 0x0000000087500000, 0x0000000087500000| Untracked 
| 118|0x0000000087600000, 0x0000000087600000, 0x0000000087700000|  0%| F|  |TAMS 0x0000000087600000, 0x0000000087600000| Untracked 
| 119|0x0000000087700000, 0x0000000087700000, 0x0000000087800000|  0%| F|  |TAMS 0x0000000087700000, 0x0000000087700000| Untracked 
| 120|0x0000000087800000, 0x0000000087800000, 0x0000000087900000|  0%| F|  |TAMS 0x0000000087800000, 0x0000000087800000| Untracked 
| 121|0x0000000087900000, 0x0000000087900000, 0x0000000087a00000|  0%| F|  |TAMS 0x0000000087900000, 0x0000000087900000| Untracked 
| 122|0x0000000087a00000, 0x0000000087a00000, 0x0000000087b00000|  0%| F|  |TAMS 0x0000000087a00000, 0x0000000087a00000| Untracked 
| 123|0x0000000087b00000, 0x0000000087b00000, 0x0000000087c00000|  0%| F|  |TAMS 0x0000000087b00000, 0x0000000087b00000| Untracked 
| 124|0x0000000087c00000, 0x0000000087c00000, 0x0000000087d00000|  0%| F|  |TAMS 0x0000000087c00000, 0x0000000087c00000| Untracked 
| 125|0x0000000087d00000, 0x0000000087d00000, 0x0000000087e00000|  0%| F|  |TAMS 0x0000000087d00000, 0x0000000087d00000| Untracked 
| 126|0x0000000087e00000, 0x0000000087e00000, 0x0000000087f00000|  0%| F|  |TAMS 0x0000000087e00000, 0x0000000087e00000| Untracked 
| 127|0x0000000087f00000, 0x0000000087f00000, 0x0000000088000000|  0%| F|  |TAMS 0x0000000087f00000, 0x0000000087f00000| Untracked 
| 128|0x0000000088000000, 0x0000000088000000, 0x0000000088100000|  0%| F|  |TAMS 0x0000000088000000, 0x0000000088000000| Untracked 
| 129|0x0000000088100000, 0x0000000088100000, 0x0000000088200000|  0%| F|  |TAMS 0x0000000088100000, 0x0000000088100000| Untracked 
| 130|0x0000000088200000, 0x0000000088200000, 0x0000000088300000|  0%| F|  |TAMS 0x0000000088200000, 0x0000000088200000| Untracked 
| 131|0x0000000088300000, 0x0000000088300000, 0x0000000088400000|  0%| F|  |TAMS 0x0000000088300000, 0x0000000088300000| Untracked 
| 132|0x0000000088400000, 0x0000000088400000, 0x0000000088500000|  0%| F|  |TAMS 0x0000000088400000, 0x0000000088400000| Untracked 
| 133|0x0000000088500000, 0x0000000088500000, 0x0000000088600000|  0%| F|  |TAMS 0x0000000088500000, 0x0000000088500000| Untracked 
| 134|0x0000000088600000, 0x0000000088600000, 0x0000000088700000|  0%| F|  |TAMS 0x0000000088600000, 0x0000000088600000| Untracked 
| 135|0x0000000088700000, 0x0000000088700000, 0x0000000088800000|  0%| F|  |TAMS 0x0000000088700000, 0x0000000088700000| Untracked 
| 136|0x0000000088800000, 0x0000000088800000, 0x0000000088900000|  0%| F|  |TAMS 0x0000000088800000, 0x0000000088800000| Untracked 
| 137|0x0000000088900000, 0x0000000088900000, 0x0000000088a00000|  0%| F|  |TAMS 0x0000000088900000, 0x0000000088900000| Untracked 
| 138|0x0000000088a00000, 0x0000000088a00000, 0x0000000088b00000|  0%| F|  |TAMS 0x0000000088a00000, 0x0000000088a00000| Untracked 
| 139|0x0000000088b00000, 0x0000000088b00000, 0x0000000088c00000|  0%| F|  |TAMS 0x0000000088b00000, 0x0000000088b00000| Untracked 
| 140|0x0000000088c00000, 0x0000000088c00000, 0x0000000088d00000|  0%| F|  |TAMS 0x0000000088c00000, 0x0000000088c00000| Untracked 
| 141|0x0000000088d00000, 0x0000000088d00000, 0x0000000088e00000|  0%| F|  |TAMS 0x0000000088d00000, 0x0000000088d00000| Untracked 
| 142|0x0000000088e00000, 0x0000000088e00000, 0x0000000088f00000|  0%| F|  |TAMS 0x0000000088e00000, 0x0000000088e00000| Untracked 
| 143|0x0000000088f00000, 0x0000000088f00000, 0x0000000089000000|  0%| F|  |TAMS 0x0000000088f00000, 0x0000000088f00000| Untracked 
| 144|0x0000000089000000, 0x0000000089000000, 0x0000000089100000|  0%| F|  |TAMS 0x0000000089000000, 0x0000000089000000| Untracked 
| 145|0x0000000089100000, 0x0000000089100000, 0x0000000089200000|  0%| F|  |TAMS 0x0000000089100000, 0x0000000089100000| Untracked 
| 146|0x0000000089200000, 0x0000000089200000, 0x0000000089300000|  0%| F|  |TAMS 0x0000000089200000, 0x0000000089200000| Untracked 
| 147|0x0000000089300000, 0x0000000089300000, 0x0000000089400000|  0%| F|  |TAMS 0x0000000089300000, 0x0000000089300000| Untracked 
| 148|0x0000000089400000, 0x0000000089400000, 0x0000000089500000|  0%| F|  |TAMS 0x0000000089400000, 0x0000000089400000| Untracked 
| 149|0x0000000089500000, 0x0000000089500000, 0x0000000089600000|  0%| F|  |TAMS 0x0000000089500000, 0x0000000089500000| Untracked 
| 150|0x0000000089600000, 0x0000000089600000, 0x0000000089700000|  0%| F|  |TAMS 0x0000000089600000, 0x0000000089600000| Untracked 
| 151|0x0000000089700000, 0x0000000089700000, 0x0000000089800000|  0%| F|  |TAMS 0x0000000089700000, 0x0000000089700000| Untracked 
| 152|0x0000000089800000, 0x0000000089800000, 0x0000000089900000|  0%| F|  |TAMS 0x0000000089800000, 0x0000000089800000| Untracked 
| 153|0x0000000089900000, 0x0000000089900000, 0x0000000089a00000|  0%| F|  |TAMS 0x0000000089900000, 0x0000000089900000| Untracked 
| 154|0x0000000089a00000, 0x0000000089a00000, 0x0000000089b00000|  0%| F|  |TAMS 0x0000000089a00000, 0x0000000089a00000| Untracked 
| 155|0x0000000089b00000, 0x0000000089b00000, 0x0000000089c00000|  0%| F|  |TAMS 0x0000000089b00000, 0x0000000089b00000| Untracked 
| 156|0x0000000089c00000, 0x0000000089c00000, 0x0000000089d00000|  0%| F|  |TAMS 0x0000000089c00000, 0x0000000089c00000| Untracked 
| 157|0x0000000089d00000, 0x0000000089d00000, 0x0000000089e00000|  0%| F|  |TAMS 0x0000000089d00000, 0x0000000089d00000| Untracked 
| 158|0x0000000089e00000, 0x0000000089e00000, 0x0000000089f00000|  0%| F|  |TAMS 0x0000000089e00000, 0x0000000089e00000| Untracked 
| 159|0x0000000089f00000, 0x0000000089f00000, 0x000000008a000000|  0%| F|  |TAMS 0x0000000089f00000, 0x0000000089f00000| Untracked 
| 160|0x000000008a000000, 0x000000008a000000, 0x000000008a100000|  0%| F|  |TAMS 0x000000008a000000, 0x000000008a000000| Untracked 
| 161|0x000000008a100000, 0x000000008a100000, 0x000000008a200000|  0%| F|  |TAMS 0x000000008a100000, 0x000000008a100000| Untracked 
| 162|0x000000008a200000, 0x000000008a200000, 0x000000008a300000|  0%| F|  |TAMS 0x000000008a200000, 0x000000008a200000| Untracked 
| 163|0x000000008a300000, 0x000000008a300000, 0x000000008a400000|  0%| F|  |TAMS 0x000000008a300000, 0x000000008a300000| Untracked 
| 164|0x000000008a400000, 0x000000008a400000, 0x000000008a500000|  0%| F|  |TAMS 0x000000008a400000, 0x000000008a400000| Untracked 
| 165|0x000000008a500000, 0x000000008a500000, 0x000000008a600000|  0%| F|  |TAMS 0x000000008a500000, 0x000000008a500000| Untracked 
| 166|0x000000008a600000, 0x000000008a600000, 0x000000008a700000|  0%| F|  |TAMS 0x000000008a600000, 0x000000008a600000| Untracked 
| 167|0x000000008a700000, 0x000000008a700000, 0x000000008a800000|  0%| F|  |TAMS 0x000000008a700000, 0x000000008a700000| Untracked 
| 168|0x000000008a800000, 0x000000008a800000, 0x000000008a900000|  0%| F|  |TAMS 0x000000008a800000, 0x000000008a800000| Untracked 
| 169|0x000000008a900000, 0x000000008a900000, 0x000000008aa00000|  0%| F|  |TAMS 0x000000008a900000, 0x000000008a900000| Untracked 
| 170|0x000000008aa00000, 0x000000008aa00000, 0x000000008ab00000|  0%| F|  |TAMS 0x000000008aa00000, 0x000000008aa00000| Untracked 
| 171|0x000000008ab00000, 0x000000008ab00000, 0x000000008ac00000|  0%| F|  |TAMS 0x000000008ab00000, 0x000000008ab00000| Untracked 
| 172|0x000000008ac00000, 0x000000008ac00000, 0x000000008ad00000|  0%| F|  |TAMS 0x000000008ac00000, 0x000000008ac00000| Untracked 
| 173|0x000000008ad00000, 0x000000008ad00000, 0x000000008ae00000|  0%| F|  |TAMS 0x000000008ad00000, 0x000000008ad00000| Untracked 
| 174|0x000000008ae00000, 0x000000008ae00000, 0x000000008af00000|  0%| F|  |TAMS 0x000000008ae00000, 0x000000008ae00000| Untracked 
| 175|0x000000008af00000, 0x000000008af00000, 0x000000008b000000|  0%| F|  |TAMS 0x000000008af00000, 0x000000008af00000| Untracked 
| 176|0x000000008b000000, 0x000000008b000000, 0x000000008b100000|  0%| F|  |TAMS 0x000000008b000000, 0x000000008b000000| Untracked 
| 177|0x000000008b100000, 0x000000008b100000, 0x000000008b200000|  0%| F|  |TAMS 0x000000008b100000, 0x000000008b100000| Untracked 
| 178|0x000000008b200000, 0x000000008b200000, 0x000000008b300000|  0%| F|  |TAMS 0x000000008b200000, 0x000000008b200000| Untracked 
| 179|0x000000008b300000, 0x000000008b300000, 0x000000008b400000|  0%| F|  |TAMS 0x000000008b300000, 0x000000008b300000| Untracked 
| 180|0x000000008b400000, 0x000000008b400000, 0x000000008b500000|  0%| F|  |TAMS 0x000000008b400000, 0x000000008b400000| Untracked 
| 181|0x000000008b500000, 0x000000008b500000, 0x000000008b600000|  0%| F|  |TAMS 0x000000008b500000, 0x000000008b500000| Untracked 
| 182|0x000000008b600000, 0x000000008b600000, 0x000000008b700000|  0%| F|  |TAMS 0x000000008b600000, 0x000000008b600000| Untracked 
| 183|0x000000008b700000, 0x000000008b700000, 0x000000008b800000|  0%| F|  |TAMS 0x000000008b700000, 0x000000008b700000| Untracked 
| 184|0x000000008b800000, 0x000000008b800000, 0x000000008b900000|  0%| F|  |TAMS 0x000000008b800000, 0x000000008b800000| Untracked 
| 185|0x000000008b900000, 0x000000008b900000, 0x000000008ba00000|  0%| F|  |TAMS 0x000000008b900000, 0x000000008b900000| Untracked 
| 186|0x000000008ba00000, 0x000000008ba00000, 0x000000008bb00000|  0%| F|  |TAMS 0x000000008ba00000, 0x000000008ba00000| Untracked 
| 187|0x000000008bb00000, 0x000000008bb00000, 0x000000008bc00000|  0%| F|  |TAMS 0x000000008bb00000, 0x000000008bb00000| Untracked 
| 188|0x000000008bc00000, 0x000000008bc00000, 0x000000008bd00000|  0%| F|  |TAMS 0x000000008bc00000, 0x000000008bc00000| Untracked 
| 189|0x000000008bd00000, 0x000000008bd00000, 0x000000008be00000|  0%| F|  |TAMS 0x000000008bd00000, 0x000000008bd00000| Untracked 
| 190|0x000000008be00000, 0x000000008be00000, 0x000000008bf00000|  0%| F|  |TAMS 0x000000008be00000, 0x000000008be00000| Untracked 
| 191|0x000000008bf00000, 0x000000008bf00000, 0x000000008c000000|  0%| F|  |TAMS 0x000000008bf00000, 0x000000008bf00000| Untracked 
| 192|0x000000008c000000, 0x000000008c000000, 0x000000008c100000|  0%| F|  |TAMS 0x000000008c000000, 0x000000008c000000| Untracked 
| 193|0x000000008c100000, 0x000000008c100000, 0x000000008c200000|  0%| F|  |TAMS 0x000000008c100000, 0x000000008c100000| Untracked 
| 194|0x000000008c200000, 0x000000008c200000, 0x000000008c300000|  0%| F|  |TAMS 0x000000008c200000, 0x000000008c200000| Untracked 
| 195|0x000000008c300000, 0x000000008c300000, 0x000000008c400000|  0%| F|  |TAMS 0x000000008c300000, 0x000000008c300000| Untracked 
| 196|0x000000008c400000, 0x000000008c400000, 0x000000008c500000|  0%| F|  |TAMS 0x000000008c400000, 0x000000008c400000| Untracked 
| 197|0x000000008c500000, 0x000000008c500000, 0x000000008c600000|  0%| F|  |TAMS 0x000000008c500000, 0x000000008c500000| Untracked 
| 198|0x000000008c600000, 0x000000008c600000, 0x000000008c700000|  0%| F|  |TAMS 0x000000008c600000, 0x000000008c600000| Untracked 
| 199|0x000000008c700000, 0x000000008c700000, 0x000000008c800000|  0%| F|  |TAMS 0x000000008c700000, 0x000000008c700000| Untracked 
| 200|0x000000008c800000, 0x000000008c800000, 0x000000008c900000|  0%| F|  |TAMS 0x000000008c800000, 0x000000008c800000| Untracked 
| 201|0x000000008c900000, 0x000000008c900000, 0x000000008ca00000|  0%| F|  |TAMS 0x000000008c900000, 0x000000008c900000| Untracked 
| 202|0x000000008ca00000, 0x000000008ca00000, 0x000000008cb00000|  0%| F|  |TAMS 0x000000008ca00000, 0x000000008ca00000| Untracked 
| 203|0x000000008cb00000, 0x000000008cb00000, 0x000000008cc00000|  0%| F|  |TAMS 0x000000008cb00000, 0x000000008cb00000| Untracked 
| 204|0x000000008cc00000, 0x000000008cc00000, 0x000000008cd00000|  0%| F|  |TAMS 0x000000008cc00000, 0x000000008cc00000| Untracked 
| 205|0x000000008cd00000, 0x000000008cd00000, 0x000000008ce00000|  0%| F|  |TAMS 0x000000008cd00000, 0x000000008cd00000| Untracked 
| 206|0x000000008ce00000, 0x000000008ce00000, 0x000000008cf00000|  0%| F|  |TAMS 0x000000008ce00000, 0x000000008ce00000| Untracked 
| 207|0x000000008cf00000, 0x000000008cf00000, 0x000000008d000000|  0%| F|  |TAMS 0x000000008cf00000, 0x000000008cf00000| Untracked 
| 208|0x000000008d000000, 0x000000008d000000, 0x000000008d100000|  0%| F|  |TAMS 0x000000008d000000, 0x000000008d000000| Untracked 
| 209|0x000000008d100000, 0x000000008d100000, 0x000000008d200000|  0%| F|  |TAMS 0x000000008d100000, 0x000000008d100000| Untracked 
| 210|0x000000008d200000, 0x000000008d200000, 0x000000008d300000|  0%| F|  |TAMS 0x000000008d200000, 0x000000008d200000| Untracked 
| 211|0x000000008d300000, 0x000000008d300000, 0x000000008d400000|  0%| F|  |TAMS 0x000000008d300000, 0x000000008d300000| Untracked 
| 212|0x000000008d400000, 0x000000008d400000, 0x000000008d500000|  0%| F|  |TAMS 0x000000008d400000, 0x000000008d400000| Untracked 
| 213|0x000000008d500000, 0x000000008d500000, 0x000000008d600000|  0%| F|  |TAMS 0x000000008d500000, 0x000000008d500000| Untracked 
| 214|0x000000008d600000, 0x000000008d600000, 0x000000008d700000|  0%| F|  |TAMS 0x000000008d600000, 0x000000008d600000| Untracked 
| 215|0x000000008d700000, 0x000000008d700000, 0x000000008d800000|  0%| F|  |TAMS 0x000000008d700000, 0x000000008d700000| Untracked 
| 216|0x000000008d800000, 0x000000008d800000, 0x000000008d900000|  0%| F|  |TAMS 0x000000008d800000, 0x000000008d800000| Untracked 
| 217|0x000000008d900000, 0x000000008d900000, 0x000000008da00000|  0%| F|  |TAMS 0x000000008d900000, 0x000000008d900000| Untracked 
| 218|0x000000008da00000, 0x000000008da00000, 0x000000008db00000|  0%| F|  |TAMS 0x000000008da00000, 0x000000008da00000| Untracked 
| 219|0x000000008db00000, 0x000000008db00000, 0x000000008dc00000|  0%| F|  |TAMS 0x000000008db00000, 0x000000008db00000| Untracked 
| 220|0x000000008dc00000, 0x000000008dc00000, 0x000000008dd00000|  0%| F|  |TAMS 0x000000008dc00000, 0x000000008dc00000| Untracked 
| 221|0x000000008dd00000, 0x000000008dd00000, 0x000000008de00000|  0%| F|  |TAMS 0x000000008dd00000, 0x000000008dd00000| Untracked 
| 222|0x000000008de00000, 0x000000008de00000, 0x000000008df00000|  0%| F|  |TAMS 0x000000008de00000, 0x000000008de00000| Untracked 
| 223|0x000000008df00000, 0x000000008df00000, 0x000000008e000000|  0%| F|  |TAMS 0x000000008df00000, 0x000000008df00000| Untracked 
| 224|0x000000008e000000, 0x000000008e000000, 0x000000008e100000|  0%| F|  |TAMS 0x000000008e000000, 0x000000008e000000| Untracked 
| 225|0x000000008e100000, 0x000000008e100000, 0x000000008e200000|  0%| F|  |TAMS 0x000000008e100000, 0x000000008e100000| Untracked 
| 226|0x000000008e200000, 0x000000008e200000, 0x000000008e300000|  0%| F|  |TAMS 0x000000008e200000, 0x000000008e200000| Untracked 
| 227|0x000000008e300000, 0x000000008e300000, 0x000000008e400000|  0%| F|  |TAMS 0x000000008e300000, 0x000000008e300000| Untracked 
| 228|0x000000008e400000, 0x000000008e400000, 0x000000008e500000|  0%| F|  |TAMS 0x000000008e400000, 0x000000008e400000| Untracked 
| 229|0x000000008e500000, 0x000000008e500000, 0x000000008e600000|  0%| F|  |TAMS 0x000000008e500000, 0x000000008e500000| Untracked 
| 230|0x000000008e600000, 0x000000008e600000, 0x000000008e700000|  0%| F|  |TAMS 0x000000008e600000, 0x000000008e600000| Untracked 
| 231|0x000000008e700000, 0x000000008e800000, 0x000000008e800000|100%| E|  |TAMS 0x000000008e700000, 0x000000008e700000| Complete 
| 232|0x000000008e800000, 0x000000008e900000, 0x000000008e900000|100%| E|CS|TAMS 0x000000008e800000, 0x000000008e800000| Complete 
| 233|0x000000008e900000, 0x000000008ea00000, 0x000000008ea00000|100%| E|CS|TAMS 0x000000008e900000, 0x000000008e900000| Complete 
| 234|0x000000008ea00000, 0x000000008eb00000, 0x000000008eb00000|100%| E|CS|TAMS 0x000000008ea00000, 0x000000008ea00000| Complete 
| 235|0x000000008eb00000, 0x000000008ec00000, 0x000000008ec00000|100%| E|CS|TAMS 0x000000008eb00000, 0x000000008eb00000| Complete 
| 236|0x000000008ec00000, 0x000000008ed00000, 0x000000008ed00000|100%| E|CS|TAMS 0x000000008ec00000, 0x000000008ec00000| Complete 
| 237|0x000000008ed00000, 0x000000008ee00000, 0x000000008ee00000|100%| E|CS|TAMS 0x000000008ed00000, 0x000000008ed00000| Complete 
| 238|0x000000008ee00000, 0x000000008ef00000, 0x000000008ef00000|100%| E|CS|TAMS 0x000000008ee00000, 0x000000008ee00000| Complete 
| 239|0x000000008ef00000, 0x000000008f000000, 0x000000008f000000|100%| E|CS|TAMS 0x000000008ef00000, 0x000000008ef00000| Complete 
| 240|0x000000008f000000, 0x000000008f100000, 0x000000008f100000|100%| E|CS|TAMS 0x000000008f000000, 0x000000008f000000| Complete 
| 241|0x000000008f100000, 0x000000008f200000, 0x000000008f200000|100%| E|CS|TAMS 0x000000008f100000, 0x000000008f100000| Complete 
| 242|0x000000008f200000, 0x000000008f300000, 0x000000008f300000|100%| E|CS|TAMS 0x000000008f200000, 0x000000008f200000| Complete 
| 243|0x000000008f300000, 0x000000008f400000, 0x000000008f400000|100%| E|CS|TAMS 0x000000008f300000, 0x000000008f300000| Complete 
| 244|0x000000008f400000, 0x000000008f500000, 0x000000008f500000|100%| E|CS|TAMS 0x000000008f400000, 0x000000008f400000| Complete 
| 245|0x000000008f500000, 0x000000008f600000, 0x000000008f600000|100%| E|CS|TAMS 0x000000008f500000, 0x000000008f500000| Complete 
| 246|0x000000008f600000, 0x000000008f700000, 0x000000008f700000|100%| E|CS|TAMS 0x000000008f600000, 0x000000008f600000| Complete 
| 247|0x000000008f700000, 0x000000008f800000, 0x000000008f800000|100%| E|CS|TAMS 0x000000008f700000, 0x000000008f700000| Complete 
| 248|0x000000008f800000, 0x000000008f900000, 0x000000008f900000|100%| E|CS|TAMS 0x000000008f800000, 0x000000008f800000| Complete 
| 249|0x000000008f900000, 0x000000008fa00000, 0x000000008fa00000|100%| E|CS|TAMS 0x000000008f900000, 0x000000008f900000| Complete 
| 250|0x000000008fa00000, 0x000000008fb00000, 0x000000008fb00000|100%| E|CS|TAMS 0x000000008fa00000, 0x000000008fa00000| Complete 
| 251|0x000000008fb00000, 0x000000008fc00000, 0x000000008fc00000|100%| E|CS|TAMS 0x000000008fb00000, 0x000000008fb00000| Complete 

Card table byte_map: [0x000001a67cec0000,0x000001a67d2c0000] _byte_map_base: 0x000001a67cac0000

Marking Bits (Prev, Next): (CMBitMap*) 0x000001a66409a7d8, (CMBitMap*) 0x000001a66409a810
 Prev Bits: [0x000001a67d6c0000, 0x000001a67f6c0000)
 Next Bits: [0x000001a600000000, 0x000001a602000000)

Polling page: 0x000001a6627f0000

Metaspace:

Usage:
  Non-class:     48.15 MB capacity,    47.05 MB ( 98%) used,   932.32 KB (  2%) free+waste,   195.94 KB ( <1%) overhead. 
      Class:      7.76 MB capacity,     7.04 MB ( 91%) used,   637.20 KB (  8%) free+waste,    96.31 KB (  1%) overhead. 
       Both:     55.91 MB capacity,    54.09 MB ( 97%) used,     1.53 MB (  3%) free+waste,   292.25 KB ( <1%) overhead. 

Virtual space:
  Non-class space:       50.00 MB reserved,      48.25 MB ( 96%) committed 
      Class space:      504.00 MB reserved,       7.88 MB (  2%) committed 
             Both:      554.00 MB reserved,      56.12 MB ( 10%) committed 

Chunk freelists:
   Non-Class:  36.00 KB
       Class:  26.00 KB
        Both:  62.00 KB

MaxMetaspaceSize: 512.00 MB
CompressedClassSpaceSize: 504.00 MB
Initial GC threshold: 20.80 MB
Current GC threshold: 58.75 MB
CDS: off

CodeHeap 'non-profiled nmethods': size=119168Kb used=3553Kb max_used=3553Kb free=115614Kb
 bounds [0x000001a674470000, 0x000001a6747f0000, 0x000001a67b8d0000]
CodeHeap 'profiled nmethods': size=119168Kb used=11488Kb max_used=11488Kb free=107679Kb
 bounds [0x000001a66d010000, 0x000001a66db50000, 0x000001a674470000]
CodeHeap 'non-nmethods': size=7424Kb used=4008Kb max_used=4042Kb free=3415Kb
 bounds [0x000001a66c8d0000, 0x000001a66ccd0000, 0x000001a66d010000]
 total_blobs=6178 nmethods=5350 adapters=737
 compilation: enabled
              stopped_count=0, restarted_count=0
 full_count=0

Compilation events (20 events):
Event: 6.223 Thread 0x000001a605582000 5341       3       org.gradle.internal.instantiation.generator.AsmBackedClassGenerator::getServicesForNext (13 bytes)
Event: 6.224 Thread 0x000001a605582000 nmethod 5341 0x000001a66db41910 code [0x000001a66db41ae0, 0x000001a66db41d68]
Event: 6.225 Thread 0x000001a605393800 5343       3       java.util.concurrent.atomic.AtomicBoolean::get (13 bytes)
Event: 6.225 Thread 0x000001a605393800 nmethod 5343 0x000001a66db41e90 code [0x000001a66db42040, 0x000001a66db42198]
Event: 6.225 Thread 0x000001a605be6800 5344       1       com.google.common.collect.MapMakerInternalMap$AbstractStrongKeyEntry::getNext (2 bytes)
Event: 6.225 Thread 0x000001a605be6800 nmethod 5344 0x000001a6747e6090 code [0x000001a6747e6240, 0x000001a6747e62f8]
Event: 6.226 Thread 0x000001a605be4000 nmethod 5339 0x000001a6747e6390 code [0x000001a6747e6560, 0x000001a6747e6908]
Event: 6.226 Thread 0x000001a605be4000 5342       4       org.objectweb.asm.MethodWriter::visitLabel (332 bytes)
Event: 6.226 Thread 0x000001a605393800 5345       3       org.gradle.internal.service.DefaultServiceRegistry::get (44 bytes)
Event: 6.227 Thread 0x000001a605393800 nmethod 5345 0x000001a66db42210 code [0x000001a66db42560, 0x000001a66db43868]
Event: 6.477 Thread 0x000001a605be6800 5346       3       java.util.concurrent.locks.AbstractQueuedSynchronizer$ConditionObject::unlinkCancelledWaiters (67 bytes)
Event: 6.477 Thread 0x000001a605be6800 nmethod 5346 0x000001a66db43f10 code [0x000001a66db440e0, 0x000001a66db444d8]
Event: 7.212 Thread 0x000001a605580800 5349   !   3       java.util.stream.ReferencePipeline$7$1::accept (127 bytes)
Event: 7.212 Thread 0x000001a605582000 5347       3       java.util.stream.ReferencePipeline$Head::forEach (26 bytes)
Event: 7.212 Thread 0x000001a605393800 5348       3       java.util.stream.AbstractPipeline::sourceStageSpliterator (112 bytes)
Event: 7.212 Thread 0x000001a605be6800 5350       3       java.util.stream.AbstractPipeline::sequential (10 bytes)
Event: 7.213 Thread 0x000001a605be6800 nmethod 5350 0x000001a66db44610 code [0x000001a66db447c0, 0x000001a66db448d8]
Event: 7.213 Thread 0x000001a605393800 nmethod 5348 0x000001a66db44990 code [0x000001a66db44bc0, 0x000001a66db45278]
Event: 7.213 Thread 0x000001a605582000 nmethod 5347 0x000001a66db45490 code [0x000001a66db456c0, 0x000001a66db45db8]
Event: 7.213 Thread 0x000001a605580800 nmethod 5349 0x000001a66db46090 code [0x000001a66db46320, 0x000001a66db470b8]

GC Heap History (14 events):
Event: 0.330 GC heap before
{Heap before GC invocations=0 (full 0):
 garbage-first heap   total 258048K, used 23552K [0x0000000080000000, 0x0000000100000000)
  region size 1024K, 24 young (24576K), 0 survivors (0K)
 Metaspace       used 7343K, capacity 7457K, committed 7680K, reserved 524288K
  class space    used 621K, capacity 657K, committed 768K, reserved 516096K
}
Event: 0.331 GC heap after
{Heap after GC invocations=1 (full 0):
 garbage-first heap   total 258048K, used 3555K [0x0000000080000000, 0x0000000100000000)
  region size 1024K, 3 young (3072K), 3 survivors (3072K)
 Metaspace       used 7343K, capacity 7457K, committed 7680K, reserved 524288K
  class space    used 621K, capacity 657K, committed 768K, reserved 516096K
}
Event: 1.662 GC heap before
{Heap before GC invocations=1 (full 0):
 garbage-first heap   total 258048K, used 160227K [0x0000000080000000, 0x0000000100000000)
  region size 1024K, 151 young (154624K), 3 survivors (3072K)
 Metaspace       used 18912K, capacity 19285K, committed 19456K, reserved 534528K
  class space    used 2107K, capacity 2217K, committed 2304K, reserved 516096K
}
Event: 1.668 GC heap after
{Heap after GC invocations=2 (full 0):
 garbage-first heap   total 258048K, used 19053K [0x0000000080000000, 0x0000000100000000)
  region size 1024K, 15 young (15360K), 15 survivors (15360K)
 Metaspace       used 18912K, capacity 19285K, committed 19456K, reserved 534528K
  class space    used 2107K, capacity 2217K, committed 2304K, reserved 516096K
}
Event: 1.773 GC heap before
{Heap before GC invocations=2 (full 0):
 garbage-first heap   total 258048K, used 38509K [0x0000000080000000, 0x0000000100000000)
  region size 1024K, 35 young (35840K), 15 survivors (15360K)
 Metaspace       used 20827K, capacity 21176K, committed 21248K, reserved 536576K
  class space    used 2367K, capacity 2528K, committed 2560K, reserved 516096K
}
Event: 1.779 GC heap after
{Heap after GC invocations=3 (full 0):
 garbage-first heap   total 258048K, used 20501K [0x0000000080000000, 0x0000000100000000)
  region size 1024K, 2 young (2048K), 2 survivors (2048K)
 Metaspace       used 20827K, capacity 21176K, committed 21248K, reserved 536576K
  class space    used 2367K, capacity 2528K, committed 2560K, reserved 516096K
}
Event: 2.534 GC heap before
{Heap before GC invocations=4 (full 0):
 garbage-first heap   total 258048K, used 172053K [0x0000000080000000, 0x0000000100000000)
  region size 1024K, 151 young (154624K), 2 survivors (2048K)
 Metaspace       used 30455K, capacity 31033K, committed 31232K, reserved 544768K
  class space    used 3798K, capacity 4051K, committed 4096K, reserved 516096K
}
Event: 2.536 GC heap after
{Heap after GC invocations=5 (full 0):
 garbage-first heap   total 258048K, used 23850K [0x0000000080000000, 0x0000000100000000)
  region size 1024K, 5 young (5120K), 5 survivors (5120K)
 Metaspace       used 30455K, capacity 31033K, committed 31232K, reserved 544768K
  class space    used 3798K, capacity 4051K, committed 4096K, reserved 516096K
}
Event: 3.000 GC heap before
{Heap before GC invocations=5 (full 0):
 garbage-first heap   total 258048K, used 100650K [0x0000000080000000, 0x0000000100000000)
  region size 1024K, 81 young (82944K), 5 survivors (5120K)
 Metaspace       used 35012K, capacity 35806K, committed 35840K, reserved 548864K
  class space    used 4500K, capacity 4838K, committed 4864K, reserved 516096K
}
Event: 3.004 GC heap after
{Heap after GC invocations=6 (full 0):
 garbage-first heap   total 258048K, used 25043K [0x0000000080000000, 0x0000000100000000)
  region size 1024K, 6 young (6144K), 6 survivors (6144K)
 Metaspace       used 35012K, capacity 35806K, committed 35840K, reserved 548864K
  class space    used 4500K, capacity 4838K, committed 4864K, reserved 516096K
}
Event: 4.175 GC heap before
{Heap before GC invocations=7 (full 0):
 garbage-first heap   total 258048K, used 177619K [0x0000000080000000, 0x0000000100000000)
  region size 1024K, 151 young (154624K), 6 survivors (6144K)
 Metaspace       used 48001K, capacity 49297K, committed 49408K, reserved 559104K
  class space    used 6070K, capacity 6567K, committed 6656K, reserved 516096K
}
Event: 4.180 GC heap after
{Heap after GC invocations=8 (full 0):
 garbage-first heap   total 258048K, used 33324K [0x0000000080000000, 0x0000000100000000)
  region size 1024K, 14 young (14336K), 14 survivors (14336K)
 Metaspace       used 48001K, capacity 49297K, committed 49408K, reserved 559104K
  class space    used 6070K, capacity 6567K, committed 6656K, reserved 516096K
}
Event: 6.109 GC heap before
{Heap before GC invocations=8 (full 0):
 garbage-first heap   total 258048K, used 173612K [0x0000000080000000, 0x0000000100000000)
  region size 1024K, 151 young (154624K), 14 survivors (14336K)
 Metaspace       used 54277K, capacity 55940K, committed 56192K, reserved 565248K
  class space    used 7035K, capacity 7682K, committed 7808K, reserved 516096K
}
Event: 6.113 GC heap after
{Heap after GC invocations=9 (full 0):
 garbage-first heap   total 258048K, used 36537K [0x0000000080000000, 0x0000000100000000)
  region size 1024K, 12 young (12288K), 12 survivors (12288K)
 Metaspace       used 54277K, capacity 55940K, committed 56192K, reserved 565248K
  class space    used 7035K, capacity 7682K, committed 7808K, reserved 516096K
}

Deoptimization events (20 events):
Event: 6.173 Thread 0x000001a6088d1800 Uncommon trap: trap_request=0xffffff4d fr.pc=0x000001a6745cba68 relative=0x0000000000000228
Event: 6.173 Thread 0x000001a6088d1800 Uncommon trap: reason=unstable_if action=reinterpret pc=0x000001a6745cba68 method=java.util.concurrent.ConcurrentHashMap.get(Ljava/lang/Object;)Ljava/lang/Object; @ 86 c2
Event: 6.173 Thread 0x000001a6088d1800 DEOPT PACKING pc=0x000001a6745cba68 sp=0x0000007fbcaf5500
Event: 6.173 Thread 0x000001a6088d1800 DEOPT UNPACKING pc=0x000001a66c91a1af sp=0x0000007fbcaf5478 mode 2
Event: 6.204 Thread 0x000001a6088d1800 Uncommon trap: trap_request=0xffffff7e fr.pc=0x000001a6747549d4 relative=0x0000000000000214
Event: 6.204 Thread 0x000001a6088d1800 Uncommon trap: reason=predicate action=maybe_recompile pc=0x000001a6747549d4 method=sun.instrument.TransformerManager.transform(Ljava/lang/Module;Ljava/lang/ClassLoader;Ljava/lang/String;Ljava/lang/Class;Ljava/security/ProtectionDomain;[B)[B @ 21 c2
Event: 6.204 Thread 0x000001a6088d1800 DEOPT PACKING pc=0x000001a6747549d4 sp=0x0000007fbcaf3b60
Event: 6.204 Thread 0x000001a6088d1800 DEOPT UNPACKING pc=0x000001a66c91a1af sp=0x0000007fbcaf3a70 mode 2
Event: 6.204 Thread 0x000001a6088d1800 Uncommon trap: trap_request=0xffffff4d fr.pc=0x000001a6747541d0 relative=0x00000000000000b0
Event: 6.204 Thread 0x000001a6088d1800 Uncommon trap: reason=unstable_if action=reinterpret pc=0x000001a6747541d0 method=org.gradle.internal.instrumentation.agent.DefaultClassFileTransformer.transform(Ljava/lang/ClassLoader;Ljava/lang/String;Ljava/lang/Class;Ljava/security/ProtectionDomain;[B)
Event: 6.204 Thread 0x000001a6088d1800 DEOPT PACKING pc=0x000001a6747541d0 sp=0x0000007fbcaf3a20
Event: 6.204 Thread 0x000001a6088d1800 DEOPT UNPACKING pc=0x000001a66c91a1af sp=0x0000007fbcaf3938 mode 2
Event: 6.211 Thread 0x000001a6088d1800 Uncommon trap: trap_request=0xffffff7e fr.pc=0x000001a674747668 relative=0x00000000000001a8
Event: 6.211 Thread 0x000001a6088d1800 Uncommon trap: reason=predicate action=maybe_recompile pc=0x000001a674747668 method=sun.instrument.TransformerManager.transform(Ljava/lang/Module;Ljava/lang/ClassLoader;Ljava/lang/String;Ljava/lang/Class;Ljava/security/ProtectionDomain;[B)[B @ 21 c2
Event: 6.211 Thread 0x000001a6088d1800 DEOPT PACKING pc=0x000001a674747668 sp=0x0000007fbcaf4bf0
Event: 6.211 Thread 0x000001a6088d1800 DEOPT UNPACKING pc=0x000001a66c91a1af sp=0x0000007fbcaf4b98 mode 2
Event: 6.211 Thread 0x000001a6088d1800 Uncommon trap: trap_request=0xffffff4d fr.pc=0x000001a674754548 relative=0x00000000000000a8
Event: 6.211 Thread 0x000001a6088d1800 Uncommon trap: reason=unstable_if action=reinterpret pc=0x000001a674754548 method=org.gradle.internal.instrumentation.agent.DefaultClassFileTransformer.transform(Ljava/lang/ClassLoader;Ljava/lang/String;Ljava/lang/Class;Ljava/security/ProtectionDomain;[B)
Event: 6.211 Thread 0x000001a6088d1800 DEOPT PACKING pc=0x000001a674754548 sp=0x0000007fbcaf4ad0
Event: 6.211 Thread 0x000001a6088d1800 DEOPT UNPACKING pc=0x000001a66c91a1af sp=0x0000007fbcaf4a70 mode 2

Classes redefined (0 events):
No events

Internal exceptions (20 events):
Event: 4.410 Thread 0x000001a6088d1800 Exception <a 'java/lang/NoSuchMethodError'{0x000000008c91e130}: 'java.lang.Object java.lang.invoke.DirectMethodHandle$Holder.invokeSpecial(java.lang.Object, java.lang.Object, java.lang.Object, java.lang.Object, java.lang.Object, int)'> (0x000000008c91e130) thrown at [s\src\hotspot\share\interpreter\linkResolver.cpp, line 773]
Event: 4.410 Thread 0x000001a6088d1800 Exception <a 'java/lang/NoSuchMethodError'{0x000000008c922a18}: 'java.lang.Object java.lang.invoke.Invokers$Holder.linkToTargetMethod(java.lang.Object, java.lang.Object, java.lang.Object, int, java.lang.Object)'> (0x000000008c922a18) thrown at [s\src\hotspot\share\interpreter\linkResolver.cpp, line 773]
Event: 4.445 Thread 0x000001a6088d1800 Exception <a 'java/lang/NoSuchMethodError'{0x000000008c6b5398}: 'int java.lang.invoke.DirectMethodHandle$Holder.invokeInterface(java.lang.Object, java.lang.Object, java.lang.Object, java.lang.Object)'> (0x000000008c6b5398) thrown at [s\src\hotspot\share\interpreter\linkResolver.cpp, line 773]
Event: 5.534 Thread 0x000001a6088d1800 Exception <a 'java/lang/NoSuchMethodError'{0x000000008c26a888}: 'java.lang.Object java.lang.invoke.DirectMethodHandle$Holder.invokeStatic(java.lang.Object, long, java.lang.Object)'> (0x000000008c26a888) thrown at [s\src\hotspot\share\interpreter\linkResolver.cpp, line 773]
Event: 5.535 Thread 0x000001a6088d1800 Exception <a 'java/lang/NoSuchMethodError'{0x000000008c272478}: 'java.lang.Object java.lang.invoke.DirectMethodHandle$Holder.invokeStatic(java.lang.Object, long)'> (0x000000008c272478) thrown at [s\src\hotspot\share\interpreter\linkResolver.cpp, line 773]
Event: 5.535 Thread 0x000001a6088d1800 Exception <a 'java/lang/NoSuchMethodError'{0x000000008c276a38}: 'java.lang.Object java.lang.invoke.DirectMethodHandle$Holder.invokeSpecial(java.lang.Object, java.lang.Object, long)'> (0x000000008c276a38) thrown at [s\src\hotspot\share\interpreter\linkResolver.cpp, line 773]
Event: 5.535 Thread 0x000001a6088d1800 Exception <a 'java/lang/NoSuchMethodError'{0x000000008c27aa38}: 'java.lang.Object java.lang.invoke.Invokers$Holder.linkToTargetMethod(long, java.lang.Object)'> (0x000000008c27aa38) thrown at [s\src\hotspot\share\interpreter\linkResolver.cpp, line 773]
Event: 5.540 Thread 0x000001a6088d1800 Exception <a 'java/lang/NoSuchMethodError'{0x000000008c116080}: 'java.lang.Object java.lang.invoke.Invokers$Holder.linkToTargetMethod(java.lang.Object, java.lang.Object, java.lang.Object, java.lang.Object, long, java.lang.Object, java.lang.Object)'> (0x000000008c116080) thrown at [s\src\hotspot\share\interpreter\linkResolver.cpp, line 773]
Event: 5.543 Thread 0x000001a6088d1800 Exception <a 'java/lang/NoSuchMethodError'{0x000000008c16f118}: 'java.lang.Object java.lang.invoke.DirectMethodHandle$Holder.invokeSpecial(java.lang.Object, java.lang.Object, java.lang.Object, java.lang.Object, long, java.lang.Object)'> (0x000000008c16f118) thrown at [s\src\hotspot\share\interpreter\linkResolver.cpp, line 773]
Event: 5.543 Thread 0x000001a6088d1800 Exception <a 'java/lang/NoSuchMethodError'{0x000000008c173800}: 'java.lang.Object java.lang.invoke.Invokers$Holder.linkToTargetMethod(java.lang.Object, java.lang.Object, long, java.lang.Object, java.lang.Object)'> (0x000000008c173800) thrown at [s\src\hotspot\share\interpreter\linkResolver.cpp, line 773]
Event: 5.601 Thread 0x000001a6088d1800 Implicit null exception at 0x000001a67465496f to 0x000001a674654a18
Event: 5.755 Thread 0x000001a6088d1800 Exception <a 'java/lang/NoSuchMethodError'{0x000000008aa63380}: 'java.lang.Object java.lang.invoke.DirectMethodHandle$Holder.invokeStatic(java.lang.Object, int, java.lang.Object)'> (0x000000008aa63380) thrown at [s\src\hotspot\share\interpreter\linkResolver.cpp, line 773]
Event: 5.909 Thread 0x000001a6088d1800 Exception <a 'java/lang/NoSuchMethodError'{0x0000000088da3388}: 'int java.lang.invoke.DirectMethodHandle$Holder.invokeSpecialIFC(java.lang.Object, java.lang.Object, java.lang.Object)'> (0x0000000088da3388) thrown at [s\src\hotspot\share\interpreter\linkResolver.cpp, line 773]
Event: 6.003 Thread 0x000001a6088d1800 Exception <a 'java/lang/NoSuchMethodError'{0x00000000883e08c0}: 'java.lang.Object java.lang.invoke.DirectMethodHandle$Holder.invokeSpecial(java.lang.Object, java.lang.Object, java.lang.Object, java.lang.Object, java.lang.Object, long)'> (0x00000000883e08c0) thrown at [s\src\hotspot\share\interpreter\linkResolver.cpp, line 773]
Event: 6.006 Thread 0x000001a6088d1800 Exception <a 'java/lang/NoSuchMethodError'{0x0000000088232870}: 'void java.lang.invoke.DirectMethodHandle$Holder.invokeStatic(java.lang.Object, java.lang.Object, java.lang.Object, int, java.lang.Object)'> (0x0000000088232870) thrown at [s\src\hotspot\share\interpreter\linkResolver.cpp, line 773]
Event: 6.033 Thread 0x000001a6088d1800 Exception <a 'java/lang/NoSuchMethodError'{0x0000000087e2e870}: 'int java.lang.invoke.DirectMethodHandle$Holder.invokeInterface(java.lang.Object, java.lang.Object, java.lang.Object, java.lang.Object, java.lang.Object)'> (0x0000000087e2e870) thrown at [s\src\hotspot\share\interpreter\linkResolver.cpp, line 773]
Event: 6.071 Thread 0x000001a6088d1800 Exception <a 'java/lang/NoSuchMethodError'{0x0000000087aff4e0}: 'java.lang.Object java.lang.invoke.DirectMethodHandle$Holder.invokeSpecial(java.lang.Object, java.lang.Object, long, java.lang.Object, java.lang.Object)'> (0x0000000087aff4e0) thrown at [s\src\hotspot\share\interpreter\linkResolver.cpp, line 773]
Event: 6.122 Thread 0x000001a6088d1800 Exception <a 'java/lang/NoSuchMethodError'{0x000000008fac6ff0}: 'java.lang.Object java.lang.invoke.DirectMethodHandle$Holder.invokeStatic(java.lang.Object, java.lang.Object, java.lang.Object, java.lang.Object, int, java.lang.Object)'> (0x000000008fac6ff0) thrown at [s\src\hotspot\share\interpreter\linkResolver.cpp, line 773]
Event: 6.122 Thread 0x000001a6088d1800 Exception <a 'java/lang/NoSuchMethodError'{0x000000008facf198}: 'java.lang.Object java.lang.invoke.Invokers$Holder.linkToTargetMethod(java.lang.Object, java.lang.Object, java.lang.Object, int, java.lang.Object, java.lang.Object)'> (0x000000008facf198) thrown at [s\src\hotspot\share\interpreter\linkResolver.cpp, line 773]
Event: 6.171 Thread 0x000001a6088d1800 Exception <a 'java/lang/NoSuchMethodError'{0x000000008f2c9c68}: 'java.lang.Object java.lang.invoke.DirectMethodHandle$Holder.invokeSpecialIFC(java.lang.Object, java.lang.Object, java.lang.Object)'> (0x000000008f2c9c68) thrown at [s\src\hotspot\share\interpreter\linkResolver.cpp, line 773]

Events (20 events):
Event: 6.224 loading class org/gradle/jvm/toolchain/internal/DefaultJvmToolchainManagement_Decorated
Event: 6.224 loading class org/gradle/jvm/toolchain/internal/DefaultJvmToolchainManagement_Decorated done
Event: 6.225 loading class org/gradle/api/internal/SettingsInternal
Event: 6.225 loading class org/gradle/api/internal/SettingsInternal done
Event: 6.225 loading class org/gradle/jvm/toolchain/JavaToolchainResolverRegistry
Event: 6.225 loading class org/gradle/jvm/toolchain/JavaToolchainResolverRegistry done
Event: 6.225 loading class org/gradle/internal/service/ServiceRegistry
Event: 6.225 loading class org/gradle/internal/service/ServiceRegistry done
Event: 6.225 loading class org/gradle/toolchains/foojay/FoojayToolchainResolver
Event: 6.225 loading class org/gradle/toolchains/foojay/FoojayToolchainResolver done
Event: 6.225 loading class org/gradle/toolchains/foojay/FoojayToolchainResolver
Event: 6.225 loading class org/gradle/toolchains/foojay/FoojayToolchainResolver done
Event: 6.226 loading class org/gradle/jvm/toolchain/JavaToolchainResolver
Event: 6.226 loading class org/gradle/jvm/toolchain/JavaToolchainResolver done
Event: 6.226 loading class org/gradle/jvm/toolchain/JavaToolchainResolver
Event: 6.226 loading class org/gradle/jvm/toolchain/JavaToolchainResolver done
Event: 6.226 loading class org/gradle/toolchains/foojay/FoojayToolchainsConventionPlugin$apply$1
Event: 6.226 loading class org/gradle/toolchains/foojay/FoojayToolchainsConventionPlugin$apply$1 done
Event: 6.226 loading class org/gradle/toolchains/foojay/FoojayToolchainsConventionPlugin$apply$1
Event: 6.226 loading class org/gradle/toolchains/foojay/FoojayToolchainsConventionPlugin$apply$1 done


Dynamic libraries:
0x00007ff70afc0000 - 0x00007ff70afce000 	C:\Program Files\Eclipse Adoptium\jdk-11.0.26.4-hotspot\bin\java.exe
0x00007ff8031a0000 - 0x00007ff803400000 	C:\WINDOWS\SYSTEM32\ntdll.dll
0x00007ff801320000 - 0x00007ff8013e7000 	C:\WINDOWS\System32\KERNEL32.DLL
0x00007ff800880000 - 0x00007ff800c4a000 	C:\WINDOWS\System32\KERNELBASE.dll
0x00007ff800730000 - 0x00007ff80087b000 	C:\WINDOWS\System32\ucrtbase.dll
0x00007fffddc90000 - 0x00007fffddcae000 	C:\Program Files\Eclipse Adoptium\jdk-11.0.26.4-hotspot\bin\VCRUNTIME140.dll
0x00007fffcf540000 - 0x00007fffcf557000 	C:\Program Files\Eclipse Adoptium\jdk-11.0.26.4-hotspot\bin\jli.dll
0x00007ff802f90000 - 0x00007ff80315c000 	C:\WINDOWS\System32\USER32.dll
0x00007fffff4d0000 - 0x00007fffff767000 	C:\WINDOWS\WinSxS\amd64_microsoft.windows.common-controls_6595b64144ccf1df_6.0.26100.3624_none_3e086962e3345f24\COMCTL32.dll
0x00007ff800660000 - 0x00007ff800687000 	C:\WINDOWS\System32\win32u.dll
0x00007ff8013f0000 - 0x00007ff80141a000 	C:\WINDOWS\System32\GDI32.dll
0x00007ff801170000 - 0x00007ff801219000 	C:\WINDOWS\System32\msvcrt.dll
0x00007ff800dd0000 - 0x00007ff800f01000 	C:\WINDOWS\System32\gdi32full.dll
0x00007ff800380000 - 0x00007ff800423000 	C:\WINDOWS\System32\msvcp_win.dll
0x00007ff801580000 - 0x00007ff8015af000 	C:\WINDOWS\System32\IMM32.DLL
0x00007fffd99d0000 - 0x00007fffd99dc000 	C:\Program Files\Eclipse Adoptium\jdk-11.0.26.4-hotspot\bin\vcruntime140_1.dll
0x00007fffc3260000 - 0x00007fffc32ed000 	C:\Program Files\Eclipse Adoptium\jdk-11.0.26.4-hotspot\bin\msvcp140.dll
0x00007fff63d80000 - 0x00007fff64943000 	C:\Program Files\Eclipse Adoptium\jdk-11.0.26.4-hotspot\bin\server\jvm.dll
0x00007ff802290000 - 0x00007ff802342000 	C:\WINDOWS\System32\ADVAPI32.dll
0x00007ff800fa0000 - 0x00007ff801046000 	C:\WINDOWS\System32\sechost.dll
0x00007ff801050000 - 0x00007ff801166000 	C:\WINDOWS\System32\RPCRT4.dll
0x00007ff801a60000 - 0x00007ff801ad4000 	C:\WINDOWS\System32\WS2_32.dll
0x00007ff802530000 - 0x00007ff802538000 	C:\WINDOWS\System32\PSAPI.DLL
0x00007ffff4f40000 - 0x00007ffff4f76000 	C:\WINDOWS\SYSTEM32\WINMM.dll
0x00007ffff6e70000 - 0x00007ffff6e7b000 	C:\WINDOWS\SYSTEM32\VERSION.dll
0x00007ffffe8e0000 - 0x00007ffffe8fa000 	C:\WINDOWS\SYSTEM32\kernel.appcore.dll
0x00007fffd9280000 - 0x00007fffd9290000 	C:\Program Files\Eclipse Adoptium\jdk-11.0.26.4-hotspot\bin\verify.dll
0x00007fffffc10000 - 0x00007fffffe51000 	C:\WINDOWS\SYSTEM32\DBGHELP.DLL
0x00007ff801650000 - 0x00007ff8019d2000 	C:\WINDOWS\System32\combase.dll
0x00007ff801240000 - 0x00007ff801316000 	C:\WINDOWS\System32\OLEAUT32.dll
0x00007fff93a70000 - 0x00007fff93aa9000 	C:\WINDOWS\SYSTEM32\dbgcore.DLL
0x00007ff800690000 - 0x00007ff800729000 	C:\WINDOWS\System32\bcryptPrimitives.dll
0x00007fffce5e0000 - 0x00007fffce608000 	C:\Program Files\Eclipse Adoptium\jdk-11.0.26.4-hotspot\bin\java.dll
0x00007fffcf4b0000 - 0x00007fffcf4ba000 	C:\Program Files\Eclipse Adoptium\jdk-11.0.26.4-hotspot\bin\jimage.dll
0x00007fffcf490000 - 0x00007fffcf49e000 	C:\Program Files\Eclipse Adoptium\jdk-11.0.26.4-hotspot\bin\instrument.dll
0x00007fffcf0f0000 - 0x00007fffcf108000 	C:\Program Files\Eclipse Adoptium\jdk-11.0.26.4-hotspot\bin\zip.dll
0x00007ff801b60000 - 0x00007ff802289000 	C:\WINDOWS\System32\SHELL32.dll
0x00007ff800430000 - 0x00007ff800598000 	C:\WINDOWS\System32\wintypes.dll
0x00007ffffd5f0000 - 0x00007ffffde42000 	C:\WINDOWS\SYSTEM32\windows.storage.dll
0x00007ff802cf0000 - 0x00007ff802ddd000 	C:\WINDOWS\System32\SHCORE.dll
0x00007ff802bc0000 - 0x00007ff802c24000 	C:\WINDOWS\System32\shlwapi.dll
0x00007ff800290000 - 0x00007ff8002bf000 	C:\WINDOWS\SYSTEM32\profapi.dll
0x00007fffcb4a0000 - 0x00007fffcb4b9000 	C:\Program Files\Eclipse Adoptium\jdk-11.0.26.4-hotspot\bin\net.dll
0x00007ffff70a0000 - 0x00007ffff71bd000 	C:\WINDOWS\SYSTEM32\WINHTTP.dll
0x00007fffff130000 - 0x00007fffff19a000 	C:\WINDOWS\system32\mswsock.dll
0x00007fffc9240000 - 0x00007fffc9253000 	C:\Program Files\Eclipse Adoptium\jdk-11.0.26.4-hotspot\bin\nio.dll
0x00007fffcf3b0000 - 0x00007fffcf3d7000 	C:\Users\DIGI ROUTE\.gradle\native\c067742578af261105cb4f569cf0c3c89f3d7b1fecec35dd04571415982c5e48\windows-amd64\native-platform.dll
0x00007fffb3a10000 - 0x00007fffb3b54000 	C:\Users\DIGI ROUTE\.gradle\native\100fb08df4bc3b14c8652ba06237920a3bd2aa13389f12d3474272988ae205f9\windows-amd64\native-platform-file-events.dll
0x00007fffcf480000 - 0x00007fffcf48a000 	C:\Program Files\Eclipse Adoptium\jdk-11.0.26.4-hotspot\bin\management.dll
0x00007fffcb5b0000 - 0x00007fffcb5bb000 	C:\Program Files\Eclipse Adoptium\jdk-11.0.26.4-hotspot\bin\management_ext.dll
0x00007ff800000000 - 0x00007ff80001c000 	C:\WINDOWS\SYSTEM32\CRYPTSP.dll
0x00007ffffea00000 - 0x00007ffffea3a000 	C:\WINDOWS\system32\rsaenh.dll
0x00007fffff1d0000 - 0x00007fffff1fb000 	C:\WINDOWS\SYSTEM32\USERENV.dll
0x00007ff800260000 - 0x00007ff800286000 	C:\WINDOWS\SYSTEM32\bcrypt.dll
0x00007fffff2d0000 - 0x00007fffff2dc000 	C:\WINDOWS\SYSTEM32\CRYPTBASE.dll
0x00007ffffe400000 - 0x00007ffffe433000 	C:\WINDOWS\SYSTEM32\IPHLPAPI.DLL
0x00007ff8019e0000 - 0x00007ff8019ea000 	C:\WINDOWS\System32\NSI.dll
0x00007ffff8df0000 - 0x00007ffff8e0f000 	C:\WINDOWS\SYSTEM32\dhcpcsvc6.DLL
0x00007ffff8dc0000 - 0x00007ffff8de5000 	C:\WINDOWS\SYSTEM32\dhcpcsvc.DLL
0x00007ffffe4d0000 - 0x00007ffffe5f5000 	C:\WINDOWS\SYSTEM32\DNSAPI.dll

dbghelp: loaded successfully - version: 4.0.5 - missing functions: none
symbol engine: initialized successfully - sym options: 0x614 - pdb path: .;C:\Program Files\Eclipse Adoptium\jdk-11.0.26.4-hotspot\bin;C:\WINDOWS\SYSTEM32;C:\WINDOWS\WinSxS\amd64_microsoft.windows.common-controls_6595b64144ccf1df_6.0.26100.3624_none_3e086962e3345f24;C:\Program Files\Eclipse Adoptium\jdk-11.0.26.4-hotspot\bin\server;C:\Users\DIGI ROUTE\.gradle\native\c067742578af261105cb4f569cf0c3c89f3d7b1fecec35dd04571415982c5e48\windows-amd64;C:\Users\DIGI ROUTE\.gradle\native\100fb08df4bc3b14c8652ba06237920a3bd2aa13389f12d3474272988ae205f9\windows-amd64

VM Arguments:
jvm_args: --add-opens=java.base/java.lang=ALL-UNNAMED --add-opens=java.base/java.lang.invoke=ALL-UNNAMED --add-opens=java.base/java.util=ALL-UNNAMED --add-opens=java.prefs/java.util.prefs=ALL-UNNAMED --add-exports=jdk.compiler/com.sun.tools.javac.api=ALL-UNNAMED --add-exports=jdk.compiler/com.sun.tools.javac.util=ALL-UNNAMED --add-opens=java.base/java.util=ALL-UNNAMED --add-opens=java.prefs/java.util.prefs=ALL-UNNAMED --add-opens=java.base/java.nio.charset=ALL-UNNAMED --add-opens=java.base/java.net=ALL-UNNAMED --add-opens=java.base/java.util.concurrent.atomic=ALL-UNNAMED --add-opens=java.xml/javax.xml.namespace=ALL-UNNAMED -XX:MaxMetaspaceSize=512m -Xmx2048m -Dfile.encoding=UTF-8 -Duser.country=IN -Duser.language=en -Duser.variant -javaagent:C:\Users\DIGI ROUTE\.gradle\wrapper\dists\gradle-8.11.1-bin\bpt9gzteqjrbo1mjrsomdt32c\gradle-8.11.1\lib\agents\gradle-instrumentation-agent-8.11.1.jar 
java_command: org.gradle.launcher.daemon.bootstrap.GradleDaemon 8.11.1
java_class_path (initial): C:\Users\DIGI ROUTE\.gradle\wrapper\dists\gradle-8.11.1-bin\bpt9gzteqjrbo1mjrsomdt32c\gradle-8.11.1\lib\gradle-daemon-main-8.11.1.jar
Launcher Type: SUN_STANDARD

[Global flags]
     intx CICompilerCount                          = 12                                        {product} {ergonomic}
   size_t CompressedClassSpaceSize                 = 528482304                                 {product} {ergonomic}
     uint ConcGCThreads                            = 4                                         {product} {ergonomic}
     uint G1ConcRefinementThreads                  = 15                                        {product} {ergonomic}
   size_t G1HeapRegionSize                         = 1048576                                   {product} {ergonomic}
    uintx GCDrainStackTargetSize                   = 64                                        {product} {ergonomic}
   size_t InitialHeapSize                          = 264241152                                 {product} {ergonomic}
   size_t MarkStackSize                            = 4194304                                   {product} {ergonomic}
   size_t MaxHeapSize                              = 2147483648                                {product} {command line}
   size_t MaxMetaspaceSize                         = 536870912                                 {product} {command line}
   size_t MaxNewSize                               = 1287651328                                {product} {ergonomic}
   size_t MinHeapDeltaBytes                        = 1048576                                   {product} {ergonomic}
    uintx NonNMethodCodeHeapSize                   = 7594288                                {pd product} {ergonomic}
    uintx NonProfiledCodeHeapSize                  = 122031976                              {pd product} {ergonomic}
    uintx ProfiledCodeHeapSize                     = 122031976                              {pd product} {ergonomic}
    uintx ReservedCodeCacheSize                    = 251658240                              {pd product} {ergonomic}
     bool SegmentedCodeCache                       = true                                      {product} {ergonomic}
     bool UseCompressedClassPointers               = true                                 {lp64_product} {ergonomic}
     bool UseCompressedOops                        = true                                 {lp64_product} {ergonomic}
     bool UseG1GC                                  = true                                      {product} {ergonomic}
     bool UseLargePagesIndividualAllocation        = false                                  {pd product} {ergonomic}

Logging:
Log output configuration:
 #0: stdout all=warning uptime,level,tags
 #1: stderr all=off uptime,level,tags

Environment Variables:
PATH=C:\Program Files\Eclipse Adoptium\jdk-17.0.14.7-hotspot\bin;C:\Program Files\Eclipse Adoptium\jdk-11.0.26.4-hotspot\bin;C:\Program Files\Common Files\Oracle\Java\javapath;C:\Program Files (x86)\Common Files\Oracle\Java\java8path;C:\Program Files (x86)\Common Files\Oracle\Java\javapath;C:\Windows\system32;C:\Windows;C:\Windows\System32\Wbem;C:\Windows\System32\WindowsPowerShell\v1.0\;C:\Windows\System32\OpenSSH\;C:\Program Files (x86)\NVIDIA Corporation\PhysX\Common;C:\Program Files\NVIDIA Corporation\NVIDIA NvDLISR;C:\Program Files\Amazon\AWSCLIV2\;C:\Program Files\nodejs\;C:\WINDOWS\system32;C:\WINDOWS;C:\WINDOWS\System32\Wbem;C:\WINDOWS\System32\WindowsPowerShell\v1.0\;C:\WINDOWS\System32\OpenSSH\;C:\ProgramData\chocolatey\bin;C:\Program Files\Git\cmd;C:\Users\DIGI ROUTE\AppData\Local\Microsoft\WindowsApps;C:\Users\DIGI ROUTE\AppData\Local\Programs\Microsoft VS Code\bin;C:\Users\DIGI ROUTE\AppData\Roaming\npm;C:\Users\DIGI ROUTE\AppData\Local\Android\Sdk\platform-tools;
USERNAME=DIGI ROUTE
OS=Windows_NT
PROCESSOR_IDENTIFIER=Intel64 Family 6 Model 154 Stepping 3, GenuineIntel
TMP=C:\Users\DIGIRO~1\AppData\Local\Temp
TEMP=C:\Users\DIGIRO~1\AppData\Local\Temp



---------------  S Y S T E M  ---------------

OS: Windows 11 , 64 bit Build 26100 (10.0.26100.3775)
OS uptime: 2 days 1:54 hours

CPU:total 20 (initial active 20) (10 cores per cpu, 2 threads per core) family 6 model 154 stepping 3 microcode 0x434, cmov, cx8, fxsr, mmx, sse, sse2, sse3, ssse3, sse4.1, sse4.2, popcnt, avx, avx2, aes, clmul, erms, 3dnowpref, lzcnt, ht, tsc, tscinvbit, bmi1, bmi2, adx, sha, fma

Memory: 4k page, system-wide physical 16004M (1223M free)
TotalPageFile size 65156M (AvailPageFile size 2M)
current process WorkingSet (physical memory assigned to process): 381M, peak: 381M
current process commit charge ("private bytes"): 501M, peak: 502M

vm_info: OpenJDK 64-Bit Server VM (11.0.26+4) for windows-amd64 JRE (11.0.26+4), built on Jan 22 2025 03:32:54 by "" with MS VC++ 17.7 (VS2022)

END.
