#
# There is insufficient memory for the Java Runtime Environment to continue.
# Native memory allocation (malloc) failed to allocate 1896496 bytes. Error detail: Chunk::new
# Possible reasons:
#   The system is out of physical RAM or swap space
#   This process is running with CompressedOops enabled, and the Java Heap may be blocking the growth of the native heap
# Possible solutions:
#   Reduce memory load on the system
#   Increase physical memory or swap space
#   Check if swap backing store is full
#   Decrease Java heap size (-Xmx/-Xms)
#   Decrease number of Java threads
#   Decrease Java thread stack sizes (-Xss)
#   Set larger code cache with -XX:ReservedCodeCacheSize=
#   JVM is running with Unscaled Compressed Oops mode in which the Java heap is
#     placed in the first 4GB address space. The Java Heap base address is the
#     maximum limit for the native heap growth. Please use -XX:HeapBaseMinAddress
#     to set the Java Heap base and to place the Java Heap above 4GB virtual address.
# This output file may be truncated or incomplete.
#
#  Out of Memory Error (arena.cpp:168), pid=28852, tid=13616
#
# JRE version: OpenJDK Runtime Environment Temurin-21.0.6+7 (21.0.6+7) (build 21.0.6+7-LTS)
# Java VM: OpenJDK 64-Bit Server VM Temurin-21.0.6+7 (21.0.6+7-LTS, mixed mode, sharing, tiered, compressed oops, compressed class ptrs, parallel gc, windows-amd64)
# No core dump will be written. Minidumps are not enabled by default on client versions of Windows
#

---------------  S U M M A R Y ------------

Command Line: --add-modules=ALL-SYSTEM --add-opens=java.base/java.util=ALL-UNNAMED --add-opens=java.base/java.lang=ALL-UNNAMED --add-opens=java.base/sun.nio.fs=ALL-UNNAMED -Declipse.application=org.eclipse.jdt.ls.core.id1 -Dosgi.bundles.defaultStartLevel=4 -Declipse.product=org.eclipse.jdt.ls.core.product -Djava.import.generatesMetadataFilesAtProjectRoot=false -DDetectVMInstallationsJob.disabled=true -Dfile.encoding=utf8 -XX:+UseParallelGC -XX:GCTimeRatio=4 -XX:AdaptiveSizePolicyWeight=90 -Dsun.zip.disableMemoryMapping=true -Xmx1G -Xms100m -Xlog:disable -javaagent:c:\Users\DIGI ROUTE\.vscode\extensions\redhat.java-1.41.1-win32-x64\lombok\lombok-1.18.36.jar -XX:+HeapDumpOnOutOfMemoryError -XX:HeapDumpPath=c:\Users\DIGI ROUTE\AppData\Roaming\Code\User\workspaceStorage\62ba2304e335b5d45dd158eafd42745f\redhat.java -Daether.dependencyCollector.impl=bf c:\Users\DIGI ROUTE\.vscode\extensions\redhat.java-1.41.1-win32-x64\server\plugins\org.eclipse.equinox.launcher_1.7.0.v20250331-1702.jar -configuration c:\Users\DIGI ROUTE\AppData\Roaming\Code\User\globalStorage\redhat.java\1.41.1\config_win -data c:\Users\DIGI ROUTE\AppData\Roaming\Code\User\workspaceStorage\62ba2304e335b5d45dd158eafd42745f\redhat.java\jdt_ws --pipe=\\.\pipe\lsp-e37b4850ffe7d04c33f8a98f375e7a6e-sock

Host: 12th Gen Intel(R) Core(TM) i7-12700H, 20 cores, 15G,  Windows 11 , 64 bit Build 26100 (10.0.26100.3775)
Time: Sun Apr 27 10:49:25 2025 India Standard Time elapsed time: 18.208823 seconds (0d 0h 0m 18s)

---------------  T H R E A D  ---------------

Current thread (0x000002928403db00):  JavaThread "C2 CompilerThread0" daemon [_thread_in_native, id=13616, stack(0x000000e744400000,0x000000e744500000) (1024K)]


Current CompileTask:
C2:18208 11197       4       java.lang.invoke.MethodHandleImpl::makePairwiseConvertByEditor (617 bytes)

Stack: [0x000000e744400000,0x000000e744500000]
Native frames: (J=compiled Java code, j=interpreted, Vv=VM code, C=native code)
V  [jvm.dll+0x6cdee9]
V  [jvm.dll+0x8a83d1]
V  [jvm.dll+0x8aa8fe]
V  [jvm.dll+0x8aafe3]
V  [jvm.dll+0x27f706]
V  [jvm.dll+0xc500d]
V  [jvm.dll+0xc5543]
V  [jvm.dll+0x3b6752]
V  [jvm.dll+0x382935]
V  [jvm.dll+0x381d9a]
V  [jvm.dll+0x2479f0]
V  [jvm.dll+0x246fcf]
V  [jvm.dll+0x1c75ee]
V  [jvm.dll+0x25685a]
V  [jvm.dll+0x254dfa]
V  [jvm.dll+0x3f0256]
V  [jvm.dll+0x851f8b]
V  [jvm.dll+0x6cc5ed]
C  [ucrtbase.dll+0x37b0]
C  [KERNEL32.DLL+0x2e8d7]
C  [ntdll.dll+0xb14fc]


---------------  P R O C E S S  ---------------

Threads class SMR info:
_java_thread_list=0x00000292e594afc0, length=129, elements={
0x0000029283f8bda0, 0x0000029298b0d5e0, 0x0000029298b0e230, 0x000002928402ef80,
0x0000029284030e80, 0x0000029284034820, 0x000002928403a640, 0x000002928403db00,
0x000002928403f8a0, 0x00000292db1d2320, 0x00000292e10352c0, 0x00000292e17820e0,
0x00000292e172aae0, 0x00000292e1744af0, 0x00000292e1745150, 0x00000292e1efc0c0,
0x00000292e20fcde0, 0x00000292e2112400, 0x00000292e2111d70, 0x00000292e2112a90,
0x00000292e2111050, 0x00000292e21137b0, 0x00000292e2113120, 0x00000292e2113e40,
0x00000292e21109c0, 0x00000292e21116e0, 0x00000292e1da2700, 0x00000292e1da19e0,
0x00000292e1da2d90, 0x00000292e1da3ab0, 0x00000292e1da3420, 0x00000292e1da4140,
0x00000292e1da47d0, 0x00000292e1da4e60, 0x00000292e1da2070, 0x00000292e57a51b0,
0x00000292e57a7280, 0x00000292e57a4b20, 0x00000292e57a5840, 0x00000292e57a6560,
0x00000292e57a8cc0, 0x00000292e57a9350, 0x00000292e57a5ed0, 0x00000292e57a6bf0,
0x00000292e57a99e0, 0x00000292e57a7fa0, 0x00000292e57aa070, 0x00000292e57aa700,
0x00000292e57a7910, 0x00000292e57abab0, 0x00000292e57a8630, 0x00000292e78abad0,
0x00000292e78adba0, 0x00000292e78aa720, 0x00000292e78ac7f0, 0x00000292e78ac160,
0x00000292e57ab420, 0x00000292e74a3dc0, 0x00000292e74a2a10, 0x00000292e74a0fd0,
0x00000292e74a1660, 0x00000292e74a1cf0, 0x00000292e74a2380, 0x00000292f238b0d0,
0x00000292f238b760, 0x00000292f2389d20, 0x00000292f2389690, 0x00000292f238a3b0,
0x00000292e3f2c0a0, 0x00000292f238aa40, 0x00000292f238bdf0, 0x00000292f2388970,
0x00000292f238ebe0, 0x00000292f238e550, 0x00000292f238dec0, 0x00000292f238f900,
0x00000292f238f270, 0x00000292f238c480, 0x00000292f238cb10, 0x00000292f238d1a0,
0x00000292f238d830, 0x00000292e74a30a0, 0x00000292e74a3730, 0x00000292e6ce4e20,
0x00000292e6ce61d0, 0x00000292e6ce4100, 0x00000292e6ce3a70, 0x00000292e6ce2d50,
0x00000292e6ce4790, 0x00000292e6ce54b0, 0x00000292e6ce33e0, 0x00000292e6ce5b40,
0x00000292e6ce9ce0, 0x00000292e6ce8930, 0x00000292e6ce7580, 0x00000292e6ce6860,
0x00000292e6ce7c10, 0x00000292e6ce6ef0, 0x00000292e6cea370, 0x00000292e6ce82a0,
0x00000292e6ce8fc0, 0x00000292e6ce9650, 0x00000292e611caf0, 0x00000292e611d810,
0x00000292e3f2dbe0, 0x00000292e3f2fdf0, 0x00000292e3f2c770, 0x00000292e3f304c0,
0x00000292e3f32da0, 0x00000292e3f32000, 0x00000292e611d180, 0x00000292e611bdd0,
0x00000292e611f8e0, 0x00000292e611dea0, 0x00000292e611e530, 0x00000292e611ebc0,
0x00000292e611f250, 0x00000292e611c460, 0x00000292e61219b0, 0x00000292e6122040,
0x00000292e6120600, 0x00000292e6122d60, 0x00000292e611ff70, 0x00000292e6121320,
0x00000292e61226d0, 0x00000292e6120c90, 0x00000292e83b4cf0, 0x00000292e83b6730,
0x00000292e83b7450
}

Java Threads: ( => current thread )
  0x0000029283f8bda0 JavaThread "main"                              [_thread_blocked, id=28080, stack(0x000000e743a00000,0x000000e743b00000) (1024K)]
  0x0000029298b0d5e0 JavaThread "Reference Handler"          daemon [_thread_blocked, id=18468, stack(0x000000e743e00000,0x000000e743f00000) (1024K)]
  0x0000029298b0e230 JavaThread "Finalizer"                  daemon [_thread_blocked, id=10212, stack(0x000000e743f00000,0x000000e744000000) (1024K)]
  0x000002928402ef80 JavaThread "Signal Dispatcher"          daemon [_thread_blocked, id=3960, stack(0x000000e744000000,0x000000e744100000) (1024K)]
  0x0000029284030e80 JavaThread "Attach Listener"            daemon [_thread_blocked, id=20400, stack(0x000000e744100000,0x000000e744200000) (1024K)]
  0x0000029284034820 JavaThread "Service Thread"             daemon [_thread_blocked, id=28236, stack(0x000000e744200000,0x000000e744300000) (1024K)]
  0x000002928403a640 JavaThread "Monitor Deflation Thread"   daemon [_thread_blocked, id=18612, stack(0x000000e744300000,0x000000e744400000) (1024K)]
=>0x000002928403db00 JavaThread "C2 CompilerThread0"         daemon [_thread_in_native, id=13616, stack(0x000000e744400000,0x000000e744500000) (1024K)]
  0x000002928403f8a0 JavaThread "C1 CompilerThread0"         daemon [_thread_blocked, id=16888, stack(0x000000e744500000,0x000000e744600000) (1024K)]
  0x00000292db1d2320 JavaThread "Common-Cleaner"             daemon [_thread_blocked, id=18940, stack(0x000000e744800000,0x000000e744900000) (1024K)]
  0x00000292e10352c0 JavaThread "Notification Thread"        daemon [_thread_blocked, id=572, stack(0x000000e744b00000,0x000000e744c00000) (1024K)]
  0x00000292e17820e0 JavaThread "Active Thread: Equinox Container: c087d582-9e3b-434b-b997-e2fcaf429830"        [_thread_blocked, id=12112, stack(0x000000e745400000,0x000000e745500000) (1024K)]
  0x00000292e172aae0 JavaThread "Refresh Thread: Equinox Container: c087d582-9e3b-434b-b997-e2fcaf429830" daemon [_thread_blocked, id=30380, stack(0x000000e745600000,0x000000e745700000) (1024K)]
  0x00000292e1744af0 JavaThread "Framework Event Dispatcher: Equinox Container: c087d582-9e3b-434b-b997-e2fcaf429830" daemon [_thread_blocked, id=28500, stack(0x000000e745700000,0x000000e745800000) (1024K)]
  0x00000292e1745150 JavaThread "Start Level: Equinox Container: c087d582-9e3b-434b-b997-e2fcaf429830" daemon [_thread_blocked, id=5828, stack(0x000000e745800000,0x000000e745900000) (1024K)]
  0x00000292e1efc0c0 JavaThread "Bundle File Closer"         daemon [_thread_blocked, id=23204, stack(0x000000e745900000,0x000000e745a00000) (1024K)]
  0x00000292e20fcde0 JavaThread "SCR Component Actor"        daemon [_thread_blocked, id=17900, stack(0x000000e745d00000,0x000000e745e00000) (1024K)]
  0x00000292e2112400 JavaThread "Worker-JM"                         [_thread_blocked, id=21860, stack(0x000000e746100000,0x000000e746200000) (1024K)]
  0x00000292e2111d70 JavaThread "JNA Cleaner"                daemon [_thread_blocked, id=15072, stack(0x000000e746300000,0x000000e746400000) (1024K)]
  0x00000292e2112a90 JavaThread "Worker-0"                          [_thread_blocked, id=31216, stack(0x000000e746400000,0x000000e746500000) (1024K)]
  0x00000292e2111050 JavaThread "Worker-1: Building"                [_thread_blocked, id=5592, stack(0x000000e746500000,0x000000e746600000) (1024K)]
  0x00000292e21137b0 JavaThread "Java indexing"              daemon [_thread_blocked, id=20020, stack(0x000000e746700000,0x000000e746800000) (1024K)]
  0x00000292e2113120 JavaThread "Worker-2"                          [_thread_blocked, id=6128, stack(0x000000e746a00000,0x000000e746b00000) (1024K)]
  0x00000292e2113e40 JavaThread "Worker-3"                          [_thread_blocked, id=24544, stack(0x000000e746c00000,0x000000e746d00000) (1024K)]
  0x00000292e21109c0 JavaThread "Thread-2"                   daemon [_thread_in_native, id=7636, stack(0x000000e746d00000,0x000000e746e00000) (1024K)]
  0x00000292e21116e0 JavaThread "Thread-3"                   daemon [_thread_in_native, id=19960, stack(0x000000e746e00000,0x000000e746f00000) (1024K)]
  0x00000292e1da2700 JavaThread "Thread-4"                   daemon [_thread_in_native, id=25928, stack(0x000000e746f00000,0x000000e747000000) (1024K)]
  0x00000292e1da19e0 JavaThread "Thread-5"                   daemon [_thread_in_native, id=17752, stack(0x000000e747000000,0x000000e747100000) (1024K)]
  0x00000292e1da2d90 JavaThread "Thread-6"                   daemon [_thread_in_native, id=27036, stack(0x000000e747100000,0x000000e747200000) (1024K)]
  0x00000292e1da3ab0 JavaThread "Thread-7"                   daemon [_thread_in_native, id=26128, stack(0x000000e747200000,0x000000e747300000) (1024K)]
  0x00000292e1da3420 JavaThread "Thread-8"                   daemon [_thread_in_native, id=17928, stack(0x000000e747300000,0x000000e747400000) (1024K)]
  0x00000292e1da4140 JavaThread "Thread-9"                   daemon [_thread_in_native, id=24320, stack(0x000000e747400000,0x000000e747500000) (1024K)]
  0x00000292e1da47d0 JavaThread "Thread-10"                  daemon [_thread_in_native, id=29980, stack(0x000000e747500000,0x000000e747600000) (1024K)]
  0x00000292e1da4e60 JavaThread "Thread-11"                  daemon [_thread_in_native, id=29712, stack(0x000000e747600000,0x000000e747700000) (1024K)]
  0x00000292e1da2070 JavaThread "Thread-12"                  daemon [_thread_in_native, id=9720, stack(0x000000e747700000,0x000000e747800000) (1024K)]
  0x00000292e57a51b0 JavaThread "Thread-13"                  daemon [_thread_in_native, id=27788, stack(0x000000e747800000,0x000000e747900000) (1024K)]
  0x00000292e57a7280 JavaThread "Thread-14"                  daemon [_thread_in_native, id=15692, stack(0x000000e747900000,0x000000e747a00000) (1024K)]
  0x00000292e57a4b20 JavaThread "Thread-15"                  daemon [_thread_in_native, id=1856, stack(0x000000e747a00000,0x000000e747b00000) (1024K)]
  0x00000292e57a5840 JavaThread "Thread-16"                  daemon [_thread_in_native, id=14348, stack(0x000000e747b00000,0x000000e747c00000) (1024K)]
  0x00000292e57a6560 JavaThread "Thread-17"                  daemon [_thread_in_native, id=21000, stack(0x000000e747c00000,0x000000e747d00000) (1024K)]
  0x00000292e57a8cc0 JavaThread "Thread-18"                  daemon [_thread_in_native, id=20396, stack(0x000000e747d00000,0x000000e747e00000) (1024K)]
  0x00000292e57a9350 JavaThread "Thread-19"                  daemon [_thread_in_native, id=24316, stack(0x000000e747e00000,0x000000e747f00000) (1024K)]
  0x00000292e57a5ed0 JavaThread "Thread-20"                  daemon [_thread_in_native, id=28496, stack(0x000000e747f00000,0x000000e748000000) (1024K)]
  0x00000292e57a6bf0 JavaThread "Thread-21"                  daemon [_thread_in_native, id=28808, stack(0x000000e748000000,0x000000e748100000) (1024K)]
  0x00000292e57a99e0 JavaThread "Thread-22"                  daemon [_thread_in_native, id=25916, stack(0x000000e748100000,0x000000e748200000) (1024K)]
  0x00000292e57a7fa0 JavaThread "pool-2-thread-1"                   [_thread_blocked, id=21904, stack(0x000000e748200000,0x000000e748300000) (1024K)]
  0x00000292e57aa070 JavaThread "Timer-0"                           [_thread_blocked, id=13256, stack(0x000000e748300000,0x000000e748400000) (1024K)]
  0x00000292e57aa700 JavaThread "Timer-1"                           [_thread_blocked, id=29756, stack(0x000000e748400000,0x000000e748500000) (1024K)]
  0x00000292e57a7910 JavaThread "WorkspaceEventsHandler"            [_thread_blocked, id=1488, stack(0x000000e748500000,0x000000e748600000) (1024K)]
  0x00000292e57abab0 JavaThread "pool-1-thread-1"                   [_thread_blocked, id=29492, stack(0x000000e748600000,0x000000e748700000) (1024K)]
  0x00000292e57a8630 JavaThread "Worker-4"                          [_thread_blocked, id=25080, stack(0x000000e748b00000,0x000000e748c00000) (1024K)]
  0x00000292e78abad0 JavaThread "Worker-5"                          [_thread_blocked, id=8244, stack(0x000000e748c00000,0x000000e748d00000) (1024K)]
  0x00000292e78adba0 JavaThread "Timer-2"                           [_thread_blocked, id=12464, stack(0x000000e748d00000,0x000000e748e00000) (1024K)]
  0x00000292e78aa720 JavaThread "Timer-3"                           [_thread_blocked, id=14252, stack(0x000000e748700000,0x000000e748800000) (1024K)]
  0x00000292e78ac7f0 JavaThread "Timer-4"                           [_thread_blocked, id=28412, stack(0x000000e748f00000,0x000000e749000000) (1024K)]
  0x00000292e78ac160 JavaThread "Timer-5"                           [_thread_blocked, id=3336, stack(0x000000e748e00000,0x000000e748f00000) (1024K)]
  0x00000292e57ab420 JavaThread "Timer-6"                           [_thread_blocked, id=31188, stack(0x000000e749000000,0x000000e749100000) (1024K)]
  0x00000292e74a3dc0 JavaThread "Timer-7"                           [_thread_blocked, id=28636, stack(0x000000e749100000,0x000000e749200000) (1024K)]
  0x00000292e74a2a10 JavaThread "Exec process"                      [_thread_blocked, id=896, stack(0x000000e748900000,0x000000e748a00000) (1024K)]
  0x00000292e74a0fd0 JavaThread "Exec process Thread 2"             [_thread_blocked, id=26924, stack(0x000000e748a00000,0x000000e748b00000) (1024K)]
  0x00000292e74a1660 JavaThread "Exec process Thread 3"             [_thread_blocked, id=18324, stack(0x000000e749300000,0x000000e749400000) (1024K)]
  0x00000292e74a1cf0 JavaThread "Timer-8"                           [_thread_blocked, id=31616, stack(0x000000e744700000,0x000000e744800000) (1024K)]
  0x00000292e74a2380 JavaThread "Timer-9"                           [_thread_blocked, id=30164, stack(0x000000e745e00000,0x000000e745f00000) (1024K)]
  0x00000292f238b0d0 JavaThread "ForkJoinPool.commonPool-worker-1" daemon [_thread_blocked, id=28360, stack(0x000000e746b00000,0x000000e746c00000) (1024K)]
  0x00000292f238b760 JavaThread "ForkJoinPool.commonPool-worker-2" daemon [_thread_blocked, id=18312, stack(0x000000e748800000,0x000000e748900000) (1024K)]
  0x00000292f2389d20 JavaThread "ForkJoinPool.commonPool-worker-3" daemon [_thread_blocked, id=27008, stack(0x000000e749200000,0x000000e749300000) (1024K)]
  0x00000292f2389690 JavaThread "Timer-10"                          [_thread_blocked, id=18800, stack(0x000000e749400000,0x000000e749500000) (1024K)]
  0x00000292f238a3b0 JavaThread "Timer-11"                          [_thread_blocked, id=31512, stack(0x000000e749500000,0x000000e749600000) (1024K)]
  0x00000292e3f2c0a0 JavaThread "C2 CompilerThread1"         daemon [_thread_blocked, id=19616, stack(0x000000e744600000,0x000000e744700000) (1024K)]
  0x00000292f238aa40 JavaThread "LocalFile Deleter"          daemon [_thread_blocked, id=12008, stack(0x000000e744a00000,0x000000e744b00000) (1024K)]
  0x00000292f238bdf0 JavaThread "LocalFile Deleter"          daemon [_thread_blocked, id=10124, stack(0x000000e744c00000,0x000000e744d00000) (1024K)]
  0x00000292f2388970 JavaThread "LocalFile Deleter"          daemon [_thread_blocked, id=29944, stack(0x000000e745300000,0x000000e745400000) (1024K)]
  0x00000292f238ebe0 JavaThread "LocalFile Deleter"          daemon [_thread_blocked, id=26696, stack(0x000000e749600000,0x000000e749700000) (1024K)]
  0x00000292f238e550 JavaThread "LocalFile Deleter"          daemon [_thread_blocked, id=6248, stack(0x000000e749700000,0x000000e749800000) (1024K)]
  0x00000292f238dec0 JavaThread "LocalFile Deleter"          daemon [_thread_blocked, id=30920, stack(0x000000e749800000,0x000000e749900000) (1024K)]
  0x00000292f238f900 JavaThread "LocalFile Deleter"          daemon [_thread_blocked, id=4976, stack(0x000000e749900000,0x000000e749a00000) (1024K)]
  0x00000292f238f270 JavaThread "LocalFile Deleter"          daemon [_thread_blocked, id=3112, stack(0x000000e749a00000,0x000000e749b00000) (1024K)]
  0x00000292f238c480 JavaThread "LocalFile Deleter"          daemon [_thread_blocked, id=23364, stack(0x000000e749b00000,0x000000e749c00000) (1024K)]
  0x00000292f238cb10 JavaThread "LocalFile Deleter"          daemon [_thread_blocked, id=4768, stack(0x000000e749c00000,0x000000e749d00000) (1024K)]
  0x00000292f238d1a0 JavaThread "LocalFile Deleter"          daemon [_thread_blocked, id=28648, stack(0x000000e749d00000,0x000000e749e00000) (1024K)]
  0x00000292f238d830 JavaThread "LocalFile Deleter"          daemon [_thread_blocked, id=7192, stack(0x000000e749e00000,0x000000e749f00000) (1024K)]
  0x00000292e74a30a0 JavaThread "LocalFile Deleter"          daemon [_thread_blocked, id=21104, stack(0x000000e749f00000,0x000000e74a000000) (1024K)]
  0x00000292e74a3730 JavaThread "LocalFile Deleter"          daemon [_thread_blocked, id=15604, stack(0x000000e74a000000,0x000000e74a100000) (1024K)]
  0x00000292e6ce4e20 JavaThread "LocalFile Deleter"          daemon [_thread_blocked, id=28820, stack(0x000000e74a100000,0x000000e74a200000) (1024K)]
  0x00000292e6ce61d0 JavaThread "LocalFile Deleter"          daemon [_thread_blocked, id=21352, stack(0x000000e74a200000,0x000000e74a300000) (1024K)]
  0x00000292e6ce4100 JavaThread "LocalFile Deleter"          daemon [_thread_blocked, id=14444, stack(0x000000e74a300000,0x000000e74a400000) (1024K)]
  0x00000292e6ce3a70 JavaThread "LocalFile Deleter"          daemon [_thread_blocked, id=26536, stack(0x000000e74a400000,0x000000e74a500000) (1024K)]
  0x00000292e6ce2d50 JavaThread "LocalFile Deleter"          daemon [_thread_blocked, id=30072, stack(0x000000e74a500000,0x000000e74a600000) (1024K)]
  0x00000292e6ce4790 JavaThread "LocalFile Deleter"          daemon [_thread_blocked, id=26168, stack(0x000000e74a600000,0x000000e74a700000) (1024K)]
  0x00000292e6ce54b0 JavaThread "Compiler Source File Reader" daemon [_thread_blocked, id=29392, stack(0x000000e74a700000,0x000000e74a800000) (1024K)]
  0x00000292e6ce33e0 JavaThread "Compiler Source File Reader" daemon [_thread_blocked, id=16964, stack(0x000000e74a800000,0x000000e74a900000) (1024K)]
  0x00000292e6ce5b40 JavaThread "Compiler Source File Reader" daemon [_thread_blocked, id=31720, stack(0x000000e74a900000,0x000000e74aa00000) (1024K)]
  0x00000292e6ce9ce0 JavaThread "Compiler Source File Reader" daemon [_thread_blocked, id=20164, stack(0x000000e74aa00000,0x000000e74ab00000) (1024K)]
  0x00000292e6ce8930 JavaThread "Compiler Source File Reader" daemon [_thread_blocked, id=3192, stack(0x000000e74ab00000,0x000000e74ac00000) (1024K)]
  0x00000292e6ce7580 JavaThread "Compiler Source File Reader" daemon [_thread_blocked, id=30304, stack(0x000000e74ac00000,0x000000e74ad00000) (1024K)]
  0x00000292e6ce6860 JavaThread "Compiler Source File Reader" daemon [_thread_blocked, id=7292, stack(0x000000e74ad00000,0x000000e74ae00000) (1024K)]
  0x00000292e6ce7c10 JavaThread "Compiler Source File Reader" daemon [_thread_blocked, id=1396, stack(0x000000e74ae00000,0x000000e74af00000) (1024K)]
  0x00000292e6ce6ef0 JavaThread "Compiler Source File Reader" daemon [_thread_blocked, id=13100, stack(0x000000e74af00000,0x000000e74b000000) (1024K)]
  0x00000292e6cea370 JavaThread "Compiler Source File Reader" daemon [_thread_blocked, id=30916, stack(0x000000e74b000000,0x000000e74b100000) (1024K)]
  0x00000292e6ce82a0 JavaThread "Compiler Source File Reader" daemon [_thread_blocked, id=4588, stack(0x000000e74b100000,0x000000e74b200000) (1024K)]
  0x00000292e6ce8fc0 JavaThread "Compiler Source File Reader" daemon [_thread_blocked, id=4160, stack(0x000000e74b200000,0x000000e74b300000) (1024K)]
  0x00000292e6ce9650 JavaThread "Compiler Source File Reader" daemon [_thread_blocked, id=28224, stack(0x000000e74b300000,0x000000e74b400000) (1024K)]
  0x00000292e611caf0 JavaThread "Compiler Source File Reader" daemon [_thread_blocked, id=13940, stack(0x000000e74b400000,0x000000e74b500000) (1024K)]
  0x00000292e611d810 JavaThread "Compiler Source File Reader" daemon [_thread_blocked, id=29568, stack(0x000000e74b500000,0x000000e74b600000) (1024K)]
  0x00000292e3f2dbe0 JavaThread "C1 CompilerThread1"         daemon [_thread_blocked, id=8228, stack(0x000000e74b600000,0x000000e74b700000) (1024K)]
  0x00000292e3f2fdf0 JavaThread "C1 CompilerThread2"         daemon [_thread_blocked, id=26772, stack(0x000000e744900000,0x000000e744a00000) (1024K)]
  0x00000292e3f2c770 JavaThread "C2 CompilerThread2"         daemon [_thread_blocked, id=3996, stack(0x000000e74b700000,0x000000e74b800000) (1024K)]
  0x00000292e3f304c0 JavaThread "C2 CompilerThread3"         daemon [_thread_blocked, id=10328, stack(0x000000e74b800000,0x000000e74b900000) (1024K)]
  0x00000292e3f32da0 JavaThread "C2 CompilerThread4"         daemon [_thread_blocked, id=13236, stack(0x000000e74b900000,0x000000e74ba00000) (1024K)]
  0x00000292e3f32000 JavaThread "C1 CompilerThread3"         daemon [_thread_blocked, id=28624, stack(0x000000e74ba00000,0x000000e74bb00000) (1024K)]
  0x00000292e611d180 JavaThread "Compiler Processing Task"   daemon [_thread_blocked, id=22084, stack(0x000000e74bb00000,0x000000e74bc00000) (1024K)]
  0x00000292e611bdd0 JavaThread "Compiler Class File Writer" daemon [_thread_blocked, id=11924, stack(0x000000e74bc00000,0x000000e74bd00000) (1024K)]
  0x00000292e611f8e0 JavaThread "Compiler Class File Writer" daemon [_thread_blocked, id=14644, stack(0x000000e74bd00000,0x000000e74be00000) (1024K)]
  0x00000292e611dea0 JavaThread "Compiler Class File Writer" daemon [_thread_blocked, id=21980, stack(0x000000e74be00000,0x000000e74bf00000) (1024K)]
  0x00000292e611e530 JavaThread "Compiler Class File Writer" daemon [_thread_blocked, id=23608, stack(0x000000e74bf00000,0x000000e74c000000) (1024K)]
  0x00000292e611ebc0 JavaThread "Compiler Class File Writer" daemon [_thread_blocked, id=28976, stack(0x000000e74c000000,0x000000e74c100000) (1024K)]
  0x00000292e611f250 JavaThread "Compiler Class File Writer" daemon [_thread_blocked, id=5516, stack(0x000000e74c100000,0x000000e74c200000) (1024K)]
  0x00000292e611c460 JavaThread "Compiler Class File Writer" daemon [_thread_blocked, id=27128, stack(0x000000e74c200000,0x000000e74c300000) (1024K)]
  0x00000292e61219b0 JavaThread "Compiler Class File Writer" daemon [_thread_blocked, id=25852, stack(0x000000e74c300000,0x000000e74c400000) (1024K)]
  0x00000292e6122040 JavaThread "Compiler Class File Writer" daemon [_thread_blocked, id=14884, stack(0x000000e74c400000,0x000000e74c500000) (1024K)]
  0x00000292e6120600 JavaThread "Compiler Class File Writer" daemon [_thread_blocked, id=19176, stack(0x000000e74c500000,0x000000e74c600000) (1024K)]
  0x00000292e6122d60 JavaThread "Compiler Class File Writer" daemon [_thread_blocked, id=10860, stack(0x000000e74c600000,0x000000e74c700000) (1024K)]
  0x00000292e611ff70 JavaThread "Compiler Class File Writer" daemon [_thread_blocked, id=6704, stack(0x000000e74c700000,0x000000e74c800000) (1024K)]
  0x00000292e6121320 JavaThread "Compiler Class File Writer" daemon [_thread_blocked, id=25132, stack(0x000000e74c800000,0x000000e74c900000) (1024K)]
  0x00000292e61226d0 JavaThread "Compiler Class File Writer" daemon [_thread_blocked, id=29152, stack(0x000000e74c900000,0x000000e74ca00000) (1024K)]
  0x00000292e6120c90 JavaThread "Compiler Class File Writer" daemon [_thread_blocked, id=27052, stack(0x000000e74ca00000,0x000000e74cb00000) (1024K)]
  0x00000292e83b4cf0 JavaThread "Compiler Class File Writer" daemon [_thread_blocked, id=11100, stack(0x000000e74cb00000,0x000000e74cc00000) (1024K)]
  0x00000292e83b6730 JavaThread "Compiler Class File Writer" daemon [_thread_blocked, id=8240, stack(0x000000e74cc00000,0x000000e74cd00000) (1024K)]
  0x00000292e83b7450 JavaThread "Compiler Class File Writer" daemon [_thread_blocked, id=17392, stack(0x000000e74cd00000,0x000000e74ce00000) (1024K)]
Total: 129

Other Threads:
  0x00000292db0c5fb0 VMThread "VM Thread"                           [id=8468, stack(0x000000e743d00000,0x000000e743e00000) (1024K)]
  0x00000292989ecb20 WatcherThread "VM Periodic Task Thread"        [id=23124, stack(0x000000e743c00000,0x000000e743d00000) (1024K)]
  0x0000029283faa3b0 WorkerThread "GC Thread#0"                     [id=28700, stack(0x000000e743b00000,0x000000e743c00000) (1024K)]
  0x00000292e157ddf0 WorkerThread "GC Thread#1"                     [id=4656, stack(0x000000e744d00000,0x000000e744e00000) (1024K)]
  0x00000292e134e990 WorkerThread "GC Thread#2"                     [id=7988, stack(0x000000e744e00000,0x000000e744f00000) (1024K)]
  0x00000292e134ed30 WorkerThread "GC Thread#3"                     [id=19736, stack(0x000000e744f00000,0x000000e745000000) (1024K)]
  0x00000292e134f0d0 WorkerThread "GC Thread#4"                     [id=27056, stack(0x000000e745000000,0x000000e745100000) (1024K)]
  0x00000292e134f470 WorkerThread "GC Thread#5"                     [id=30520, stack(0x000000e745100000,0x000000e745200000) (1024K)]
  0x00000292e134f810 WorkerThread "GC Thread#6"                     [id=13692, stack(0x000000e745200000,0x000000e745300000) (1024K)]
  0x00000292e1c64380 WorkerThread "GC Thread#7"                     [id=27344, stack(0x000000e745500000,0x000000e745600000) (1024K)]
  0x00000292e1e020f0 WorkerThread "GC Thread#8"                     [id=28244, stack(0x000000e745a00000,0x000000e745b00000) (1024K)]
  0x00000292e20009d0 WorkerThread "GC Thread#9"                     [id=4256, stack(0x000000e745b00000,0x000000e745c00000) (1024K)]
  0x00000292e2000290 WorkerThread "GC Thread#10"                    [id=3212, stack(0x000000e745c00000,0x000000e745d00000) (1024K)]
  0x00000292e2001850 WorkerThread "GC Thread#11"                    [id=19156, stack(0x000000e745f00000,0x000000e746000000) (1024K)]
  0x00000292e2001110 WorkerThread "GC Thread#12"                    [id=16236, stack(0x000000e746000000,0x000000e746100000) (1024K)]
  0x00000292e2001bf0 WorkerThread "GC Thread#13"                    [id=4620, stack(0x000000e746200000,0x000000e746300000) (1024K)]
  0x00000292e279d4a0 WorkerThread "GC Thread#14"                    [id=22428, stack(0x000000e746600000,0x000000e746700000) (1024K)]
Total: 17

Threads with active compile tasks:
C2 CompilerThread0  19221 11197       4       java.lang.invoke.MethodHandleImpl::makePairwiseConvertByEditor (617 bytes)
C1 CompilerThread0  19221 11640       3       lombok.eclipse.handlers.HandleVal::visitLocal (351 bytes)
C2 CompilerThread1  19221 11588       4       org.eclipse.jdt.internal.compiler.lookup.BinaryTypeBinding::createMethod (1720 bytes)
C1 CompilerThread1  19221 11621       3       org.eclipse.jdt.internal.compiler.lookup.MethodBinding::canBeSeenBy (591 bytes)
C1 CompilerThread2  19221 11642       3       org.eclipse.jdt.internal.compiler.lookup.Scope::findMethod (100 bytes)
C2 CompilerThread2  19221 11539       4       org.eclipse.jdt.internal.compiler.parser.Scanner::checkTaskTag (937 bytes)
C2 CompilerThread3  19221 11540       4       org.eclipse.jdt.internal.compiler.parser.Parser::consumeRule (7755 bytes)
C2 CompilerThread4  19221 11388       4       java.lang.reflect.Field::get (39 bytes)
C1 CompilerThread3  19221 11641   !   3       org.eclipse.jdt.internal.compiler.lookup.Scope::getMethod (336 bytes)
Total: 9

VM state: at safepoint (normal execution)

VM Mutex/Monitor currently owned by a thread:  ([mutex/lock_event])
[0x00007fff4876e380] Threads_lock - owner thread: 0x00000292db0c5fb0
[0x00007fff4876e480] Heap_lock - owner thread: 0x00000292e21137b0

Heap address: 0x00000000c0000000, size: 1024 MB, Compressed Oops mode: 32-bit

CDS archive(s) mapped at: [0x0000029299000000-0x0000029299ba0000-0x0000029299ba0000), size 12189696, SharedBaseAddress: 0x0000029299000000, ArchiveRelocationMode: 1.
Compressed class space mapped at: 0x000002929a000000-0x00000292da000000, reserved size: 1073741824
Narrow klass base: 0x0000029299000000, Narrow klass shift: 0, Narrow klass range: 0x100000000

GC Precious Log:
 CardTable entry size: 512
 CPUs: 20 total, 20 available
 Memory: 16004M
 Large Page Support: Disabled
 NUMA Support: Disabled
 Compressed Oops: Enabled (32-bit)
 Alignments: Space 512K, Generation 512K, Heap 2M
 Heap Min Capacity: 100M
 Heap Initial Capacity: 100M
 Heap Max Capacity: 1G
 Pre-touch: Disabled
 Parallel Workers: 15

Heap:
 PSYoungGen      total 6656K, used 1517K [0x00000000eab00000, 0x00000000eb300000, 0x0000000100000000)
  eden space 5120K, 0% used [0x00000000eab00000,0x00000000eab00000,0x00000000eb000000)
  from space 1536K, 98% used [0x00000000eb180000,0x00000000eb2fb460,0x00000000eb300000)
  to   space 1536K, 0% used [0x00000000eb000000,0x00000000eb000000,0x00000000eb180000)
 ParOldGen       total 489984K, used 489885K [0x00000000c0000000, 0x00000000dde80000, 0x00000000eab00000)
  object space 489984K, 99% used [0x00000000c0000000,0x00000000dde67758,0x00000000dde80000)
 Metaspace       used 75698K, committed 77248K, reserved 1179648K
  class space    used 8863K, committed 9536K, reserved 1048576K

Card table byte_map: [0x0000029296380000,0x0000029296590000] _byte_map_base: 0x0000029295d80000

Marking Bits: (ParMarkBitMap*) 0x00007fff48773260
 Begin Bits: [0x00000292966f0000, 0x00000292976f0000)
 End Bits:   [0x00000292976f0000, 0x00000292986f0000)

Polling page: 0x00000292823a0000

Metaspace:

Usage:
  Non-class:     65.27 MB used.
      Class:      8.66 MB used.
       Both:     73.92 MB used.

Virtual space:
  Non-class space:      128.00 MB reserved,      66.12 MB ( 52%) committed,  2 nodes.
      Class space:        1.00 GB reserved,       9.31 MB ( <1%) committed,  1 nodes.
             Both:        1.12 GB reserved,      75.44 MB (  7%) committed. 

Chunk freelists:
   Non-Class:  13.41 MB
       Class:  6.68 MB
        Both:  20.08 MB

MaxMetaspaceSize: unlimited
CompressedClassSpaceSize: 1.00 GB
Initial GC threshold: 21.00 MB
Current GC threshold: 97.31 MB
CDS: on
 - commit_granule_bytes: 65536.
 - commit_granule_words: 8192.
 - virtual_space_node_default_size: 8388608.
 - enlarge_chunks_in_place: 1.
 - use_allocation_guard: 0.


Internal statistics:

num_allocs_failed_limit: 9.
num_arena_births: 1306.
num_arena_deaths: 14.
num_vsnodes_births: 3.
num_vsnodes_deaths: 0.
num_space_committed: 1207.
num_space_uncommitted: 0.
num_chunks_returned_to_freelist: 23.
num_chunks_taken_from_freelist: 4861.
num_chunk_merges: 15.
num_chunk_splits: 3001.
num_chunks_enlarged: 1731.
num_inconsistent_stats: 0.

CodeHeap 'non-profiled nmethods': size=119168Kb used=10310Kb max_used=10310Kb free=108857Kb
 bounds [0x000002928ed40000, 0x000002928f760000, 0x00000292961a0000]
CodeHeap 'profiled nmethods': size=119104Kb used=25101Kb max_used=25101Kb free=94002Kb
 bounds [0x00000292871a0000, 0x0000029288a30000, 0x000002928e5f0000]
CodeHeap 'non-nmethods': size=7488Kb used=3126Kb max_used=3241Kb free=4361Kb
 bounds [0x000002928e5f0000, 0x000002928e930000, 0x000002928ed40000]
 total_blobs=11539 nmethods=10784 adapters=657
 compilation: enabled
              stopped_count=0, restarted_count=0
 full_count=0

Compilation events (20 events):
Event: 17.178 Thread 0x00000292e3f32000 nmethod 11593 0x00000292889f6a90 code [0x00000292889f6c60, 0x00000292889f6e60]
Event: 17.178 Thread 0x00000292e3f32000 11594       3       org.eclipse.jdt.internal.compiler.lookup.ImplicitNullAnnotationVerifier::areTypesEqual (169 bytes)
Event: 17.178 Thread 0x000002928403f8a0 nmethod 11592 0x00000292889f6f10 code [0x00000292889f7140, 0x00000292889f79d8]
Event: 17.178 Thread 0x000002928403f8a0 11595       3       org.eclipse.jdt.internal.compiler.lookup.MethodVerifier::isSubstituteParameterSubsignature (147 bytes)
Event: 17.178 Thread 0x00000292e3f32000 nmethod 11594 0x00000292889f7c90 code [0x00000292889f7f40, 0x00000292889f8b40]
Event: 17.178 Thread 0x000002928403f8a0 nmethod 11595 0x00000292889f8d90 code [0x00000292889f90a0, 0x00000292889fa190]
Event: 17.179 Thread 0x00000292e3f2dbe0 nmethod 11590 0x00000292889fa590 code [0x00000292889fa900, 0x00000292889fc078]
Event: 17.179 Thread 0x00000292e3f2fdf0 nmethod 11596 0x00000292889fc910 code [0x00000292889fcd00, 0x00000292889fe9d8]
Event: 17.179 Thread 0x00000292e3f2dbe0 11597       3       org.eclipse.jdt.internal.compiler.lookup.Scope::computeCompatibleMethod (9 bytes)
Event: 17.179 Thread 0x000002928403f8a0 11598       3       org.eclipse.jdt.internal.compiler.lookup.Scope::computeCompatibleMethod (618 bytes)
Event: 17.179 Thread 0x00000292e3f2fdf0 11599       3       org.eclipse.jdt.internal.compiler.ast.Expression::setExpectedType (1 bytes)
Event: 17.179 Thread 0x00000292e3f32000 11600       3       org.eclipse.jdt.internal.compiler.lookup.LookupEnvironment::methodVerifier (20 bytes)
Event: 17.183 Thread 0x00000292e3f2c0a0 nmethod 11526 0x000002928f74ac10 code [0x000002928f74ba60, 0x000002928f74df80]
Event: 17.183 Thread 0x00000292e3f2c0a0 11588       4       org.eclipse.jdt.internal.compiler.lookup.BinaryTypeBinding::createMethod (1720 bytes)
Event: 18.184 Thread 0x00000292e3f2dbe0 nmethod 11597 0x00000292889ff210 code [0x00000292889ff3c0, 0x00000292889ff500]
Event: 18.184 Thread 0x00000292e3f2dbe0 11605       3       org.eclipse.core.internal.dtree.NoDataDeltaNode::asBackwardDelta (96 bytes)
Event: 18.185 Thread 0x00000292e3f2dbe0 nmethod 11605 0x00000292889ff590 code [0x00000292889ff7c0, 0x0000029288a00078]
Event: 18.185 Thread 0x00000292e3f2dbe0 11608   !   3       org.eclipse.jdt.internal.core.DeltaProcessor::checkProjectsAndClasspathChanges (1046 bytes)
Event: 18.185 Thread 0x00000292e3f2fdf0 nmethod 11599 0x0000029288a00410 code [0x0000029288a005a0, 0x0000029288a006a8]
Event: 18.185 Thread 0x00000292e3f2fdf0 11604   !   3       org.eclipse.jdt.internal.compiler.lookup.ParameterizedTypeBinding::getMethods (314 bytes)

GC Heap History (20 events):
Event: 16.691 GC heap before
{Heap before GC invocations=517 (full 3):
 PSYoungGen      total 6656K, used 5792K [0x00000000eab00000, 0x00000000eb380000, 0x0000000100000000)
  eden space 5120K, 96% used [0x00000000eab00000,0x00000000eafd2830,0x00000000eb000000)
  from space 1536K, 55% used [0x00000000eb100000,0x00000000eb1d5930,0x00000000eb280000)
  to   space 1024K, 0% used [0x00000000eb280000,0x00000000eb280000,0x00000000eb380000)
 ParOldGen       total 481792K, used 481554K [0x00000000c0000000, 0x00000000dd680000, 0x00000000eab00000)
  object space 481792K, 99% used [0x00000000c0000000,0x00000000dd644a30,0x00000000dd680000)
 Metaspace       used 71646K, committed 73088K, reserved 1114112K
  class space    used 8549K, committed 9152K, reserved 1048576K
}
Event: 16.692 GC heap after
{Heap after GC invocations=517 (full 3):
 PSYoungGen      total 6144K, used 1001K [0x00000000eab00000, 0x00000000eb380000, 0x0000000100000000)
  eden space 5120K, 0% used [0x00000000eab00000,0x00000000eab00000,0x00000000eb000000)
  from space 1024K, 97% used [0x00000000eb280000,0x00000000eb37a698,0x00000000eb380000)
  to   space 1536K, 0% used [0x00000000eb080000,0x00000000eb080000,0x00000000eb200000)
 ParOldGen       total 481792K, used 481586K [0x00000000c0000000, 0x00000000dd680000, 0x00000000eab00000)
  object space 481792K, 99% used [0x00000000c0000000,0x00000000dd64ca30,0x00000000dd680000)
 Metaspace       used 71646K, committed 73088K, reserved 1114112K
  class space    used 8549K, committed 9152K, reserved 1048576K
}
Event: 16.702 GC heap before
{Heap before GC invocations=518 (full 3):
 PSYoungGen      total 6144K, used 6121K [0x00000000eab00000, 0x00000000eb380000, 0x0000000100000000)
  eden space 5120K, 100% used [0x00000000eab00000,0x00000000eb000000,0x00000000eb000000)
  from space 1024K, 97% used [0x00000000eb280000,0x00000000eb37a698,0x00000000eb380000)
  to   space 1536K, 0% used [0x00000000eb080000,0x00000000eb080000,0x00000000eb200000)
 ParOldGen       total 481792K, used 481586K [0x00000000c0000000, 0x00000000dd680000, 0x00000000eab00000)
  object space 481792K, 99% used [0x00000000c0000000,0x00000000dd64ca30,0x00000000dd680000)
 Metaspace       used 71862K, committed 73280K, reserved 1114112K
  class space    used 8556K, committed 9152K, reserved 1048576K
}
Event: 16.703 GC heap after
{Heap after GC invocations=518 (full 3):
 PSYoungGen      total 6656K, used 320K [0x00000000eab00000, 0x00000000eb300000, 0x0000000100000000)
  eden space 5120K, 0% used [0x00000000eab00000,0x00000000eab00000,0x00000000eb000000)
  from space 1536K, 20% used [0x00000000eb080000,0x00000000eb0d0000,0x00000000eb200000)
  to   space 1024K, 0% used [0x00000000eb200000,0x00000000eb200000,0x00000000eb300000)
 ParOldGen       total 481792K, used 481674K [0x00000000c0000000, 0x00000000dd680000, 0x00000000eab00000)
  object space 481792K, 99% used [0x00000000c0000000,0x00000000dd662a30,0x00000000dd680000)
 Metaspace       used 71862K, committed 73280K, reserved 1114112K
  class space    used 8556K, committed 9152K, reserved 1048576K
}
Event: 16.743 GC heap before
{Heap before GC invocations=519 (full 3):
 PSYoungGen      total 6656K, used 5405K [0x00000000eab00000, 0x00000000eb300000, 0x0000000100000000)
  eden space 5120K, 99% used [0x00000000eab00000,0x00000000eaff74c8,0x00000000eb000000)
  from space 1536K, 20% used [0x00000000eb080000,0x00000000eb0d0000,0x00000000eb200000)
  to   space 1024K, 0% used [0x00000000eb200000,0x00000000eb200000,0x00000000eb300000)
 ParOldGen       total 481792K, used 481674K [0x00000000c0000000, 0x00000000dd680000, 0x00000000eab00000)
  object space 481792K, 99% used [0x00000000c0000000,0x00000000dd662a30,0x00000000dd680000)
 Metaspace       used 72716K, committed 74176K, reserved 1114112K
  class space    used 8645K, committed 9280K, reserved 1048576K
}
Event: 16.743 GC heap after
{Heap after GC invocations=519 (full 3):
 PSYoungGen      total 6144K, used 634K [0x00000000eab00000, 0x00000000eb300000, 0x0000000100000000)
  eden space 5120K, 0% used [0x00000000eab00000,0x00000000eab00000,0x00000000eb000000)
  from space 1024K, 61% used [0x00000000eb200000,0x00000000eb29ea70,0x00000000eb300000)
  to   space 1024K, 0% used [0x00000000eb100000,0x00000000eb100000,0x00000000eb200000)
 ParOldGen       total 481792K, used 481738K [0x00000000c0000000, 0x00000000dd680000, 0x00000000eab00000)
  object space 481792K, 99% used [0x00000000c0000000,0x00000000dd672a30,0x00000000dd680000)
 Metaspace       used 72716K, committed 74176K, reserved 1114112K
  class space    used 8645K, committed 9280K, reserved 1048576K
}
Event: 16.809 GC heap before
{Heap before GC invocations=520 (full 3):
 PSYoungGen      total 6144K, used 5754K [0x00000000eab00000, 0x00000000eb300000, 0x0000000100000000)
  eden space 5120K, 100% used [0x00000000eab00000,0x00000000eb000000,0x00000000eb000000)
  from space 1024K, 61% used [0x00000000eb200000,0x00000000eb29ea70,0x00000000eb300000)
  to   space 1024K, 0% used [0x00000000eb100000,0x00000000eb100000,0x00000000eb200000)
 ParOldGen       total 481792K, used 481738K [0x00000000c0000000, 0x00000000dd680000, 0x00000000eab00000)
  object space 481792K, 99% used [0x00000000c0000000,0x00000000dd672a30,0x00000000dd680000)
 Metaspace       used 73073K, committed 74496K, reserved 1179648K
  class space    used 8675K, committed 9280K, reserved 1048576K
}
Event: 16.810 GC heap after
{Heap after GC invocations=520 (full 3):
 PSYoungGen      total 6144K, used 1011K [0x00000000eab00000, 0x00000000eb400000, 0x0000000100000000)
  eden space 5120K, 0% used [0x00000000eab00000,0x00000000eab00000,0x00000000eb000000)
  from space 1024K, 98% used [0x00000000eb100000,0x00000000eb1fcc88,0x00000000eb200000)
  to   space 2048K, 0% used [0x00000000eb200000,0x00000000eb200000,0x00000000eb400000)
 ParOldGen       total 482816K, used 482385K [0x00000000c0000000, 0x00000000dd780000, 0x00000000eab00000)
  object space 482816K, 99% used [0x00000000c0000000,0x00000000dd7146a8,0x00000000dd780000)
 Metaspace       used 73073K, committed 74496K, reserved 1179648K
  class space    used 8675K, committed 9280K, reserved 1048576K
}
Event: 16.873 GC heap before
{Heap before GC invocations=521 (full 3):
 PSYoungGen      total 6144K, used 6131K [0x00000000eab00000, 0x00000000eb400000, 0x0000000100000000)
  eden space 5120K, 100% used [0x00000000eab00000,0x00000000eb000000,0x00000000eb000000)
  from space 1024K, 98% used [0x00000000eb100000,0x00000000eb1fcc88,0x00000000eb200000)
  to   space 2048K, 0% used [0x00000000eb200000,0x00000000eb200000,0x00000000eb400000)
 ParOldGen       total 482816K, used 482385K [0x00000000c0000000, 0x00000000dd780000, 0x00000000eab00000)
  object space 482816K, 99% used [0x00000000c0000000,0x00000000dd7146a8,0x00000000dd780000)
 Metaspace       used 73399K, committed 74880K, reserved 1179648K
  class space    used 8705K, committed 9344K, reserved 1048576K
}
Event: 16.875 GC heap after
{Heap after GC invocations=521 (full 3):
 PSYoungGen      total 7168K, used 1568K [0x00000000eab00000, 0x00000000eb400000, 0x0000000100000000)
  eden space 5120K, 0% used [0x00000000eab00000,0x00000000eab00000,0x00000000eb000000)
  from space 2048K, 76% used [0x00000000eb200000,0x00000000eb388000,0x00000000eb400000)
  to   space 2048K, 0% used [0x00000000eb000000,0x00000000eb000000,0x00000000eb200000)
 ParOldGen       total 483840K, used 483395K [0x00000000c0000000, 0x00000000dd880000, 0x00000000eab00000)
  object space 483840K, 99% used [0x00000000c0000000,0x00000000dd810f10,0x00000000dd880000)
 Metaspace       used 73399K, committed 74880K, reserved 1179648K
  class space    used 8705K, committed 9344K, reserved 1048576K
}
Event: 16.954 GC heap before
{Heap before GC invocations=522 (full 3):
 PSYoungGen      total 7168K, used 6688K [0x00000000eab00000, 0x00000000eb400000, 0x0000000100000000)
  eden space 5120K, 100% used [0x00000000eab00000,0x00000000eb000000,0x00000000eb000000)
  from space 2048K, 76% used [0x00000000eb200000,0x00000000eb388000,0x00000000eb400000)
  to   space 2048K, 0% used [0x00000000eb000000,0x00000000eb000000,0x00000000eb200000)
 ParOldGen       total 483840K, used 483395K [0x00000000c0000000, 0x00000000dd880000, 0x00000000eab00000)
  object space 483840K, 99% used [0x00000000c0000000,0x00000000dd810f10,0x00000000dd880000)
 Metaspace       used 73951K, committed 75456K, reserved 1179648K
  class space    used 8745K, committed 9408K, reserved 1048576K
}
Event: 16.955 GC heap after
{Heap after GC invocations=522 (full 3):
 PSYoungGen      total 6656K, used 1088K [0x00000000eab00000, 0x00000000eb300000, 0x0000000100000000)
  eden space 5120K, 0% used [0x00000000eab00000,0x00000000eab00000,0x00000000eb000000)
  from space 1536K, 70% used [0x00000000eb000000,0x00000000eb110000,0x00000000eb180000)
  to   space 1536K, 0% used [0x00000000eb180000,0x00000000eb180000,0x00000000eb300000)
 ParOldGen       total 484864K, used 484718K [0x00000000c0000000, 0x00000000dd980000, 0x00000000eab00000)
  object space 484864K, 99% used [0x00000000c0000000,0x00000000dd95b800,0x00000000dd980000)
 Metaspace       used 73951K, committed 75456K, reserved 1179648K
  class space    used 8745K, committed 9408K, reserved 1048576K
}
Event: 17.007 GC heap before
{Heap before GC invocations=523 (full 3):
 PSYoungGen      total 6656K, used 6208K [0x00000000eab00000, 0x00000000eb300000, 0x0000000100000000)
  eden space 5120K, 100% used [0x00000000eab00000,0x00000000eb000000,0x00000000eb000000)
  from space 1536K, 70% used [0x00000000eb000000,0x00000000eb110000,0x00000000eb180000)
  to   space 1536K, 0% used [0x00000000eb180000,0x00000000eb180000,0x00000000eb300000)
 ParOldGen       total 484864K, used 484718K [0x00000000c0000000, 0x00000000dd980000, 0x00000000eab00000)
  object space 484864K, 99% used [0x00000000c0000000,0x00000000dd95b800,0x00000000dd980000)
 Metaspace       used 74542K, committed 75968K, reserved 1179648K
  class space    used 8797K, committed 9408K, reserved 1048576K
}
Event: 17.008 GC heap after
{Heap after GC invocations=523 (full 3):
 PSYoungGen      total 6656K, used 1056K [0x00000000eab00000, 0x00000000eb300000, 0x0000000100000000)
  eden space 5120K, 0% used [0x00000000eab00000,0x00000000eab00000,0x00000000eb000000)
  from space 1536K, 68% used [0x00000000eb180000,0x00000000eb288020,0x00000000eb300000)
  to   space 1536K, 0% used [0x00000000eb000000,0x00000000eb000000,0x00000000eb180000)
 ParOldGen       total 485888K, used 485574K [0x00000000c0000000, 0x00000000dda80000, 0x00000000eab00000)
  object space 485888K, 99% used [0x00000000c0000000,0x00000000dda31800,0x00000000dda80000)
 Metaspace       used 74542K, committed 75968K, reserved 1179648K
  class space    used 8797K, committed 9408K, reserved 1048576K
}
Event: 17.062 GC heap before
{Heap before GC invocations=524 (full 3):
 PSYoungGen      total 6656K, used 6176K [0x00000000eab00000, 0x00000000eb300000, 0x0000000100000000)
  eden space 5120K, 100% used [0x00000000eab00000,0x00000000eb000000,0x00000000eb000000)
  from space 1536K, 68% used [0x00000000eb180000,0x00000000eb288020,0x00000000eb300000)
  to   space 1536K, 0% used [0x00000000eb000000,0x00000000eb000000,0x00000000eb180000)
 ParOldGen       total 485888K, used 485574K [0x00000000c0000000, 0x00000000dda80000, 0x00000000eab00000)
  object space 485888K, 99% used [0x00000000c0000000,0x00000000dda31800,0x00000000dda80000)
 Metaspace       used 74941K, committed 76480K, reserved 1179648K
  class space    used 8820K, committed 9472K, reserved 1048576K
}
Event: 17.063 GC heap after
{Heap after GC invocations=524 (full 3):
 PSYoungGen      total 6656K, used 1168K [0x00000000eab00000, 0x00000000eb300000, 0x0000000100000000)
  eden space 5120K, 0% used [0x00000000eab00000,0x00000000eab00000,0x00000000eb000000)
  from space 1536K, 76% used [0x00000000eb000000,0x00000000eb124010,0x00000000eb180000)
  to   space 1536K, 0% used [0x00000000eb180000,0x00000000eb180000,0x00000000eb300000)
 ParOldGen       total 486912K, used 486425K [0x00000000c0000000, 0x00000000ddb80000, 0x00000000eab00000)
  object space 486912K, 99% used [0x00000000c0000000,0x00000000ddb06730,0x00000000ddb80000)
 Metaspace       used 74941K, committed 76480K, reserved 1179648K
  class space    used 8820K, committed 9472K, reserved 1048576K
}
Event: 17.121 GC heap before
{Heap before GC invocations=525 (full 3):
 PSYoungGen      total 6656K, used 6288K [0x00000000eab00000, 0x00000000eb300000, 0x0000000100000000)
  eden space 5120K, 100% used [0x00000000eab00000,0x00000000eb000000,0x00000000eb000000)
  from space 1536K, 76% used [0x00000000eb000000,0x00000000eb124010,0x00000000eb180000)
  to   space 1536K, 0% used [0x00000000eb180000,0x00000000eb180000,0x00000000eb300000)
 ParOldGen       total 486912K, used 486425K [0x00000000c0000000, 0x00000000ddb80000, 0x00000000eab00000)
  object space 486912K, 99% used [0x00000000c0000000,0x00000000ddb06730,0x00000000ddb80000)
 Metaspace       used 75235K, committed 76736K, reserved 1179648K
  class space    used 8836K, committed 9472K, reserved 1048576K
}
Event: 17.122 GC heap after
{Heap after GC invocations=525 (full 3):
 PSYoungGen      total 6656K, used 1271K [0x00000000eab00000, 0x00000000eb300000, 0x0000000100000000)
  eden space 5120K, 0% used [0x00000000eab00000,0x00000000eab00000,0x00000000eb000000)
  from space 1536K, 82% used [0x00000000eb180000,0x00000000eb2bddd0,0x00000000eb300000)
  to   space 1536K, 0% used [0x00000000eb000000,0x00000000eb000000,0x00000000eb180000)
 ParOldGen       total 487424K, used 487361K [0x00000000c0000000, 0x00000000ddc00000, 0x00000000eab00000)
  object space 487424K, 99% used [0x00000000c0000000,0x00000000ddbf0790,0x00000000ddc00000)
 Metaspace       used 75235K, committed 76736K, reserved 1179648K
  class space    used 8836K, committed 9472K, reserved 1048576K
}
Event: 17.168 GC heap before
{Heap before GC invocations=526 (full 3):
 PSYoungGen      total 6656K, used 6391K [0x00000000eab00000, 0x00000000eb300000, 0x0000000100000000)
  eden space 5120K, 100% used [0x00000000eab00000,0x00000000eb000000,0x00000000eb000000)
  from space 1536K, 82% used [0x00000000eb180000,0x00000000eb2bddd0,0x00000000eb300000)
  to   space 1536K, 0% used [0x00000000eb000000,0x00000000eb000000,0x00000000eb180000)
 ParOldGen       total 487424K, used 487361K [0x00000000c0000000, 0x00000000ddc00000, 0x00000000eab00000)
  object space 487424K, 99% used [0x00000000c0000000,0x00000000ddbf0790,0x00000000ddc00000)
 Metaspace       used 75557K, committed 77120K, reserved 1179648K
  class space    used 8861K, committed 9536K, reserved 1048576K
}
Event: 17.170 GC heap after
{Heap after GC invocations=526 (full 3):
 PSYoungGen      total 6656K, used 1408K [0x00000000eab00000, 0x00000000eb300000, 0x0000000100000000)
  eden space 5120K, 0% used [0x00000000eab00000,0x00000000eab00000,0x00000000eb000000)
  from space 1536K, 91% used [0x00000000eb000000,0x00000000eb160020,0x00000000eb180000)
  to   space 1536K, 0% used [0x00000000eb180000,0x00000000eb180000,0x00000000eb300000)
 ParOldGen       total 488448K, used 488433K [0x00000000c0000000, 0x00000000ddd00000, 0x00000000eab00000)
  object space 488448K, 99% used [0x00000000c0000000,0x00000000ddcfc6f8,0x00000000ddd00000)
 Metaspace       used 75557K, committed 77120K, reserved 1179648K
  class space    used 8861K, committed 9536K, reserved 1048576K
}

Dll operation events (14 events):
Event: 0.005 Loaded shared library c:\Users\DIGI ROUTE\.vscode\extensions\redhat.java-1.41.1-win32-x64\jre\21.0.6-win32-x86_64\bin\java.dll
Event: 0.042 Loaded shared library c:\Users\DIGI ROUTE\.vscode\extensions\redhat.java-1.41.1-win32-x64\jre\21.0.6-win32-x86_64\bin\zip.dll
Event: 0.051 Loaded shared library C:\Users\DIGI ROUTE\.vscode\extensions\redhat.java-1.41.1-win32-x64\jre\21.0.6-win32-x86_64\bin\instrument.dll
Event: 0.054 Loaded shared library C:\Users\DIGI ROUTE\.vscode\extensions\redhat.java-1.41.1-win32-x64\jre\21.0.6-win32-x86_64\bin\net.dll
Event: 0.055 Loaded shared library C:\Users\DIGI ROUTE\.vscode\extensions\redhat.java-1.41.1-win32-x64\jre\21.0.6-win32-x86_64\bin\nio.dll
Event: 0.056 Loaded shared library C:\Users\DIGI ROUTE\.vscode\extensions\redhat.java-1.41.1-win32-x64\jre\21.0.6-win32-x86_64\bin\zip.dll
Event: 0.064 Loaded shared library C:\Users\DIGI ROUTE\.vscode\extensions\redhat.java-1.41.1-win32-x64\jre\21.0.6-win32-x86_64\bin\jimage.dll
Event: 0.099 Loaded shared library c:\Users\DIGI ROUTE\.vscode\extensions\redhat.java-1.41.1-win32-x64\jre\21.0.6-win32-x86_64\bin\verify.dll
Event: 0.608 Loaded shared library C:\Users\DIGI ROUTE\AppData\Roaming\Code\User\globalStorage\redhat.java\1.41.1\config_win\org.eclipse.equinox.launcher\org.eclipse.equinox.launcher.win32.win32.x86_64_1.2.1300.v20250331-1702\eclipse_11911.dll
Event: 1.329 Loaded shared library C:\Users\DIGI ROUTE\AppData\Local\Temp\jna-1264834800\jna2726854420963425811.dll
Event: 2.717 Loaded shared library C:\Users\DIGI ROUTE\.gradle\native\c067742578af261105cb4f569cf0c3c89f3d7b1fecec35dd04571415982c5e48\windows-amd64\native-platform.dll
Event: 3.759 Loaded shared library C:\Users\DIGI ROUTE\.vscode\extensions\redhat.java-1.41.1-win32-x64\jre\21.0.6-win32-x86_64\bin\management.dll
Event: 3.764 Loaded shared library C:\Users\DIGI ROUTE\.vscode\extensions\redhat.java-1.41.1-win32-x64\jre\21.0.6-win32-x86_64\bin\management_ext.dll
Event: 6.063 Loaded shared library C:\Users\DIGI ROUTE\.vscode\extensions\redhat.java-1.41.1-win32-x64\jre\21.0.6-win32-x86_64\bin\extnet.dll

Deoptimization events (20 events):
Event: 17.144 Thread 0x00000292e611d180 Uncommon trap: trap_request=0xffffffd6 fr.pc=0x000002928f73efe0 relative=0x00000000000001c0
Event: 17.144 Thread 0x00000292e611d180 Uncommon trap: reason=array_check action=maybe_recompile pc=0x000002928f73efe0 method=java.util.Arrays.fill([Ljava/lang/Object;Ljava/lang/Object;)V @ 13 c2
Event: 17.144 Thread 0x00000292e611d180 DEOPT PACKING pc=0x000002928f73efe0 sp=0x000000e74bbfee70
Event: 17.144 Thread 0x00000292e611d180 DEOPT UNPACKING pc=0x000002928e643aa2 sp=0x000000e74bbfee10 mode 2
Event: 17.144 Thread 0x00000292e611d180 Uncommon trap: trap_request=0xffffffd6 fr.pc=0x000002928f73efe0 relative=0x00000000000001c0
Event: 17.144 Thread 0x00000292e611d180 Uncommon trap: reason=array_check action=maybe_recompile pc=0x000002928f73efe0 method=java.util.Arrays.fill([Ljava/lang/Object;Ljava/lang/Object;)V @ 13 c2
Event: 17.144 Thread 0x00000292e611d180 DEOPT PACKING pc=0x000002928f73efe0 sp=0x000000e74bbfee70
Event: 17.144 Thread 0x00000292e611d180 DEOPT UNPACKING pc=0x000002928e643aa2 sp=0x000000e74bbfee10 mode 2
Event: 17.144 Thread 0x00000292e611d180 Uncommon trap: trap_request=0xffffffd6 fr.pc=0x000002928f73efe0 relative=0x00000000000001c0
Event: 17.144 Thread 0x00000292e611d180 Uncommon trap: reason=array_check action=maybe_recompile pc=0x000002928f73efe0 method=java.util.Arrays.fill([Ljava/lang/Object;Ljava/lang/Object;)V @ 13 c2
Event: 17.144 Thread 0x00000292e611d180 DEOPT PACKING pc=0x000002928f73efe0 sp=0x000000e74bbfee70
Event: 17.144 Thread 0x00000292e611d180 DEOPT UNPACKING pc=0x000002928e643aa2 sp=0x000000e74bbfee10 mode 2
Event: 17.157 Thread 0x00000292e611d180 DEOPT PACKING pc=0x00000292886477d9 sp=0x000000e74bbfed60
Event: 17.157 Thread 0x00000292e611d180 DEOPT UNPACKING pc=0x000002928e644242 sp=0x000000e74bbfe230 mode 0
Event: 17.160 Thread 0x00000292e611d180 DEOPT PACKING pc=0x00000292886477d9 sp=0x000000e74bbfed60
Event: 17.160 Thread 0x00000292e611d180 DEOPT UNPACKING pc=0x000002928e644242 sp=0x000000e74bbfe230 mode 0
Event: 17.160 Thread 0x00000292e611d180 Uncommon trap: trap_request=0xffffff45 fr.pc=0x000002928f744b98 relative=0x00000000000024f8
Event: 17.160 Thread 0x00000292e611d180 Uncommon trap: reason=unstable_if action=reinterpret pc=0x000002928f744b98 method=org.eclipse.jdt.internal.compiler.parser.Scanner.getNextToken0()Lorg/eclipse/jdt/internal/compiler/parser/TerminalToken; @ 493 c2
Event: 17.160 Thread 0x00000292e611d180 DEOPT PACKING pc=0x000002928f744b98 sp=0x000000e74bbfee50
Event: 17.160 Thread 0x00000292e611d180 DEOPT UNPACKING pc=0x000002928e643aa2 sp=0x000000e74bbfed98 mode 2

Classes loaded (20 events):
Event: 16.770 Loading class java/util/stream/Sink$OfInt
Event: 16.770 Loading class java/util/stream/Sink$OfInt done
Event: 16.770 Loading class java/util/stream/Node$Builder$OfInt done
Event: 16.770 Loading class java/util/stream/Nodes$IntArrayNode
Event: 16.770 Loading class java/util/stream/Nodes$IntArrayNode done
Event: 16.770 Loading class java/util/stream/Nodes$IntFixedNodeBuilder done
Event: 16.770 Loading class java/util/stream/ReferencePipeline$4$1
Event: 16.770 Loading class java/util/stream/ReferencePipeline$4$1 done
Event: 16.857 Loading class java/util/stream/ReduceOps$4
Event: 16.858 Loading class java/util/stream/ReduceOps$4 done
Event: 16.858 Loading class java/util/stream/ReduceOps$4ReducingSink
Event: 16.858 Loading class java/util/stream/ReduceOps$4ReducingSink done
Event: 16.858 Loading class java/nio/file/Files$2
Event: 16.858 Loading class java/nio/file/Files$2 done
Event: 16.955 Loading class java/util/Hashtable$ValueCollection
Event: 16.955 Loading class java/util/Hashtable$ValueCollection done
Event: 16.959 Loading class java/util/concurrent/ConcurrentHashMap$KeySpliterator
Event: 16.959 Loading class java/util/concurrent/ConcurrentHashMap$KeySpliterator done
Event: 16.964 Loading class sun/nio/ch/ChannelOutputStream
Event: 16.965 Loading class sun/nio/ch/ChannelOutputStream done

Classes unloaded (7 events):
Event: 1.678 Thread 0x00000292db0c5fb0 Unloading class 0x000002929a1a0c00 'java/lang/invoke/LambdaForm$MH+0x000002929a1a0c00'
Event: 1.678 Thread 0x00000292db0c5fb0 Unloading class 0x000002929a1a0800 'java/lang/invoke/LambdaForm$MH+0x000002929a1a0800'
Event: 1.678 Thread 0x00000292db0c5fb0 Unloading class 0x000002929a1a0400 'java/lang/invoke/LambdaForm$MH+0x000002929a1a0400'
Event: 1.678 Thread 0x00000292db0c5fb0 Unloading class 0x000002929a1a0000 'java/lang/invoke/LambdaForm$MH+0x000002929a1a0000'
Event: 1.678 Thread 0x00000292db0c5fb0 Unloading class 0x000002929a19fc00 'java/lang/invoke/LambdaForm$BMH+0x000002929a19fc00'
Event: 1.678 Thread 0x00000292db0c5fb0 Unloading class 0x000002929a19f800 'java/lang/invoke/LambdaForm$DMH+0x000002929a19f800'
Event: 1.678 Thread 0x00000292db0c5fb0 Unloading class 0x000002929a19e400 'java/lang/invoke/LambdaForm$DMH+0x000002929a19e400'

Classes redefined (0 events):
No events

Internal exceptions (20 events):
Event: 16.300 Thread 0x00000292e2111050 Exception <a 'sun/nio/fs/WindowsException'{0x00000000eaba4150}> (0x00000000eaba4150) 
thrown [s\src\hotspot\share\prims\jni.cpp, line 520]
Event: 16.302 Thread 0x00000292f238aa40 Exception <a 'sun/nio/fs/WindowsException'{0x00000000eabb3720}> (0x00000000eabb3720) 
thrown [s\src\hotspot\share\prims\jni.cpp, line 520]
Event: 16.302 Thread 0x00000292f238bdf0 Exception <a 'sun/nio/fs/WindowsException'{0x00000000eabb6b60}> (0x00000000eabb6b60) 
thrown [s\src\hotspot\share\prims\jni.cpp, line 520]
Event: 16.302 Thread 0x00000292f2388970 Exception <a 'sun/nio/fs/WindowsException'{0x00000000eabb9d28}> (0x00000000eabb9d28) 
thrown [s\src\hotspot\share\prims\jni.cpp, line 520]
Event: 16.302 Thread 0x00000292f238ebe0 Exception <a 'sun/nio/fs/WindowsException'{0x00000000eabbd148}> (0x00000000eabbd148) 
thrown [s\src\hotspot\share\prims\jni.cpp, line 520]
Event: 16.302 Thread 0x00000292f238e550 Exception <a 'sun/nio/fs/WindowsException'{0x00000000eabc3938}> (0x00000000eabc3938) 
thrown [s\src\hotspot\share\prims\jni.cpp, line 520]
Event: 16.303 Thread 0x00000292f2388970 Exception <a 'sun/nio/fs/WindowsException'{0x00000000eabbb5f8}> (0x00000000eabbb5f8) 
thrown [s\src\hotspot\share\prims\jni.cpp, line 520]
Event: 16.303 Thread 0x00000292f238dec0 Exception <a 'sun/nio/fs/WindowsException'{0x00000000eabc6ff8}> (0x00000000eabc6ff8) 
thrown [s\src\hotspot\share\prims\jni.cpp, line 520]
Event: 16.303 Thread 0x00000292f238f900 Exception <a 'sun/nio/fs/WindowsException'{0x00000000eabca450}> (0x00000000eabca450) 
thrown [s\src\hotspot\share\prims\jni.cpp, line 520]
Event: 16.349 Thread 0x00000292e2111050 Exception <a 'sun/nio/fs/WindowsException'{0x00000000eae115f8}> (0x00000000eae115f8) 
thrown [s\src\hotspot\share\prims\jni.cpp, line 520]
Event: 16.349 Thread 0x00000292f238ebe0 Exception <a 'sun/nio/fs/WindowsException'{0x00000000eae18380}> (0x00000000eae18380) 
thrown [s\src\hotspot\share\prims\jni.cpp, line 520]
Event: 16.350 Thread 0x00000292f238f900 Exception <a 'sun/nio/fs/WindowsException'{0x00000000eabf9eb8}> (0x00000000eabf9eb8) 
thrown [s\src\hotspot\share\prims\jni.cpp, line 520]
Event: 16.350 Thread 0x00000292e74a3730 Exception <a 'sun/nio/fs/WindowsException'{0x00000000eabe8290}> (0x00000000eabe8290) 
thrown [s\src\hotspot\share\prims\jni.cpp, line 520]
Event: 16.350 Thread 0x00000292f2388970 Exception <a 'sun/nio/fs/WindowsException'{0x00000000eabd1a00}> (0x00000000eabd1a00) 
thrown [s\src\hotspot\share\prims\jni.cpp, line 520]
Event: 16.350 Thread 0x00000292f238f900 Exception <a 'sun/nio/fs/WindowsException'{0x00000000eae1c590}> (0x00000000eae1c590) 
thrown [s\src\hotspot\share\prims\jni.cpp, line 520]
Event: 16.350 Thread 0x00000292f238dec0 Exception <a 'sun/nio/fs/WindowsException'{0x00000000eabc9178}> (0x00000000eabc9178) 
thrown [s\src\hotspot\share\prims\jni.cpp, line 520]
Event: 16.384 Thread 0x00000292e2111050 Implicit null exception at 0x000002928f3739da to 0x000002928f373a33
Event: 16.859 Thread 0x00000292e2111050 Exception <a 'java/lang/NoSuchMethodError'{0x00000000eaf31520}: 'int java.lang.invoke.DirectMethodHandle$Holder.invokeSpecialIFC(java.lang.Object, java.lang.Object, java.lang.Object)'> (0x00000000eaf31520) 
thrown [s\src\hotspot\share\interpreter\linkResolver.cpp, line 773]
Event: 16.961 Thread 0x00000292e2111050 Exception <a 'java/lang/NoSuchMethodError'{0x00000000eab93a90}: 'java.lang.Object java.lang.invoke.DirectMethodHandle$Holder.newInvokeSpecial(java.lang.Object, java.lang.Object, int, int, java.lang.Object)'> (0x00000000eab93a90) 
thrown [s\src\hotspot\share\interpreter\linkResolver.cpp, line 773]
Event: 16.968 Thread 0x00000292e611d180 Exception <a 'java/lang/NoSuchMethodError'{0x00000000eac6e290}: 'void java.lang.invoke.DirectMethodHandle$Holder.invokeVirtual(java.lang.Object, java.lang.Object, java.lang.Object, java.lang.Object, java.lang.Object)'> (0x00000000eac6e290) 
thrown [s\src\hotspot\share\interpreter\linkResolver.cpp, line 773]

ZGC Phase Switch (0 events):
No events

VM Operations (20 events):
Event: 16.873 Executing VM operation: ParallelGCFailedAllocation (Allocation Failure)
Event: 16.875 Executing VM operation: ParallelGCFailedAllocation (Allocation Failure) done
Event: 16.953 Executing VM operation: ParallelGCFailedAllocation (Allocation Failure)
Event: 16.955 Executing VM operation: ParallelGCFailedAllocation (Allocation Failure) done
Event: 17.007 Executing VM operation: ParallelGCFailedAllocation (Allocation Failure)
Event: 17.008 Executing VM operation: ParallelGCFailedAllocation (Allocation Failure) done
Event: 17.020 Executing VM operation: HandshakeAllThreads (Deoptimize)
Event: 17.020 Executing VM operation: HandshakeAllThreads (Deoptimize) done
Event: 17.045 Executing VM operation: HandshakeAllThreads (Deoptimize)
Event: 17.045 Executing VM operation: HandshakeAllThreads (Deoptimize) done
Event: 17.062 Executing VM operation: ParallelGCFailedAllocation (Allocation Failure)
Event: 17.063 Executing VM operation: ParallelGCFailedAllocation (Allocation Failure) done
Event: 17.084 Executing VM operation: HandshakeAllThreads (Deoptimize)
Event: 17.084 Executing VM operation: HandshakeAllThreads (Deoptimize) done
Event: 17.118 Executing VM operation: ICBufferFull
Event: 17.118 Executing VM operation: ICBufferFull done
Event: 17.121 Executing VM operation: ParallelGCFailedAllocation (Allocation Failure)
Event: 17.122 Executing VM operation: ParallelGCFailedAllocation (Allocation Failure) done
Event: 17.168 Executing VM operation: ParallelGCFailedAllocation (Allocation Failure)
Event: 17.170 Executing VM operation: ParallelGCFailedAllocation (Allocation Failure) done

Memory protections (0 events):
No events

Nmethod flushes (20 events):
Event: 4.597 Thread 0x00000292db0c5fb0 flushing  nmethod 0x0000029287b5c210
Event: 4.597 Thread 0x00000292db0c5fb0 flushing  nmethod 0x0000029287b5d190
Event: 4.597 Thread 0x00000292db0c5fb0 flushing  nmethod 0x0000029287b5d790
Event: 4.597 Thread 0x00000292db0c5fb0 flushing  nmethod 0x0000029287b5e710
Event: 4.597 Thread 0x00000292db0c5fb0 flushing  nmethod 0x0000029287b5f590
Event: 4.597 Thread 0x00000292db0c5fb0 flushing  nmethod 0x0000029287b60e10
Event: 4.597 Thread 0x00000292db0c5fb0 flushing  nmethod 0x0000029287b85790
Event: 4.597 Thread 0x00000292db0c5fb0 flushing  nmethod 0x0000029287b96c10
Event: 4.597 Thread 0x00000292db0c5fb0 flushing  nmethod 0x0000029287b9de10
Event: 4.597 Thread 0x00000292db0c5fb0 flushing  nmethod 0x0000029287bc3f90
Event: 4.597 Thread 0x00000292db0c5fb0 flushing  nmethod 0x0000029287bc5110
Event: 4.597 Thread 0x00000292db0c5fb0 flushing  nmethod 0x0000029287bd6090
Event: 4.597 Thread 0x00000292db0c5fb0 flushing  nmethod 0x0000029287bd6a90
Event: 4.597 Thread 0x00000292db0c5fb0 flushing  nmethod 0x0000029287bd8590
Event: 4.597 Thread 0x00000292db0c5fb0 flushing  nmethod 0x0000029287bda890
Event: 4.597 Thread 0x00000292db0c5fb0 flushing  nmethod 0x0000029287bdad10
Event: 4.597 Thread 0x00000292db0c5fb0 flushing  nmethod 0x0000029287be6190
Event: 4.597 Thread 0x00000292db0c5fb0 flushing  nmethod 0x0000029287be6510
Event: 4.597 Thread 0x00000292db0c5fb0 flushing  nmethod 0x0000029287be8e90
Event: 4.597 Thread 0x00000292db0c5fb0 flushing  nmethod 0x0000029287c28c90

Events (20 events):
Event: 16.915 Thread 0x000002928403f8a0 Thread added: 0x00000292e3f32000
Event: 16.929 Thread 0x00000292e2111050 Thread added: 0x00000292e611d180
Event: 16.962 Thread 0x00000292e2111050 Thread added: 0x00000292e611bdd0
Event: 16.973 Thread 0x00000292e2111050 Thread added: 0x00000292e611f8e0
Event: 16.975 Thread 0x00000292e2111050 Thread added: 0x00000292e611dea0
Event: 16.980 Thread 0x00000292e2111050 Thread added: 0x00000292e611e530
Event: 16.983 Thread 0x00000292e2111050 Thread added: 0x00000292e611ebc0
Event: 16.997 Thread 0x00000292e2111050 Thread added: 0x00000292e611f250
Event: 16.997 Thread 0x00000292e2111050 Thread added: 0x00000292e611c460
Event: 17.009 Thread 0x00000292e2111050 Thread added: 0x00000292e61219b0
Event: 17.013 Thread 0x00000292e2111050 Thread added: 0x00000292e6122040
Event: 17.015 Thread 0x00000292e2111050 Thread added: 0x00000292e6120600
Event: 17.017 Thread 0x00000292e2111050 Thread added: 0x00000292e6122d60
Event: 17.018 Thread 0x00000292e2111050 Thread added: 0x00000292e611ff70
Event: 17.022 Thread 0x00000292e2111050 Thread added: 0x00000292e6121320
Event: 17.024 Thread 0x00000292e2111050 Thread added: 0x00000292e61226d0
Event: 17.025 Thread 0x00000292e2111050 Thread added: 0x00000292e6120c90
Event: 17.037 Thread 0x00000292e2111050 Thread added: 0x00000292e83b4cf0
Event: 17.050 Thread 0x00000292e2111050 Thread added: 0x00000292e83b6730
Event: 17.052 Thread 0x00000292e2111050 Thread added: 0x00000292e83b7450


Dynamic libraries:
0x00007ff65a940000 - 0x00007ff65a94e000 	c:\Users\DIGI ROUTE\.vscode\extensions\redhat.java-1.41.1-win32-x64\jre\21.0.6-win32-x86_64\bin\java.exe
0x00007ff8031a0000 - 0x00007ff803400000 	C:\WINDOWS\SYSTEM32\ntdll.dll
0x00007ff801320000 - 0x00007ff8013e7000 	C:\WINDOWS\System32\KERNEL32.DLL
0x00007ff800880000 - 0x00007ff800c4a000 	C:\WINDOWS\System32\KERNELBASE.dll
0x00007ff800730000 - 0x00007ff80087b000 	C:\WINDOWS\System32\ucrtbase.dll
0x00007fffda730000 - 0x00007fffda748000 	c:\Users\DIGI ROUTE\.vscode\extensions\redhat.java-1.41.1-win32-x64\jre\21.0.6-win32-x86_64\bin\jli.dll
0x00007fffda270000 - 0x00007fffda28e000 	c:\Users\DIGI ROUTE\.vscode\extensions\redhat.java-1.41.1-win32-x64\jre\21.0.6-win32-x86_64\bin\VCRUNTIME140.dll
0x00007ff802f90000 - 0x00007ff80315c000 	C:\WINDOWS\System32\USER32.dll
0x00007fffff4d0000 - 0x00007fffff767000 	C:\WINDOWS\WinSxS\amd64_microsoft.windows.common-controls_6595b64144ccf1df_6.0.26100.3624_none_3e086962e3345f24\COMCTL32.dll
0x00007ff800660000 - 0x00007ff800687000 	C:\WINDOWS\System32\win32u.dll
0x00007ff8013f0000 - 0x00007ff80141a000 	C:\WINDOWS\System32\GDI32.dll
0x00007ff801170000 - 0x00007ff801219000 	C:\WINDOWS\System32\msvcrt.dll
0x00007ff800dd0000 - 0x00007ff800f01000 	C:\WINDOWS\System32\gdi32full.dll
0x00007ff800380000 - 0x00007ff800423000 	C:\WINDOWS\System32\msvcp_win.dll
0x00007ff801580000 - 0x00007ff8015af000 	C:\WINDOWS\System32\IMM32.DLL
0x00007fffe4f90000 - 0x00007fffe4f9c000 	c:\Users\DIGI ROUTE\.vscode\extensions\redhat.java-1.41.1-win32-x64\jre\21.0.6-win32-x86_64\bin\vcruntime140_1.dll
0x00007fffc4dc0000 - 0x00007fffc4e4d000 	c:\Users\DIGI ROUTE\.vscode\extensions\redhat.java-1.41.1-win32-x64\jre\21.0.6-win32-x86_64\bin\msvcp140.dll
0x00007fff47ac0000 - 0x00007fff48850000 	c:\Users\DIGI ROUTE\.vscode\extensions\redhat.java-1.41.1-win32-x64\jre\21.0.6-win32-x86_64\bin\server\jvm.dll
0x00007ff802290000 - 0x00007ff802342000 	C:\WINDOWS\System32\ADVAPI32.dll
0x00007ff800fa0000 - 0x00007ff801046000 	C:\WINDOWS\System32\sechost.dll
0x00007ff801050000 - 0x00007ff801166000 	C:\WINDOWS\System32\RPCRT4.dll
0x00007ff801a60000 - 0x00007ff801ad4000 	C:\WINDOWS\System32\WS2_32.dll
0x00007fffffba0000 - 0x00007fffffbfe000 	C:\WINDOWS\SYSTEM32\POWRPROF.dll
0x00007ffff4f40000 - 0x00007ffff4f76000 	C:\WINDOWS\SYSTEM32\WINMM.dll
0x00007ffff6e70000 - 0x00007ffff6e7b000 	C:\WINDOWS\SYSTEM32\VERSION.dll
0x00007fffff870000 - 0x00007fffff884000 	C:\WINDOWS\SYSTEM32\UMPDC.dll
0x00007ffffe8e0000 - 0x00007ffffe8fa000 	C:\WINDOWS\SYSTEM32\kernel.appcore.dll
0x00007fffe4110000 - 0x00007fffe411a000 	c:\Users\DIGI ROUTE\.vscode\extensions\redhat.java-1.41.1-win32-x64\jre\21.0.6-win32-x86_64\bin\jimage.dll
0x00007fffffc10000 - 0x00007fffffe51000 	C:\WINDOWS\SYSTEM32\DBGHELP.DLL
0x00007ff801650000 - 0x00007ff8019d2000 	C:\WINDOWS\System32\combase.dll
0x00007ff801240000 - 0x00007ff801316000 	C:\WINDOWS\System32\OLEAUT32.dll
0x00007fff93a70000 - 0x00007fff93aa9000 	C:\WINDOWS\SYSTEM32\dbgcore.DLL
0x00007ff800690000 - 0x00007ff800729000 	C:\WINDOWS\System32\bcryptPrimitives.dll
0x00007fffe24a0000 - 0x00007fffe24af000 	c:\Users\DIGI ROUTE\.vscode\extensions\redhat.java-1.41.1-win32-x64\jre\21.0.6-win32-x86_64\bin\instrument.dll
0x00007fffda0e0000 - 0x00007fffda0ff000 	c:\Users\DIGI ROUTE\.vscode\extensions\redhat.java-1.41.1-win32-x64\jre\21.0.6-win32-x86_64\bin\java.dll
0x00007ff801b60000 - 0x00007ff802289000 	C:\WINDOWS\System32\SHELL32.dll
0x00007ff800430000 - 0x00007ff800598000 	C:\WINDOWS\System32\wintypes.dll
0x00007ffffd5f0000 - 0x00007ffffde42000 	C:\WINDOWS\SYSTEM32\windows.storage.dll
0x00007ff802cf0000 - 0x00007ff802ddd000 	C:\WINDOWS\System32\SHCORE.dll
0x00007ff802bc0000 - 0x00007ff802c24000 	C:\WINDOWS\System32\shlwapi.dll
0x00007ff800290000 - 0x00007ff8002bf000 	C:\WINDOWS\SYSTEM32\profapi.dll
0x00007fffd6470000 - 0x00007fffd6488000 	c:\Users\DIGI ROUTE\.vscode\extensions\redhat.java-1.41.1-win32-x64\jre\21.0.6-win32-x86_64\bin\zip.dll
0x00007fffe3570000 - 0x00007fffe3580000 	C:\Users\DIGI ROUTE\.vscode\extensions\redhat.java-1.41.1-win32-x64\jre\21.0.6-win32-x86_64\bin\net.dll
0x00007ffff70a0000 - 0x00007ffff71bd000 	C:\WINDOWS\SYSTEM32\WINHTTP.dll
0x00007fffff130000 - 0x00007fffff19a000 	C:\WINDOWS\system32\mswsock.dll
0x00007fffcf660000 - 0x00007fffcf676000 	C:\Users\DIGI ROUTE\.vscode\extensions\redhat.java-1.41.1-win32-x64\jre\21.0.6-win32-x86_64\bin\nio.dll
0x00007ffffa3f0000 - 0x00007ffffa400000 	c:\Users\DIGI ROUTE\.vscode\extensions\redhat.java-1.41.1-win32-x64\jre\21.0.6-win32-x86_64\bin\verify.dll
0x00007fffe3590000 - 0x00007fffe35d5000 	C:\Users\DIGI ROUTE\AppData\Roaming\Code\User\globalStorage\redhat.java\1.41.1\config_win\org.eclipse.equinox.launcher\org.eclipse.equinox.launcher.win32.win32.x86_64_1.2.1300.v20250331-1702\eclipse_11911.dll
0x00007ff8029d0000 - 0x00007ff802b66000 	C:\WINDOWS\System32\ole32.dll
0x00007ff800000000 - 0x00007ff80001c000 	C:\WINDOWS\SYSTEM32\CRYPTSP.dll
0x00007ffffea00000 - 0x00007ffffea3a000 	C:\WINDOWS\system32\rsaenh.dll
0x00007fffff1d0000 - 0x00007fffff1fb000 	C:\WINDOWS\SYSTEM32\USERENV.dll
0x00007ff800260000 - 0x00007ff800286000 	C:\WINDOWS\SYSTEM32\bcrypt.dll
0x00007fffff2d0000 - 0x00007fffff2dc000 	C:\WINDOWS\SYSTEM32\CRYPTBASE.dll
0x00007ffffe400000 - 0x00007ffffe433000 	C:\WINDOWS\SYSTEM32\IPHLPAPI.DLL
0x00007ff8019e0000 - 0x00007ff8019ea000 	C:\WINDOWS\System32\NSI.dll
0x00007fffda220000 - 0x00007fffda269000 	C:\Users\DIGI ROUTE\AppData\Local\Temp\jna-1264834800\jna2726854420963425811.dll
0x00007ff802530000 - 0x00007ff802538000 	C:\WINDOWS\System32\PSAPI.DLL
0x00007ffff8df0000 - 0x00007ffff8e0f000 	C:\WINDOWS\SYSTEM32\dhcpcsvc6.DLL
0x00007ffff8dc0000 - 0x00007ffff8de5000 	C:\WINDOWS\SYSTEM32\dhcpcsvc.DLL
0x00007fffe3620000 - 0x00007fffe3647000 	C:\Users\DIGI ROUTE\.gradle\native\c067742578af261105cb4f569cf0c3c89f3d7b1fecec35dd04571415982c5e48\windows-amd64\native-platform.dll
0x00007fffe08c0000 - 0x00007fffe08ca000 	C:\Users\DIGI ROUTE\.vscode\extensions\redhat.java-1.41.1-win32-x64\jre\21.0.6-win32-x86_64\bin\management.dll
0x00007fffd9d70000 - 0x00007fffd9d7b000 	C:\Users\DIGI ROUTE\.vscode\extensions\redhat.java-1.41.1-win32-x64\jre\21.0.6-win32-x86_64\bin\management_ext.dll
0x00007fffebcb0000 - 0x00007fffebcb9000 	C:\Users\DIGI ROUTE\.vscode\extensions\redhat.java-1.41.1-win32-x64\jre\21.0.6-win32-x86_64\bin\extnet.dll

dbghelp: loaded successfully - version: 4.0.5 - missing functions: none
symbol engine: initialized successfully - sym options: 0x614 - pdb path: .;c:\Users\DIGI ROUTE\.vscode\extensions\redhat.java-1.41.1-win32-x64\jre\21.0.6-win32-x86_64\bin;C:\WINDOWS\SYSTEM32;C:\WINDOWS\WinSxS\amd64_microsoft.windows.common-controls_6595b64144ccf1df_6.0.26100.3624_none_3e086962e3345f24;c:\Users\DIGI ROUTE\.vscode\extensions\redhat.java-1.41.1-win32-x64\jre\21.0.6-win32-x86_64\bin\server;C:\Users\DIGI ROUTE\AppData\Roaming\Code\User\globalStorage\redhat.java\1.41.1\config_win\org.eclipse.equinox.launcher\org.eclipse.equinox.launcher.win32.win32.x86_64_1.2.1300.v20250331-1702;C:\Users\DIGI ROUTE\AppData\Local\Temp\jna-1264834800;C:\Users\DIGI ROUTE\.gradle\native\c067742578af261105cb4f569cf0c3c89f3d7b1fecec35dd04571415982c5e48\windows-amd64

VM Arguments:
jvm_args: --add-modules=ALL-SYSTEM --add-opens=java.base/java.util=ALL-UNNAMED --add-opens=java.base/java.lang=ALL-UNNAMED --add-opens=java.base/sun.nio.fs=ALL-UNNAMED -Declipse.application=org.eclipse.jdt.ls.core.id1 -Dosgi.bundles.defaultStartLevel=4 -Declipse.product=org.eclipse.jdt.ls.core.product -Djava.import.generatesMetadataFilesAtProjectRoot=false -DDetectVMInstallationsJob.disabled=true -Dfile.encoding=utf8 -XX:+UseParallelGC -XX:GCTimeRatio=4 -XX:AdaptiveSizePolicyWeight=90 -Dsun.zip.disableMemoryMapping=true -Xmx1G -Xms100m -Xlog:disable -javaagent:c:\Users\DIGI ROUTE\.vscode\extensions\redhat.java-1.41.1-win32-x64\lombok\lombok-1.18.36.jar -XX:+HeapDumpOnOutOfMemoryError -XX:HeapDumpPath=c:\Users\DIGI ROUTE\AppData\Roaming\Code\User\workspaceStorage\62ba2304e335b5d45dd158eafd42745f\redhat.java -Daether.dependencyCollector.impl=bf 
java_command: c:\Users\DIGI ROUTE\.vscode\extensions\redhat.java-1.41.1-win32-x64\server\plugins\org.eclipse.equinox.launcher_1.7.0.v20250331-1702.jar -configuration c:\Users\DIGI ROUTE\AppData\Roaming\Code\User\globalStorage\redhat.java\1.41.1\config_win -data c:\Users\DIGI ROUTE\AppData\Roaming\Code\User\workspaceStorage\62ba2304e335b5d45dd158eafd42745f\redhat.java\jdt_ws --pipe=\\.\pipe\lsp-e37b4850ffe7d04c33f8a98f375e7a6e-sock
java_class_path (initial): c:\Users\DIGI ROUTE\.vscode\extensions\redhat.java-1.41.1-win32-x64\server\plugins\org.eclipse.equinox.launcher_1.7.0.v20250331-1702.jar
Launcher Type: SUN_STANDARD

[Global flags]
    uintx AdaptiveSizePolicyWeight                 = 90                                        {product} {command line}
     intx CICompilerCount                          = 12                                        {product} {ergonomic}
    uintx GCTimeRatio                              = 4                                         {product} {command line}
     bool HeapDumpOnOutOfMemoryError               = true                                   {manageable} {command line}
    ccstr HeapDumpPath                             = c:\Users\DIGI ROUTE\AppData\Roaming\Code\User\workspaceStorage\62ba2304e335b5d45dd158eafd42745f\redhat.java         {manageable} {command line}
   size_t InitialHeapSize                          = 104857600                                 {product} {command line}
   size_t MaxHeapSize                              = 1073741824                                {product} {command line}
   size_t MaxNewSize                               = 357564416                                 {product} {ergonomic}
   size_t MinHeapDeltaBytes                        = 524288                                    {product} {ergonomic}
   size_t MinHeapSize                              = 104857600                                 {product} {command line}
   size_t NewSize                                  = 34603008                                  {product} {ergonomic}
    uintx NonNMethodCodeHeapSize                   = 7602480                                {pd product} {ergonomic}
    uintx NonProfiledCodeHeapSize                  = 122027880                              {pd product} {ergonomic}
   size_t OldSize                                  = 70254592                                  {product} {ergonomic}
    uintx ProfiledCodeHeapSize                     = 122027880                              {pd product} {ergonomic}
    uintx ReservedCodeCacheSize                    = 251658240                              {pd product} {ergonomic}
     bool SegmentedCodeCache                       = true                                      {product} {ergonomic}
   size_t SoftMaxHeapSize                          = 1073741824                             {manageable} {ergonomic}
     bool UseCompressedOops                        = true                           {product lp64_product} {ergonomic}
     bool UseLargePagesIndividualAllocation        = false                                  {pd product} {ergonomic}
     bool UseParallelGC                            = true                                      {product} {command line}

Logging:
Log output configuration:
 #0: stdout all=off uptime,level,tags foldmultilines=false
 #1: stderr all=off uptime,level,tags foldmultilines=false

Environment Variables:
PATH=C:\Program Files\Eclipse Adoptium\jdk-17.0.14.7-hotspot\bin;C:\Program Files\Eclipse Adoptium\jdk-11.0.26.4-hotspot\bin;C:\Program Files\Common Files\Oracle\Java\javapath;C:\Program Files (x86)\Common Files\Oracle\Java\java8path;C:\Program Files (x86)\Common Files\Oracle\Java\javapath;C:\Windows\system32;C:\Windows;C:\Windows\System32\Wbem;C:\Windows\System32\WindowsPowerShell\v1.0\;C:\Windows\System32\OpenSSH\;C:\Program Files (x86)\NVIDIA Corporation\PhysX\Common;C:\Program Files\NVIDIA Corporation\NVIDIA NvDLISR;C:\Program Files\Amazon\AWSCLIV2\;C:\Program Files\nodejs\;C:\WINDOWS\system32;C:\WINDOWS;C:\WINDOWS\System32\Wbem;C:\WINDOWS\System32\WindowsPowerShell\v1.0\;C:\WINDOWS\System32\OpenSSH\;C:\ProgramData\chocolatey\bin;C:\Program Files\Git\cmd;C:\Users\DIGI ROUTE\AppData\Local\Microsoft\WindowsApps;C:\Users\DIGI ROUTE\AppData\Local\Programs\Microsoft VS Code\bin;C:\Users\DIGI ROUTE\AppData\Roaming\npm;C:\Users\DIGI ROUTE\AppData\Local\Android\Sdk\platform-tools;
USERNAME=DIGI ROUTE
OS=Windows_NT
PROCESSOR_IDENTIFIER=Intel64 Family 6 Model 154 Stepping 3, GenuineIntel
TMP=C:\Users\DIGIRO~1\AppData\Local\Temp
TEMP=C:\Users\DIGIRO~1\AppData\Local\Temp




Periodic native trim disabled

---------------  S Y S T E M  ---------------

OS:
 Windows 11 , 64 bit Build 26100 (10.0.26100.3775)
OS uptime: 2 days 1:54 hours

CPU: total 20 (initial active 20) (10 cores per cpu, 2 threads per core) family 6 model 154 stepping 3 microcode 0x434, cx8, cmov, fxsr, ht, mmx, 3dnowpref, sse, sse2, sse3, ssse3, sse4.1, sse4.2, popcnt, lzcnt, tsc, tscinvbit, avx, avx2, aes, erms, clmul, bmi1, bmi2, adx, sha, fma, vzeroupper, clflush, clflushopt, clwb, serialize, rdtscp, rdpid, fsrm, f16c, pku, cet_ibt, cet_ss
Processor Information for the first 20 processors :
  Max Mhz: 2300, Current Mhz: 2300, Mhz Limit: 2300

Memory: 4k page, system-wide physical 16004M (1036M free)
TotalPageFile size 65156M (AvailPageFile size 7M)
current process WorkingSet (physical memory assigned to process): 941M, peak: 941M
current process commit charge ("private bytes"): 873M, peak: 873M

vm_info: OpenJDK 64-Bit Server VM (21.0.6+7-LTS) for windows-amd64 JRE (21.0.6+7-LTS), built on 2025-01-21T00:00:00Z by "admin" with MS VC++ 17.7 (VS2022)

END.
