#
# There is insufficient memory for the Java Runtime Environment to continue.
# Native memory allocation (malloc) failed to allocate 1701136 bytes for Chunk::new
# Possible reasons:
#   The system is out of physical RAM or swap space
#   The process is running with CompressedOops enabled, and the Java Heap may be blocking the growth of the native heap
# Possible solutions:
#   Reduce memory load on the system
#   Increase physical memory or swap space
#   Check if swap backing store is full
#   Decrease Java heap size (-Xmx/-Xms)
#   Decrease number of Java threads
#   Decrease Java thread stack sizes (-Xss)
#   Set larger code cache with -XX:ReservedCodeCacheSize=
#   JVM is running with Unscaled Compressed Oops mode in which the Java heap is
#     placed in the first 4GB address space. The Java Heap base address is the
#     maximum limit for the native heap growth. Please use -XX:HeapBaseMinAddress
#     to set the Java Heap base and to place the Java Heap above 4GB virtual address.
# This output file may be truncated or incomplete.
#
#  Out of Memory Error (arena.cpp:197), pid=18936, tid=26112
#
# JRE version: OpenJDK Runtime Environment Temurin-11.0.26+4 (11.0.26+4) (build 11.0.26+4)
# Java VM: OpenJDK 64-Bit Server VM Temurin-11.0.26+4 (11.0.26+4, mixed mode, tiered, compressed oops, g1 gc, windows-amd64)
# No core dump will be written. Minidumps are not enabled by default on client versions of Windows
#

---------------  S U M M A R Y ------------

Command Line: --add-opens=java.base/java.lang=ALL-UNNAMED --add-opens=java.base/java.lang.invoke=ALL-UNNAMED --add-opens=java.base/java.util=ALL-UNNAMED --add-opens=java.prefs/java.util.prefs=ALL-UNNAMED --add-exports=jdk.compiler/com.sun.tools.javac.api=ALL-UNNAMED --add-exports=jdk.compiler/com.sun.tools.javac.util=ALL-UNNAMED --add-opens=java.base/java.util=ALL-UNNAMED --add-opens=java.prefs/java.util.prefs=ALL-UNNAMED --add-opens=java.base/java.nio.charset=ALL-UNNAMED --add-opens=java.base/java.net=ALL-UNNAMED --add-opens=java.base/java.util.concurrent.atomic=ALL-UNNAMED --add-opens=java.xml/javax.xml.namespace=ALL-UNNAMED -XX:MaxMetaspaceSize=512m -Xmx2048m -Dfile.encoding=UTF-8 -Duser.country=IN -Duser.language=en -Duser.variant -javaagent:C:\Users\DIGI ROUTE\.gradle\wrapper\dists\gradle-8.11.1-bin\bpt9gzteqjrbo1mjrsomdt32c\gradle-8.11.1\lib\agents\gradle-instrumentation-agent-8.11.1.jar org.gradle.launcher.daemon.bootstrap.GradleDaemon 8.11.1

Host: 12th Gen Intel(R) Core(TM) i7-12700H, 20 cores, 15G,  Windows 11 , 64 bit Build 26100 (10.0.26100.3775)
Time: Sun Apr 27 10:48:24 2025 India Standard Time elapsed time: 11.242172 seconds (0d 0h 0m 11s)

---------------  T H R E A D  ---------------

Current thread (0x000001cc4dac2800):  JavaThread "C2 CompilerThread1" daemon [_thread_in_native, id=26112, stack(0x0000001f53600000,0x0000001f53700000)]


Current CompileTask:
C2:  11242 6351       4       java.net.URLClassLoader$1::run (5 bytes)

Stack: [0x0000001f53600000,0x0000001f53700000]
Native frames: (J=compiled Java code, j=interpreted, Vv=VM code, C=native code)
V  [jvm.dll+0x64485a]
V  [jvm.dll+0x7d7099]
V  [jvm.dll+0x7d8779]
V  [jvm.dll+0x7d8e73]
V  [jvm.dll+0x269095]
V  [jvm.dll+0xc26fc]
V  [jvm.dll+0xc2d0c]
V  [jvm.dll+0x3785af]
V  [jvm.dll+0x1b2ed2]
V  [jvm.dll+0x22138d]
V  [jvm.dll+0x220263]
V  [jvm.dll+0x19dfc1]
V  [jvm.dll+0x230244]
V  [jvm.dll+0x22e63c]
V  [jvm.dll+0x7982f1]
V  [jvm.dll+0x790e54]
V  [jvm.dll+0x643625]
C  [ucrtbase.dll+0x37b0]
C  [KERNEL32.DLL+0x2e8d7]
C  [ntdll.dll+0xb14fc]


---------------  P R O C E S S  ---------------

Threads class SMR info:
_java_thread_list=0x000001cc53a364d0, length=53, elements={
0x000001cc2cea2000, 0x000001cc4cedd000, 0x000001cc4cee5800, 0x000001cc4d8e9800,
0x000001cc4d8ea800, 0x000001cc4d8ee000, 0x000001cc4d8f1000, 0x000001cc4d8f2000,
0x000001cc4d90d800, 0x000001cc4da74800, 0x000001cc4dac0000, 0x000001cc4fc1f000,
0x000001cc4f930000, 0x000001cc4ebc9000, 0x000001cc503e8800, 0x000001cc4ff1b800,
0x000001cc4ff19000, 0x000001cc4ff1a800, 0x000001cc4dac2800, 0x000001cc4ff1a000,
0x000001cc4ff1c800, 0x000001cc4ff1e000, 0x000001cc4ff1d000, 0x000001cc4ff1f000,
0x000001cc4ff1f800, 0x000001cc52e68000, 0x000001cc52e6a000, 0x000001cc4dac0800,
0x000001cc4dac4000, 0x000001cc52e69000, 0x000001cc52e6b800, 0x000001cc52e6d000,
0x000001cc52e6c800, 0x000001cc52e6a800, 0x000001cc52e6e000, 0x000001cc52e70800,
0x000001cc52e71000, 0x000001cc52e6f800, 0x000001cc52e6e800, 0x000001cc52e74800,
0x000001cc52e72000, 0x000001cc52e77000, 0x000001cc53f2a000, 0x000001cc53f2c000,
0x000001cc53f2b000, 0x000001cc53f2e800, 0x000001cc53f2f000, 0x000001cc53f30800,
0x000001cc53f30000, 0x000001cc53f33000, 0x000001cc53f34000, 0x000001cc53f31800,
0x000001cc53f35000
}

Java Threads: ( => current thread )
  0x000001cc2cea2000 JavaThread "main" [_thread_blocked, id=22064, stack(0x0000001f51000000,0x0000001f51100000)]
  0x000001cc4cedd000 JavaThread "Reference Handler" daemon [_thread_blocked, id=28972, stack(0x0000001f51700000,0x0000001f51800000)]
  0x000001cc4cee5800 JavaThread "Finalizer" daemon [_thread_blocked, id=12616, stack(0x0000001f51800000,0x0000001f51900000)]
  0x000001cc4d8e9800 JavaThread "Signal Dispatcher" daemon [_thread_blocked, id=21396, stack(0x0000001f51900000,0x0000001f51a00000)]
  0x000001cc4d8ea800 JavaThread "Attach Listener" daemon [_thread_blocked, id=29268, stack(0x0000001f51a00000,0x0000001f51b00000)]
  0x000001cc4d8ee000 JavaThread "Service Thread" daemon [_thread_blocked, id=21816, stack(0x0000001f51b00000,0x0000001f51c00000)]
  0x000001cc4d8f1000 JavaThread "C2 CompilerThread0" daemon [_thread_in_native, id=29404, stack(0x0000001f51c00000,0x0000001f51d00000)]
  0x000001cc4d8f2000 JavaThread "C1 CompilerThread0" daemon [_thread_blocked, id=18068, stack(0x0000001f51d00000,0x0000001f51e00000)]
  0x000001cc4d90d800 JavaThread "Sweeper thread" daemon [_thread_blocked, id=1900, stack(0x0000001f51e00000,0x0000001f51f00000)]
  0x000001cc4da74800 JavaThread "Common-Cleaner" daemon [_thread_blocked, id=11300, stack(0x0000001f51f00000,0x0000001f52000000)]
  0x000001cc4dac0000 JavaThread "C1 CompilerThread1" daemon [_thread_blocked, id=22584, stack(0x0000001f52000000,0x0000001f52100000)]
  0x000001cc4fc1f000 JavaThread "Daemon health stats" [_thread_blocked, id=10388, stack(0x0000001f52900000,0x0000001f52a00000)]
  0x000001cc4f930000 JavaThread "Incoming local TCP Connector on port 60620" [_thread_in_native, id=28312, stack(0x0000001f52a00000,0x0000001f52b00000)]
  0x000001cc4ebc9000 JavaThread "Daemon periodic checks" [_thread_blocked, id=12476, stack(0x0000001f52b00000,0x0000001f52c00000)]
  0x000001cc503e8800 JavaThread "Daemon" [_thread_blocked, id=24808, stack(0x0000001f52100000,0x0000001f52200000)]
  0x000001cc4ff1b800 JavaThread "Handler for socket connection from /127.0.0.1:60620 to /127.0.0.1:60621" [_thread_in_native, id=25276, stack(0x0000001f52300000,0x0000001f52400000)]
  0x000001cc4ff19000 JavaThread "Cancel handler" [_thread_blocked, id=26840, stack(0x0000001f52c00000,0x0000001f52d00000)]
  0x000001cc4ff1a800 JavaThread "Daemon worker" [_thread_in_vm, id=10520, stack(0x0000001f53500000,0x0000001f53600000)]
=>0x000001cc4dac2800 JavaThread "C2 CompilerThread1" daemon [_thread_in_native, id=26112, stack(0x0000001f53600000,0x0000001f53700000)]
  0x000001cc4ff1a000 JavaThread "Asynchronous log dispatcher for DefaultDaemonConnection: socket connection from /127.0.0.1:60620 to /127.0.0.1:60621" [_thread_blocked, id=11600, stack(0x0000001f53700000,0x0000001f53800000)]
  0x000001cc4ff1c800 JavaThread "Stdin handler" [_thread_blocked, id=7188, stack(0x0000001f53800000,0x0000001f53900000)]
  0x000001cc4ff1e000 JavaThread "Daemon client event forwarder" [_thread_blocked, id=7124, stack(0x0000001f53900000,0x0000001f53a00000)]
  0x000001cc4ff1d000 JavaThread "Cache worker for journal cache (C:\Users\DIGI ROUTE\.gradle\caches\journal-1)" [_thread_blocked, id=3164, stack(0x0000001f53e00000,0x0000001f53f00000)]
  0x000001cc4ff1f000 JavaThread "File lock request listener" [_thread_in_native, id=29376, stack(0x0000001f53f00000,0x0000001f54000000)]
  0x000001cc4ff1f800 JavaThread "Cache worker for file hash cache (C:\Users\DIGI ROUTE\.gradle\caches\8.11.1\fileHashes)" [_thread_blocked, id=12928, stack(0x0000001f54000000,0x0000001f54100000)]
  0x000001cc52e68000 JavaThread "Problems report writer" [_thread_blocked, id=18516, stack(0x0000001f54200000,0x0000001f54300000)]
  0x000001cc52e6a000 JavaThread "Cache worker for file content cache (C:\Users\DIGI ROUTE\.gradle\caches\8.11.1\fileContent)" [_thread_blocked, id=11404, stack(0x0000001f54300000,0x0000001f54400000)]
  0x000001cc4dac0800 JavaThread "C1 CompilerThread2" daemon [_thread_blocked, id=23544, stack(0x0000001f54400000,0x0000001f54500000)]
  0x000001cc4dac4000 JavaThread "C1 CompilerThread3" daemon [_thread_blocked, id=28692, stack(0x0000001f54500000,0x0000001f54600000)]
  0x000001cc52e69000 JavaThread "Cache worker for file hash cache (C:\Users\DIGI ROUTE\Desktop\wellfareCanteen\android\.gradle\8.11.1\fileHashes)" [_thread_blocked, id=18768, stack(0x0000001f54600000,0x0000001f54700000)]
  0x000001cc52e6b800 JavaThread "Cache worker for Build Output Cleanup Cache (C:\Users\DIGI ROUTE\Desktop\wellfareCanteen\android\.gradle\buildOutputCleanup)" [_thread_blocked, id=8472, stack(0x0000001f54700000,0x0000001f54800000)]
  0x000001cc52e6d000 JavaThread "File watcher server" daemon [_thread_in_native, id=12716, stack(0x0000001f54800000,0x0000001f54900000)]
  0x000001cc52e6c800 JavaThread "File watcher consumer" daemon [_thread_blocked, id=25420, stack(0x0000001f54900000,0x0000001f54a00000)]
  0x000001cc52e6a800 JavaThread "jar transforms" [_thread_blocked, id=23152, stack(0x0000001f54a00000,0x0000001f54b00000)]
  0x000001cc52e6e000 JavaThread "jar transforms Thread 2" [_thread_blocked, id=21468, stack(0x0000001f54b00000,0x0000001f54c00000)]
  0x000001cc52e70800 JavaThread "jar transforms Thread 3" [_thread_blocked, id=25544, stack(0x0000001f54c00000,0x0000001f54d00000)]
  0x000001cc52e71000 JavaThread "Cache worker for checksums cache (C:\Users\DIGI ROUTE\Desktop\wellfareCanteen\android\.gradle\8.11.1\checksums)" [_thread_blocked, id=8292, stack(0x0000001f54e00000,0x0000001f54f00000)]
  0x000001cc52e6f800 JavaThread "Cache worker for cache directory md-rule (C:\Users\DIGI ROUTE\.gradle\caches\8.11.1\md-rule)" [_thread_blocked, id=31160, stack(0x0000001f54f00000,0x0000001f55000000)]
  0x000001cc52e6e800 JavaThread "Cache worker for cache directory md-supplier (C:\Users\DIGI ROUTE\.gradle\caches\8.11.1\md-supplier)" [_thread_blocked, id=21612, stack(0x0000001f55000000,0x0000001f55100000)]
  0x000001cc52e74800 JavaThread "jar transforms Thread 4" [_thread_blocked, id=28036, stack(0x0000001f55100000,0x0000001f55200000)]
  0x000001cc52e72000 JavaThread "jar transforms Thread 5" [_thread_blocked, id=14132, stack(0x0000001f55200000,0x0000001f55300000)]
  0x000001cc52e77000 JavaThread "jar transforms Thread 6" [_thread_blocked, id=15600, stack(0x0000001f55400000,0x0000001f55500000)]
  0x000001cc53f2a000 JavaThread "jar transforms Thread 7" [_thread_blocked, id=25292, stack(0x0000001f55500000,0x0000001f55600000)]
  0x000001cc53f2c000 JavaThread "jar transforms Thread 8" [_thread_blocked, id=15824, stack(0x0000001f55600000,0x0000001f55700000)]
  0x000001cc53f2b000 JavaThread "jar transforms Thread 9" [_thread_blocked, id=12804, stack(0x0000001f55700000,0x0000001f55800000)]
  0x000001cc53f2e800 JavaThread "jar transforms Thread 10" [_thread_blocked, id=2272, stack(0x0000001f55800000,0x0000001f55900000)]
  0x000001cc53f2f000 JavaThread "Cache worker for Build Output Cleanup Cache (C:\Users\DIGI ROUTE\Desktop\wellfareCanteen\node_modules\@react-native\gradle-plugin\.gradle\buildOutputCleanup)" [_thread_blocked, id=27244, stack(0x0000001f55900000,0x0000001f55a00000)]
  0x000001cc53f30800 JavaThread "Unconstrained build operations" [_thread_blocked, id=26436, stack(0x0000001f55a00000,0x0000001f55b00000)]
  0x000001cc53f30000 JavaThread "Unconstrained build operations Thread 2" [_thread_blocked, id=23656, stack(0x0000001f55b00000,0x0000001f55c00000)]
  0x000001cc53f33000 JavaThread "Unconstrained build operations Thread 3" [_thread_blocked, id=20284, stack(0x0000001f55c00000,0x0000001f55d00000)]
  0x000001cc53f34000 JavaThread "Unconstrained build operations Thread 4" [_thread_blocked, id=4248, stack(0x0000001f55300000,0x0000001f55400000)]
  0x000001cc53f31800 JavaThread "Unconstrained build operations Thread 5" [_thread_blocked, id=30108, stack(0x0000001f55d00000,0x0000001f55e00000)]
  0x000001cc53f35000 JavaThread "Unconstrained build operations Thread 6" [_thread_blocked, id=23724, stack(0x0000001f55e00000,0x0000001f55f00000)]

Other Threads:
  0x000001cc4ced6000 VMThread "VM Thread" [stack: 0x0000001f51600000,0x0000001f51700000] [id=10432]
  0x000001cc4dded800 WatcherThread [stack: 0x0000001f52200000,0x0000001f52300000] [id=27480]
  0x000001cc2cebd800 GCTaskThread "GC Thread#0" [stack: 0x0000001f51100000,0x0000001f51200000] [id=4040]
  0x000001cc4e302800 GCTaskThread "GC Thread#1" [stack: 0x0000001f52400000,0x0000001f52500000] [id=11272]
  0x000001cc4e2c5000 GCTaskThread "GC Thread#2" [stack: 0x0000001f52500000,0x0000001f52600000] [id=18708]
  0x000001cc4e11d800 GCTaskThread "GC Thread#3" [stack: 0x0000001f52600000,0x0000001f52700000] [id=23476]
  0x000001cc4e38e800 GCTaskThread "GC Thread#4" [stack: 0x0000001f52700000,0x0000001f52800000] [id=24456]
  0x000001cc4e38f000 GCTaskThread "GC Thread#5" [stack: 0x0000001f52800000,0x0000001f52900000] [id=12352]
  0x000001cc4e762000 GCTaskThread "GC Thread#6" [stack: 0x0000001f52d00000,0x0000001f52e00000] [id=26304]
  0x000001cc4dfcc800 GCTaskThread "GC Thread#7" [stack: 0x0000001f52e00000,0x0000001f52f00000] [id=27064]
  0x000001cc4dfcd000 GCTaskThread "GC Thread#8" [stack: 0x0000001f52f00000,0x0000001f53000000] [id=7296]
  0x000001cc4f782800 GCTaskThread "GC Thread#9" [stack: 0x0000001f53000000,0x0000001f53100000] [id=11016]
  0x000001cc4f783000 GCTaskThread "GC Thread#10" [stack: 0x0000001f53100000,0x0000001f53200000] [id=19200]
  0x000001cc4efca000 GCTaskThread "GC Thread#11" [stack: 0x0000001f53200000,0x0000001f53300000] [id=9848]
  0x000001cc4efca800 GCTaskThread "GC Thread#12" [stack: 0x0000001f53300000,0x0000001f53400000] [id=28076]
  0x000001cc4ee33000 GCTaskThread "GC Thread#13" [stack: 0x0000001f53400000,0x0000001f53500000] [id=31328]
  0x000001cc4e375800 GCTaskThread "GC Thread#14" [stack: 0x0000001f53a00000,0x0000001f53b00000] [id=22944]
  0x000001cc2cef2800 ConcurrentGCThread "G1 Main Marker" [stack: 0x0000001f51200000,0x0000001f51300000] [id=10476]
  0x000001cc2cef4000 ConcurrentGCThread "G1 Conc#0" [stack: 0x0000001f51300000,0x0000001f51400000] [id=8692]
  0x000001cc4fe18800 ConcurrentGCThread "G1 Conc#1" [stack: 0x0000001f53b00000,0x0000001f53c00000] [id=16924]
  0x000001cc4f137800 ConcurrentGCThread "G1 Conc#2" [stack: 0x0000001f53c00000,0x0000001f53d00000] [id=28276]
  0x000001cc4f13b800 ConcurrentGCThread "G1 Conc#3" [stack: 0x0000001f53d00000,0x0000001f53e00000] [id=25644]
  0x000001cc2cef5800 ConcurrentGCThread "G1 Refine#0" [stack: 0x0000001f51400000,0x0000001f51500000] [id=14428]
  0x000001cc4cde2800 ConcurrentGCThread "G1 Young RemSet Sampling" [stack: 0x0000001f51500000,0x0000001f51600000] [id=29716]

Threads with active compile tasks:
C2 CompilerThread0    11270 6355   !   4       java.net.URLClassLoader$1::run (81 bytes)
C2 CompilerThread1    11270 6351       4       java.net.URLClassLoader$1::run (5 bytes)

VM state:not at safepoint (normal execution)

VM Mutex/Monitor currently owned by a thread: None

Heap address: 0x0000000080000000, size: 2048 MB, Compressed Oops mode: 32-bit
Narrow klass base: 0x0000000000000000, Narrow klass shift: 3
Compressed class space size: 528482304 Address: 0x0000000100000000

Heap:
 garbage-first heap   total 258048K, used 55822K [0x0000000080000000, 0x0000000100000000)
  region size 1024K, 27 young (27648K), 15 survivors (15360K)
 Metaspace       used 66689K, capacity 69106K, committed 69248K, reserved 577536K
  class space    used 8678K, capacity 9532K, committed 9600K, reserved 516096K
Heap Regions: E=young(eden), S=young(survivor), O=old, HS=humongous(starts), HC=humongous(continues), CS=collection set, F=free, A=archive, TAMS=top-at-mark-start (previous, next)
|   0|0x0000000080000000, 0x0000000080100000, 0x0000000080100000|100%|HS|  |TAMS 0x0000000080100000, 0x0000000080000000| Complete 
|   1|0x0000000080100000, 0x0000000080200000, 0x0000000080200000|100%|HC|  |TAMS 0x0000000080200000, 0x0000000080100000| Complete 
|   2|0x0000000080200000, 0x0000000080300000, 0x0000000080300000|100%|HC|  |TAMS 0x0000000080300000, 0x0000000080200000| Complete 
|   3|0x0000000080300000, 0x0000000080400000, 0x0000000080400000|100%|HS|  |TAMS 0x0000000080400000, 0x0000000080300000| Complete 
|   4|0x0000000080400000, 0x0000000080500000, 0x0000000080500000|100%| O|  |TAMS 0x0000000080500000, 0x0000000080400000| Untracked 
|   5|0x0000000080500000, 0x0000000080600000, 0x0000000080600000|100%| O|  |TAMS 0x0000000080600000, 0x0000000080500000| Untracked 
|   6|0x0000000080600000, 0x0000000080700000, 0x0000000080700000|100%| O|  |TAMS 0x0000000080700000, 0x0000000080600000| Untracked 
|   7|0x0000000080700000, 0x0000000080800000, 0x0000000080800000|100%| O|  |TAMS 0x0000000080800000, 0x0000000080700000| Untracked 
|   8|0x0000000080800000, 0x0000000080900000, 0x0000000080900000|100%| O|  |TAMS 0x0000000080900000, 0x0000000080800000| Untracked 
|   9|0x0000000080900000, 0x0000000080a00000, 0x0000000080a00000|100%| O|  |TAMS 0x0000000080a00000, 0x0000000080900000| Untracked 
|  10|0x0000000080a00000, 0x0000000080b00000, 0x0000000080b00000|100%| O|  |TAMS 0x0000000080b00000, 0x0000000080a00000| Untracked 
|  11|0x0000000080b00000, 0x0000000080c00000, 0x0000000080c00000|100%| O|  |TAMS 0x0000000080c00000, 0x0000000080b00000| Untracked 
|  12|0x0000000080c00000, 0x0000000080d00000, 0x0000000080d00000|100%| O|  |TAMS 0x0000000080d00000, 0x0000000080c00000| Untracked 
|  13|0x0000000080d00000, 0x0000000080e00000, 0x0000000080e00000|100%| O|  |TAMS 0x0000000080e00000, 0x0000000080d00000| Untracked 
|  14|0x0000000080e00000, 0x0000000080f00000, 0x0000000080f00000|100%| O|  |TAMS 0x0000000080f00000, 0x0000000080e00000| Untracked 
|  15|0x0000000080f00000, 0x0000000081000000, 0x0000000081000000|100%| O|  |TAMS 0x0000000081000000, 0x0000000080f00000| Untracked 
|  16|0x0000000081000000, 0x0000000081100000, 0x0000000081100000|100%| O|  |TAMS 0x0000000081100000, 0x0000000081000000| Untracked 
|  17|0x0000000081100000, 0x0000000081200000, 0x0000000081200000|100%| O|  |TAMS 0x0000000081200000, 0x0000000081100000| Untracked 
|  18|0x0000000081200000, 0x0000000081300000, 0x0000000081300000|100%| O|  |TAMS 0x0000000081300000, 0x0000000081200000| Untracked 
|  19|0x0000000081300000, 0x0000000081300000, 0x0000000081400000|  0%| F|  |TAMS 0x0000000081300000, 0x0000000081300000| Untracked 
|  20|0x0000000081400000, 0x0000000081400000, 0x0000000081500000|  0%| F|  |TAMS 0x0000000081400000, 0x0000000081400000| Untracked 
|  21|0x0000000081500000, 0x0000000081600000, 0x0000000081600000|100%| O|  |TAMS 0x0000000081600000, 0x0000000081500000| Untracked 
|  22|0x0000000081600000, 0x0000000081700000, 0x0000000081700000|100%| O|  |TAMS 0x0000000081700000, 0x0000000081600000| Untracked 
|  23|0x0000000081700000, 0x0000000081800000, 0x0000000081800000|100%| O|  |TAMS 0x0000000081800000, 0x0000000081700000| Untracked 
|  24|0x0000000081800000, 0x0000000081900000, 0x0000000081900000|100%| O|  |TAMS 0x0000000081900000, 0x0000000081800000| Untracked 
|  25|0x0000000081900000, 0x0000000081a00000, 0x0000000081a00000|100%| O|  |TAMS 0x0000000081a00000, 0x0000000081900000| Untracked 
|  26|0x0000000081a00000, 0x0000000081b00000, 0x0000000081b00000|100%| O|  |TAMS 0x0000000081b00000, 0x0000000081a00000| Untracked 
|  27|0x0000000081b00000, 0x0000000081c00000, 0x0000000081c00000|100%| O|  |TAMS 0x0000000081c00000, 0x0000000081b00000| Untracked 
|  28|0x0000000081c00000, 0x0000000081d00000, 0x0000000081d00000|100%| O|  |TAMS 0x0000000081d00000, 0x0000000081c00000| Untracked 
|  29|0x0000000081d00000, 0x0000000081e00000, 0x0000000081e00000|100%| O|  |TAMS 0x0000000081e00000, 0x0000000081d00000| Untracked 
|  30|0x0000000081e00000, 0x0000000081f00000, 0x0000000081f00000|100%| O|  |TAMS 0x0000000081f00000, 0x0000000081e00000| Untracked 
|  31|0x0000000081f00000, 0x0000000081f61400, 0x0000000082000000| 37%| O|  |TAMS 0x0000000081f61400, 0x0000000081f00000| Untracked 
|  32|0x0000000082000000, 0x0000000082000000, 0x0000000082100000|  0%| F|  |TAMS 0x0000000082000000, 0x0000000082000000| Untracked 
|  33|0x0000000082100000, 0x0000000082100000, 0x0000000082200000|  0%| F|  |TAMS 0x0000000082100000, 0x0000000082100000| Untracked 
|  34|0x0000000082200000, 0x0000000082200000, 0x0000000082300000|  0%| F|  |TAMS 0x0000000082200000, 0x0000000082200000| Untracked 
|  35|0x0000000082300000, 0x0000000082300000, 0x0000000082400000|  0%| F|  |TAMS 0x0000000082300000, 0x0000000082300000| Untracked 
|  36|0x0000000082400000, 0x0000000082400000, 0x0000000082500000|  0%| F|  |TAMS 0x0000000082400000, 0x0000000082400000| Untracked 
|  37|0x0000000082500000, 0x0000000082500000, 0x0000000082600000|  0%| F|  |TAMS 0x0000000082500000, 0x0000000082500000| Untracked 
|  38|0x0000000082600000, 0x0000000082600000, 0x0000000082700000|  0%| F|  |TAMS 0x0000000082600000, 0x0000000082600000| Untracked 
|  39|0x0000000082700000, 0x0000000082700000, 0x0000000082800000|  0%| F|  |TAMS 0x0000000082700000, 0x0000000082700000| Untracked 
|  40|0x0000000082800000, 0x0000000082800000, 0x0000000082900000|  0%| F|  |TAMS 0x0000000082800000, 0x0000000082800000| Untracked 
|  41|0x0000000082900000, 0x0000000082900000, 0x0000000082a00000|  0%| F|  |TAMS 0x0000000082900000, 0x0000000082900000| Untracked 
|  42|0x0000000082a00000, 0x0000000082a00000, 0x0000000082b00000|  0%| F|  |TAMS 0x0000000082a00000, 0x0000000082a00000| Untracked 
|  43|0x0000000082b00000, 0x0000000082b00000, 0x0000000082c00000|  0%| F|  |TAMS 0x0000000082b00000, 0x0000000082b00000| Untracked 
|  44|0x0000000082c00000, 0x0000000082c00000, 0x0000000082d00000|  0%| F|  |TAMS 0x0000000082c00000, 0x0000000082c00000| Untracked 
|  45|0x0000000082d00000, 0x0000000082d00000, 0x0000000082e00000|  0%| F|  |TAMS 0x0000000082d00000, 0x0000000082d00000| Untracked 
|  46|0x0000000082e00000, 0x0000000082e00000, 0x0000000082f00000|  0%| F|  |TAMS 0x0000000082e00000, 0x0000000082e00000| Untracked 
|  47|0x0000000082f00000, 0x0000000082f00000, 0x0000000083000000|  0%| F|  |TAMS 0x0000000082f00000, 0x0000000082f00000| Untracked 
|  48|0x0000000083000000, 0x0000000083000000, 0x0000000083100000|  0%| F|  |TAMS 0x0000000083000000, 0x0000000083000000| Untracked 
|  49|0x0000000083100000, 0x0000000083100000, 0x0000000083200000|  0%| F|  |TAMS 0x0000000083100000, 0x0000000083100000| Untracked 
|  50|0x0000000083200000, 0x0000000083200000, 0x0000000083300000|  0%| F|  |TAMS 0x0000000083200000, 0x0000000083200000| Untracked 
|  51|0x0000000083300000, 0x0000000083300000, 0x0000000083400000|  0%| F|  |TAMS 0x0000000083300000, 0x0000000083300000| Untracked 
|  52|0x0000000083400000, 0x0000000083400000, 0x0000000083500000|  0%| F|  |TAMS 0x0000000083400000, 0x0000000083400000| Untracked 
|  53|0x0000000083500000, 0x0000000083500000, 0x0000000083600000|  0%| F|  |TAMS 0x0000000083500000, 0x0000000083500000| Untracked 
|  54|0x0000000083600000, 0x0000000083600000, 0x0000000083700000|  0%| F|  |TAMS 0x0000000083600000, 0x0000000083600000| Untracked 
|  55|0x0000000083700000, 0x0000000083700000, 0x0000000083800000|  0%| F|  |TAMS 0x0000000083700000, 0x0000000083700000| Untracked 
|  56|0x0000000083800000, 0x0000000083800000, 0x0000000083900000|  0%| F|  |TAMS 0x0000000083800000, 0x0000000083800000| Untracked 
|  57|0x0000000083900000, 0x0000000083900000, 0x0000000083a00000|  0%| F|  |TAMS 0x0000000083900000, 0x0000000083900000| Untracked 
|  58|0x0000000083a00000, 0x0000000083a00000, 0x0000000083b00000|  0%| F|  |TAMS 0x0000000083a00000, 0x0000000083a00000| Untracked 
|  59|0x0000000083b00000, 0x0000000083b00000, 0x0000000083c00000|  0%| F|  |TAMS 0x0000000083b00000, 0x0000000083b00000| Untracked 
|  60|0x0000000083c00000, 0x0000000083c00000, 0x0000000083d00000|  0%| F|  |TAMS 0x0000000083c00000, 0x0000000083c00000| Untracked 
|  61|0x0000000083d00000, 0x0000000083d00000, 0x0000000083e00000|  0%| F|  |TAMS 0x0000000083d00000, 0x0000000083d00000| Untracked 
|  62|0x0000000083e00000, 0x0000000083e00000, 0x0000000083f00000|  0%| F|  |TAMS 0x0000000083e00000, 0x0000000083e00000| Untracked 
|  63|0x0000000083f00000, 0x0000000083f00000, 0x0000000084000000|  0%| F|  |TAMS 0x0000000083f00000, 0x0000000083f00000| Untracked 
|  64|0x0000000084000000, 0x0000000084000000, 0x0000000084100000|  0%| F|  |TAMS 0x0000000084000000, 0x0000000084000000| Untracked 
|  65|0x0000000084100000, 0x0000000084100000, 0x0000000084200000|  0%| F|  |TAMS 0x0000000084100000, 0x0000000084100000| Untracked 
|  66|0x0000000084200000, 0x0000000084200000, 0x0000000084300000|  0%| F|  |TAMS 0x0000000084200000, 0x0000000084200000| Untracked 
|  67|0x0000000084300000, 0x0000000084300000, 0x0000000084400000|  0%| F|  |TAMS 0x0000000084300000, 0x0000000084300000| Untracked 
|  68|0x0000000084400000, 0x0000000084400000, 0x0000000084500000|  0%| F|  |TAMS 0x0000000084400000, 0x0000000084400000| Untracked 
|  69|0x0000000084500000, 0x0000000084500000, 0x0000000084600000|  0%| F|  |TAMS 0x0000000084500000, 0x0000000084500000| Untracked 
|  70|0x0000000084600000, 0x0000000084600000, 0x0000000084700000|  0%| F|  |TAMS 0x0000000084600000, 0x0000000084600000| Untracked 
|  71|0x0000000084700000, 0x0000000084700000, 0x0000000084800000|  0%| F|  |TAMS 0x0000000084700000, 0x0000000084700000| Untracked 
|  72|0x0000000084800000, 0x0000000084800000, 0x0000000084900000|  0%| F|  |TAMS 0x0000000084800000, 0x0000000084800000| Untracked 
|  73|0x0000000084900000, 0x0000000084900000, 0x0000000084a00000|  0%| F|  |TAMS 0x0000000084900000, 0x0000000084900000| Untracked 
|  74|0x0000000084a00000, 0x0000000084a00000, 0x0000000084b00000|  0%| F|  |TAMS 0x0000000084a00000, 0x0000000084a00000| Untracked 
|  75|0x0000000084b00000, 0x0000000084b00000, 0x0000000084c00000|  0%| F|  |TAMS 0x0000000084b00000, 0x0000000084b00000| Untracked 
|  76|0x0000000084c00000, 0x0000000084c00000, 0x0000000084d00000|  0%| F|  |TAMS 0x0000000084c00000, 0x0000000084c00000| Untracked 
|  77|0x0000000084d00000, 0x0000000084d00000, 0x0000000084e00000|  0%| F|  |TAMS 0x0000000084d00000, 0x0000000084d00000| Untracked 
|  78|0x0000000084e00000, 0x0000000084e00000, 0x0000000084f00000|  0%| F|  |TAMS 0x0000000084e00000, 0x0000000084e00000| Untracked 
|  79|0x0000000084f00000, 0x0000000084f00000, 0x0000000085000000|  0%| F|  |TAMS 0x0000000084f00000, 0x0000000084f00000| Untracked 
|  80|0x0000000085000000, 0x0000000085000000, 0x0000000085100000|  0%| F|  |TAMS 0x0000000085000000, 0x0000000085000000| Untracked 
|  81|0x0000000085100000, 0x0000000085100000, 0x0000000085200000|  0%| F|  |TAMS 0x0000000085100000, 0x0000000085100000| Untracked 
|  82|0x0000000085200000, 0x0000000085200000, 0x0000000085300000|  0%| F|  |TAMS 0x0000000085200000, 0x0000000085200000| Untracked 
|  83|0x0000000085300000, 0x0000000085300000, 0x0000000085400000|  0%| F|  |TAMS 0x0000000085300000, 0x0000000085300000| Untracked 
|  84|0x0000000085400000, 0x0000000085400000, 0x0000000085500000|  0%| F|  |TAMS 0x0000000085400000, 0x0000000085400000| Untracked 
|  85|0x0000000085500000, 0x0000000085500000, 0x0000000085600000|  0%| F|  |TAMS 0x0000000085500000, 0x0000000085500000| Untracked 
|  86|0x0000000085600000, 0x0000000085600000, 0x0000000085700000|  0%| F|  |TAMS 0x0000000085600000, 0x0000000085600000| Untracked 
|  87|0x0000000085700000, 0x0000000085700000, 0x0000000085800000|  0%| F|  |TAMS 0x0000000085700000, 0x0000000085700000| Untracked 
|  88|0x0000000085800000, 0x0000000085800000, 0x0000000085900000|  0%| F|  |TAMS 0x0000000085800000, 0x0000000085800000| Untracked 
|  89|0x0000000085900000, 0x0000000085900000, 0x0000000085a00000|  0%| F|  |TAMS 0x0000000085900000, 0x0000000085900000| Untracked 
|  90|0x0000000085a00000, 0x0000000085a00000, 0x0000000085b00000|  0%| F|  |TAMS 0x0000000085a00000, 0x0000000085a00000| Untracked 
|  91|0x0000000085b00000, 0x0000000085b22558, 0x0000000085c00000| 13%| S|CS|TAMS 0x0000000085b00000, 0x0000000085b00000| Complete 
|  92|0x0000000085c00000, 0x0000000085d00000, 0x0000000085d00000|100%| S|CS|TAMS 0x0000000085c00000, 0x0000000085c00000| Complete 
|  93|0x0000000085d00000, 0x0000000085e00000, 0x0000000085e00000|100%| S|CS|TAMS 0x0000000085d00000, 0x0000000085d00000| Complete 
|  94|0x0000000085e00000, 0x0000000085f00000, 0x0000000085f00000|100%| S|CS|TAMS 0x0000000085e00000, 0x0000000085e00000| Complete 
|  95|0x0000000085f00000, 0x0000000086000000, 0x0000000086000000|100%| S|CS|TAMS 0x0000000085f00000, 0x0000000085f00000| Complete 
|  96|0x0000000086000000, 0x0000000086100000, 0x0000000086100000|100%| S|CS|TAMS 0x0000000086000000, 0x0000000086000000| Complete 
|  97|0x0000000086100000, 0x0000000086200000, 0x0000000086200000|100%| S|CS|TAMS 0x0000000086100000, 0x0000000086100000| Complete 
|  98|0x0000000086200000, 0x0000000086300000, 0x0000000086300000|100%| S|CS|TAMS 0x0000000086200000, 0x0000000086200000| Complete 
|  99|0x0000000086300000, 0x0000000086400000, 0x0000000086400000|100%| S|CS|TAMS 0x0000000086300000, 0x0000000086300000| Complete 
| 100|0x0000000086400000, 0x0000000086500000, 0x0000000086500000|100%| S|CS|TAMS 0x0000000086400000, 0x0000000086400000| Complete 
| 101|0x0000000086500000, 0x0000000086600000, 0x0000000086600000|100%| S|CS|TAMS 0x0000000086500000, 0x0000000086500000| Complete 
| 102|0x0000000086600000, 0x0000000086700000, 0x0000000086700000|100%| S|CS|TAMS 0x0000000086600000, 0x0000000086600000| Complete 
| 103|0x0000000086700000, 0x0000000086800000, 0x0000000086800000|100%| S|CS|TAMS 0x0000000086700000, 0x0000000086700000| Complete 
| 104|0x0000000086800000, 0x0000000086900000, 0x0000000086900000|100%| S|CS|TAMS 0x0000000086800000, 0x0000000086800000| Complete 
| 105|0x0000000086900000, 0x0000000086a00000, 0x0000000086a00000|100%| S|CS|TAMS 0x0000000086900000, 0x0000000086900000| Complete 
| 106|0x0000000086a00000, 0x0000000086a00000, 0x0000000086b00000|  0%| F|  |TAMS 0x0000000086a00000, 0x0000000086a00000| Untracked 
| 107|0x0000000086b00000, 0x0000000086b00000, 0x0000000086c00000|  0%| F|  |TAMS 0x0000000086b00000, 0x0000000086b00000| Untracked 
| 108|0x0000000086c00000, 0x0000000086c00000, 0x0000000086d00000|  0%| F|  |TAMS 0x0000000086c00000, 0x0000000086c00000| Untracked 
| 109|0x0000000086d00000, 0x0000000086d00000, 0x0000000086e00000|  0%| F|  |TAMS 0x0000000086d00000, 0x0000000086d00000| Untracked 
| 110|0x0000000086e00000, 0x0000000086e00000, 0x0000000086f00000|  0%| F|  |TAMS 0x0000000086e00000, 0x0000000086e00000| Untracked 
| 111|0x0000000086f00000, 0x0000000086f00000, 0x0000000087000000|  0%| F|  |TAMS 0x0000000086f00000, 0x0000000086f00000| Untracked 
| 112|0x0000000087000000, 0x0000000087000000, 0x0000000087100000|  0%| F|  |TAMS 0x0000000087000000, 0x0000000087000000| Untracked 
| 113|0x0000000087100000, 0x0000000087100000, 0x0000000087200000|  0%| F|  |TAMS 0x0000000087100000, 0x0000000087100000| Untracked 
| 114|0x0000000087200000, 0x0000000087200000, 0x0000000087300000|  0%| F|  |TAMS 0x0000000087200000, 0x0000000087200000| Untracked 
| 115|0x0000000087300000, 0x0000000087300000, 0x0000000087400000|  0%| F|  |TAMS 0x0000000087300000, 0x0000000087300000| Untracked 
| 116|0x0000000087400000, 0x0000000087400000, 0x0000000087500000|  0%| F|  |TAMS 0x0000000087400000, 0x0000000087400000| Untracked 
| 117|0x0000000087500000, 0x0000000087500000, 0x0000000087600000|  0%| F|  |TAMS 0x0000000087500000, 0x0000000087500000| Untracked 
| 118|0x0000000087600000, 0x0000000087600000, 0x0000000087700000|  0%| F|  |TAMS 0x0000000087600000, 0x0000000087600000| Untracked 
| 119|0x0000000087700000, 0x0000000087700000, 0x0000000087800000|  0%| F|  |TAMS 0x0000000087700000, 0x0000000087700000| Untracked 
| 120|0x0000000087800000, 0x0000000087800000, 0x0000000087900000|  0%| F|  |TAMS 0x0000000087800000, 0x0000000087800000| Untracked 
| 121|0x0000000087900000, 0x0000000087900000, 0x0000000087a00000|  0%| F|  |TAMS 0x0000000087900000, 0x0000000087900000| Untracked 
| 122|0x0000000087a00000, 0x0000000087a00000, 0x0000000087b00000|  0%| F|  |TAMS 0x0000000087a00000, 0x0000000087a00000| Untracked 
| 123|0x0000000087b00000, 0x0000000087b00000, 0x0000000087c00000|  0%| F|  |TAMS 0x0000000087b00000, 0x0000000087b00000| Untracked 
| 124|0x0000000087c00000, 0x0000000087c00000, 0x0000000087d00000|  0%| F|  |TAMS 0x0000000087c00000, 0x0000000087c00000| Untracked 
| 125|0x0000000087d00000, 0x0000000087d00000, 0x0000000087e00000|  0%| F|  |TAMS 0x0000000087d00000, 0x0000000087d00000| Untracked 
| 126|0x0000000087e00000, 0x0000000087e00000, 0x0000000087f00000|  0%| F|  |TAMS 0x0000000087e00000, 0x0000000087e00000| Untracked 
| 127|0x0000000087f00000, 0x0000000087f00000, 0x0000000088000000|  0%| F|  |TAMS 0x0000000087f00000, 0x0000000087f00000| Untracked 
| 128|0x0000000088000000, 0x0000000088000000, 0x0000000088100000|  0%| F|  |TAMS 0x0000000088000000, 0x0000000088000000| Untracked 
| 129|0x0000000088100000, 0x0000000088100000, 0x0000000088200000|  0%| F|  |TAMS 0x0000000088100000, 0x0000000088100000| Untracked 
| 130|0x0000000088200000, 0x0000000088200000, 0x0000000088300000|  0%| F|  |TAMS 0x0000000088200000, 0x0000000088200000| Untracked 
| 131|0x0000000088300000, 0x0000000088300000, 0x0000000088400000|  0%| F|  |TAMS 0x0000000088300000, 0x0000000088300000| Untracked 
| 132|0x0000000088400000, 0x0000000088400000, 0x0000000088500000|  0%| F|  |TAMS 0x0000000088400000, 0x0000000088400000| Untracked 
| 133|0x0000000088500000, 0x0000000088500000, 0x0000000088600000|  0%| F|  |TAMS 0x0000000088500000, 0x0000000088500000| Untracked 
| 134|0x0000000088600000, 0x0000000088600000, 0x0000000088700000|  0%| F|  |TAMS 0x0000000088600000, 0x0000000088600000| Untracked 
| 135|0x0000000088700000, 0x0000000088700000, 0x0000000088800000|  0%| F|  |TAMS 0x0000000088700000, 0x0000000088700000| Untracked 
| 136|0x0000000088800000, 0x0000000088800000, 0x0000000088900000|  0%| F|  |TAMS 0x0000000088800000, 0x0000000088800000| Untracked 
| 137|0x0000000088900000, 0x0000000088900000, 0x0000000088a00000|  0%| F|  |TAMS 0x0000000088900000, 0x0000000088900000| Untracked 
| 138|0x0000000088a00000, 0x0000000088a00000, 0x0000000088b00000|  0%| F|  |TAMS 0x0000000088a00000, 0x0000000088a00000| Untracked 
| 139|0x0000000088b00000, 0x0000000088b00000, 0x0000000088c00000|  0%| F|  |TAMS 0x0000000088b00000, 0x0000000088b00000| Untracked 
| 140|0x0000000088c00000, 0x0000000088c00000, 0x0000000088d00000|  0%| F|  |TAMS 0x0000000088c00000, 0x0000000088c00000| Untracked 
| 141|0x0000000088d00000, 0x0000000088d00000, 0x0000000088e00000|  0%| F|  |TAMS 0x0000000088d00000, 0x0000000088d00000| Untracked 
| 142|0x0000000088e00000, 0x0000000088e00000, 0x0000000088f00000|  0%| F|  |TAMS 0x0000000088e00000, 0x0000000088e00000| Untracked 
| 143|0x0000000088f00000, 0x0000000088f00000, 0x0000000089000000|  0%| F|  |TAMS 0x0000000088f00000, 0x0000000088f00000| Untracked 
| 144|0x0000000089000000, 0x0000000089000000, 0x0000000089100000|  0%| F|  |TAMS 0x0000000089000000, 0x0000000089000000| Untracked 
| 145|0x0000000089100000, 0x0000000089100000, 0x0000000089200000|  0%| F|  |TAMS 0x0000000089100000, 0x0000000089100000| Untracked 
| 146|0x0000000089200000, 0x0000000089200000, 0x0000000089300000|  0%| F|  |TAMS 0x0000000089200000, 0x0000000089200000| Untracked 
| 147|0x0000000089300000, 0x0000000089300000, 0x0000000089400000|  0%| F|  |TAMS 0x0000000089300000, 0x0000000089300000| Untracked 
| 148|0x0000000089400000, 0x0000000089400000, 0x0000000089500000|  0%| F|  |TAMS 0x0000000089400000, 0x0000000089400000| Untracked 
| 149|0x0000000089500000, 0x0000000089500000, 0x0000000089600000|  0%| F|  |TAMS 0x0000000089500000, 0x0000000089500000| Untracked 
| 150|0x0000000089600000, 0x0000000089600000, 0x0000000089700000|  0%| F|  |TAMS 0x0000000089600000, 0x0000000089600000| Untracked 
| 151|0x0000000089700000, 0x0000000089700000, 0x0000000089800000|  0%| F|  |TAMS 0x0000000089700000, 0x0000000089700000| Untracked 
| 152|0x0000000089800000, 0x0000000089800000, 0x0000000089900000|  0%| F|  |TAMS 0x0000000089800000, 0x0000000089800000| Untracked 
| 153|0x0000000089900000, 0x0000000089900000, 0x0000000089a00000|  0%| F|  |TAMS 0x0000000089900000, 0x0000000089900000| Untracked 
| 154|0x0000000089a00000, 0x0000000089a00000, 0x0000000089b00000|  0%| F|  |TAMS 0x0000000089a00000, 0x0000000089a00000| Untracked 
| 155|0x0000000089b00000, 0x0000000089b00000, 0x0000000089c00000|  0%| F|  |TAMS 0x0000000089b00000, 0x0000000089b00000| Untracked 
| 156|0x0000000089c00000, 0x0000000089c00000, 0x0000000089d00000|  0%| F|  |TAMS 0x0000000089c00000, 0x0000000089c00000| Untracked 
| 157|0x0000000089d00000, 0x0000000089d00000, 0x0000000089e00000|  0%| F|  |TAMS 0x0000000089d00000, 0x0000000089d00000| Untracked 
| 158|0x0000000089e00000, 0x0000000089e00000, 0x0000000089f00000|  0%| F|  |TAMS 0x0000000089e00000, 0x0000000089e00000| Untracked 
| 159|0x0000000089f00000, 0x0000000089f00000, 0x000000008a000000|  0%| F|  |TAMS 0x0000000089f00000, 0x0000000089f00000| Untracked 
| 160|0x000000008a000000, 0x000000008a000000, 0x000000008a100000|  0%| F|  |TAMS 0x000000008a000000, 0x000000008a000000| Untracked 
| 161|0x000000008a100000, 0x000000008a100000, 0x000000008a200000|  0%| F|  |TAMS 0x000000008a100000, 0x000000008a100000| Untracked 
| 162|0x000000008a200000, 0x000000008a200000, 0x000000008a300000|  0%| F|  |TAMS 0x000000008a200000, 0x000000008a200000| Untracked 
| 163|0x000000008a300000, 0x000000008a300000, 0x000000008a400000|  0%| F|  |TAMS 0x000000008a300000, 0x000000008a300000| Untracked 
| 164|0x000000008a400000, 0x000000008a400000, 0x000000008a500000|  0%| F|  |TAMS 0x000000008a400000, 0x000000008a400000| Untracked 
| 165|0x000000008a500000, 0x000000008a500000, 0x000000008a600000|  0%| F|  |TAMS 0x000000008a500000, 0x000000008a500000| Untracked 
| 166|0x000000008a600000, 0x000000008a600000, 0x000000008a700000|  0%| F|  |TAMS 0x000000008a600000, 0x000000008a600000| Untracked 
| 167|0x000000008a700000, 0x000000008a700000, 0x000000008a800000|  0%| F|  |TAMS 0x000000008a700000, 0x000000008a700000| Untracked 
| 168|0x000000008a800000, 0x000000008a800000, 0x000000008a900000|  0%| F|  |TAMS 0x000000008a800000, 0x000000008a800000| Untracked 
| 169|0x000000008a900000, 0x000000008a900000, 0x000000008aa00000|  0%| F|  |TAMS 0x000000008a900000, 0x000000008a900000| Untracked 
| 170|0x000000008aa00000, 0x000000008aa00000, 0x000000008ab00000|  0%| F|  |TAMS 0x000000008aa00000, 0x000000008aa00000| Untracked 
| 171|0x000000008ab00000, 0x000000008ab00000, 0x000000008ac00000|  0%| F|  |TAMS 0x000000008ab00000, 0x000000008ab00000| Untracked 
| 172|0x000000008ac00000, 0x000000008ac00000, 0x000000008ad00000|  0%| F|  |TAMS 0x000000008ac00000, 0x000000008ac00000| Untracked 
| 173|0x000000008ad00000, 0x000000008ad00000, 0x000000008ae00000|  0%| F|  |TAMS 0x000000008ad00000, 0x000000008ad00000| Untracked 
| 174|0x000000008ae00000, 0x000000008ae00000, 0x000000008af00000|  0%| F|  |TAMS 0x000000008ae00000, 0x000000008ae00000| Untracked 
| 175|0x000000008af00000, 0x000000008af00000, 0x000000008b000000|  0%| F|  |TAMS 0x000000008af00000, 0x000000008af00000| Untracked 
| 176|0x000000008b000000, 0x000000008b000000, 0x000000008b100000|  0%| F|  |TAMS 0x000000008b000000, 0x000000008b000000| Untracked 
| 177|0x000000008b100000, 0x000000008b100000, 0x000000008b200000|  0%| F|  |TAMS 0x000000008b100000, 0x000000008b100000| Untracked 
| 178|0x000000008b200000, 0x000000008b200000, 0x000000008b300000|  0%| F|  |TAMS 0x000000008b200000, 0x000000008b200000| Untracked 
| 179|0x000000008b300000, 0x000000008b300000, 0x000000008b400000|  0%| F|  |TAMS 0x000000008b300000, 0x000000008b300000| Untracked 
| 180|0x000000008b400000, 0x000000008b400000, 0x000000008b500000|  0%| F|  |TAMS 0x000000008b400000, 0x000000008b400000| Untracked 
| 181|0x000000008b500000, 0x000000008b500000, 0x000000008b600000|  0%| F|  |TAMS 0x000000008b500000, 0x000000008b500000| Untracked 
| 182|0x000000008b600000, 0x000000008b600000, 0x000000008b700000|  0%| F|  |TAMS 0x000000008b600000, 0x000000008b600000| Untracked 
| 183|0x000000008b700000, 0x000000008b700000, 0x000000008b800000|  0%| F|  |TAMS 0x000000008b700000, 0x000000008b700000| Untracked 
| 184|0x000000008b800000, 0x000000008b800000, 0x000000008b900000|  0%| F|  |TAMS 0x000000008b800000, 0x000000008b800000| Untracked 
| 185|0x000000008b900000, 0x000000008b900000, 0x000000008ba00000|  0%| F|  |TAMS 0x000000008b900000, 0x000000008b900000| Untracked 
| 186|0x000000008ba00000, 0x000000008ba00000, 0x000000008bb00000|  0%| F|  |TAMS 0x000000008ba00000, 0x000000008ba00000| Untracked 
| 187|0x000000008bb00000, 0x000000008bb00000, 0x000000008bc00000|  0%| F|  |TAMS 0x000000008bb00000, 0x000000008bb00000| Untracked 
| 188|0x000000008bc00000, 0x000000008bc00000, 0x000000008bd00000|  0%| F|  |TAMS 0x000000008bc00000, 0x000000008bc00000| Untracked 
| 189|0x000000008bd00000, 0x000000008bd00000, 0x000000008be00000|  0%| F|  |TAMS 0x000000008bd00000, 0x000000008bd00000| Untracked 
| 190|0x000000008be00000, 0x000000008be00000, 0x000000008bf00000|  0%| F|  |TAMS 0x000000008be00000, 0x000000008be00000| Untracked 
| 191|0x000000008bf00000, 0x000000008bf00000, 0x000000008c000000|  0%| F|  |TAMS 0x000000008bf00000, 0x000000008bf00000| Untracked 
| 192|0x000000008c000000, 0x000000008c000000, 0x000000008c100000|  0%| F|  |TAMS 0x000000008c000000, 0x000000008c000000| Untracked 
| 193|0x000000008c100000, 0x000000008c100000, 0x000000008c200000|  0%| F|  |TAMS 0x000000008c100000, 0x000000008c100000| Untracked 
| 194|0x000000008c200000, 0x000000008c200000, 0x000000008c300000|  0%| F|  |TAMS 0x000000008c200000, 0x000000008c200000| Untracked 
| 195|0x000000008c300000, 0x000000008c300000, 0x000000008c400000|  0%| F|  |TAMS 0x000000008c300000, 0x000000008c300000| Untracked 
| 196|0x000000008c400000, 0x000000008c400000, 0x000000008c500000|  0%| F|  |TAMS 0x000000008c400000, 0x000000008c400000| Untracked 
| 197|0x000000008c500000, 0x000000008c500000, 0x000000008c600000|  0%| F|  |TAMS 0x000000008c500000, 0x000000008c500000| Untracked 
| 198|0x000000008c600000, 0x000000008c600000, 0x000000008c700000|  0%| F|  |TAMS 0x000000008c600000, 0x000000008c600000| Untracked 
| 199|0x000000008c700000, 0x000000008c700000, 0x000000008c800000|  0%| F|  |TAMS 0x000000008c700000, 0x000000008c700000| Untracked 
| 200|0x000000008c800000, 0x000000008c800000, 0x000000008c900000|  0%| F|  |TAMS 0x000000008c800000, 0x000000008c800000| Untracked 
| 201|0x000000008c900000, 0x000000008c900000, 0x000000008ca00000|  0%| F|  |TAMS 0x000000008c900000, 0x000000008c900000| Untracked 
| 202|0x000000008ca00000, 0x000000008ca00000, 0x000000008cb00000|  0%| F|  |TAMS 0x000000008ca00000, 0x000000008ca00000| Untracked 
| 203|0x000000008cb00000, 0x000000008cb00000, 0x000000008cc00000|  0%| F|  |TAMS 0x000000008cb00000, 0x000000008cb00000| Untracked 
| 204|0x000000008cc00000, 0x000000008cc00000, 0x000000008cd00000|  0%| F|  |TAMS 0x000000008cc00000, 0x000000008cc00000| Untracked 
| 205|0x000000008cd00000, 0x000000008cd00000, 0x000000008ce00000|  0%| F|  |TAMS 0x000000008cd00000, 0x000000008cd00000| Untracked 
| 206|0x000000008ce00000, 0x000000008ce00000, 0x000000008cf00000|  0%| F|  |TAMS 0x000000008ce00000, 0x000000008ce00000| Untracked 
| 207|0x000000008cf00000, 0x000000008cf00000, 0x000000008d000000|  0%| F|  |TAMS 0x000000008cf00000, 0x000000008cf00000| Untracked 
| 208|0x000000008d000000, 0x000000008d000000, 0x000000008d100000|  0%| F|  |TAMS 0x000000008d000000, 0x000000008d000000| Untracked 
| 209|0x000000008d100000, 0x000000008d100000, 0x000000008d200000|  0%| F|  |TAMS 0x000000008d100000, 0x000000008d100000| Untracked 
| 210|0x000000008d200000, 0x000000008d200000, 0x000000008d300000|  0%| F|  |TAMS 0x000000008d200000, 0x000000008d200000| Untracked 
| 211|0x000000008d300000, 0x000000008d300000, 0x000000008d400000|  0%| F|  |TAMS 0x000000008d300000, 0x000000008d300000| Untracked 
| 212|0x000000008d400000, 0x000000008d400000, 0x000000008d500000|  0%| F|  |TAMS 0x000000008d400000, 0x000000008d400000| Untracked 
| 213|0x000000008d500000, 0x000000008d500000, 0x000000008d600000|  0%| F|  |TAMS 0x000000008d500000, 0x000000008d500000| Untracked 
| 214|0x000000008d600000, 0x000000008d600000, 0x000000008d700000|  0%| F|  |TAMS 0x000000008d600000, 0x000000008d600000| Untracked 
| 215|0x000000008d700000, 0x000000008d700000, 0x000000008d800000|  0%| F|  |TAMS 0x000000008d700000, 0x000000008d700000| Untracked 
| 216|0x000000008d800000, 0x000000008d800000, 0x000000008d900000|  0%| F|  |TAMS 0x000000008d800000, 0x000000008d800000| Untracked 
| 217|0x000000008d900000, 0x000000008d900000, 0x000000008da00000|  0%| F|  |TAMS 0x000000008d900000, 0x000000008d900000| Untracked 
| 218|0x000000008da00000, 0x000000008da00000, 0x000000008db00000|  0%| F|  |TAMS 0x000000008da00000, 0x000000008da00000| Untracked 
| 219|0x000000008db00000, 0x000000008db00000, 0x000000008dc00000|  0%| F|  |TAMS 0x000000008db00000, 0x000000008db00000| Untracked 
| 220|0x000000008dc00000, 0x000000008dc00000, 0x000000008dd00000|  0%| F|  |TAMS 0x000000008dc00000, 0x000000008dc00000| Untracked 
| 221|0x000000008dd00000, 0x000000008dd00000, 0x000000008de00000|  0%| F|  |TAMS 0x000000008dd00000, 0x000000008dd00000| Untracked 
| 222|0x000000008de00000, 0x000000008de00000, 0x000000008df00000|  0%| F|  |TAMS 0x000000008de00000, 0x000000008de00000| Untracked 
| 223|0x000000008df00000, 0x000000008df00000, 0x000000008e000000|  0%| F|  |TAMS 0x000000008df00000, 0x000000008df00000| Untracked 
| 224|0x000000008e000000, 0x000000008e000000, 0x000000008e100000|  0%| F|  |TAMS 0x000000008e000000, 0x000000008e000000| Untracked 
| 225|0x000000008e100000, 0x000000008e100000, 0x000000008e200000|  0%| F|  |TAMS 0x000000008e100000, 0x000000008e100000| Untracked 
| 226|0x000000008e200000, 0x000000008e200000, 0x000000008e300000|  0%| F|  |TAMS 0x000000008e200000, 0x000000008e200000| Untracked 
| 227|0x000000008e300000, 0x000000008e300000, 0x000000008e400000|  0%| F|  |TAMS 0x000000008e300000, 0x000000008e300000| Untracked 
| 228|0x000000008e400000, 0x000000008e400000, 0x000000008e500000|  0%| F|  |TAMS 0x000000008e400000, 0x000000008e400000| Untracked 
| 229|0x000000008e500000, 0x000000008e500000, 0x000000008e600000|  0%| F|  |TAMS 0x000000008e500000, 0x000000008e500000| Untracked 
| 230|0x000000008e600000, 0x000000008e600000, 0x000000008e700000|  0%| F|  |TAMS 0x000000008e600000, 0x000000008e600000| Untracked 
| 231|0x000000008e700000, 0x000000008e700000, 0x000000008e800000|  0%| F|  |TAMS 0x000000008e700000, 0x000000008e700000| Untracked 
| 232|0x000000008e800000, 0x000000008e800000, 0x000000008e900000|  0%| F|  |TAMS 0x000000008e800000, 0x000000008e800000| Untracked 
| 233|0x000000008e900000, 0x000000008e900000, 0x000000008ea00000|  0%| F|  |TAMS 0x000000008e900000, 0x000000008e900000| Untracked 
| 234|0x000000008ea00000, 0x000000008ea00000, 0x000000008eb00000|  0%| F|  |TAMS 0x000000008ea00000, 0x000000008ea00000| Untracked 
| 235|0x000000008eb00000, 0x000000008eb00000, 0x000000008ec00000|  0%| F|  |TAMS 0x000000008eb00000, 0x000000008eb00000| Untracked 
| 236|0x000000008ec00000, 0x000000008ec00000, 0x000000008ed00000|  0%| F|  |TAMS 0x000000008ec00000, 0x000000008ec00000| Untracked 
| 237|0x000000008ed00000, 0x000000008ed00000, 0x000000008ee00000|  0%| F|  |TAMS 0x000000008ed00000, 0x000000008ed00000| Untracked 
| 238|0x000000008ee00000, 0x000000008ee00000, 0x000000008ef00000|  0%| F|  |TAMS 0x000000008ee00000, 0x000000008ee00000| Untracked 
| 239|0x000000008ef00000, 0x000000008ef00000, 0x000000008f000000|  0%| F|  |TAMS 0x000000008ef00000, 0x000000008ef00000| Untracked 
| 240|0x000000008f000000, 0x000000008f098e00, 0x000000008f100000| 59%| E|  |TAMS 0x000000008f000000, 0x000000008f000000| Complete 
| 241|0x000000008f100000, 0x000000008f200000, 0x000000008f200000|100%| E|CS|TAMS 0x000000008f100000, 0x000000008f100000| Complete 
| 242|0x000000008f200000, 0x000000008f300000, 0x000000008f300000|100%| E|CS|TAMS 0x000000008f200000, 0x000000008f200000| Complete 
| 243|0x000000008f300000, 0x000000008f400000, 0x000000008f400000|100%| E|CS|TAMS 0x000000008f300000, 0x000000008f300000| Complete 
| 244|0x000000008f400000, 0x000000008f500000, 0x000000008f500000|100%| E|CS|TAMS 0x000000008f400000, 0x000000008f400000| Complete 
| 245|0x000000008f500000, 0x000000008f600000, 0x000000008f600000|100%| E|CS|TAMS 0x000000008f500000, 0x000000008f500000| Complete 
| 246|0x000000008f600000, 0x000000008f700000, 0x000000008f700000|100%| E|CS|TAMS 0x000000008f600000, 0x000000008f600000| Complete 
| 247|0x000000008f700000, 0x000000008f800000, 0x000000008f800000|100%| E|CS|TAMS 0x000000008f700000, 0x000000008f700000| Complete 
| 248|0x000000008f800000, 0x000000008f900000, 0x000000008f900000|100%| E|CS|TAMS 0x000000008f800000, 0x000000008f800000| Complete 
| 249|0x000000008f900000, 0x000000008fa00000, 0x000000008fa00000|100%| E|CS|TAMS 0x000000008f900000, 0x000000008f900000| Complete 
| 250|0x000000008fa00000, 0x000000008fb00000, 0x000000008fb00000|100%| E|CS|TAMS 0x000000008fa00000, 0x000000008fa00000| Complete 
| 251|0x000000008fb00000, 0x000000008fc00000, 0x000000008fc00000|100%| E|CS|TAMS 0x000000008fb00000, 0x000000008fb00000| Complete 

Card table byte_map: [0x000001cc45500000,0x000001cc45900000] _byte_map_base: 0x000001cc45100000

Marking Bits (Prev, Next): (CMBitMap*) 0x000001cc2cee9ed0, (CMBitMap*) 0x000001cc2cee9e98
 Prev Bits: [0x000001cc47d00000, 0x000001cc49d00000)
 Next Bits: [0x000001cc45d00000, 0x000001cc47d00000)

Polling page: 0x000001cc2c600000

Metaspace:

Usage:
  Non-class:     58.18 MB capacity,    56.66 MB ( 97%) used,     1.29 MB (  2%) free+waste,   232.69 KB ( <1%) overhead. 
      Class:      9.31 MB capacity,     8.47 MB ( 91%) used,   740.71 KB (  8%) free+waste,   113.00 KB (  1%) overhead. 
       Both:     67.49 MB capacity,    65.14 MB ( 97%) used,     2.01 MB (  3%) free+waste,   345.69 KB ( <1%) overhead. 

Virtual space:
  Non-class space:       60.00 MB reserved,      58.25 MB ( 97%) committed 
      Class space:      504.00 MB reserved,       9.38 MB (  2%) committed 
             Both:      564.00 MB reserved,      67.62 MB ( 12%) committed 

Chunk freelists:
   Non-Class:  10.00 KB
       Class:  0 bytes
        Both:  10.00 KB

MaxMetaspaceSize: 512.00 MB
CompressedClassSpaceSize: 504.00 MB
Initial GC threshold: 20.80 MB
Current GC threshold: 98.34 MB
CDS: off

CodeHeap 'non-profiled nmethods': size=119168Kb used=4471Kb max_used=4471Kb free=114697Kb
 bounds [0x000001cc3d1e0000, 0x000001cc3d640000, 0x000001cc44640000]
CodeHeap 'profiled nmethods': size=119168Kb used=14263Kb max_used=14263Kb free=104904Kb
 bounds [0x000001cc35d80000, 0x000001cc36b70000, 0x000001cc3d1e0000]
CodeHeap 'non-nmethods': size=7424Kb used=4033Kb max_used=4081Kb free=3390Kb
 bounds [0x000001cc35640000, 0x000001cc35a40000, 0x000001cc35d80000]
 total_blobs=7386 nmethods=6528 adapters=765
 compilation: enabled
              stopped_count=0, restarted_count=0
 full_count=0

Compilation events (20 events):
Event: 10.215 Thread 0x000001cc4dac3000 6446       4       com.google.common.cache.LocalCache::rehash (49 bytes)
Event: 10.215 Thread 0x000001cc4dac3000 nmethod 6446 0x000001cc3d63b210 code [0x000001cc3d63b3a0, 0x000001cc3d63b438]
Event: 10.215 Thread 0x000001cc4dac3000 6391       4       jdk.internal.misc.InnocuousThread::eraseThreadLocals (23 bytes)
Event: 10.216 Thread 0x000001cc4dac4000 6489       3       org.gradle.internal.instantiation.generator.AsmBackedClassGenerator$ClassBuilderImpl::addSetter (9 bytes)
Event: 10.216 Thread 0x000001cc4dac0800 6490       3       org.gradle.internal.instantiation.generator.AsmBackedClassGenerator$ClassBuilderImpl::addSetter (16 bytes)
Event: 10.216 Thread 0x000001cc4dac3000 nmethod 6391 0x000001cc3d63b510 code [0x000001cc3d63b6a0, 0x000001cc3d63b798]
Event: 10.216 Thread 0x000001cc4d8f2000 6491       3       org.gradle.internal.instantiation.generator.AsmBackedClassGenerator$ClassBuilderImpl$$Lambda$153/0x0000000100293040::get$Lambda (10 bytes)
Event: 10.216 Thread 0x000001cc4dac0000 6492       3       org.gradle.internal.instantiation.generator.AsmBackedClassGenerator$ClassBuilderImpl$$Lambda$153/0x0000000100293040::<init> (15 bytes)
Event: 10.216 Thread 0x000001cc4dac0000 nmethod 6492 0x000001cc36b58910 code [0x000001cc36b58ac0, 0x000001cc36b58cd8]
Event: 10.216 Thread 0x000001cc4d8f2000 nmethod 6491 0x000001cc36b58d90 code [0x000001cc36b58f60, 0x000001cc36b59218]
Event: 10.216 Thread 0x000001cc4dac0000 6493       3       org.gradle.internal.instantiation.generator.AsmBackedClassGenerator$ClassBuilderImpl$$Lambda$153/0x0000000100293040::emit (13 bytes)
Event: 10.216 Thread 0x000001cc4d8f2000 6494       3       org.gradle.internal.instantiation.generator.AsmBackedClassGenerator$ClassBuilderImpl::lambda$addSetter$13 (12 bytes)
Event: 10.216 Thread 0x000001cc4dac0800 nmethod 6490 0x000001cc36b59310 code [0x000001cc36b59520, 0x000001cc36b59c08]
Event: 10.216 Thread 0x000001cc4dac4000 nmethod 6489 0x000001cc36b59e90 code [0x000001cc36b5a0a0, 0x000001cc36b5a7e8]
Event: 10.217 Thread 0x000001cc4dac0000 nmethod 6493 0x000001cc36b5aa90 code [0x000001cc36b5aca0, 0x000001cc36b5b428]
Event: 10.217 Thread 0x000001cc4d8f2000 nmethod 6494 0x000001cc36b5b690 code [0x000001cc36b5b8a0, 0x000001cc36b5bfa8]
Event: 10.218 Thread 0x000001cc4dac0800 6495  s    3       org.gradle.internal.classloader.VisitableURLClassLoader::getUserData (48 bytes)
Event: 10.218 Thread 0x000001cc4dac0800 nmethod 6495 0x000001cc36b5c210 code [0x000001cc36b5c420, 0x000001cc36b5cab8]
Event: 10.684 Thread 0x000001cc4dac4000 6496       3       java.util.concurrent.locks.AbstractQueuedSynchronizer$ConditionObject::unlinkCancelledWaiters (67 bytes)
Event: 11.232 Thread 0x000001cc4dac4000 nmethod 6496 0x000001cc36b5cc90 code [0x000001cc36b5ce60, 0x000001cc36b5d258]

GC Heap History (18 events):
Event: 0.322 GC heap before
{Heap before GC invocations=0 (full 0):
 garbage-first heap   total 258048K, used 23552K [0x0000000080000000, 0x0000000100000000)
  region size 1024K, 24 young (24576K), 0 survivors (0K)
 Metaspace       used 7326K, capacity 7393K, committed 7680K, reserved 524288K
  class space    used 621K, capacity 657K, committed 768K, reserved 516096K
}
Event: 0.325 GC heap after
{Heap after GC invocations=1 (full 0):
 garbage-first heap   total 258048K, used 2714K [0x0000000080000000, 0x0000000100000000)
  region size 1024K, 3 young (3072K), 3 survivors (3072K)
 Metaspace       used 7326K, capacity 7393K, committed 7680K, reserved 524288K
  class space    used 621K, capacity 657K, committed 768K, reserved 516096K
}
Event: 5.658 GC heap before
{Heap before GC invocations=1 (full 0):
 garbage-first heap   total 258048K, used 158362K [0x0000000080000000, 0x0000000100000000)
  region size 1024K, 151 young (154624K), 3 survivors (3072K)
 Metaspace       used 19013K, capacity 19380K, committed 19456K, reserved 534528K
  class space    used 2123K, capacity 2260K, committed 2304K, reserved 516096K
}
Event: 5.664 GC heap after
{Heap after GC invocations=2 (full 0):
 garbage-first heap   total 258048K, used 18866K [0x0000000080000000, 0x0000000100000000)
  region size 1024K, 15 young (15360K), 15 survivors (15360K)
 Metaspace       used 19013K, capacity 19380K, committed 19456K, reserved 534528K
  class space    used 2123K, capacity 2260K, committed 2304K, reserved 516096K
}
Event: 5.827 GC heap before
{Heap before GC invocations=2 (full 0):
 garbage-first heap   total 258048K, used 37298K [0x0000000080000000, 0x0000000100000000)
  region size 1024K, 34 young (34816K), 15 survivors (15360K)
 Metaspace       used 20788K, capacity 21132K, committed 21248K, reserved 536576K
  class space    used 2365K, capacity 2504K, committed 2560K, reserved 516096K
}
Event: 5.834 GC heap after
{Heap after GC invocations=3 (full 0):
 garbage-first heap   total 258048K, used 19848K [0x0000000080000000, 0x0000000100000000)
  region size 1024K, 2 young (2048K), 2 survivors (2048K)
 Metaspace       used 20788K, capacity 21132K, committed 21248K, reserved 536576K
  class space    used 2365K, capacity 2504K, committed 2560K, reserved 516096K
}
Event: 6.646 GC heap before
{Heap before GC invocations=4 (full 0):
 garbage-first heap   total 258048K, used 162184K [0x0000000080000000, 0x0000000100000000)
  region size 1024K, 142 young (145408K), 2 survivors (2048K)
 Metaspace       used 29888K, capacity 30552K, committed 30592K, reserved 542720K
  class space    used 3706K, capacity 3966K, committed 3968K, reserved 516096K
}
Event: 6.648 GC heap after
{Heap after GC invocations=5 (full 0):
 garbage-first heap   total 258048K, used 22631K [0x0000000080000000, 0x0000000100000000)
  region size 1024K, 4 young (4096K), 4 survivors (4096K)
 Metaspace       used 29888K, capacity 30552K, committed 30592K, reserved 542720K
  class space    used 3706K, capacity 3966K, committed 3968K, reserved 516096K
}
Event: 7.028 GC heap before
{Heap before GC invocations=5 (full 0):
 garbage-first heap   total 258048K, used 82023K [0x0000000080000000, 0x0000000100000000)
  region size 1024K, 64 young (65536K), 4 survivors (4096K)
 Metaspace       used 34868K, capacity 35754K, committed 35840K, reserved 548864K
  class space    used 4418K, capacity 4778K, committed 4864K, reserved 516096K
}
Event: 7.033 GC heap after
{Heap after GC invocations=6 (full 0):
 garbage-first heap   total 258048K, used 26232K [0x0000000080000000, 0x0000000100000000)
  region size 1024K, 8 young (8192K), 8 survivors (8192K)
 Metaspace       used 34868K, capacity 35754K, committed 35840K, reserved 548864K
  class space    used 4418K, capacity 4778K, committed 4864K, reserved 516096K
}
Event: 7.766 GC heap before
{Heap before GC invocations=7 (full 0):
 garbage-first heap   total 258048K, used 152184K [0x0000000080000000, 0x0000000100000000)
  region size 1024K, 131 young (134144K), 8 survivors (8192K)
 Metaspace       used 44982K, capacity 46268K, committed 46592K, reserved 557056K
  class space    used 5794K, capacity 6281K, committed 6400K, reserved 516096K
}
Event: 7.769 GC heap after
{Heap after GC invocations=8 (full 0):
 garbage-first heap   total 258048K, used 30862K [0x0000000080000000, 0x0000000100000000)
  region size 1024K, 12 young (12288K), 12 survivors (12288K)
 Metaspace       used 44982K, capacity 46268K, committed 46592K, reserved 557056K
  class space    used 5794K, capacity 6281K, committed 6400K, reserved 516096K
}
Event: 8.540 GC heap before
{Heap before GC invocations=8 (full 0):
 garbage-first heap   total 258048K, used 166030K [0x0000000080000000, 0x0000000100000000)
  region size 1024K, 140 young (143360K), 12 survivors (12288K)
 Metaspace       used 52009K, capacity 53704K, committed 53888K, reserved 563200K
  class space    used 6613K, capacity 7241K, committed 7296K, reserved 516096K
}
Event: 8.546 GC heap after
{Heap after GC invocations=9 (full 0):
 garbage-first heap   total 258048K, used 38157K [0x0000000080000000, 0x0000000100000000)
  region size 1024K, 16 young (16384K), 16 survivors (16384K)
 Metaspace       used 52009K, capacity 53704K, committed 53888K, reserved 563200K
  class space    used 6613K, capacity 7241K, committed 7296K, reserved 516096K
}
Event: 9.180 GC heap before
{Heap before GC invocations=9 (full 0):
 garbage-first heap   total 258048K, used 147725K [0x0000000080000000, 0x0000000100000000)
  region size 1024K, 123 young (125952K), 16 survivors (16384K)
 Metaspace       used 57935K, capacity 60015K, committed 60160K, reserved 569344K
  class space    used 7456K, capacity 8234K, committed 8320K, reserved 516096K
}
Event: 9.190 GC heap after
{Heap after GC invocations=10 (full 0):
 garbage-first heap   total 258048K, used 41869K [0x0000000080000000, 0x0000000100000000)
  region size 1024K, 11 young (11264K), 11 survivors (11264K)
 Metaspace       used 57935K, capacity 60015K, committed 60160K, reserved 569344K
  class space    used 7456K, capacity 8234K, committed 8320K, reserved 516096K
}
Event: 10.074 GC heap before
{Heap before GC invocations=11 (full 0):
 garbage-first heap   total 258048K, used 180109K [0x0000000080000000, 0x0000000100000000)
  region size 1024K, 146 young (149504K), 11 survivors (11264K)
 Metaspace       used 66125K, capacity 68500K, committed 68608K, reserved 575488K
  class space    used 8602K, capacity 9394K, committed 9472K, reserved 516096K
}
Event: 10.080 GC heap after
{Heap after GC invocations=12 (full 0):
 garbage-first heap   total 258048K, used 44558K [0x0000000080000000, 0x0000000100000000)
  region size 1024K, 15 young (15360K), 15 survivors (15360K)
 Metaspace       used 66125K, capacity 68500K, committed 68608K, reserved 575488K
  class space    used 8602K, capacity 9394K, committed 9472K, reserved 516096K
}

Deoptimization events (20 events):
Event: 10.002 Thread 0x000001cc4ff1a800 Uncommon trap: trap_request=0xffffff4d fr.pc=0x000001cc3d42234c relative=0x0000000000001fcc
Event: 10.002 Thread 0x000001cc4ff1a800 Uncommon trap: reason=unstable_if action=reinterpret pc=0x000001cc3d42234c method=java.net.URLClassLoader.getAndVerifyPackage(Ljava/lang/String;Ljava/util/jar/Manifest;Ljava/net/URL;)Ljava/lang/Package; @ 62 c2
Event: 10.002 Thread 0x000001cc4ff1a800 DEOPT PACKING pc=0x000001cc3d42234c sp=0x0000001f535f3800
Event: 10.002 Thread 0x000001cc4ff1a800 DEOPT UNPACKING pc=0x000001cc3568a1af sp=0x0000001f535f3828 mode 2
Event: 10.003 Thread 0x000001cc4ff1a800 Uncommon trap: trap_request=0xffffffde fr.pc=0x000001cc3d597a4c relative=0x00000000000049cc
Event: 10.003 Thread 0x000001cc4ff1a800 Uncommon trap: reason=class_check action=maybe_recompile pc=0x000001cc3d597a4c method=java.net.URLClassLoader.defineClass(Ljava/lang/String;Ljdk/internal/loader/Resource;)Ljava/lang/Class; @ 34 c2
Event: 10.003 Thread 0x000001cc4ff1a800 DEOPT PACKING pc=0x000001cc3d597a4c sp=0x0000001f535f3940
Event: 10.003 Thread 0x000001cc4ff1a800 DEOPT UNPACKING pc=0x000001cc3568a1af sp=0x0000001f535f38b8 mode 2
Event: 10.005 Thread 0x000001cc4ff1a800 Uncommon trap: trap_request=0xffffffde fr.pc=0x000001cc3d597a4c relative=0x00000000000049cc
Event: 10.005 Thread 0x000001cc4ff1a800 Uncommon trap: reason=class_check action=maybe_recompile pc=0x000001cc3d597a4c method=java.net.URLClassLoader.defineClass(Ljava/lang/String;Ljdk/internal/loader/Resource;)Ljava/lang/Class; @ 34 c2
Event: 10.005 Thread 0x000001cc4ff1a800 DEOPT PACKING pc=0x000001cc3d597a4c sp=0x0000001f535f3940
Event: 10.005 Thread 0x000001cc4ff1a800 DEOPT UNPACKING pc=0x000001cc3568a1af sp=0x0000001f535f38b8 mode 2
Event: 10.006 Thread 0x000001cc4ff1a800 Uncommon trap: trap_request=0xffffffde fr.pc=0x000001cc3d5a5448 relative=0x00000000000049c8
Event: 10.006 Thread 0x000001cc4ff1a800 Uncommon trap: reason=class_check action=maybe_recompile pc=0x000001cc3d5a5448 method=java.net.URLClassLoader.defineClass(Ljava/lang/String;Ljdk/internal/loader/Resource;)Ljava/lang/Class; @ 34 c2
Event: 10.006 Thread 0x000001cc4ff1a800 DEOPT PACKING pc=0x000001cc3d5a5448 sp=0x0000001f535f38e0
Event: 10.006 Thread 0x000001cc4ff1a800 DEOPT UNPACKING pc=0x000001cc3568a1af sp=0x0000001f535f38b8 mode 2
Event: 10.068 Thread 0x000001cc4ff1a800 Uncommon trap: trap_request=0xffffff4d fr.pc=0x000001cc3d5ceea0 relative=0x0000000000001e40
Event: 10.069 Thread 0x000001cc4ff1a800 Uncommon trap: reason=unstable_if action=reinterpret pc=0x000001cc3d5ceea0 method=java.util.concurrent.ConcurrentHashMap.computeIfAbsent(Ljava/lang/Object;Ljava/util/function/Function;)Ljava/lang/Object; @ 123 c2
Event: 10.069 Thread 0x000001cc4ff1a800 DEOPT PACKING pc=0x000001cc3d5ceea0 sp=0x0000001f535f70a0
Event: 10.069 Thread 0x000001cc4ff1a800 DEOPT UNPACKING pc=0x000001cc3568a1af sp=0x0000001f535f7060 mode 2

Classes redefined (0 events):
No events

Internal exceptions (20 events):
Event: 9.774 Thread 0x000001cc4ff1a800 Exception <a 'java/lang/ClassNotFoundException'{0x0000000089aa7408}: org/gradle/api/internal/plugins/DefaultPluginContainerCustomizer> (0x0000000089aa7408) thrown at [s\src\hotspot\share\classfile\systemDictionary.cpp, line 230]
Event: 9.785 Thread 0x000001cc4ff1a800 Exception <a 'java/lang/ClassNotFoundException'{0x00000000898448d0}: org/gradle/configuration/internal/DefaultListenerBuildOperationDecorator$BuildOperationEmittingClosureBeanInfo> (0x00000000898448d0) thrown at [s\src\hotspot\share\classfile\systemDictionary.cpp, line 230]
Event: 9.786 Thread 0x000001cc4ff1a800 Exception <a 'java/lang/ClassNotFoundException'{0x0000000089876340}: org/gradle/configuration/internal/DefaultListenerBuildOperationDecorator$BuildOperationEmittingClosureCustomizer> (0x0000000089876340) thrown at [s\src\hotspot\share\classfile\systemDictionary.cpp, line 230]
Event: 9.791 Thread 0x000001cc4ff1a800 Exception <a 'java/lang/ClassNotFoundException'{0x00000000897484c8}: org/gradle/api/internal/plugins/DefaultObjectConfigurationActionBeanInfo> (0x00000000897484c8) thrown at [s\src\hotspot\share\classfile\systemDictionary.cpp, line 230]
Event: 9.792 Thread 0x000001cc4ff1a800 Exception <a 'java/lang/ClassNotFoundException'{0x0000000089771910}: org/gradle/api/internal/plugins/DefaultObjectConfigurationActionCustomizer> (0x0000000089771910) thrown at [s\src\hotspot\share\classfile\systemDictionary.cpp, line 230]
Event: 9.838 Thread 0x000001cc4ff1a800 Exception <a 'java/lang/NoSuchMethodError'{0x0000000089144420}: 'long java.lang.invoke.DirectMethodHandle$Holder.invokeStatic(java.lang.Object, long)'> (0x0000000089144420) thrown at [s\src\hotspot\share\interpreter\linkResolver.cpp, line 773]
Event: 9.923 Thread 0x000001cc4ff1a800 Exception <a 'java/lang/NoSuchMethodError'{0x0000000087c2dea0}: 'java.lang.Object java.lang.invoke.DirectMethodHandle$Holder.invokeInterface(java.lang.Object, java.lang.Object, int)'> (0x0000000087c2dea0) thrown at [s\src\hotspot\share\interpreter\linkResolver.cpp, line 773]
Event: 9.934 Thread 0x000001cc4ff1a800 Exception <a 'java/lang/ClassNotFoundException'{0x0000000087bd84a8}: java/lang/StringBeanInfo> (0x0000000087bd84a8) thrown at [s\src\hotspot\share\classfile\systemDictionary.cpp, line 230]
Event: 9.934 Thread 0x000001cc4ff1a800 Exception <a 'java/lang/ClassNotFoundException'{0x0000000087bf4760}: java/lang/StringCustomizer> (0x0000000087bf4760) thrown at [s\src\hotspot\share\classfile\systemDictionary.cpp, line 230]
Event: 9.936 Thread 0x000001cc4ff1a800 Exception <a 'java/lang/ClassNotFoundException'{0x0000000087a63218}: java/io/FileBeanInfo> (0x0000000087a63218) thrown at [s\src\hotspot\share\classfile\systemDictionary.cpp, line 230]
Event: 9.937 Thread 0x000001cc4ff1a800 Exception <a 'java/lang/ClassNotFoundException'{0x0000000087a7e6c0}: java/io/FileCustomizer> (0x0000000087a7e6c0) thrown at [s\src\hotspot\share\classfile\systemDictionary.cpp, line 230]
Event: 9.950 Thread 0x000001cc4ff1a800 Exception <a 'java/lang/ClassNotFoundException'{0x0000000087888318}: org/gradle/plugins/ide/eclipse/model/EclipseModel_DecoratedBeanInfo> (0x0000000087888318) thrown at [s\src\hotspot\share\classfile\systemDictionary.cpp, line 230]
Event: 9.951 Thread 0x000001cc4ff1a800 Exception <a 'java/lang/ClassNotFoundException'{0x00000000878cc7e8}: org/gradle/plugins/ide/eclipse/model/EclipseModelBeanInfo> (0x00000000878cc7e8) thrown at [s\src\hotspot\share\classfile\systemDictionary.cpp, line 230]
Event: 9.952 Thread 0x000001cc4ff1a800 Exception <a 'java/lang/ClassNotFoundException'{0x0000000087713da0}: org/gradle/plugins/ide/eclipse/model/EclipseModelCustomizer> (0x0000000087713da0) thrown at [s\src\hotspot\share\classfile\systemDictionary.cpp, line 230]
Event: 9.954 Thread 0x000001cc4ff1a800 Exception <a 'java/lang/ClassNotFoundException'{0x0000000087772670}: org/gradle/plugins/ide/eclipse/model/EclipseModel_DecoratedCustomizer> (0x0000000087772670) thrown at [s\src\hotspot\share\classfile\systemDictionary.cpp, line 230]
Event: 9.960 Thread 0x000001cc4ff1a800 Exception <a 'java/lang/ClassNotFoundException'{0x0000000087651120}: org/gradle/plugins/ide/eclipse/model/EclipseProject_DecoratedBeanInfo> (0x0000000087651120) thrown at [s\src\hotspot\share\classfile\systemDictionary.cpp, line 230]
Event: 9.960 Thread 0x000001cc4ff1a800 Exception <a 'java/lang/ClassNotFoundException'{0x00000000876984d8}: org/gradle/plugins/ide/eclipse/model/EclipseProjectBeanInfo> (0x00000000876984d8) thrown at [s\src\hotspot\share\classfile\systemDictionary.cpp, line 230]
Event: 9.960 Thread 0x000001cc4ff1a800 Exception <a 'java/lang/ClassNotFoundException'{0x00000000876df940}: org/gradle/plugins/ide/eclipse/model/EclipseProjectCustomizer> (0x00000000876df940) thrown at [s\src\hotspot\share\classfile\systemDictionary.cpp, line 230]
Event: 9.962 Thread 0x000001cc4ff1a800 Exception <a 'java/lang/ClassNotFoundException'{0x0000000087546628}: org/gradle/plugins/ide/eclipse/model/EclipseProject_DecoratedCustomizer> (0x0000000087546628) thrown at [s\src\hotspot\share\classfile\systemDictionary.cpp, line 230]
Event: 9.993 Thread 0x000001cc4ff1e000 Exception <a 'java/lang/NoSuchMethodError'{0x0000000087435250}: <clinit>> (0x0000000087435250) thrown at [s\src\hotspot\share\prims\jni.cpp, line 1372]

Events (20 events):
Event: 10.221 loading class org/gradle/api/internal/provider/DefaultValueSourceProviderFactory$DefaultObtainedValue done
Event: 10.224 loading class org/gradle/api/internal/provider/ValueSourceProviderFactory$ValueListener$ObtainedValue
Event: 10.224 loading class org/gradle/api/internal/provider/ValueSourceProviderFactory$ValueListener$ObtainedValue done
Event: 10.225 loading class org/gradle/api/internal/provider/DefaultValueSourceProviderFactory$LazilyObtainedValue
Event: 10.225 loading class org/gradle/api/internal/provider/DefaultValueSourceProviderFactory$LazilyObtainedValue done
Event: 10.226 loading class org/gradle/api/internal/provider/DefaultValueSourceProviderFactory$ValueSourceProvider
Event: 10.226 loading class org/gradle/api/internal/provider/DefaultValueSourceProviderFactory$ValueSourceProvider done
Event: 10.684 Thread 0x000001cc4dac3000 Thread exited: 0x000001cc4dac3000
Event: 11.232 loading class org/gradle/api/internal/provider/DefaultValueSourceProviderFactory$DefaultValueSourceSpec_Decorated
Event: 11.232 loading class org/gradle/api/internal/provider/DefaultValueSourceProviderFactory$DefaultValueSourceSpec_Decorated done
Event: 11.233 loading class org/gradle/api/internal/catalog/PluginDependencyValueSource$Params
Event: 11.233 loading class org/gradle/api/internal/catalog/PluginDependencyValueSource$Params done
Event: 11.233 loading class org/gradle/api/internal/catalog/PluginDependencyValueSource$Params
Event: 11.233 loading class org/gradle/api/internal/catalog/PluginDependencyValueSource$Params done
Event: 11.233 loading class org/gradle/api/internal/catalog/AbstractExternalDependencyFactory$PluginFactory
Event: 11.233 loading class org/gradle/api/internal/catalog/AbstractExternalDependencyFactory$PluginFactory done
Event: 11.234 loading class org/gradle/api/internal/provider/DefaultValueSourceProviderFactory$LazilyObtainedValue
Event: 11.234 loading class org/gradle/api/internal/provider/DefaultValueSourceProviderFactory$LazilyObtainedValue done
Event: 11.235 loading class org/gradle/internal/snapshot/impl/ImplementationValue
Event: 11.235 loading class org/gradle/internal/snapshot/impl/ImplementationValue done


Dynamic libraries:
0x00007ff70afc0000 - 0x00007ff70afce000 	C:\Program Files\Eclipse Adoptium\jdk-11.0.26.4-hotspot\bin\java.exe
0x00007ff8031a0000 - 0x00007ff803400000 	C:\WINDOWS\SYSTEM32\ntdll.dll
0x00007ff801320000 - 0x00007ff8013e7000 	C:\WINDOWS\System32\KERNEL32.DLL
0x00007ff800880000 - 0x00007ff800c4a000 	C:\WINDOWS\System32\KERNELBASE.dll
0x00007ff800730000 - 0x00007ff80087b000 	C:\WINDOWS\System32\ucrtbase.dll
0x00007fffddc90000 - 0x00007fffddca7000 	C:\Program Files\Eclipse Adoptium\jdk-11.0.26.4-hotspot\bin\jli.dll
0x00007fffcf540000 - 0x00007fffcf55e000 	C:\Program Files\Eclipse Adoptium\jdk-11.0.26.4-hotspot\bin\VCRUNTIME140.dll
0x00007ff802f90000 - 0x00007ff80315c000 	C:\WINDOWS\System32\USER32.dll
0x00007ff800660000 - 0x00007ff800687000 	C:\WINDOWS\System32\win32u.dll
0x00007fffff4d0000 - 0x00007fffff767000 	C:\WINDOWS\WinSxS\amd64_microsoft.windows.common-controls_6595b64144ccf1df_6.0.26100.3624_none_3e086962e3345f24\COMCTL32.dll
0x00007ff8013f0000 - 0x00007ff80141a000 	C:\WINDOWS\System32\GDI32.dll
0x00007ff801170000 - 0x00007ff801219000 	C:\WINDOWS\System32\msvcrt.dll
0x00007ff800dd0000 - 0x00007ff800f01000 	C:\WINDOWS\System32\gdi32full.dll
0x00007ff800380000 - 0x00007ff800423000 	C:\WINDOWS\System32\msvcp_win.dll
0x00007ff801580000 - 0x00007ff8015af000 	C:\WINDOWS\System32\IMM32.DLL
0x00007fffd99d0000 - 0x00007fffd99dc000 	C:\Program Files\Eclipse Adoptium\jdk-11.0.26.4-hotspot\bin\vcruntime140_1.dll
0x00007fffc3260000 - 0x00007fffc32ed000 	C:\Program Files\Eclipse Adoptium\jdk-11.0.26.4-hotspot\bin\msvcp140.dll
0x00007fff63d80000 - 0x00007fff64943000 	C:\Program Files\Eclipse Adoptium\jdk-11.0.26.4-hotspot\bin\server\jvm.dll
0x00007ff802290000 - 0x00007ff802342000 	C:\WINDOWS\System32\ADVAPI32.dll
0x00007ff800fa0000 - 0x00007ff801046000 	C:\WINDOWS\System32\sechost.dll
0x00007ff801050000 - 0x00007ff801166000 	C:\WINDOWS\System32\RPCRT4.dll
0x00007ff801a60000 - 0x00007ff801ad4000 	C:\WINDOWS\System32\WS2_32.dll
0x00007ff802530000 - 0x00007ff802538000 	C:\WINDOWS\System32\PSAPI.DLL
0x00007ffff4f40000 - 0x00007ffff4f76000 	C:\WINDOWS\SYSTEM32\WINMM.dll
0x00007ffff6e70000 - 0x00007ffff6e7b000 	C:\WINDOWS\SYSTEM32\VERSION.dll
0x00007ffffe8e0000 - 0x00007ffffe8fa000 	C:\WINDOWS\SYSTEM32\kernel.appcore.dll
0x00007fffd9280000 - 0x00007fffd9290000 	C:\Program Files\Eclipse Adoptium\jdk-11.0.26.4-hotspot\bin\verify.dll
0x00007fffffc10000 - 0x00007fffffe51000 	C:\WINDOWS\SYSTEM32\DBGHELP.DLL
0x00007ff801650000 - 0x00007ff8019d2000 	C:\WINDOWS\System32\combase.dll
0x00007ff801240000 - 0x00007ff801316000 	C:\WINDOWS\System32\OLEAUT32.dll
0x00007fff93a70000 - 0x00007fff93aa9000 	C:\WINDOWS\SYSTEM32\dbgcore.DLL
0x00007ff800690000 - 0x00007ff800729000 	C:\WINDOWS\System32\bcryptPrimitives.dll
0x00007fffce5e0000 - 0x00007fffce608000 	C:\Program Files\Eclipse Adoptium\jdk-11.0.26.4-hotspot\bin\java.dll
0x00007fffcf4b0000 - 0x00007fffcf4ba000 	C:\Program Files\Eclipse Adoptium\jdk-11.0.26.4-hotspot\bin\jimage.dll
0x00007fffcf490000 - 0x00007fffcf49e000 	C:\Program Files\Eclipse Adoptium\jdk-11.0.26.4-hotspot\bin\instrument.dll
0x00007fffcf0f0000 - 0x00007fffcf108000 	C:\Program Files\Eclipse Adoptium\jdk-11.0.26.4-hotspot\bin\zip.dll
0x00007ff801b60000 - 0x00007ff802289000 	C:\WINDOWS\System32\SHELL32.dll
0x00007ff800430000 - 0x00007ff800598000 	C:\WINDOWS\System32\wintypes.dll
0x00007ffffd5f0000 - 0x00007ffffde42000 	C:\WINDOWS\SYSTEM32\windows.storage.dll
0x00007ff802cf0000 - 0x00007ff802ddd000 	C:\WINDOWS\System32\SHCORE.dll
0x00007ff802bc0000 - 0x00007ff802c24000 	C:\WINDOWS\System32\shlwapi.dll
0x00007ff800290000 - 0x00007ff8002bf000 	C:\WINDOWS\SYSTEM32\profapi.dll
0x00007fffcb4a0000 - 0x00007fffcb4b9000 	C:\Program Files\Eclipse Adoptium\jdk-11.0.26.4-hotspot\bin\net.dll
0x00007ffff70a0000 - 0x00007ffff71bd000 	C:\WINDOWS\SYSTEM32\WINHTTP.dll
0x00007fffff130000 - 0x00007fffff19a000 	C:\WINDOWS\system32\mswsock.dll
0x00007fffc9240000 - 0x00007fffc9253000 	C:\Program Files\Eclipse Adoptium\jdk-11.0.26.4-hotspot\bin\nio.dll
0x00007fffcf3b0000 - 0x00007fffcf3d7000 	C:\Users\DIGI ROUTE\.gradle\native\c067742578af261105cb4f569cf0c3c89f3d7b1fecec35dd04571415982c5e48\windows-amd64\native-platform.dll
0x00007fffb3a10000 - 0x00007fffb3b54000 	C:\Users\DIGI ROUTE\.gradle\native\100fb08df4bc3b14c8652ba06237920a3bd2aa13389f12d3474272988ae205f9\windows-amd64\native-platform-file-events.dll
0x00007fffcf480000 - 0x00007fffcf48a000 	C:\Program Files\Eclipse Adoptium\jdk-11.0.26.4-hotspot\bin\management.dll
0x00007fffcb5b0000 - 0x00007fffcb5bb000 	C:\Program Files\Eclipse Adoptium\jdk-11.0.26.4-hotspot\bin\management_ext.dll
0x00007ff800000000 - 0x00007ff80001c000 	C:\WINDOWS\SYSTEM32\CRYPTSP.dll
0x00007ffffea00000 - 0x00007ffffea3a000 	C:\WINDOWS\system32\rsaenh.dll
0x00007fffff1d0000 - 0x00007fffff1fb000 	C:\WINDOWS\SYSTEM32\USERENV.dll
0x00007ff800260000 - 0x00007ff800286000 	C:\WINDOWS\SYSTEM32\bcrypt.dll
0x00007fffff2d0000 - 0x00007fffff2dc000 	C:\WINDOWS\SYSTEM32\CRYPTBASE.dll
0x00007ffffe400000 - 0x00007ffffe433000 	C:\WINDOWS\SYSTEM32\IPHLPAPI.DLL
0x00007ff8019e0000 - 0x00007ff8019ea000 	C:\WINDOWS\System32\NSI.dll
0x00007ffff8df0000 - 0x00007ffff8e0f000 	C:\WINDOWS\SYSTEM32\dhcpcsvc6.DLL
0x00007ffff8dc0000 - 0x00007ffff8de5000 	C:\WINDOWS\SYSTEM32\dhcpcsvc.DLL
0x00007ffffe4d0000 - 0x00007ffffe5f5000 	C:\WINDOWS\SYSTEM32\DNSAPI.dll

dbghelp: loaded successfully - version: 4.0.5 - missing functions: none
symbol engine: initialized successfully - sym options: 0x614 - pdb path: .;C:\Program Files\Eclipse Adoptium\jdk-11.0.26.4-hotspot\bin;C:\WINDOWS\SYSTEM32;C:\WINDOWS\WinSxS\amd64_microsoft.windows.common-controls_6595b64144ccf1df_6.0.26100.3624_none_3e086962e3345f24;C:\Program Files\Eclipse Adoptium\jdk-11.0.26.4-hotspot\bin\server;C:\Users\DIGI ROUTE\.gradle\native\c067742578af261105cb4f569cf0c3c89f3d7b1fecec35dd04571415982c5e48\windows-amd64;C:\Users\DIGI ROUTE\.gradle\native\100fb08df4bc3b14c8652ba06237920a3bd2aa13389f12d3474272988ae205f9\windows-amd64

VM Arguments:
jvm_args: --add-opens=java.base/java.lang=ALL-UNNAMED --add-opens=java.base/java.lang.invoke=ALL-UNNAMED --add-opens=java.base/java.util=ALL-UNNAMED --add-opens=java.prefs/java.util.prefs=ALL-UNNAMED --add-exports=jdk.compiler/com.sun.tools.javac.api=ALL-UNNAMED --add-exports=jdk.compiler/com.sun.tools.javac.util=ALL-UNNAMED --add-opens=java.base/java.util=ALL-UNNAMED --add-opens=java.prefs/java.util.prefs=ALL-UNNAMED --add-opens=java.base/java.nio.charset=ALL-UNNAMED --add-opens=java.base/java.net=ALL-UNNAMED --add-opens=java.base/java.util.concurrent.atomic=ALL-UNNAMED --add-opens=java.xml/javax.xml.namespace=ALL-UNNAMED -XX:MaxMetaspaceSize=512m -Xmx2048m -Dfile.encoding=UTF-8 -Duser.country=IN -Duser.language=en -Duser.variant -javaagent:C:\Users\DIGI ROUTE\.gradle\wrapper\dists\gradle-8.11.1-bin\bpt9gzteqjrbo1mjrsomdt32c\gradle-8.11.1\lib\agents\gradle-instrumentation-agent-8.11.1.jar 
java_command: org.gradle.launcher.daemon.bootstrap.GradleDaemon 8.11.1
java_class_path (initial): C:\Users\DIGI ROUTE\.gradle\wrapper\dists\gradle-8.11.1-bin\bpt9gzteqjrbo1mjrsomdt32c\gradle-8.11.1\lib\gradle-daemon-main-8.11.1.jar
Launcher Type: SUN_STANDARD

[Global flags]
     intx CICompilerCount                          = 12                                        {product} {ergonomic}
   size_t CompressedClassSpaceSize                 = 528482304                                 {product} {ergonomic}
     uint ConcGCThreads                            = 4                                         {product} {ergonomic}
     uint G1ConcRefinementThreads                  = 15                                        {product} {ergonomic}
   size_t G1HeapRegionSize                         = 1048576                                   {product} {ergonomic}
    uintx GCDrainStackTargetSize                   = 64                                        {product} {ergonomic}
   size_t InitialHeapSize                          = 264241152                                 {product} {ergonomic}
   size_t MarkStackSize                            = 4194304                                   {product} {ergonomic}
   size_t MaxHeapSize                              = 2147483648                                {product} {command line}
   size_t MaxMetaspaceSize                         = 536870912                                 {product} {command line}
   size_t MaxNewSize                               = 1287651328                                {product} {ergonomic}
   size_t MinHeapDeltaBytes                        = 1048576                                   {product} {ergonomic}
    uintx NonNMethodCodeHeapSize                   = 7594288                                {pd product} {ergonomic}
    uintx NonProfiledCodeHeapSize                  = 122031976                              {pd product} {ergonomic}
    uintx ProfiledCodeHeapSize                     = 122031976                              {pd product} {ergonomic}
    uintx ReservedCodeCacheSize                    = 251658240                              {pd product} {ergonomic}
     bool SegmentedCodeCache                       = true                                      {product} {ergonomic}
     bool UseCompressedClassPointers               = true                                 {lp64_product} {ergonomic}
     bool UseCompressedOops                        = true                                 {lp64_product} {ergonomic}
     bool UseG1GC                                  = true                                      {product} {ergonomic}
     bool UseLargePagesIndividualAllocation        = false                                  {pd product} {ergonomic}

Logging:
Log output configuration:
 #0: stdout all=warning uptime,level,tags
 #1: stderr all=off uptime,level,tags

Environment Variables:
PATH=C:\Program Files\Eclipse Adoptium\jdk-17.0.14.7-hotspot\bin;C:\Program Files\Eclipse Adoptium\jdk-11.0.26.4-hotspot\bin;C:\Program Files\Common Files\Oracle\Java\javapath;C:\Program Files (x86)\Common Files\Oracle\Java\java8path;C:\Program Files (x86)\Common Files\Oracle\Java\javapath;C:\Windows\system32;C:\Windows;C:\Windows\System32\Wbem;C:\Windows\System32\WindowsPowerShell\v1.0\;C:\Windows\System32\OpenSSH\;C:\Program Files (x86)\NVIDIA Corporation\PhysX\Common;C:\Program Files\NVIDIA Corporation\NVIDIA NvDLISR;C:\Program Files\Amazon\AWSCLIV2\;C:\Program Files\nodejs\;C:\WINDOWS\system32;C:\WINDOWS;C:\WINDOWS\System32\Wbem;C:\WINDOWS\System32\WindowsPowerShell\v1.0\;C:\WINDOWS\System32\OpenSSH\;C:\ProgramData\chocolatey\bin;C:\Program Files\Git\cmd;C:\Users\DIGI ROUTE\AppData\Local\Microsoft\WindowsApps;C:\Users\DIGI ROUTE\AppData\Local\Programs\Microsoft VS Code\bin;C:\Users\DIGI ROUTE\AppData\Roaming\npm;C:\Users\DIGI ROUTE\AppData\Local\Android\Sdk\platform-tools;
USERNAME=DIGI ROUTE
OS=Windows_NT
PROCESSOR_IDENTIFIER=Intel64 Family 6 Model 154 Stepping 3, GenuineIntel
TMP=C:\Users\DIGIRO~1\AppData\Local\Temp
TEMP=C:\Users\DIGIRO~1\AppData\Local\Temp



---------------  S Y S T E M  ---------------

OS: Windows 11 , 64 bit Build 26100 (10.0.26100.3775)
OS uptime: 2 days 1:53 hours

CPU:total 20 (initial active 20) (10 cores per cpu, 2 threads per core) family 6 model 154 stepping 3 microcode 0x434, cmov, cx8, fxsr, mmx, sse, sse2, sse3, ssse3, sse4.1, sse4.2, popcnt, avx, avx2, aes, clmul, erms, 3dnowpref, lzcnt, ht, tsc, tscinvbit, bmi1, bmi2, adx, sha, fma

Memory: 4k page, system-wide physical 16004M (1245M free)
TotalPageFile size 65156M (AvailPageFile size 6M)
current process WorkingSet (physical memory assigned to process): 412M, peak: 447M
current process commit charge ("private bytes"): 523M, peak: 559M

vm_info: OpenJDK 64-Bit Server VM (11.0.26+4) for windows-amd64 JRE (11.0.26+4), built on Jan 22 2025 03:32:54 by "" with MS VC++ 17.7 (VS2022)

END.
