#
# There is insufficient memory for the Java Runtime Environment to continue.
# Native memory allocation (malloc) failed to allocate 1059616 bytes. Error detail: Chunk::new
# Possible reasons:
#   The system is out of physical RAM or swap space
#   This process is running with CompressedOops enabled, and the Java Heap may be blocking the growth of the native heap
# Possible solutions:
#   Reduce memory load on the system
#   Increase physical memory or swap space
#   Check if swap backing store is full
#   Decrease Java heap size (-Xmx/-Xms)
#   Decrease number of Java threads
#   Decrease Java thread stack sizes (-Xss)
#   Set larger code cache with -XX:ReservedCodeCacheSize=
#   JVM is running with Unscaled Compressed Oops mode in which the Java heap is
#     placed in the first 4GB address space. The Java Heap base address is the
#     maximum limit for the native heap growth. Please use -XX:HeapBaseMinAddress
#     to set the Java Heap base and to place the Java Heap above 4GB virtual address.
# This output file may be truncated or incomplete.
#
#  Out of Memory Error (arena.cpp:168), pid=30376, tid=29708
#
# JRE version: OpenJDK Runtime Environment Temurin-21.0.6+7 (21.0.6+7) (build 21.0.6+7-LTS)
# Java VM: OpenJDK 64-Bit Server VM Temurin-21.0.6+7 (21.0.6+7-LTS, mixed mode, sharing, tiered, compressed oops, compressed class ptrs, parallel gc, windows-amd64)
# No core dump will be written. Minidumps are not enabled by default on client versions of Windows
#

---------------  S U M M A R Y ------------

Command Line: --add-modules=ALL-SYSTEM --add-opens=java.base/java.util=ALL-UNNAMED --add-opens=java.base/java.lang=ALL-UNNAMED --add-opens=java.base/sun.nio.fs=ALL-UNNAMED -Declipse.application=org.eclipse.jdt.ls.core.id1 -Dosgi.bundles.defaultStartLevel=4 -Declipse.product=org.eclipse.jdt.ls.core.product -Djava.import.generatesMetadataFilesAtProjectRoot=false -DDetectVMInstallationsJob.disabled=true -Dfile.encoding=utf8 -XX:+UseParallelGC -XX:GCTimeRatio=4 -XX:AdaptiveSizePolicyWeight=90 -Dsun.zip.disableMemoryMapping=true -Xmx1G -Xms100m -Xlog:disable -javaagent:c:\Users\DIGI ROUTE\.vscode\extensions\redhat.java-1.41.1-win32-x64\lombok\lombok-1.18.36.jar -XX:+HeapDumpOnOutOfMemoryError -XX:HeapDumpPath=c:\Users\DIGI ROUTE\AppData\Roaming\Code\User\workspaceStorage\62ba2304e335b5d45dd158eafd42745f\redhat.java -Daether.dependencyCollector.impl=bf c:\Users\DIGI ROUTE\.vscode\extensions\redhat.java-1.41.1-win32-x64\server\plugins\org.eclipse.equinox.launcher_1.7.0.v20250331-1702.jar -configuration c:\Users\DIGI ROUTE\AppData\Roaming\Code\User\globalStorage\redhat.java\1.41.1\config_win -data c:\Users\DIGI ROUTE\AppData\Roaming\Code\User\workspaceStorage\62ba2304e335b5d45dd158eafd42745f\redhat.java\jdt_ws --pipe=\\.\pipe\lsp-8e68d499a45bc7ee3b70a66046678e11-sock

Host: 12th Gen Intel(R) Core(TM) i7-12700H, 20 cores, 15G,  Windows 11 , 64 bit Build 26100 (10.0.26100.3775)
Time: Sun Apr 27 10:48:42 2025 India Standard Time elapsed time: 4.233861 seconds (0d 0h 0m 4s)

---------------  T H R E A D  ---------------

Current thread (0x0000024e936b5040):  JavaThread "C2 CompilerThread4" daemon [_thread_in_native, id=29708, stack(0x000000d0dea00000,0x000000d0deb00000) (1024K)]


Current CompileTask:
C2:4233 5639   !   4       org.eclipse.osgi.internal.loader.BundleLoader::findClass0 (491 bytes)

Stack: [0x000000d0dea00000,0x000000d0deb00000]
Native frames: (J=compiled Java code, j=interpreted, Vv=VM code, C=native code)
V  [jvm.dll+0x6cdee9]
V  [jvm.dll+0x8a83d1]
V  [jvm.dll+0x8aa8fe]
V  [jvm.dll+0x8aafe3]
V  [jvm.dll+0x27f706]
V  [jvm.dll+0xc500d]
V  [jvm.dll+0xc5543]
V  [jvm.dll+0x2f2acd]
V  [jvm.dll+0x5f6a2a]
V  [jvm.dll+0x250bb2]
V  [jvm.dll+0x250f6f]
V  [jvm.dll+0x249834]
V  [jvm.dll+0x246ec4]
V  [jvm.dll+0x1c75ee]
V  [jvm.dll+0x25685a]
V  [jvm.dll+0x254dfa]
V  [jvm.dll+0x3f0256]
V  [jvm.dll+0x851f8b]
V  [jvm.dll+0x6cc5ed]
C  [ucrtbase.dll+0x37b0]
C  [KERNEL32.DLL+0x2e8d7]
C  [ntdll.dll+0xb14fc]


---------------  P R O C E S S  ---------------

Threads class SMR info:
_java_thread_list=0x0000024e9de3ef90, length=61, elements={
0x0000024e3a788360, 0x0000024e921fdb20, 0x0000024e921fe930, 0x0000024e3cd8ba40,
0x0000024e3cd8e660, 0x0000024e3cd8f700, 0x0000024e3cd926e0, 0x0000024e3cd9a610,
0x0000024e3cd9d5d0, 0x0000024e936b5de0, 0x0000024e9372efb0, 0x0000024e936b3bd0,
0x0000024e936b42a0, 0x0000024e936b64b0, 0x0000024e9550e600, 0x0000024e936b2e30,
0x0000024e9a2197e0, 0x0000024e95ae2270, 0x0000024e9a4c5980, 0x0000024e9a4c6bc0,
0x0000024e9ac90010, 0x0000024e9aa95890, 0x0000024e9aafc050, 0x0000024e9a9d93f0,
0x0000024e936b3500, 0x0000024e936b5040, 0x0000024e9a9d9a80, 0x0000024e9a9d8040,
0x0000024e9a9d79b0, 0x0000024e9a9d6c90, 0x0000024e9a9da110, 0x0000024e9a9d7320,
0x0000024e9a9d86d0, 0x0000024e9a9d8d60, 0x0000024e9def37d0, 0x0000024e9def3e60,
0x0000024e9def65c0, 0x0000024e9def44f0, 0x0000024e9def58a0, 0x0000024e9def4b80,
0x0000024e9def3140, 0x0000024e9def6c50, 0x0000024e9def8690, 0x0000024e9def5210,
0x0000024e9def72e0, 0x0000024e9def5f30, 0x0000024e9def7970, 0x0000024e9def8d20,
0x0000024e9def9a40, 0x0000024e9def93b0, 0x0000024e9defa0d0, 0x0000024e9defa760,
0x0000024e9def8000, 0x0000024e9cce12d0, 0x0000024e9cce2d10, 0x0000024e9cce05b0,
0x0000024e9cce2680, 0x0000024e9cce33a0, 0x0000024e9cce40c0, 0x0000024e9cce4750,
0x0000024e9cce1960
}

Java Threads: ( => current thread )
  0x0000024e3a788360 JavaThread "main"                              [_thread_blocked, id=29196, stack(0x000000d0dc200000,0x000000d0dc300000) (1024K)]
  0x0000024e921fdb20 JavaThread "Reference Handler"          daemon [_thread_blocked, id=3484, stack(0x000000d0dc600000,0x000000d0dc700000) (1024K)]
  0x0000024e921fe930 JavaThread "Finalizer"                  daemon [_thread_blocked, id=9268, stack(0x000000d0dc700000,0x000000d0dc800000) (1024K)]
  0x0000024e3cd8ba40 JavaThread "Signal Dispatcher"          daemon [_thread_blocked, id=6180, stack(0x000000d0dc800000,0x000000d0dc900000) (1024K)]
  0x0000024e3cd8e660 JavaThread "Attach Listener"            daemon [_thread_blocked, id=23384, stack(0x000000d0dc900000,0x000000d0dca00000) (1024K)]
  0x0000024e3cd8f700 JavaThread "Service Thread"             daemon [_thread_blocked, id=15552, stack(0x000000d0dca00000,0x000000d0dcb00000) (1024K)]
  0x0000024e3cd926e0 JavaThread "Monitor Deflation Thread"   daemon [_thread_blocked, id=22952, stack(0x000000d0dcb00000,0x000000d0dcc00000) (1024K)]
  0x0000024e3cd9a610 JavaThread "C2 CompilerThread0"         daemon [_thread_blocked, id=18844, stack(0x000000d0dcc00000,0x000000d0dcd00000) (1024K)]
  0x0000024e3cd9d5d0 JavaThread "C1 CompilerThread0"         daemon [_thread_blocked, id=8916, stack(0x000000d0dcd00000,0x000000d0dce00000) (1024K)]
  0x0000024e936b5de0 JavaThread "C1 CompilerThread1"         daemon [_thread_blocked, id=18532, stack(0x000000d0dce00000,0x000000d0dcf00000) (1024K)]
  0x0000024e9372efb0 JavaThread "Common-Cleaner"             daemon [_thread_blocked, id=19464, stack(0x000000d0dcf00000,0x000000d0dd000000) (1024K)]
  0x0000024e936b3bd0 JavaThread "C2 CompilerThread1"         daemon [_thread_blocked, id=27712, stack(0x000000d0dd000000,0x000000d0dd100000) (1024K)]
  0x0000024e936b42a0 JavaThread "C1 CompilerThread2"         daemon [_thread_blocked, id=21372, stack(0x000000d0dd100000,0x000000d0dd200000) (1024K)]
  0x0000024e936b64b0 JavaThread "C1 CompilerThread3"         daemon [_thread_blocked, id=23736, stack(0x000000d0dd200000,0x000000d0dd300000) (1024K)]
  0x0000024e9550e600 JavaThread "Notification Thread"        daemon [_thread_blocked, id=27368, stack(0x000000d0dd300000,0x000000d0dd400000) (1024K)]
  0x0000024e936b2e30 JavaThread "C2 CompilerThread2"         daemon [_thread_in_native, id=23636, stack(0x000000d0dd400000,0x000000d0dd500000) (1024K)]
  0x0000024e9a2197e0 JavaThread "Active Thread: Equinox Container: 2752102a-5b5c-4de1-880a-269f2821f3f4"        [_thread_blocked, id=21940, stack(0x000000d0ddc00000,0x000000d0ddd00000) (1024K)]
  0x0000024e95ae2270 JavaThread "Refresh Thread: Equinox Container: 2752102a-5b5c-4de1-880a-269f2821f3f4" daemon [_thread_blocked, id=14112, stack(0x000000d0dde00000,0x000000d0ddf00000) (1024K)]
  0x0000024e9a4c5980 JavaThread "Framework Event Dispatcher: Equinox Container: 2752102a-5b5c-4de1-880a-269f2821f3f4" daemon [_thread_blocked, id=26512, stack(0x000000d0ddf00000,0x000000d0de000000) (1024K)]
  0x0000024e9a4c6bc0 JavaThread "Start Level: Equinox Container: 2752102a-5b5c-4de1-880a-269f2821f3f4" daemon [_thread_blocked, id=20048, stack(0x000000d0de000000,0x000000d0de100000) (1024K)]
  0x0000024e9ac90010 JavaThread "Bundle File Closer"         daemon [_thread_blocked, id=27340, stack(0x000000d0de100000,0x000000d0de200000) (1024K)]
  0x0000024e9aa95890 JavaThread "SCR Component Actor"        daemon [_thread_blocked, id=24956, stack(0x000000d0de500000,0x000000d0de600000) (1024K)]
  0x0000024e9aafc050 JavaThread "SCR Component Registry"     daemon [_thread_blocked, id=31468, stack(0x000000d0de600000,0x000000d0de700000) (1024K)]
  0x0000024e9a9d93f0 JavaThread "Worker-JM"                         [_thread_blocked, id=23652, stack(0x000000d0de900000,0x000000d0dea00000) (1024K)]
  0x0000024e936b3500 JavaThread "C2 CompilerThread3"         daemon [_thread_in_native, id=26424, stack(0x000000d0dd500000,0x000000d0dd600000) (1024K)]
=>0x0000024e936b5040 JavaThread "C2 CompilerThread4"         daemon [_thread_in_native, id=29708, stack(0x000000d0dea00000,0x000000d0deb00000) (1024K)]
  0x0000024e9a9d9a80 JavaThread "JNA Cleaner"                daemon [_thread_blocked, id=24964, stack(0x000000d0dec00000,0x000000d0ded00000) (1024K)]
  0x0000024e9a9d8040 JavaThread "Worker-0: Updating Maven Dependencies"        [_thread_in_native, id=5204, stack(0x000000d0ded00000,0x000000d0dee00000) (1024K)]
  0x0000024e9a9d79b0 JavaThread "Worker-1: Initialize After Load"        [_thread_blocked, id=28952, stack(0x000000d0dee00000,0x000000d0def00000) (1024K)]
  0x0000024e9a9d6c90 JavaThread "Java indexing"              daemon [_thread_blocked, id=28384, stack(0x000000d0df000000,0x000000d0df100000) (1024K)]
  0x0000024e9a9da110 JavaThread "Worker-2: Repository registry initialization"        [_thread_blocked, id=23420, stack(0x000000d0df300000,0x000000d0df400000) (1024K)]
  0x0000024e9a9d7320 JavaThread "Worker-3: Synchronize Gradle projects with workspace"        [_thread_blocked, id=25252, stack(0x000000d0df400000,0x000000d0df500000) (1024K)]
  0x0000024e9a9d86d0 JavaThread "Thread-2"                   daemon [_thread_in_native, id=25160, stack(0x000000d0df500000,0x000000d0df600000) (1024K)]
  0x0000024e9a9d8d60 JavaThread "Thread-3"                   daemon [_thread_in_native, id=23900, stack(0x000000d0df600000,0x000000d0df700000) (1024K)]
  0x0000024e9def37d0 JavaThread "Thread-4"                   daemon [_thread_in_native, id=8436, stack(0x000000d0df700000,0x000000d0df800000) (1024K)]
  0x0000024e9def3e60 JavaThread "Thread-5"                   daemon [_thread_in_native, id=26500, stack(0x000000d0df800000,0x000000d0df900000) (1024K)]
  0x0000024e9def65c0 JavaThread "Thread-6"                   daemon [_thread_in_native, id=29752, stack(0x000000d0df900000,0x000000d0dfa00000) (1024K)]
  0x0000024e9def44f0 JavaThread "Thread-7"                   daemon [_thread_in_native, id=30744, stack(0x000000d0dfa00000,0x000000d0dfb00000) (1024K)]
  0x0000024e9def58a0 JavaThread "Thread-8"                   daemon [_thread_in_native, id=13468, stack(0x000000d0dfb00000,0x000000d0dfc00000) (1024K)]
  0x0000024e9def4b80 JavaThread "Thread-9"                   daemon [_thread_in_native, id=22012, stack(0x000000d0dfc00000,0x000000d0dfd00000) (1024K)]
  0x0000024e9def3140 JavaThread "Thread-10"                  daemon [_thread_in_native, id=23120, stack(0x000000d0dfd00000,0x000000d0dfe00000) (1024K)]
  0x0000024e9def6c50 JavaThread "Thread-11"                  daemon [_thread_in_native, id=29108, stack(0x000000d0dfe00000,0x000000d0dff00000) (1024K)]
  0x0000024e9def8690 JavaThread "Thread-12"                  daemon [_thread_in_native, id=29444, stack(0x000000d0dff00000,0x000000d0e0000000) (1024K)]
  0x0000024e9def5210 JavaThread "Thread-13"                  daemon [_thread_in_native, id=4120, stack(0x000000d0e0000000,0x000000d0e0100000) (1024K)]
  0x0000024e9def72e0 JavaThread "Thread-14"                  daemon [_thread_in_native, id=20024, stack(0x000000d0e0100000,0x000000d0e0200000) (1024K)]
  0x0000024e9def5f30 JavaThread "Thread-15"                  daemon [_thread_in_native, id=22068, stack(0x000000d0e0200000,0x000000d0e0300000) (1024K)]
  0x0000024e9def7970 JavaThread "Thread-16"                  daemon [_thread_in_native, id=12936, stack(0x000000d0e0300000,0x000000d0e0400000) (1024K)]
  0x0000024e9def8d20 JavaThread "Thread-17"                  daemon [_thread_in_native, id=19744, stack(0x000000d0e0400000,0x000000d0e0500000) (1024K)]
  0x0000024e9def9a40 JavaThread "Thread-18"                  daemon [_thread_in_native, id=17520, stack(0x000000d0e0500000,0x000000d0e0600000) (1024K)]
  0x0000024e9def93b0 JavaThread "Thread-19"                  daemon [_thread_in_native, id=27736, stack(0x000000d0e0600000,0x000000d0e0700000) (1024K)]
  0x0000024e9defa0d0 JavaThread "Thread-20"                  daemon [_thread_in_native, id=18848, stack(0x000000d0e0700000,0x000000d0e0800000) (1024K)]
  0x0000024e9defa760 JavaThread "Thread-21"                  daemon [_thread_in_native, id=29772, stack(0x000000d0e0800000,0x000000d0e0900000) (1024K)]
  0x0000024e9def8000 JavaThread "Thread-22"                  daemon [_thread_in_native, id=23904, stack(0x000000d0e0900000,0x000000d0e0a00000) (1024K)]
  0x0000024e9cce12d0 JavaThread "pool-2-thread-1"                   [_thread_blocked, id=18144, stack(0x000000d0e0a00000,0x000000d0e0b00000) (1024K)]
  0x0000024e9cce2d10 JavaThread "Timer-0"                           [_thread_blocked, id=10236, stack(0x000000d0e0b00000,0x000000d0e0c00000) (1024K)]
  0x0000024e9cce05b0 JavaThread "Timer-1"                           [_thread_blocked, id=21760, stack(0x000000d0e0c00000,0x000000d0e0d00000) (1024K)]
  0x0000024e9cce2680 JavaThread "Connection worker"                 [_thread_in_Java, id=10808, stack(0x000000d0e0d00000,0x000000d0e0e00000) (1024K)]
  0x0000024e9cce33a0 JavaThread "WorkspaceEventsHandler"            [_thread_blocked, id=27628, stack(0x000000d0e0e00000,0x000000d0e0f00000) (1024K)]
  0x0000024e9cce40c0 JavaThread "pool-1-thread-1"                   [_thread_blocked, id=25588, stack(0x000000d0e0f00000,0x000000d0e1000000) (1024K)]
  0x0000024e9cce4750 JavaThread "Worker-4"                          [_thread_blocked, id=30060, stack(0x000000d0e1200000,0x000000d0e1300000) (1024K)]
  0x0000024e9cce1960 JavaThread "Worker-5"                          [_thread_blocked, id=7140, stack(0x000000d0e1300000,0x000000d0e1400000) (1024K)]
Total: 61

Other Threads:
  0x0000024e935e68e0 VMThread "VM Thread"                           [id=19940, stack(0x000000d0dc500000,0x000000d0dc600000) (1024K)]
  0x0000024e920dca00 WatcherThread "VM Periodic Task Thread"        [id=29628, stack(0x000000d0dc400000,0x000000d0dc500000) (1024K)]
  0x0000024e3ccfb140 WorkerThread "GC Thread#0"                     [id=27760, stack(0x000000d0dc300000,0x000000d0dc400000) (1024K)]
  0x0000024e9a27c680 WorkerThread "GC Thread#1"                     [id=23836, stack(0x000000d0dd600000,0x000000d0dd700000) (1024K)]
  0x0000024e9a380390 WorkerThread "GC Thread#2"                     [id=18316, stack(0x000000d0dd700000,0x000000d0dd800000) (1024K)]
  0x0000024e9a380730 WorkerThread "GC Thread#3"                     [id=22004, stack(0x000000d0dd800000,0x000000d0dd900000) (1024K)]
  0x0000024e9a380ad0 WorkerThread "GC Thread#4"                     [id=17084, stack(0x000000d0dd900000,0x000000d0dda00000) (1024K)]
  0x0000024e958d8280 WorkerThread "GC Thread#5"                     [id=10076, stack(0x000000d0dda00000,0x000000d0ddb00000) (1024K)]
  0x0000024e958d8620 WorkerThread "GC Thread#6"                     [id=28904, stack(0x000000d0ddb00000,0x000000d0ddc00000) (1024K)]
  0x0000024e9a4ea0e0 WorkerThread "GC Thread#7"                     [id=18996, stack(0x000000d0ddd00000,0x000000d0dde00000) (1024K)]
  0x0000024e9a2111b0 WorkerThread "GC Thread#8"                     [id=24644, stack(0x000000d0de200000,0x000000d0de300000) (1024K)]
  0x0000024e9aa977a0 WorkerThread "GC Thread#9"                     [id=27732, stack(0x000000d0de300000,0x000000d0de400000) (1024K)]
  0x0000024e9aa97400 WorkerThread "GC Thread#10"                    [id=30040, stack(0x000000d0de400000,0x000000d0de500000) (1024K)]
  0x0000024e9aa97b40 WorkerThread "GC Thread#11"                    [id=17064, stack(0x000000d0de700000,0x000000d0de800000) (1024K)]
  0x0000024e9aa96cc0 WorkerThread "GC Thread#12"                    [id=30420, stack(0x000000d0de800000,0x000000d0de900000) (1024K)]
  0x0000024e9aa97060 WorkerThread "GC Thread#13"                    [id=12536, stack(0x000000d0deb00000,0x000000d0dec00000) (1024K)]
  0x0000024e9aacdd40 WorkerThread "GC Thread#14"                    [id=30284, stack(0x000000d0def00000,0x000000d0df000000) (1024K)]
Total: 17

Threads with active compile tasks:
C2 CompilerThread1  4248 5761       4       jdk.internal.org.objectweb.asm.SymbolTable::addType (81 bytes)
C2 CompilerThread3  4248 5124   !   4       org.eclipse.osgi.internal.loader.classpath.ClasspathManager::defineClass (636 bytes)
C2 CompilerThread4  4249 5639   !   4       org.eclipse.osgi.internal.loader.BundleLoader::findClass0 (491 bytes)
Total: 3

VM state: not at safepoint (normal execution)

VM Mutex/Monitor currently owned by a thread: None

Heap address: 0x00000000c0000000, size: 1024 MB, Compressed Oops mode: 32-bit

CDS archive(s) mapped at: [0x0000024e51000000-0x0000024e51ba0000-0x0000024e51ba0000), size 12189696, SharedBaseAddress: 0x0000024e51000000, ArchiveRelocationMode: 1.
Compressed class space mapped at: 0x0000024e52000000-0x0000024e92000000, reserved size: 1073741824
Narrow klass base: 0x0000024e51000000, Narrow klass shift: 0, Narrow klass range: 0x100000000

GC Precious Log:
 CardTable entry size: 512
 CPUs: 20 total, 20 available
 Memory: 16004M
 Large Page Support: Disabled
 NUMA Support: Disabled
 Compressed Oops: Enabled (32-bit)
 Alignments: Space 512K, Generation 512K, Heap 2M
 Heap Min Capacity: 100M
 Heap Initial Capacity: 100M
 Heap Max Capacity: 1G
 Pre-touch: Disabled
 Parallel Workers: 15

Heap:
 PSYoungGen      total 26624K, used 20766K [0x00000000eab00000, 0x00000000ecf00000, 0x0000000100000000)
  eden space 21504K, 72% used [0x00000000eab00000,0x00000000eba4e470,0x00000000ec000000)
  from space 5120K, 99% used [0x00000000ec000000,0x00000000ec4f9410,0x00000000ec500000)
  to   space 7680K, 0% used [0x00000000ec780000,0x00000000ec780000,0x00000000ecf00000)
 ParOldGen       total 68608K, used 25221K [0x00000000c0000000, 0x00000000c4300000, 0x00000000eab00000)
  object space 68608K, 36% used [0x00000000c0000000,0x00000000c18a1510,0x00000000c4300000)
 Metaspace       used 41449K, committed 42496K, reserved 1114112K
  class space    used 4429K, committed 4864K, reserved 1048576K

Card table byte_map: [0x0000024e3c680000,0x0000024e3c890000] _byte_map_base: 0x0000024e3c080000

Marking Bits: (ParMarkBitMap*) 0x00007fff48773260
 Begin Bits: [0x0000024e4eed0000, 0x0000024e4fed0000)
 End Bits:   [0x0000024e4fed0000, 0x0000024e50ed0000)

Polling page: 0x0000024e3aa30000

Metaspace:

Usage:
  Non-class:     36.15 MB used.
      Class:      4.33 MB used.
       Both:     40.48 MB used.

Virtual space:
  Non-class space:       64.00 MB reserved,      36.75 MB ( 57%) committed,  1 nodes.
      Class space:        1.00 GB reserved,       4.75 MB ( <1%) committed,  1 nodes.
             Both:        1.06 GB reserved,      41.50 MB (  4%) committed. 

Chunk freelists:
   Non-Class:  11.14 MB
       Class:  11.25 MB
        Both:  22.39 MB

MaxMetaspaceSize: unlimited
CompressedClassSpaceSize: 1.00 GB
Initial GC threshold: 21.00 MB
Current GC threshold: 58.38 MB
CDS: on
 - commit_granule_bytes: 65536.
 - commit_granule_words: 8192.
 - virtual_space_node_default_size: 8388608.
 - enlarge_chunks_in_place: 1.
 - use_allocation_guard: 0.


Internal statistics:

num_allocs_failed_limit: 6.
num_arena_births: 756.
num_arena_deaths: 14.
num_vsnodes_births: 2.
num_vsnodes_deaths: 0.
num_space_committed: 664.
num_space_uncommitted: 0.
num_chunks_returned_to_freelist: 20.
num_chunks_taken_from_freelist: 2600.
num_chunk_merges: 12.
num_chunk_splits: 1590.
num_chunks_enlarged: 913.
num_inconsistent_stats: 0.

CodeHeap 'non-profiled nmethods': size=119168Kb used=2976Kb max_used=2976Kb free=116191Kb
 bounds [0x0000024e47a70000, 0x0000024e47d60000, 0x0000024e4eed0000]
CodeHeap 'profiled nmethods': size=119104Kb used=10887Kb max_used=10909Kb free=108217Kb
 bounds [0x0000024e3fed0000, 0x0000024e40980000, 0x0000024e47320000]
CodeHeap 'non-nmethods': size=7488Kb used=3113Kb max_used=3127Kb free=4374Kb
 bounds [0x0000024e47320000, 0x0000024e47640000, 0x0000024e47a70000]
 total_blobs=5796 nmethods=5129 adapters=568
 compilation: enabled
              stopped_count=0, restarted_count=0
 full_count=0

Compilation events (20 events):
Event: 3.207 Thread 0x0000024e3cd9d5d0 5730       3       com.google.inject.internal.DeclaredMembers$$Lambda/0x0000024e5241c658::apply (8 bytes)
Event: 3.207 Thread 0x0000024e936b5de0 nmethod 5728 0x0000024e3fff2010 code [0x0000024e3fff2220, 0x0000024e3fff25d0]
Event: 3.207 Thread 0x0000024e3cd9d5d0 nmethod 5730 0x0000024e3fff1a10 code [0x0000024e3fff1be0, 0x0000024e3fff1ec8]
Event: 3.207 Thread 0x0000024e936b64b0 nmethod 5729 0x0000024e3fff1590 code [0x0000024e3fff1740, 0x0000024e3fff1960]
Event: 3.207 Thread 0x0000024e3cd9a610 nmethod 5725 0x0000024e47c01210 code [0x0000024e47c013a0, 0x0000024e47c01468]
Event: 3.208 Thread 0x0000024e3cd9a610 5731   !   4       java.util.zip.Inflater::reset (64 bytes)
Event: 3.209 Thread 0x0000024e9cf3f3c0 nmethod 5719 0x0000024e47d3e810 code [0x0000024e47d3ea60, 0x0000024e47d3f400]
Event: 3.209 Thread 0x0000024e3cd9d5d0 5732       3       sun.nio.fs.WindowsPath::elementAsString (62 bytes)
Event: 3.209 Thread 0x0000024e3cd9a610 nmethod 5731 0x0000024e47d3fb90 code [0x0000024e47d3fd40, 0x0000024e47d400c8]
Event: 3.209 Thread 0x0000024e9cf3f3c0 5733       4       java.util.ArrayList$SubList::iterator (5 bytes)
Event: 3.209 Thread 0x0000024e936b42a0 nmethod 5726 0x0000024e40006390 code [0x0000024e400069a0, 0x0000024e40009d78]
Event: 3.209 Thread 0x0000024e3cd9d5d0 nmethod 5732 0x0000024e3fff0b90 code [0x0000024e3fff0da0, 0x0000024e3fff1238]
Event: 3.210 Thread 0x0000024e936b5de0 5734       3       java.lang.Class::getDeclaredFields (27 bytes)
Event: 3.210 Thread 0x0000024e936b5de0 nmethod 5734 0x0000024e3fff0610 code [0x0000024e3fff07e0, 0x0000024e3fff0a48]
Event: 3.210 Thread 0x0000024e9cf3f3c0 nmethod 5733 0x0000024e47d40290 code [0x0000024e47d40420, 0x0000024e47d405a0]
Event: 3.238 Thread 0x0000024e936b5de0 5735       3       org.eclipse.core.internal.jobs.JobManager::select (60 bytes)
Event: 3.401 Thread 0x0000024e936b64b0 5736       3       java.util.concurrent.ConcurrentLinkedQueue::updateHead (26 bytes)
Event: 3.433 Thread 0x0000024e3cd9d5d0 5737       3       org.eclipse.core.internal.jobs.JobQueue::peek (26 bytes)
Event: 3.475 Thread 0x0000024e936b42a0 5738   !   3       java.util.regex.Pattern::<init> (144 bytes)
Event: 3.561 Thread 0x0000024e3cd9a610 5739       4       java.util.regex.Pattern::atom (422 bytes)

GC Heap History (20 events):
Event: 2.234 GC heap before
{Heap before GC invocations=10 (full 1):
 PSYoungGen      total 29184K, used 24025K [0x00000000eab00000, 0x00000000ece80000, 0x0000000100000000)
  eden space 24064K, 99% used [0x00000000eab00000,0x00000000ec276478,0x00000000ec280000)
  from space 5120K, 0% used [0x00000000ec980000,0x00000000ec980000,0x00000000ece80000)
  to   space 5632K, 0% used [0x00000000ec380000,0x00000000ec380000,0x00000000ec900000)
 ParOldGen       total 68608K, used 15129K [0x00000000c0000000, 0x00000000c4300000, 0x00000000eab00000)
  object space 68608K, 22% used [0x00000000c0000000,0x00000000c0ec64b8,0x00000000c4300000)
 Metaspace       used 23333K, committed 24192K, reserved 1114112K
  class space    used 2228K, committed 2624K, reserved 1048576K
}
Event: 2.235 GC heap after
{Heap after GC invocations=10 (full 1):
 PSYoungGen      total 24064K, used 510K [0x00000000eab00000, 0x00000000eca00000, 0x0000000100000000)
  eden space 23552K, 0% used [0x00000000eab00000,0x00000000eab00000,0x00000000ec200000)
  from space 512K, 99% used [0x00000000ec380000,0x00000000ec3ffba8,0x00000000ec400000)
  to   space 2560K, 0% used [0x00000000ec780000,0x00000000ec780000,0x00000000eca00000)
 ParOldGen       total 68608K, used 15137K [0x00000000c0000000, 0x00000000c4300000, 0x00000000eab00000)
  object space 68608K, 22% used [0x00000000c0000000,0x00000000c0ec84b8,0x00000000c4300000)
 Metaspace       used 23333K, committed 24192K, reserved 1114112K
  class space    used 2228K, committed 2624K, reserved 1048576K
}
Event: 2.367 GC heap before
{Heap before GC invocations=11 (full 1):
 PSYoungGen      total 24064K, used 24062K [0x00000000eab00000, 0x00000000eca00000, 0x0000000100000000)
  eden space 23552K, 100% used [0x00000000eab00000,0x00000000ec200000,0x00000000ec200000)
  from space 512K, 99% used [0x00000000ec380000,0x00000000ec3ffba8,0x00000000ec400000)
  to   space 2560K, 0% used [0x00000000ec780000,0x00000000ec780000,0x00000000eca00000)
 ParOldGen       total 68608K, used 15137K [0x00000000c0000000, 0x00000000c4300000, 0x00000000eab00000)
  object space 68608K, 22% used [0x00000000c0000000,0x00000000c0ec84b8,0x00000000c4300000)
 Metaspace       used 26388K, committed 27200K, reserved 1114112K
  class space    used 2466K, committed 2816K, reserved 1048576K
}
Event: 2.368 GC heap after
{Heap after GC invocations=11 (full 1):
 PSYoungGen      total 25600K, used 2350K [0x00000000eab00000, 0x00000000eca00000, 0x0000000100000000)
  eden space 23040K, 0% used [0x00000000eab00000,0x00000000eab00000,0x00000000ec180000)
  from space 2560K, 91% used [0x00000000ec780000,0x00000000ec9cb858,0x00000000eca00000)
  to   space 3072K, 0% used [0x00000000ec400000,0x00000000ec400000,0x00000000ec700000)
 ParOldGen       total 68608K, used 15145K [0x00000000c0000000, 0x00000000c4300000, 0x00000000eab00000)
  object space 68608K, 22% used [0x00000000c0000000,0x00000000c0eca4b8,0x00000000c4300000)
 Metaspace       used 26388K, committed 27200K, reserved 1114112K
  class space    used 2466K, committed 2816K, reserved 1048576K
}
Event: 2.506 GC heap before
{Heap before GC invocations=12 (full 1):
 PSYoungGen      total 25600K, used 25390K [0x00000000eab00000, 0x00000000eca00000, 0x0000000100000000)
  eden space 23040K, 100% used [0x00000000eab00000,0x00000000ec180000,0x00000000ec180000)
  from space 2560K, 91% used [0x00000000ec780000,0x00000000ec9cb858,0x00000000eca00000)
  to   space 3072K, 0% used [0x00000000ec400000,0x00000000ec400000,0x00000000ec700000)
 ParOldGen       total 68608K, used 15145K [0x00000000c0000000, 0x00000000c4300000, 0x00000000eab00000)
  object space 68608K, 22% used [0x00000000c0000000,0x00000000c0eca4b8,0x00000000c4300000)
 Metaspace       used 28299K, committed 29120K, reserved 1114112K
  class space    used 2626K, committed 3008K, reserved 1048576K
}
Event: 2.507 GC heap after
{Heap after GC invocations=12 (full 1):
 PSYoungGen      total 24064K, used 1113K [0x00000000eab00000, 0x00000000ec800000, 0x0000000100000000)
  eden space 22528K, 0% used [0x00000000eab00000,0x00000000eab00000,0x00000000ec100000)
  from space 1536K, 72% used [0x00000000ec400000,0x00000000ec516480,0x00000000ec580000)
  to   space 2048K, 0% used [0x00000000ec600000,0x00000000ec600000,0x00000000ec800000)
 ParOldGen       total 68608K, used 17280K [0x00000000c0000000, 0x00000000c4300000, 0x00000000eab00000)
  object space 68608K, 25% used [0x00000000c0000000,0x00000000c10e0250,0x00000000c4300000)
 Metaspace       used 28299K, committed 29120K, reserved 1114112K
  class space    used 2626K, committed 3008K, reserved 1048576K
}
Event: 2.629 GC heap before
{Heap before GC invocations=13 (full 1):
 PSYoungGen      total 24064K, used 23641K [0x00000000eab00000, 0x00000000ec800000, 0x0000000100000000)
  eden space 22528K, 100% used [0x00000000eab00000,0x00000000ec100000,0x00000000ec100000)
  from space 1536K, 72% used [0x00000000ec400000,0x00000000ec516480,0x00000000ec580000)
  to   space 2048K, 0% used [0x00000000ec600000,0x00000000ec600000,0x00000000ec800000)
 ParOldGen       total 68608K, used 17280K [0x00000000c0000000, 0x00000000c4300000, 0x00000000eab00000)
  object space 68608K, 25% used [0x00000000c0000000,0x00000000c10e0250,0x00000000c4300000)
 Metaspace       used 31192K, committed 32128K, reserved 1114112K
  class space    used 2961K, committed 3392K, reserved 1048576K
}
Event: 2.630 GC heap after
{Heap after GC invocations=13 (full 1):
 PSYoungGen      total 24064K, used 1640K [0x00000000eab00000, 0x00000000ec800000, 0x0000000100000000)
  eden space 22016K, 0% used [0x00000000eab00000,0x00000000eab00000,0x00000000ec080000)
  from space 2048K, 80% used [0x00000000ec600000,0x00000000ec79a238,0x00000000ec800000)
  to   space 2048K, 0% used [0x00000000ec400000,0x00000000ec400000,0x00000000ec600000)
 ParOldGen       total 68608K, used 18286K [0x00000000c0000000, 0x00000000c4300000, 0x00000000eab00000)
  object space 68608K, 26% used [0x00000000c0000000,0x00000000c11db990,0x00000000c4300000)
 Metaspace       used 31192K, committed 32128K, reserved 1114112K
  class space    used 2961K, committed 3392K, reserved 1048576K
}
Event: 2.745 GC heap before
{Heap before GC invocations=14 (full 1):
 PSYoungGen      total 24064K, used 23656K [0x00000000eab00000, 0x00000000ec800000, 0x0000000100000000)
  eden space 22016K, 99% used [0x00000000eab00000,0x00000000ec07ffd8,0x00000000ec080000)
  from space 2048K, 80% used [0x00000000ec600000,0x00000000ec79a238,0x00000000ec800000)
  to   space 2048K, 0% used [0x00000000ec400000,0x00000000ec400000,0x00000000ec600000)
 ParOldGen       total 68608K, used 18286K [0x00000000c0000000, 0x00000000c4300000, 0x00000000eab00000)
  object space 68608K, 26% used [0x00000000c0000000,0x00000000c11db990,0x00000000c4300000)
 Metaspace       used 34014K, committed 35072K, reserved 1114112K
  class space    used 3339K, committed 3776K, reserved 1048576K
}
Event: 2.747 GC heap after
{Heap after GC invocations=14 (full 1):
 PSYoungGen      total 24064K, used 1824K [0x00000000eab00000, 0x00000000ec680000, 0x0000000100000000)
  eden space 22016K, 0% used [0x00000000eab00000,0x00000000eab00000,0x00000000ec080000)
  from space 2048K, 89% used [0x00000000ec400000,0x00000000ec5c8020,0x00000000ec600000)
  to   space 512K, 0% used [0x00000000ec600000,0x00000000ec600000,0x00000000ec680000)
 ParOldGen       total 68608K, used 19503K [0x00000000c0000000, 0x00000000c4300000, 0x00000000eab00000)
  object space 68608K, 28% used [0x00000000c0000000,0x00000000c130bcc8,0x00000000c4300000)
 Metaspace       used 34014K, committed 35072K, reserved 1114112K
  class space    used 3339K, committed 3776K, reserved 1048576K
}
Event: 2.780 GC heap before
{Heap before GC invocations=15 (full 1):
 PSYoungGen      total 24064K, used 9331K [0x00000000eab00000, 0x00000000ec680000, 0x0000000100000000)
  eden space 22016K, 34% used [0x00000000eab00000,0x00000000eb254c68,0x00000000ec080000)
  from space 2048K, 89% used [0x00000000ec400000,0x00000000ec5c8020,0x00000000ec600000)
  to   space 512K, 0% used [0x00000000ec600000,0x00000000ec600000,0x00000000ec680000)
 ParOldGen       total 68608K, used 19503K [0x00000000c0000000, 0x00000000c4300000, 0x00000000eab00000)
  object space 68608K, 28% used [0x00000000c0000000,0x00000000c130bcc8,0x00000000c4300000)
 Metaspace       used 34812K, committed 35840K, reserved 1114112K
  class space    used 3481K, committed 3968K, reserved 1048576K
}
Event: 2.781 GC heap after
{Heap after GC invocations=15 (full 1):
 PSYoungGen      total 22528K, used 512K [0x00000000eab00000, 0x00000000ec680000, 0x0000000100000000)
  eden space 22016K, 0% used [0x00000000eab00000,0x00000000eab00000,0x00000000ec080000)
  from space 512K, 100% used [0x00000000ec600000,0x00000000ec680000,0x00000000ec680000)
  to   space 2048K, 0% used [0x00000000ec280000,0x00000000ec280000,0x00000000ec480000)
 ParOldGen       total 68608K, used 20947K [0x00000000c0000000, 0x00000000c4300000, 0x00000000eab00000)
  object space 68608K, 30% used [0x00000000c0000000,0x00000000c1474dd8,0x00000000c4300000)
 Metaspace       used 34812K, committed 35840K, reserved 1114112K
  class space    used 3481K, committed 3968K, reserved 1048576K
}
Event: 2.781 GC heap before
{Heap before GC invocations=16 (full 2):
 PSYoungGen      total 22528K, used 512K [0x00000000eab00000, 0x00000000ec680000, 0x0000000100000000)
  eden space 22016K, 0% used [0x00000000eab00000,0x00000000eab00000,0x00000000ec080000)
  from space 512K, 100% used [0x00000000ec600000,0x00000000ec680000,0x00000000ec680000)
  to   space 2048K, 0% used [0x00000000ec280000,0x00000000ec280000,0x00000000ec480000)
 ParOldGen       total 68608K, used 20947K [0x00000000c0000000, 0x00000000c4300000, 0x00000000eab00000)
  object space 68608K, 30% used [0x00000000c0000000,0x00000000c1474dd8,0x00000000c4300000)
 Metaspace       used 34812K, committed 35840K, reserved 1114112K
  class space    used 3481K, committed 3968K, reserved 1048576K
}
Event: 2.799 GC heap after
{Heap after GC invocations=16 (full 2):
 PSYoungGen      total 22528K, used 0K [0x00000000eab00000, 0x00000000ec680000, 0x0000000100000000)
  eden space 22016K, 0% used [0x00000000eab00000,0x00000000eab00000,0x00000000ec080000)
  from space 512K, 0% used [0x00000000ec600000,0x00000000ec600000,0x00000000ec680000)
  to   space 2048K, 0% used [0x00000000ec280000,0x00000000ec280000,0x00000000ec480000)
 ParOldGen       total 68608K, used 20386K [0x00000000c0000000, 0x00000000c4300000, 0x00000000eab00000)
  object space 68608K, 29% used [0x00000000c0000000,0x00000000c13e89a8,0x00000000c4300000)
 Metaspace       used 34812K, committed 35840K, reserved 1114112K
  class space    used 3481K, committed 3968K, reserved 1048576K
}
Event: 2.900 GC heap before
{Heap before GC invocations=17 (full 2):
 PSYoungGen      total 22528K, used 22015K [0x00000000eab00000, 0x00000000ec680000, 0x0000000100000000)
  eden space 22016K, 99% used [0x00000000eab00000,0x00000000ec07ffd8,0x00000000ec080000)
  from space 512K, 0% used [0x00000000ec600000,0x00000000ec600000,0x00000000ec680000)
  to   space 2048K, 0% used [0x00000000ec280000,0x00000000ec280000,0x00000000ec480000)
 ParOldGen       total 68608K, used 20386K [0x00000000c0000000, 0x00000000c4300000, 0x00000000eab00000)
  object space 68608K, 29% used [0x00000000c0000000,0x00000000c13e89a8,0x00000000c4300000)
 Metaspace       used 37454K, committed 38528K, reserved 1114112K
  class space    used 3858K, committed 4288K, reserved 1048576K
}
Event: 2.901 GC heap after
{Heap after GC invocations=17 (full 2):
 PSYoungGen      total 24064K, used 992K [0x00000000eab00000, 0x00000000ec680000, 0x0000000100000000)
  eden space 22016K, 0% used [0x00000000eab00000,0x00000000eab00000,0x00000000ec080000)
  from space 2048K, 48% used [0x00000000ec280000,0x00000000ec378000,0x00000000ec480000)
  to   space 1536K, 0% used [0x00000000ec500000,0x00000000ec500000,0x00000000ec680000)
 ParOldGen       total 68608K, used 20394K [0x00000000c0000000, 0x00000000c4300000, 0x00000000eab00000)
  object space 68608K, 29% used [0x00000000c0000000,0x00000000c13ea9a8,0x00000000c4300000)
 Metaspace       used 37454K, committed 38528K, reserved 1114112K
  class space    used 3858K, committed 4288K, reserved 1048576K
}
Event: 3.033 GC heap before
{Heap before GC invocations=18 (full 2):
 PSYoungGen      total 24064K, used 23008K [0x00000000eab00000, 0x00000000ec680000, 0x0000000100000000)
  eden space 22016K, 100% used [0x00000000eab00000,0x00000000ec080000,0x00000000ec080000)
  from space 2048K, 48% used [0x00000000ec280000,0x00000000ec378000,0x00000000ec480000)
  to   space 1536K, 0% used [0x00000000ec500000,0x00000000ec500000,0x00000000ec680000)
 ParOldGen       total 68608K, used 20394K [0x00000000c0000000, 0x00000000c4300000, 0x00000000eab00000)
  object space 68608K, 29% used [0x00000000c0000000,0x00000000c13ea9a8,0x00000000c4300000)
 Metaspace       used 38692K, committed 39744K, reserved 1114112K
  class space    used 4032K, committed 4480K, reserved 1048576K
}
Event: 3.034 GC heap after
{Heap after GC invocations=18 (full 2):
 PSYoungGen      total 23040K, used 1533K [0x00000000eab00000, 0x00000000eca80000, 0x0000000100000000)
  eden space 21504K, 0% used [0x00000000eab00000,0x00000000eab00000,0x00000000ec000000)
  from space 1536K, 99% used [0x00000000ec500000,0x00000000ec67f6a0,0x00000000ec680000)
  to   space 5120K, 0% used [0x00000000ec000000,0x00000000ec000000,0x00000000ec500000)
 ParOldGen       total 68608K, used 23328K [0x00000000c0000000, 0x00000000c4300000, 0x00000000eab00000)
  object space 68608K, 34% used [0x00000000c0000000,0x00000000c16c80f0,0x00000000c4300000)
 Metaspace       used 38692K, committed 39744K, reserved 1114112K
  class space    used 4032K, committed 4480K, reserved 1048576K
}
Event: 3.144 GC heap before
{Heap before GC invocations=19 (full 2):
 PSYoungGen      total 23040K, used 23037K [0x00000000eab00000, 0x00000000eca80000, 0x0000000100000000)
  eden space 21504K, 100% used [0x00000000eab00000,0x00000000ec000000,0x00000000ec000000)
  from space 1536K, 99% used [0x00000000ec500000,0x00000000ec67f6a0,0x00000000ec680000)
  to   space 5120K, 0% used [0x00000000ec000000,0x00000000ec000000,0x00000000ec500000)
 ParOldGen       total 68608K, used 23328K [0x00000000c0000000, 0x00000000c4300000, 0x00000000eab00000)
  object space 68608K, 34% used [0x00000000c0000000,0x00000000c16c80f0,0x00000000c4300000)
 Metaspace       used 40050K, committed 41088K, reserved 1114112K
  class space    used 4231K, committed 4672K, reserved 1048576K
}
Event: 3.145 GC heap after
{Heap after GC invocations=19 (full 2):
 PSYoungGen      total 26624K, used 5093K [0x00000000eab00000, 0x00000000ecf00000, 0x0000000100000000)
  eden space 21504K, 0% used [0x00000000eab00000,0x00000000eab00000,0x00000000ec000000)
  from space 5120K, 99% used [0x00000000ec000000,0x00000000ec4f9410,0x00000000ec500000)
  to   space 7680K, 0% used [0x00000000ec780000,0x00000000ec780000,0x00000000ecf00000)
 ParOldGen       total 68608K, used 25221K [0x00000000c0000000, 0x00000000c4300000, 0x00000000eab00000)
  object space 68608K, 36% used [0x00000000c0000000,0x00000000c18a1510,0x00000000c4300000)
 Metaspace       used 40050K, committed 41088K, reserved 1114112K
  class space    used 4231K, committed 4672K, reserved 1048576K
}

Dll operation events (10 events):
Event: 0.010 Loaded shared library c:\Users\DIGI ROUTE\.vscode\extensions\redhat.java-1.41.1-win32-x64\jre\21.0.6-win32-x86_64\bin\java.dll
Event: 0.066 Loaded shared library c:\Users\DIGI ROUTE\.vscode\extensions\redhat.java-1.41.1-win32-x64\jre\21.0.6-win32-x86_64\bin\zip.dll
Event: 0.084 Loaded shared library C:\Users\DIGI ROUTE\.vscode\extensions\redhat.java-1.41.1-win32-x64\jre\21.0.6-win32-x86_64\bin\instrument.dll
Event: 0.089 Loaded shared library C:\Users\DIGI ROUTE\.vscode\extensions\redhat.java-1.41.1-win32-x64\jre\21.0.6-win32-x86_64\bin\net.dll
Event: 0.091 Loaded shared library C:\Users\DIGI ROUTE\.vscode\extensions\redhat.java-1.41.1-win32-x64\jre\21.0.6-win32-x86_64\bin\nio.dll
Event: 0.095 Loaded shared library C:\Users\DIGI ROUTE\.vscode\extensions\redhat.java-1.41.1-win32-x64\jre\21.0.6-win32-x86_64\bin\zip.dll
Event: 0.112 Loaded shared library C:\Users\DIGI ROUTE\.vscode\extensions\redhat.java-1.41.1-win32-x64\jre\21.0.6-win32-x86_64\bin\jimage.dll
Event: 0.181 Loaded shared library c:\Users\DIGI ROUTE\.vscode\extensions\redhat.java-1.41.1-win32-x64\jre\21.0.6-win32-x86_64\bin\verify.dll
Event: 0.873 Loaded shared library C:\Users\DIGI ROUTE\AppData\Roaming\Code\User\globalStorage\redhat.java\1.41.1\config_win\org.eclipse.equinox.launcher\org.eclipse.equinox.launcher.win32.win32.x86_64_1.2.1300.v20250331-1702\eclipse_11911.dll
Event: 1.728 Loaded shared library C:\Users\DIGI ROUTE\AppData\Local\Temp\jna-1264834800\jna9224944602136419232.dll

Deoptimization events (20 events):
Event: 3.142 Thread 0x0000024e9a9da110 DEOPT PACKING pc=0x0000024e47ae5da8 sp=0x000000d0df3fd4b0
Event: 3.142 Thread 0x0000024e9a9da110 DEOPT UNPACKING pc=0x0000024e47373aa2 sp=0x000000d0df3fd438 mode 2
Event: 3.206 Thread 0x0000024e9a9d8040 Uncommon trap: trap_request=0xffffffde fr.pc=0x0000024e47d3e0b8 relative=0x0000000000000498
Event: 3.206 Thread 0x0000024e9a9d8040 Uncommon trap: reason=class_check action=maybe_recompile pc=0x0000024e47d3e0b8 method=java.lang.reflect.Executable.declaredAnnotations()Ljava/util/Map; @ 23 c2
Event: 3.206 Thread 0x0000024e9a9d8040 DEOPT PACKING pc=0x0000024e47d3e0b8 sp=0x000000d0dedfdaa0
Event: 3.206 Thread 0x0000024e9a9d8040 DEOPT UNPACKING pc=0x0000024e47373aa2 sp=0x000000d0dedfda68 mode 2
Event: 3.206 Thread 0x0000024e9a9d8040 Uncommon trap: trap_request=0xffffffde fr.pc=0x0000024e47d3e0b8 relative=0x0000000000000498
Event: 3.206 Thread 0x0000024e9a9d8040 Uncommon trap: reason=class_check action=maybe_recompile pc=0x0000024e47d3e0b8 method=java.lang.reflect.Executable.declaredAnnotations()Ljava/util/Map; @ 23 c2
Event: 3.206 Thread 0x0000024e9a9d8040 DEOPT PACKING pc=0x0000024e47d3e0b8 sp=0x000000d0dedfda00
Event: 3.206 Thread 0x0000024e9a9d8040 DEOPT UNPACKING pc=0x0000024e47373aa2 sp=0x000000d0dedfd9d0 mode 2
Event: 3.206 Thread 0x0000024e9a9d8040 Uncommon trap: trap_request=0xffffffde fr.pc=0x0000024e47d3e0b8 relative=0x0000000000000498
Event: 3.206 Thread 0x0000024e9a9d8040 Uncommon trap: reason=class_check action=maybe_recompile pc=0x0000024e47d3e0b8 method=java.lang.reflect.Executable.declaredAnnotations()Ljava/util/Map; @ 23 c2
Event: 3.206 Thread 0x0000024e9a9d8040 DEOPT PACKING pc=0x0000024e47d3e0b8 sp=0x000000d0dedfdaa0
Event: 3.206 Thread 0x0000024e9a9d8040 DEOPT UNPACKING pc=0x0000024e47373aa2 sp=0x000000d0dedfda68 mode 2
Event: 3.206 Thread 0x0000024e9a9d8040 Uncommon trap: trap_request=0xffffffde fr.pc=0x0000024e47d3e0b8 relative=0x0000000000000498
Event: 3.206 Thread 0x0000024e9a9d8040 Uncommon trap: reason=class_check action=maybe_recompile pc=0x0000024e47d3e0b8 method=java.lang.reflect.Executable.declaredAnnotations()Ljava/util/Map; @ 23 c2
Event: 3.206 Thread 0x0000024e9a9d8040 DEOPT PACKING pc=0x0000024e47d3e0b8 sp=0x000000d0dedfda00
Event: 3.206 Thread 0x0000024e9a9d8040 DEOPT UNPACKING pc=0x0000024e47373aa2 sp=0x000000d0dedfd9d0 mode 2
Event: 3.209 Thread 0x0000024e9cce2680 DEOPT PACKING pc=0x0000024e40975ac6 sp=0x000000d0e0df9880
Event: 3.209 Thread 0x0000024e9cce2680 DEOPT UNPACKING pc=0x0000024e47374242 sp=0x000000d0e0df8e00 mode 0

Classes loaded (20 events):
Event: 2.881 Loading class sun/security/provider/ByteArrayAccess$LE
Event: 2.881 Loading class sun/security/provider/ByteArrayAccess$LE done
Event: 2.887 Loading class java/io/FileFilter
Event: 2.887 Loading class java/io/FileFilter done
Event: 2.916 Loading class java/util/concurrent/ConcurrentHashMap$ValueSpliterator
Event: 2.916 Loading class java/lang/annotation/ElementType
Event: 2.916 Loading class java/util/concurrent/ConcurrentHashMap$ValueSpliterator done
Event: 2.916 Loading class java/lang/annotation/ElementType done
Event: 2.918 Loading class jdk/internal/loader/BootLoader$PackageHelper
Event: 2.918 Loading class jdk/internal/loader/BootLoader$PackageHelper done
Event: 2.967 Loading class java/lang/annotation/IncompleteAnnotationException
Event: 2.967 Loading class java/lang/annotation/IncompleteAnnotationException done
Event: 2.981 Loading class java/lang/foreign/MemorySegment
Event: 2.981 Loading class java/lang/foreign/MemorySegment done
Event: 3.141 Loading class java/lang/invoke/MethodHandleImpl$CountingWrapper
Event: 3.141 Loading class java/lang/invoke/MethodHandleImpl$CountingWrapper done
Event: 3.199 Loading class sun/reflect/annotation/AnnotatedTypeFactory$AnnotatedParameterizedTypeImpl
Event: 3.199 Loading class java/lang/reflect/AnnotatedParameterizedType
Event: 3.199 Loading class java/lang/reflect/AnnotatedParameterizedType done
Event: 3.199 Loading class sun/reflect/annotation/AnnotatedTypeFactory$AnnotatedParameterizedTypeImpl done

Classes unloaded (7 events):
Event: 2.099 Thread 0x0000024e935e68e0 Unloading class 0x0000024e52198c00 'java/lang/invoke/LambdaForm$MH+0x0000024e52198c00'
Event: 2.099 Thread 0x0000024e935e68e0 Unloading class 0x0000024e52198800 'java/lang/invoke/LambdaForm$MH+0x0000024e52198800'
Event: 2.099 Thread 0x0000024e935e68e0 Unloading class 0x0000024e52198400 'java/lang/invoke/LambdaForm$MH+0x0000024e52198400'
Event: 2.099 Thread 0x0000024e935e68e0 Unloading class 0x0000024e52198000 'java/lang/invoke/LambdaForm$MH+0x0000024e52198000'
Event: 2.099 Thread 0x0000024e935e68e0 Unloading class 0x0000024e52197c00 'java/lang/invoke/LambdaForm$BMH+0x0000024e52197c00'
Event: 2.099 Thread 0x0000024e935e68e0 Unloading class 0x0000024e52197800 'java/lang/invoke/LambdaForm$DMH+0x0000024e52197800'
Event: 2.099 Thread 0x0000024e935e68e0 Unloading class 0x0000024e52196400 'java/lang/invoke/LambdaForm$DMH+0x0000024e52196400'

Classes redefined (0 events):
No events

Internal exceptions (20 events):
Event: 2.713 Thread 0x0000024e9a9d8040 Exception <a 'java/lang/NoSuchMethodError'{0x00000000ebb568e0}: 'int java.lang.invoke.DirectMethodHandle$Holder.invokeStaticInit(java.lang.Object, int, int)'> (0x00000000ebb568e0) 
thrown [s\src\hotspot\share\interpreter\linkResolver.cpp, line 773]
Event: 2.713 Thread 0x0000024e9a9d8040 Exception <a 'java/lang/NoSuchMethodError'{0x00000000ebb64d60}: 'int java.lang.invoke.DirectMethodHandle$Holder.invokeStaticInit(java.lang.Object, long, long)'> (0x00000000ebb64d60) 
thrown [s\src\hotspot\share\interpreter\linkResolver.cpp, line 773]
Event: 2.714 Thread 0x0000024e9a9d8040 Exception <a 'java/lang/NoSuchMethodError'{0x00000000ebb7d148}: 'int java.lang.invoke.DirectMethodHandle$Holder.invokeStaticInit(java.lang.Object, float, float)'> (0x00000000ebb7d148) 
thrown [s\src\hotspot\share\interpreter\linkResolver.cpp, line 773]
Event: 2.714 Thread 0x0000024e9a9d8040 Exception <a 'java/lang/NoSuchMethodError'{0x00000000ebb9f830}: 'int java.lang.invoke.DirectMethodHandle$Holder.invokeStaticInit(java.lang.Object, double, double)'> (0x00000000ebb9f830) 
thrown [s\src\hotspot\share\interpreter\linkResolver.cpp, line 773]
Event: 2.715 Thread 0x0000024e9a9d8040 Exception <a 'java/lang/NoSuchMethodError'{0x00000000ebba3c60}: 'int java.lang.invoke.DirectMethodHandle$Holder.invokeStatic(java.lang.Object, long)'> (0x00000000ebba3c60) 
thrown [s\src\hotspot\share\interpreter\linkResolver.cpp, line 773]
Event: 2.717 Thread 0x0000024e9a9d8040 Exception <a 'java/lang/NoSuchMethodError'{0x00000000ebc0b0f0}: 'int java.lang.invoke.Invokers$Holder.linkToTargetMethod(java.lang.Object, java.lang.Object)'> (0x00000000ebc0b0f0) 
thrown [s\src\hotspot\share\interpreter\linkResolver.cpp, line 773]
Event: 2.752 Thread 0x0000024e9a9d8040 Exception <a 'java/lang/NoSuchMethodError'{0x00000000eabe6198}: 'java.lang.Object java.lang.invoke.DirectMethodHandle$Holder.invokeSpecialIFC(java.lang.Object, java.lang.Object, java.lang.Object, java.lang.Object)'> (0x00000000eabe6198) 
thrown [s\src\hotspot\share\interpreter\linkResolver.cpp, line 773]
Event: 2.754 Thread 0x0000024e9a9d7320 Exception <a 'java/lang/NoSuchMethodError'{0x00000000eac56260}: 'java.lang.Object java.lang.invoke.DirectMethodHandle$Holder.invokeVirtual(java.lang.Object, java.lang.Object, java.lang.Object, java.lang.Object)'> (0x00000000eac56260) 
thrown [s\src\hotspot\share\interpreter\linkResolver.cpp, line 773]
Event: 2.756 Thread 0x0000024e9a9d7320 Exception <a 'java/lang/NoSuchMethodError'{0x00000000eacf72d0}: 'java.lang.Object java.lang.invoke.DirectMethodHandle$Holder.invokeVirtual(java.lang.Object, java.lang.Object, java.lang.Object, java.lang.Object, java.lang.Object)'> (0x00000000eacf72d0) 
thrown [s\src\hotspot\share\interpreter\linkResolver.cpp, line 773]
Event: 2.820 Thread 0x0000024e3a788360 Exception <a 'java/lang/NoSuchMethodError'{0x00000000eb0f02a8}: 'void java.lang.invoke.DirectMethodHandle$Holder.invokeSpecial(java.lang.Object, java.lang.Object, java.lang.Object, java.lang.Object, java.lang.Object, java.lang.Object)'> (0x00000000eb0f02a8) 
thrown [s\src\hotspot\share\interpreter\linkResolver.cpp, line 773]
Event: 2.822 Thread 0x0000024e3a788360 Exception <a 'java/lang/IncompatibleClassChangeError'{0x00000000eb0fa2a0}: Found class java.lang.Object, but interface was expected> (0x00000000eb0fa2a0) 
thrown [s\src\hotspot\share\interpreter\linkResolver.cpp, line 840]
Event: 2.822 Thread 0x0000024e3a788360 Exception <a 'java/lang/IncompatibleClassChangeError'{0x00000000eb0fc090}: Found class java.lang.Object, but interface was expected> (0x00000000eb0fc090) 
thrown [s\src\hotspot\share\interpreter\linkResolver.cpp, line 840]
Event: 2.881 Thread 0x0000024e9a9d8040 Exception <a 'java/lang/NoSuchMethodError'{0x00000000ebccf920}: 'int java.lang.invoke.DirectMethodHandle$Holder.invokeStatic(java.lang.Object, java.lang.Object, java.lang.Object, java.lang.Object, java.lang.Object)'> (0x00000000ebccf920) 
thrown [s\src\hotspot\share\interpreter\linkResolver.cpp, line 773]
Event: 2.881 Thread 0x0000024e9cce2680 Implicit null exception at 0x0000024e47b4629b to 0x0000024e47b464ec
Event: 2.967 Thread 0x0000024e9a9d8040 Exception <a 'java/lang/NoClassDefFoundError'{0x00000000eb3d2870}: javax/enterprise/inject/Typed> (0x00000000eb3d2870) 
thrown [s\src\hotspot\share\classfile\systemDictionary.cpp, line 301]
Event: 3.139 Thread 0x0000024e9a9da110 Exception <a 'java/lang/NoSuchMethodError'{0x00000000eb423cb8}: 'int java.lang.invoke.DirectMethodHandle$Holder.invokeSpecial(java.lang.Object, java.lang.Object, java.lang.Object, java.lang.Object)'> (0x00000000eb423cb8) 
thrown [s\src\hotspot\share\interpreter\linkResolver.cpp, line 773]
Event: 3.140 Thread 0x0000024e9a9da110 Exception <a 'java/lang/NoSuchMethodError'{0x00000000ebf26e08}: 'java.lang.Object java.lang.invoke.DirectMethodHandle$Holder.invokeStatic(java.lang.Object, int, java.lang.Object, java.lang.Object)'> (0x00000000ebf26e08) 
thrown [s\src\hotspot\share\interpreter\linkResolver.cpp, line 773]
Event: 3.141 Thread 0x0000024e9a9da110 Exception <a 'java/lang/NoSuchMethodError'{0x00000000ebf2a830}: 'java.lang.Object java.lang.invoke.DelegatingMethodHandle$Holder.delegate(java.lang.Object, int, java.lang.Object, java.lang.Object)'> (0x00000000ebf2a830) 
thrown [s\src\hotspot\share\interpreter\linkResolver.cpp, line 773]
Event: 3.142 Thread 0x0000024e9a9da110 Implicit null exception at 0x0000024e47c838f6 to 0x0000024e47c83c18
Event: 3.142 Thread 0x0000024e9a9da110 Exception <a 'java/lang/NoSuchMethodError'{0x00000000ebf8e7e8}: 'int java.lang.invoke.Invokers$Holder.linkToTargetMethod(java.lang.Object, java.lang.Object, java.lang.Object)'> (0x00000000ebf8e7e8) 
thrown [s\src\hotspot\share\interpreter\linkResolver.cpp, line 773]

ZGC Phase Switch (0 events):
No events

VM Operations (20 events):
Event: 2.536 Executing VM operation: HandshakeAllThreads (Deoptimize) done
Event: 2.629 Executing VM operation: ParallelGCFailedAllocation (Allocation Failure)
Event: 2.630 Executing VM operation: ParallelGCFailedAllocation (Allocation Failure) done
Event: 2.722 Executing VM operation: HandshakeAllThreads (Deoptimize)
Event: 2.722 Executing VM operation: HandshakeAllThreads (Deoptimize) done
Event: 2.744 Executing VM operation: ParallelGCFailedAllocation (Allocation Failure)
Event: 2.747 Executing VM operation: ParallelGCFailedAllocation (Allocation Failure) done
Event: 2.780 Executing VM operation: CollectForMetadataAllocation (Metadata GC Threshold)
Event: 2.799 Executing VM operation: CollectForMetadataAllocation (Metadata GC Threshold) done
Event: 2.900 Executing VM operation: ParallelGCFailedAllocation (Allocation Failure)
Event: 2.901 Executing VM operation: ParallelGCFailedAllocation (Allocation Failure) done
Event: 2.912 Executing VM operation: HandshakeAllThreads (Deoptimize)
Event: 2.912 Executing VM operation: HandshakeAllThreads (Deoptimize) done
Event: 2.961 Executing VM operation: HandshakeAllThreads (Deoptimize)
Event: 2.961 Executing VM operation: HandshakeAllThreads (Deoptimize) done
Event: 3.033 Executing VM operation: ParallelGCFailedAllocation (Allocation Failure)
Event: 3.034 Executing VM operation: ParallelGCFailedAllocation (Allocation Failure) done
Event: 3.144 Executing VM operation: ParallelGCFailedAllocation (Allocation Failure)
Event: 3.145 Executing VM operation: ParallelGCFailedAllocation (Allocation Failure) done
Event: 4.146 Executing VM operation: Cleanup

Memory protections (0 events):
No events

Nmethod flushes (20 events):
Event: 2.791 Thread 0x0000024e935e68e0 flushing  nmethod 0x0000024e40645910
Event: 2.791 Thread 0x0000024e935e68e0 flushing  nmethod 0x0000024e40645d10
Event: 2.791 Thread 0x0000024e935e68e0 flushing  nmethod 0x0000024e40646610
Event: 2.791 Thread 0x0000024e935e68e0 flushing  nmethod 0x0000024e40647810
Event: 2.791 Thread 0x0000024e935e68e0 flushing  nmethod 0x0000024e40648010
Event: 2.791 Thread 0x0000024e935e68e0 flushing  nmethod 0x0000024e40648790
Event: 2.791 Thread 0x0000024e935e68e0 flushing  nmethod 0x0000024e40649d10
Event: 2.791 Thread 0x0000024e935e68e0 flushing  nmethod 0x0000024e4064a210
Event: 2.791 Thread 0x0000024e935e68e0 flushing  nmethod 0x0000024e4064ab10
Event: 2.791 Thread 0x0000024e935e68e0 flushing  nmethod 0x0000024e4064af90
Event: 2.791 Thread 0x0000024e935e68e0 flushing  nmethod 0x0000024e4064bb10
Event: 2.791 Thread 0x0000024e935e68e0 flushing  nmethod 0x0000024e4064d590
Event: 2.791 Thread 0x0000024e935e68e0 flushing  nmethod 0x0000024e4064df10
Event: 2.791 Thread 0x0000024e935e68e0 flushing  nmethod 0x0000024e4064f010
Event: 2.791 Thread 0x0000024e935e68e0 flushing  nmethod 0x0000024e40650490
Event: 2.791 Thread 0x0000024e935e68e0 flushing  nmethod 0x0000024e4068dc10
Event: 2.791 Thread 0x0000024e935e68e0 flushing  nmethod 0x0000024e40694390
Event: 2.791 Thread 0x0000024e935e68e0 flushing  nmethod 0x0000024e4069a690
Event: 2.791 Thread 0x0000024e935e68e0 flushing  nmethod 0x0000024e40756b10
Event: 2.791 Thread 0x0000024e935e68e0 flushing  nmethod 0x0000024e40799610

Events (20 events):
Event: 2.640 Thread 0x0000024e3a788360 Thread added: 0x0000024e9def8690
Event: 2.640 Thread 0x0000024e3a788360 Thread added: 0x0000024e9def5210
Event: 2.640 Thread 0x0000024e3a788360 Thread added: 0x0000024e9def72e0
Event: 2.640 Thread 0x0000024e3a788360 Thread added: 0x0000024e9def5f30
Event: 2.640 Thread 0x0000024e3a788360 Thread added: 0x0000024e9def7970
Event: 2.640 Thread 0x0000024e3a788360 Thread added: 0x0000024e9def8d20
Event: 2.640 Thread 0x0000024e3a788360 Thread added: 0x0000024e9def9a40
Event: 2.640 Thread 0x0000024e3a788360 Thread added: 0x0000024e9def93b0
Event: 2.640 Thread 0x0000024e3a788360 Thread added: 0x0000024e9defa0d0
Event: 2.640 Thread 0x0000024e3a788360 Thread added: 0x0000024e9defa760
Event: 2.641 Thread 0x0000024e3a788360 Thread added: 0x0000024e9def8000
Event: 2.657 Thread 0x0000024e3a788360 Thread added: 0x0000024e9cce12d0
Event: 2.691 Thread 0x0000024e9a9d7320 Thread added: 0x0000024e9cce2d10
Event: 2.705 Thread 0x0000024e9a9d7320 Thread added: 0x0000024e9cce05b0
Event: 2.835 Thread 0x0000024e9a9d7320 Thread added: 0x0000024e9cce2680
Event: 2.842 Thread 0x0000024e3a788360 Thread added: 0x0000024e9cce33a0
Event: 2.842 Thread 0x0000024e3a788360 Thread added: 0x0000024e9cce40c0
Event: 2.941 Thread 0x0000024e3cd9d5d0 Thread added: 0x0000024e936b5710
Event: 2.984 Thread 0x0000024e936b42a0 Thread added: 0x0000024e9cf3f3c0
Event: 3.138 Thread 0x0000024e9a9da110 Thread added: 0x0000024e9cce4750


Dynamic libraries:
0x00007ff65a940000 - 0x00007ff65a94e000 	c:\Users\DIGI ROUTE\.vscode\extensions\redhat.java-1.41.1-win32-x64\jre\21.0.6-win32-x86_64\bin\java.exe
0x00007ff8031a0000 - 0x00007ff803400000 	C:\WINDOWS\SYSTEM32\ntdll.dll
0x00007ff801320000 - 0x00007ff8013e7000 	C:\WINDOWS\System32\KERNEL32.DLL
0x00007ff800880000 - 0x00007ff800c4a000 	C:\WINDOWS\System32\KERNELBASE.dll
0x00007ff800730000 - 0x00007ff80087b000 	C:\WINDOWS\System32\ucrtbase.dll
0x00007fffda270000 - 0x00007fffda28e000 	c:\Users\DIGI ROUTE\.vscode\extensions\redhat.java-1.41.1-win32-x64\jre\21.0.6-win32-x86_64\bin\VCRUNTIME140.dll
0x00007fffda730000 - 0x00007fffda748000 	c:\Users\DIGI ROUTE\.vscode\extensions\redhat.java-1.41.1-win32-x64\jre\21.0.6-win32-x86_64\bin\jli.dll
0x00007ff802f90000 - 0x00007ff80315c000 	C:\WINDOWS\System32\USER32.dll
0x00007ff800660000 - 0x00007ff800687000 	C:\WINDOWS\System32\win32u.dll
0x00007fffff4d0000 - 0x00007fffff767000 	C:\WINDOWS\WinSxS\amd64_microsoft.windows.common-controls_6595b64144ccf1df_6.0.26100.3624_none_3e086962e3345f24\COMCTL32.dll
0x00007ff8013f0000 - 0x00007ff80141a000 	C:\WINDOWS\System32\GDI32.dll
0x00007ff801170000 - 0x00007ff801219000 	C:\WINDOWS\System32\msvcrt.dll
0x00007ff800dd0000 - 0x00007ff800f01000 	C:\WINDOWS\System32\gdi32full.dll
0x00007ff800380000 - 0x00007ff800423000 	C:\WINDOWS\System32\msvcp_win.dll
0x00007ff801580000 - 0x00007ff8015af000 	C:\WINDOWS\System32\IMM32.DLL
0x00007fffe4f90000 - 0x00007fffe4f9c000 	c:\Users\DIGI ROUTE\.vscode\extensions\redhat.java-1.41.1-win32-x64\jre\21.0.6-win32-x86_64\bin\vcruntime140_1.dll
0x00007fffc4dc0000 - 0x00007fffc4e4d000 	c:\Users\DIGI ROUTE\.vscode\extensions\redhat.java-1.41.1-win32-x64\jre\21.0.6-win32-x86_64\bin\msvcp140.dll
0x00007fff47ac0000 - 0x00007fff48850000 	c:\Users\DIGI ROUTE\.vscode\extensions\redhat.java-1.41.1-win32-x64\jre\21.0.6-win32-x86_64\bin\server\jvm.dll
0x00007ff802290000 - 0x00007ff802342000 	C:\WINDOWS\System32\ADVAPI32.dll
0x00007ff800fa0000 - 0x00007ff801046000 	C:\WINDOWS\System32\sechost.dll
0x00007ff801050000 - 0x00007ff801166000 	C:\WINDOWS\System32\RPCRT4.dll
0x00007ff801a60000 - 0x00007ff801ad4000 	C:\WINDOWS\System32\WS2_32.dll
0x00007fffffba0000 - 0x00007fffffbfe000 	C:\WINDOWS\SYSTEM32\POWRPROF.dll
0x00007ffff4f40000 - 0x00007ffff4f76000 	C:\WINDOWS\SYSTEM32\WINMM.dll
0x00007ffff6e70000 - 0x00007ffff6e7b000 	C:\WINDOWS\SYSTEM32\VERSION.dll
0x00007fffff870000 - 0x00007fffff884000 	C:\WINDOWS\SYSTEM32\UMPDC.dll
0x00007ffffe8e0000 - 0x00007ffffe8fa000 	C:\WINDOWS\SYSTEM32\kernel.appcore.dll
0x00007fffe4110000 - 0x00007fffe411a000 	c:\Users\DIGI ROUTE\.vscode\extensions\redhat.java-1.41.1-win32-x64\jre\21.0.6-win32-x86_64\bin\jimage.dll
0x00007fffffc10000 - 0x00007fffffe51000 	C:\WINDOWS\SYSTEM32\DBGHELP.DLL
0x00007ff801650000 - 0x00007ff8019d2000 	C:\WINDOWS\System32\combase.dll
0x00007ff801240000 - 0x00007ff801316000 	C:\WINDOWS\System32\OLEAUT32.dll
0x00007fff93a70000 - 0x00007fff93aa9000 	C:\WINDOWS\SYSTEM32\dbgcore.DLL
0x00007ff800690000 - 0x00007ff800729000 	C:\WINDOWS\System32\bcryptPrimitives.dll
0x00007fffe24a0000 - 0x00007fffe24af000 	c:\Users\DIGI ROUTE\.vscode\extensions\redhat.java-1.41.1-win32-x64\jre\21.0.6-win32-x86_64\bin\instrument.dll
0x00007fffda0e0000 - 0x00007fffda0ff000 	c:\Users\DIGI ROUTE\.vscode\extensions\redhat.java-1.41.1-win32-x64\jre\21.0.6-win32-x86_64\bin\java.dll
0x00007ff801b60000 - 0x00007ff802289000 	C:\WINDOWS\System32\SHELL32.dll
0x00007ff800430000 - 0x00007ff800598000 	C:\WINDOWS\System32\wintypes.dll
0x00007ffffd5f0000 - 0x00007ffffde42000 	C:\WINDOWS\SYSTEM32\windows.storage.dll
0x00007ff802cf0000 - 0x00007ff802ddd000 	C:\WINDOWS\System32\SHCORE.dll
0x00007ff802bc0000 - 0x00007ff802c24000 	C:\WINDOWS\System32\shlwapi.dll
0x00007ff800290000 - 0x00007ff8002bf000 	C:\WINDOWS\SYSTEM32\profapi.dll
0x00007fffd6470000 - 0x00007fffd6488000 	c:\Users\DIGI ROUTE\.vscode\extensions\redhat.java-1.41.1-win32-x64\jre\21.0.6-win32-x86_64\bin\zip.dll
0x00007fffe3570000 - 0x00007fffe3580000 	C:\Users\DIGI ROUTE\.vscode\extensions\redhat.java-1.41.1-win32-x64\jre\21.0.6-win32-x86_64\bin\net.dll
0x00007ffff70a0000 - 0x00007ffff71bd000 	C:\WINDOWS\SYSTEM32\WINHTTP.dll
0x00007fffff130000 - 0x00007fffff19a000 	C:\WINDOWS\system32\mswsock.dll
0x00007fffcf660000 - 0x00007fffcf676000 	C:\Users\DIGI ROUTE\.vscode\extensions\redhat.java-1.41.1-win32-x64\jre\21.0.6-win32-x86_64\bin\nio.dll
0x00007fffe2480000 - 0x00007fffe2490000 	c:\Users\DIGI ROUTE\.vscode\extensions\redhat.java-1.41.1-win32-x64\jre\21.0.6-win32-x86_64\bin\verify.dll
0x00007fffe3590000 - 0x00007fffe35d5000 	C:\Users\DIGI ROUTE\AppData\Roaming\Code\User\globalStorage\redhat.java\1.41.1\config_win\org.eclipse.equinox.launcher\org.eclipse.equinox.launcher.win32.win32.x86_64_1.2.1300.v20250331-1702\eclipse_11911.dll
0x00007ff8029d0000 - 0x00007ff802b66000 	C:\WINDOWS\System32\ole32.dll
0x00007ff800000000 - 0x00007ff80001c000 	C:\WINDOWS\SYSTEM32\CRYPTSP.dll
0x00007ffffea00000 - 0x00007ffffea3a000 	C:\WINDOWS\system32\rsaenh.dll
0x00007fffff1d0000 - 0x00007fffff1fb000 	C:\WINDOWS\SYSTEM32\USERENV.dll
0x00007ff800260000 - 0x00007ff800286000 	C:\WINDOWS\SYSTEM32\bcrypt.dll
0x00007fffff2d0000 - 0x00007fffff2dc000 	C:\WINDOWS\SYSTEM32\CRYPTBASE.dll
0x00007ffffe400000 - 0x00007ffffe433000 	C:\WINDOWS\SYSTEM32\IPHLPAPI.DLL
0x00007ff8019e0000 - 0x00007ff8019ea000 	C:\WINDOWS\System32\NSI.dll
0x00007fffda120000 - 0x00007fffda169000 	C:\Users\DIGI ROUTE\AppData\Local\Temp\jna-1264834800\jna9224944602136419232.dll
0x00007ff802530000 - 0x00007ff802538000 	C:\WINDOWS\System32\PSAPI.DLL
0x00007ffff8df0000 - 0x00007ffff8e0f000 	C:\WINDOWS\SYSTEM32\dhcpcsvc6.DLL
0x00007ffff8dc0000 - 0x00007ffff8de5000 	C:\WINDOWS\SYSTEM32\dhcpcsvc.DLL

dbghelp: loaded successfully - version: 4.0.5 - missing functions: none
symbol engine: initialized successfully - sym options: 0x614 - pdb path: .;c:\Users\DIGI ROUTE\.vscode\extensions\redhat.java-1.41.1-win32-x64\jre\21.0.6-win32-x86_64\bin;C:\WINDOWS\SYSTEM32;C:\WINDOWS\WinSxS\amd64_microsoft.windows.common-controls_6595b64144ccf1df_6.0.26100.3624_none_3e086962e3345f24;c:\Users\DIGI ROUTE\.vscode\extensions\redhat.java-1.41.1-win32-x64\jre\21.0.6-win32-x86_64\bin\server;C:\Users\DIGI ROUTE\AppData\Roaming\Code\User\globalStorage\redhat.java\1.41.1\config_win\org.eclipse.equinox.launcher\org.eclipse.equinox.launcher.win32.win32.x86_64_1.2.1300.v20250331-1702;C:\Users\DIGI ROUTE\AppData\Local\Temp\jna-1264834800

VM Arguments:
jvm_args: --add-modules=ALL-SYSTEM --add-opens=java.base/java.util=ALL-UNNAMED --add-opens=java.base/java.lang=ALL-UNNAMED --add-opens=java.base/sun.nio.fs=ALL-UNNAMED -Declipse.application=org.eclipse.jdt.ls.core.id1 -Dosgi.bundles.defaultStartLevel=4 -Declipse.product=org.eclipse.jdt.ls.core.product -Djava.import.generatesMetadataFilesAtProjectRoot=false -DDetectVMInstallationsJob.disabled=true -Dfile.encoding=utf8 -XX:+UseParallelGC -XX:GCTimeRatio=4 -XX:AdaptiveSizePolicyWeight=90 -Dsun.zip.disableMemoryMapping=true -Xmx1G -Xms100m -Xlog:disable -javaagent:c:\Users\DIGI ROUTE\.vscode\extensions\redhat.java-1.41.1-win32-x64\lombok\lombok-1.18.36.jar -XX:+HeapDumpOnOutOfMemoryError -XX:HeapDumpPath=c:\Users\DIGI ROUTE\AppData\Roaming\Code\User\workspaceStorage\62ba2304e335b5d45dd158eafd42745f\redhat.java -Daether.dependencyCollector.impl=bf 
java_command: c:\Users\DIGI ROUTE\.vscode\extensions\redhat.java-1.41.1-win32-x64\server\plugins\org.eclipse.equinox.launcher_1.7.0.v20250331-1702.jar -configuration c:\Users\DIGI ROUTE\AppData\Roaming\Code\User\globalStorage\redhat.java\1.41.1\config_win -data c:\Users\DIGI ROUTE\AppData\Roaming\Code\User\workspaceStorage\62ba2304e335b5d45dd158eafd42745f\redhat.java\jdt_ws --pipe=\\.\pipe\lsp-8e68d499a45bc7ee3b70a66046678e11-sock
java_class_path (initial): c:\Users\DIGI ROUTE\.vscode\extensions\redhat.java-1.41.1-win32-x64\server\plugins\org.eclipse.equinox.launcher_1.7.0.v20250331-1702.jar
Launcher Type: SUN_STANDARD

[Global flags]
    uintx AdaptiveSizePolicyWeight                 = 90                                        {product} {command line}
     intx CICompilerCount                          = 12                                        {product} {ergonomic}
    uintx GCTimeRatio                              = 4                                         {product} {command line}
     bool HeapDumpOnOutOfMemoryError               = true                                   {manageable} {command line}
    ccstr HeapDumpPath                             = c:\Users\DIGI ROUTE\AppData\Roaming\Code\User\workspaceStorage\62ba2304e335b5d45dd158eafd42745f\redhat.java         {manageable} {command line}
   size_t InitialHeapSize                          = 104857600                                 {product} {command line}
   size_t MaxHeapSize                              = 1073741824                                {product} {command line}
   size_t MaxNewSize                               = 357564416                                 {product} {ergonomic}
   size_t MinHeapDeltaBytes                        = 524288                                    {product} {ergonomic}
   size_t MinHeapSize                              = 104857600                                 {product} {command line}
   size_t NewSize                                  = 34603008                                  {product} {ergonomic}
    uintx NonNMethodCodeHeapSize                   = 7602480                                {pd product} {ergonomic}
    uintx NonProfiledCodeHeapSize                  = 122027880                              {pd product} {ergonomic}
   size_t OldSize                                  = 70254592                                  {product} {ergonomic}
    uintx ProfiledCodeHeapSize                     = 122027880                              {pd product} {ergonomic}
    uintx ReservedCodeCacheSize                    = 251658240                              {pd product} {ergonomic}
     bool SegmentedCodeCache                       = true                                      {product} {ergonomic}
   size_t SoftMaxHeapSize                          = 1073741824                             {manageable} {ergonomic}
     bool UseCompressedOops                        = true                           {product lp64_product} {ergonomic}
     bool UseLargePagesIndividualAllocation        = false                                  {pd product} {ergonomic}
     bool UseParallelGC                            = true                                      {product} {command line}

Logging:
Log output configuration:
 #0: stdout all=off uptime,level,tags foldmultilines=false
 #1: stderr all=off uptime,level,tags foldmultilines=false

Environment Variables:
PATH=C:\Program Files\Eclipse Adoptium\jdk-17.0.14.7-hotspot\bin;C:\Program Files\Eclipse Adoptium\jdk-11.0.26.4-hotspot\bin;C:\Program Files\Common Files\Oracle\Java\javapath;C:\Program Files (x86)\Common Files\Oracle\Java\java8path;C:\Program Files (x86)\Common Files\Oracle\Java\javapath;C:\Windows\system32;C:\Windows;C:\Windows\System32\Wbem;C:\Windows\System32\WindowsPowerShell\v1.0\;C:\Windows\System32\OpenSSH\;C:\Program Files (x86)\NVIDIA Corporation\PhysX\Common;C:\Program Files\NVIDIA Corporation\NVIDIA NvDLISR;C:\Program Files\Amazon\AWSCLIV2\;C:\Program Files\nodejs\;C:\WINDOWS\system32;C:\WINDOWS;C:\WINDOWS\System32\Wbem;C:\WINDOWS\System32\WindowsPowerShell\v1.0\;C:\WINDOWS\System32\OpenSSH\;C:\ProgramData\chocolatey\bin;C:\Program Files\Git\cmd;C:\Users\DIGI ROUTE\AppData\Local\Microsoft\WindowsApps;C:\Users\DIGI ROUTE\AppData\Local\Programs\Microsoft VS Code\bin;C:\Users\DIGI ROUTE\AppData\Roaming\npm;C:\Users\DIGI ROUTE\AppData\Local\Android\Sdk\platform-tools;
USERNAME=DIGI ROUTE
OS=Windows_NT
PROCESSOR_IDENTIFIER=Intel64 Family 6 Model 154 Stepping 3, GenuineIntel
TMP=C:\Users\DIGIRO~1\AppData\Local\Temp
TEMP=C:\Users\DIGIRO~1\AppData\Local\Temp




Periodic native trim disabled

---------------  S Y S T E M  ---------------

OS:
 Windows 11 , 64 bit Build 26100 (10.0.26100.3775)
OS uptime: 2 days 1:54 hours

CPU: total 20 (initial active 20) (10 cores per cpu, 2 threads per core) family 6 model 154 stepping 3 microcode 0x434, cx8, cmov, fxsr, ht, mmx, 3dnowpref, sse, sse2, sse3, ssse3, sse4.1, sse4.2, popcnt, lzcnt, tsc, tscinvbit, avx, avx2, aes, erms, clmul, bmi1, bmi2, adx, sha, fma, vzeroupper, clflush, clflushopt, clwb, serialize, rdtscp, rdpid, fsrm, f16c, pku, cet_ibt, cet_ss
Processor Information for the first 20 processors :
  Max Mhz: 2300, Current Mhz: 2300, Mhz Limit: 2300

Memory: 4k page, system-wide physical 16004M (1597M free)
TotalPageFile size 65156M (AvailPageFile size 28M)
current process WorkingSet (physical memory assigned to process): 242M, peak: 262M
current process commit charge ("private bytes"): 354M, peak: 376M

vm_info: OpenJDK 64-Bit Server VM (21.0.6+7-LTS) for windows-amd64 JRE (21.0.6+7-LTS), built on 2025-01-21T00:00:00Z by "admin" with MS VC++ 17.7 (VS2022)

END.
