#
# There is insufficient memory for the Java Runtime Environment to continue.
# Native memory allocation (malloc) failed to allocate 2276928 bytes. Error detail: Chunk::new
# Possible reasons:
#   The system is out of physical RAM or swap space
#   This process is running with CompressedOops enabled, and the Java Heap may be blocking the growth of the native heap
# Possible solutions:
#   Reduce memory load on the system
#   Increase physical memory or swap space
#   Check if swap backing store is full
#   Decrease Java heap size (-Xmx/-Xms)
#   Decrease number of Java threads
#   Decrease Java thread stack sizes (-Xss)
#   Set larger code cache with -XX:ReservedCodeCacheSize=
#   JVM is running with Unscaled Compressed Oops mode in which the Java heap is
#     placed in the first 4GB address space. The Java Heap base address is the
#     maximum limit for the native heap growth. Please use -XX:HeapBaseMinAddress
#     to set the Java Heap base and to place the Java Heap above 4GB virtual address.
# This output file may be truncated or incomplete.
#
#  Out of Memory Error (arena.cpp:191), pid=4144, tid=23360
#
# JRE version: OpenJDK Runtime Environment Temurin-17.0.14+7 (17.0.14+7) (build 17.0.14+7)
# Java VM: OpenJDK 64-Bit Server VM Temurin-17.0.14+7 (17.0.14+7, mixed mode, sharing, tiered, compressed oops, compressed class ptrs, g1 gc, windows-amd64)
# No core dump will be written. Minidumps are not enabled by default on client versions of Windows
#

---------------  S U M M A R Y ------------

Command Line: --add-opens=java.base/java.lang=ALL-UNNAMED --add-opens=java.base/java.lang.invoke=ALL-UNNAMED --add-opens=java.base/java.util=ALL-UNNAMED --add-opens=java.prefs/java.util.prefs=ALL-UNNAMED --add-exports=jdk.compiler/com.sun.tools.javac.api=ALL-UNNAMED --add-exports=jdk.compiler/com.sun.tools.javac.util=ALL-UNNAMED --add-opens=java.base/java.util=ALL-UNNAMED --add-opens=java.prefs/java.util.prefs=ALL-UNNAMED --add-opens=java.base/java.nio.charset=ALL-UNNAMED --add-opens=java.base/java.net=ALL-UNNAMED --add-opens=java.base/java.util.concurrent.atomic=ALL-UNNAMED --add-opens=java.xml/javax.xml.namespace=ALL-UNNAMED -XX:MaxMetaspaceSize=512m -Xmx2048m -Dfile.encoding=windows-1252 -Duser.country=IN -Duser.language=en -Duser.variant -javaagent:C:\Users\DIGI ROUTE\.gradle\wrapper\dists\gradle-8.11.1-bin\bpt9gzteqjrbo1mjrsomdt32c\gradle-8.11.1\lib\agents\gradle-instrumentation-agent-8.11.1.jar org.gradle.launcher.daemon.bootstrap.GradleDaemon 8.11.1

Host: 12th Gen Intel(R) Core(TM) i7-12700H, 20 cores, 15G,  Windows 11 , 64 bit Build 26100 (10.0.26100.3775)
Time: Sun Apr 27 10:50:25 2025 India Standard Time elapsed time: 6.988506 seconds (0d 0h 0m 6s)

---------------  T H R E A D  ---------------

Current thread (0x000001811e1ec2a0):  JavaThread "C2 CompilerThread0" daemon [_thread_in_native, id=23360, stack(0x0000000df6000000,0x0000000df6100000)]


Current CompileTask:
C2:   6988 9214       4       org.gradle.internal.instantiation.generator.AbstractClassGenerator::inspectType (560 bytes)

Stack: [0x0000000df6000000,0x0000000df6100000]
Native frames: (J=compiled Java code, j=interpreted, Vv=VM code, C=native code)
V  [jvm.dll+0x682eb9]
V  [jvm.dll+0x8399c8]
V  [jvm.dll+0x83b473]
V  [jvm.dll+0x83bae3]
V  [jvm.dll+0x24715f]
V  [jvm.dll+0xace44]
V  [jvm.dll+0xad4dc]
V  [jvm.dll+0x365b5e]
V  [jvm.dll+0x1ba873]
V  [jvm.dll+0x2182a7]
V  [jvm.dll+0x21758f]
V  [jvm.dll+0x1a3150]
V  [jvm.dll+0x22799c]
V  [jvm.dll+0x225afb]
V  [jvm.dll+0x7ef128]
V  [jvm.dll+0x7e948c]
V  [jvm.dll+0x681d97]
C  [ucrtbase.dll+0x37b0]
C  [KERNEL32.DLL+0x2e8d7]
C  [ntdll.dll+0xb14fc]


---------------  P R O C E S S  ---------------

Threads class SMR info:
_java_thread_list=0x0000018143fd23e0, length=117, elements={
0x000001817f16f6f0, 0x000001811e1cf9b0, 0x000001811e1d0370, 0x000001811e1e4a60,
0x000001811e1e5330, 0x000001811e1e5c00, 0x000001811e1e64d0, 0x000001811e1ec2a0,
0x000001811e1ee410, 0x000001811e1f0d30, 0x000001811e20d0e0, 0x000001811e20ea20,
0x000001811e8fa700, 0x00000181401eb260, 0x00000181407f40f0, 0x00000181407f2650,
0x000001813ff1fbc0, 0x00000181408689a0, 0x0000018140634810, 0x0000018140631060,
0x0000018140631a80, 0x00000181406329b0, 0x0000018140634300, 0x0000018140632ec0,
0x00000181406324a0, 0x00000181406333d0, 0x00000181406338e0, 0x0000018140633df0,
0x0000018140631570, 0x0000018140631f90, 0x00000181409028c0, 0x0000018140902dd0,
0x00000181409032e0, 0x0000018140903d00, 0x00000181409023b0, 0x0000018140901990,
0x0000018140900550, 0x0000018140901ea0, 0x0000018140900f70, 0x0000018140904210,
0x0000018140904720, 0x0000018140904c30, 0x00000181409079c0, 0x0000018140906a90,
0x0000018140905b60, 0x0000018140907ed0, 0x0000018140905140, 0x0000018140905650,
0x0000018140906070, 0x00000181409074b0, 0x0000018140906580, 0x0000018140906fa0,
0x0000018143097810, 0x0000018143094a80, 0x0000018143094060, 0x0000018143095ec0,
0x0000018143097300, 0x00000181430963d0, 0x0000018143094570, 0x0000018143097d20,
0x00000181430959b0, 0x0000018143098230, 0x0000018143096df0, 0x0000018143098740,
0x0000018143094f90, 0x00000181430968e0, 0x0000018143098c50, 0x00000181430954a0,
0x000001814309a5a0, 0x0000018143099160, 0x0000018143099b80, 0x000001814309a090,
0x0000018143099670, 0x000001814309aab0, 0x000001814309afc0, 0x000001814309b4d0,
0x000001814309b9e0, 0x0000018143be2960, 0x0000018143be1010, 0x0000018143be2e70,
0x0000018143be3890, 0x0000018143be00e0, 0x0000018143be2450, 0x0000018143be3380,
0x0000018143be3da0, 0x0000018143be05f0, 0x0000018143be0b00, 0x0000018143be42b0,
0x0000018143be1a30, 0x0000018143be47c0, 0x0000018143be1f40, 0x0000018143be4cd0,
0x0000018143be1520, 0x0000018143be7550, 0x0000018143be7040, 0x0000018143be51e0,
0x0000018143be56f0, 0x0000018143be6620, 0x0000018143be5c00, 0x0000018143be6b30,
0x0000018143be7a60, 0x000001813fa53ed0, 0x000001813fa52580, 0x000001813fa548f0,
0x000001813fa534b0, 0x000001813fa51b60, 0x000001813fa52a90, 0x000001813fa52fa0,
0x000001813fa539c0, 0x000001813fa51140, 0x000001813fa54e00, 0x000001813fa55310,
0x000001813fa55820, 0x000001813fa52070, 0x000001813fa57b90, 0x000001813fa57680,
0x000001813fa56240
}

Java Threads: ( => current thread )
  0x000001817f16f6f0 JavaThread "main" [_thread_blocked, id=29736, stack(0x0000000df5300000,0x0000000df5400000)]
  0x000001811e1cf9b0 JavaThread "Reference Handler" daemon [_thread_blocked, id=24032, stack(0x0000000df5a00000,0x0000000df5b00000)]
  0x000001811e1d0370 JavaThread "Finalizer" daemon [_thread_blocked, id=25052, stack(0x0000000df5b00000,0x0000000df5c00000)]
  0x000001811e1e4a60 JavaThread "Signal Dispatcher" daemon [_thread_blocked, id=31724, stack(0x0000000df5c00000,0x0000000df5d00000)]
  0x000001811e1e5330 JavaThread "Attach Listener" daemon [_thread_blocked, id=27060, stack(0x0000000df5d00000,0x0000000df5e00000)]
  0x000001811e1e5c00 JavaThread "Service Thread" daemon [_thread_blocked, id=7752, stack(0x0000000df5e00000,0x0000000df5f00000)]
  0x000001811e1e64d0 JavaThread "Monitor Deflation Thread" daemon [_thread_blocked, id=18172, stack(0x0000000df5f00000,0x0000000df6000000)]
=>0x000001811e1ec2a0 JavaThread "C2 CompilerThread0" daemon [_thread_in_native, id=23360, stack(0x0000000df6000000,0x0000000df6100000)]
  0x000001811e1ee410 JavaThread "C1 CompilerThread0" daemon [_thread_blocked, id=26556, stack(0x0000000df6100000,0x0000000df6200000)]
  0x000001811e1f0d30 JavaThread "Sweeper thread" daemon [_thread_blocked, id=30468, stack(0x0000000df6200000,0x0000000df6300000)]
  0x000001811e20d0e0 JavaThread "C1 CompilerThread1" daemon [_thread_blocked, id=5068, stack(0x0000000df6300000,0x0000000df6400000)]
  0x000001811e20ea20 JavaThread "Common-Cleaner" daemon [_thread_blocked, id=5428, stack(0x0000000df6500000,0x0000000df6600000)]
  0x000001811e8fa700 JavaThread "Notification Thread" daemon [_thread_blocked, id=24344, stack(0x0000000df6700000,0x0000000df6800000)]
  0x00000181401eb260 JavaThread "Daemon health stats" [_thread_blocked, id=26220, stack(0x0000000df7100000,0x0000000df7200000)]
  0x00000181407f40f0 JavaThread "Incoming local TCP Connector on port 60713" [_thread_in_native, id=22324, stack(0x0000000df7200000,0x0000000df7300000)]
  0x00000181407f2650 JavaThread "Daemon periodic checks" [_thread_blocked, id=31252, stack(0x0000000df7300000,0x0000000df7400000)]
  0x000001813ff1fbc0 JavaThread "Daemon" [_thread_blocked, id=22956, stack(0x0000000df7400000,0x0000000df7500000)]
  0x00000181408689a0 JavaThread "Handler for socket connection from /127.0.0.1:60713 to /127.0.0.1:60714" [_thread_in_native, id=19104, stack(0x0000000df7500000,0x0000000df7600000)]
  0x0000018140634810 JavaThread "Cancel handler" [_thread_blocked, id=20448, stack(0x0000000df7600000,0x0000000df7700000)]
  0x0000018140631060 JavaThread "Daemon worker" [_thread_blocked, id=19092, stack(0x0000000df7700000,0x0000000df7800000)]
  0x0000018140631a80 JavaThread "Asynchronous log dispatcher for DefaultDaemonConnection: socket connection from /127.0.0.1:60713 to /127.0.0.1:60714" [_thread_blocked, id=11220, stack(0x0000000df7800000,0x0000000df7900000)]
  0x00000181406329b0 JavaThread "Stdin handler" [_thread_blocked, id=25068, stack(0x0000000df7900000,0x0000000df7a00000)]
  0x0000018140634300 JavaThread "Daemon client event forwarder" [_thread_blocked, id=21608, stack(0x0000000df7a00000,0x0000000df7b00000)]
  0x0000018140632ec0 JavaThread "Cache worker for journal cache (C:\Users\DIGI ROUTE\.gradle\caches\journal-1)" [_thread_blocked, id=24180, stack(0x0000000df7b00000,0x0000000df7c00000)]
  0x00000181406324a0 JavaThread "File lock request listener" [_thread_in_native, id=27892, stack(0x0000000df7c00000,0x0000000df7d00000)]
  0x00000181406333d0 JavaThread "Cache worker for file hash cache (C:\Users\DIGI ROUTE\.gradle\caches\8.11.1\fileHashes)" [_thread_blocked, id=19188, stack(0x0000000df7d00000,0x0000000df7e00000)]
  0x00000181406338e0 JavaThread "Cache worker for file content cache (C:\Users\DIGI ROUTE\.gradle\caches\8.11.1\fileContent)" [_thread_blocked, id=30780, stack(0x0000000df6a00000,0x0000000df6b00000)]
  0x0000018140633df0 JavaThread "Cache worker for file hash cache (C:\Users\DIGI ROUTE\Desktop\wellfareCanteen\android\.gradle\8.11.1\fileHashes)" [_thread_blocked, id=22344, stack(0x0000000df7e00000,0x0000000df7f00000)]
  0x0000018140631570 JavaThread "Cache worker for Build Output Cleanup Cache (C:\Users\DIGI ROUTE\Desktop\wellfareCanteen\android\.gradle\buildOutputCleanup)" [_thread_blocked, id=27380, stack(0x0000000df7f00000,0x0000000df8000000)]
  0x0000018140631f90 JavaThread "File watcher server" daemon [_thread_in_native, id=18912, stack(0x0000000df8c00000,0x0000000df8d00000)]
  0x00000181409028c0 JavaThread "File watcher consumer" daemon [_thread_blocked, id=24160, stack(0x0000000df8d00000,0x0000000df8e00000)]
  0x0000018140902dd0 JavaThread "Cache worker for checksums cache (C:\Users\DIGI ROUTE\Desktop\wellfareCanteen\android\.gradle\8.11.1\checksums)" [_thread_blocked, id=26544, stack(0x0000000df8e00000,0x0000000df8f00000)]
  0x00000181409032e0 JavaThread "Cache worker for cache directory md-rule (C:\Users\DIGI ROUTE\.gradle\caches\8.11.1\md-rule)" [_thread_blocked, id=9844, stack(0x0000000df8f00000,0x0000000df9000000)]
  0x0000018140903d00 JavaThread "Cache worker for cache directory md-supplier (C:\Users\DIGI ROUTE\.gradle\caches\8.11.1\md-supplier)" [_thread_blocked, id=27784, stack(0x0000000df9000000,0x0000000df9100000)]
  0x00000181409023b0 JavaThread "jar transforms" [_thread_blocked, id=5660, stack(0x0000000df9300000,0x0000000df9400000)]
  0x0000018140901990 JavaThread "Cache worker for Build Output Cleanup Cache (C:\Users\DIGI ROUTE\Desktop\wellfareCanteen\node_modules\@react-native\gradle-plugin\.gradle\buildOutputCleanup)" [_thread_blocked, id=2000, stack(0x0000000df9400000,0x0000000df9500000)]
  0x0000018140900550 JavaThread "Unconstrained build operations" [_thread_blocked, id=29244, stack(0x0000000df9200000,0x0000000df9300000)]
  0x0000018140901ea0 JavaThread "Unconstrained build operations Thread 2" [_thread_blocked, id=29120, stack(0x0000000df9500000,0x0000000df9600000)]
  0x0000018140900f70 JavaThread "Unconstrained build operations Thread 3" [_thread_blocked, id=14636, stack(0x0000000df9600000,0x0000000df9700000)]
  0x0000018140904210 JavaThread "Unconstrained build operations Thread 4" [_thread_blocked, id=27832, stack(0x0000000df9700000,0x0000000df9800000)]
  0x0000018140904720 JavaThread "Unconstrained build operations Thread 5" [_thread_blocked, id=11272, stack(0x0000000df9800000,0x0000000df9900000)]
  0x0000018140904c30 JavaThread "Unconstrained build operations Thread 6" [_thread_blocked, id=18708, stack(0x0000000df9900000,0x0000000df9a00000)]
  0x00000181409079c0 JavaThread "Unconstrained build operations Thread 7" [_thread_blocked, id=22008, stack(0x0000000df9b00000,0x0000000df9c00000)]
  0x0000018140906a90 JavaThread "Unconstrained build operations Thread 8" [_thread_blocked, id=31148, stack(0x0000000df9c00000,0x0000000df9d00000)]
  0x0000018140905b60 JavaThread "Unconstrained build operations Thread 9" [_thread_blocked, id=23048, stack(0x0000000df9d00000,0x0000000df9e00000)]
  0x0000018140907ed0 JavaThread "Unconstrained build operations Thread 10" [_thread_blocked, id=20532, stack(0x0000000df9e00000,0x0000000df9f00000)]
  0x0000018140905140 JavaThread "Unconstrained build operations Thread 11" [_thread_blocked, id=13500, stack(0x0000000df9f00000,0x0000000dfa000000)]
  0x0000018140905650 JavaThread "Unconstrained build operations Thread 12" [_thread_blocked, id=26848, stack(0x0000000dfa000000,0x0000000dfa100000)]
  0x0000018140906070 JavaThread "Unconstrained build operations Thread 13" [_thread_blocked, id=19284, stack(0x0000000dfa100000,0x0000000dfa200000)]
  0x00000181409074b0 JavaThread "Unconstrained build operations Thread 14" [_thread_blocked, id=5380, stack(0x0000000dfa200000,0x0000000dfa300000)]
  0x0000018140906580 JavaThread "Unconstrained build operations Thread 15" [_thread_blocked, id=28816, stack(0x0000000dfa300000,0x0000000dfa400000)]
  0x0000018140906fa0 JavaThread "Unconstrained build operations Thread 16" [_thread_blocked, id=29744, stack(0x0000000dfa400000,0x0000000dfa500000)]
  0x0000018143097810 JavaThread "Unconstrained build operations Thread 17" [_thread_blocked, id=23028, stack(0x0000000dfa500000,0x0000000dfa600000)]
  0x0000018143094a80 JavaThread "Unconstrained build operations Thread 18" [_thread_blocked, id=17104, stack(0x0000000dfa600000,0x0000000dfa700000)]
  0x0000018143094060 JavaThread "Unconstrained build operations Thread 19" [_thread_blocked, id=19772, stack(0x0000000dfa700000,0x0000000dfa800000)]
  0x0000018143095ec0 JavaThread "Unconstrained build operations Thread 20" [_thread_blocked, id=30620, stack(0x0000000dfa800000,0x0000000dfa900000)]
  0x0000018143097300 JavaThread "Unconstrained build operations Thread 21" [_thread_blocked, id=21568, stack(0x0000000dfa900000,0x0000000dfaa00000)]
  0x00000181430963d0 JavaThread "Unconstrained build operations Thread 22" [_thread_blocked, id=24880, stack(0x0000000dfaa00000,0x0000000dfab00000)]
  0x0000018143094570 JavaThread "Unconstrained build operations Thread 23" [_thread_blocked, id=12424, stack(0x0000000dfab00000,0x0000000dfac00000)]
  0x0000018143097d20 JavaThread "Unconstrained build operations Thread 24" [_thread_blocked, id=31240, stack(0x0000000dfac00000,0x0000000dfad00000)]
  0x00000181430959b0 JavaThread "Unconstrained build operations Thread 25" [_thread_blocked, id=21676, stack(0x0000000dfad00000,0x0000000dfae00000)]
  0x0000018143098230 JavaThread "Unconstrained build operations Thread 26" [_thread_blocked, id=4860, stack(0x0000000dfae00000,0x0000000dfaf00000)]
  0x0000018143096df0 JavaThread "Unconstrained build operations Thread 27" [_thread_blocked, id=25076, stack(0x0000000dfaf00000,0x0000000dfb000000)]
  0x0000018143098740 JavaThread "Unconstrained build operations Thread 28" [_thread_blocked, id=29000, stack(0x0000000dfb000000,0x0000000dfb100000)]
  0x0000018143094f90 JavaThread "Unconstrained build operations Thread 29" [_thread_blocked, id=21864, stack(0x0000000dfb100000,0x0000000dfb200000)]
  0x00000181430968e0 JavaThread "Unconstrained build operations Thread 30" [_thread_blocked, id=24868, stack(0x0000000dfb200000,0x0000000dfb300000)]
  0x0000018143098c50 JavaThread "Unconstrained build operations Thread 31" [_thread_blocked, id=8540, stack(0x0000000dfb300000,0x0000000dfb400000)]
  0x00000181430954a0 JavaThread "Unconstrained build operations Thread 32" [_thread_blocked, id=21920, stack(0x0000000dfb400000,0x0000000dfb500000)]
  0x000001814309a5a0 JavaThread "Unconstrained build operations Thread 33" [_thread_blocked, id=16160, stack(0x0000000dfb500000,0x0000000dfb600000)]
  0x0000018143099160 JavaThread "Unconstrained build operations Thread 34" [_thread_blocked, id=8112, stack(0x0000000dfb600000,0x0000000dfb700000)]
  0x0000018143099b80 JavaThread "Unconstrained build operations Thread 35" [_thread_blocked, id=25428, stack(0x0000000dfb700000,0x0000000dfb800000)]
  0x000001814309a090 JavaThread "Unconstrained build operations Thread 36" [_thread_blocked, id=28536, stack(0x0000000dfb800000,0x0000000dfb900000)]
  0x0000018143099670 JavaThread "Unconstrained build operations Thread 37" [_thread_blocked, id=25856, stack(0x0000000dfb900000,0x0000000dfba00000)]
  0x000001814309aab0 JavaThread "Unconstrained build operations Thread 38" [_thread_blocked, id=3332, stack(0x0000000dfba00000,0x0000000dfbb00000)]
  0x000001814309afc0 JavaThread "Unconstrained build operations Thread 39" [_thread_blocked, id=14604, stack(0x0000000dfbb00000,0x0000000dfbc00000)]
  0x000001814309b4d0 JavaThread "Unconstrained build operations Thread 40" [_thread_blocked, id=8516, stack(0x0000000dfbc00000,0x0000000dfbd00000)]
  0x000001814309b9e0 JavaThread "Unconstrained build operations Thread 41" [_thread_blocked, id=18328, stack(0x0000000dfbd00000,0x0000000dfbe00000)]
  0x0000018143be2960 JavaThread "Unconstrained build operations Thread 42" [_thread_blocked, id=15680, stack(0x0000000dfbe00000,0x0000000dfbf00000)]
  0x0000018143be1010 JavaThread "Unconstrained build operations Thread 43" [_thread_blocked, id=12232, stack(0x0000000dfbf00000,0x0000000dfc000000)]
  0x0000018143be2e70 JavaThread "Unconstrained build operations Thread 44" [_thread_blocked, id=12512, stack(0x0000000dfc000000,0x0000000dfc100000)]
  0x0000018143be3890 JavaThread "Unconstrained build operations Thread 45" [_thread_blocked, id=26636, stack(0x0000000dfc100000,0x0000000dfc200000)]
  0x0000018143be00e0 JavaThread "Unconstrained build operations Thread 46" [_thread_blocked, id=14628, stack(0x0000000dfc200000,0x0000000dfc300000)]
  0x0000018143be2450 JavaThread "Unconstrained build operations Thread 47" [_thread_blocked, id=18692, stack(0x0000000dfc300000,0x0000000dfc400000)]
  0x0000018143be3380 JavaThread "Unconstrained build operations Thread 48" [_thread_blocked, id=25300, stack(0x0000000dfc400000,0x0000000dfc500000)]
  0x0000018143be3da0 JavaThread "Unconstrained build operations Thread 49" [_thread_blocked, id=25728, stack(0x0000000dfc500000,0x0000000dfc600000)]
  0x0000018143be05f0 JavaThread "Unconstrained build operations Thread 50" [_thread_blocked, id=24748, stack(0x0000000dfc600000,0x0000000dfc700000)]
  0x0000018143be0b00 JavaThread "Unconstrained build operations Thread 51" [_thread_blocked, id=13304, stack(0x0000000dfc700000,0x0000000dfc800000)]
  0x0000018143be42b0 JavaThread "Unconstrained build operations Thread 52" [_thread_blocked, id=10156, stack(0x0000000dfc800000,0x0000000dfc900000)]
  0x0000018143be1a30 JavaThread "Unconstrained build operations Thread 53" [_thread_blocked, id=13128, stack(0x0000000dfc900000,0x0000000dfca00000)]
  0x0000018143be47c0 JavaThread "Unconstrained build operations Thread 54" [_thread_blocked, id=13732, stack(0x0000000dfca00000,0x0000000dfcb00000)]
  0x0000018143be1f40 JavaThread "Unconstrained build operations Thread 55" [_thread_blocked, id=24928, stack(0x0000000dfcb00000,0x0000000dfcc00000)]
  0x0000018143be4cd0 JavaThread "Unconstrained build operations Thread 56" [_thread_blocked, id=7396, stack(0x0000000dfcc00000,0x0000000dfcd00000)]
  0x0000018143be1520 JavaThread "Unconstrained build operations Thread 57" [_thread_blocked, id=25192, stack(0x0000000dfcd00000,0x0000000dfce00000)]
  0x0000018143be7550 JavaThread "Unconstrained build operations Thread 58" [_thread_blocked, id=31040, stack(0x0000000dfce00000,0x0000000dfcf00000)]
  0x0000018143be7040 JavaThread "Unconstrained build operations Thread 59" [_thread_blocked, id=2828, stack(0x0000000dfcf00000,0x0000000dfd000000)]
  0x0000018143be51e0 JavaThread "Unconstrained build operations Thread 60" [_thread_blocked, id=21256, stack(0x0000000dfd000000,0x0000000dfd100000)]
  0x0000018143be56f0 JavaThread "Unconstrained build operations Thread 61" [_thread_blocked, id=5984, stack(0x0000000dfd100000,0x0000000dfd200000)]
  0x0000018143be6620 JavaThread "Unconstrained build operations Thread 62" [_thread_blocked, id=15616, stack(0x0000000dfd200000,0x0000000dfd300000)]
  0x0000018143be5c00 JavaThread "Unconstrained build operations Thread 63" [_thread_blocked, id=12964, stack(0x0000000dfd300000,0x0000000dfd400000)]
  0x0000018143be6b30 JavaThread "build event listener" [_thread_blocked, id=11348, stack(0x0000000dfd400000,0x0000000dfd500000)]
  0x0000018143be7a60 JavaThread "Memory manager" [_thread_blocked, id=28188, stack(0x0000000dfd500000,0x0000000dfd600000)]
  0x000001813fa53ed0 JavaThread "ForkJoinPool.commonPool-worker-1" daemon [_thread_blocked, id=14316, stack(0x0000000dfd600000,0x0000000dfd700000)]
  0x000001813fa52580 JavaThread "ForkJoinPool.commonPool-worker-2" daemon [_thread_blocked, id=8256, stack(0x0000000dfd700000,0x0000000dfd800000)]
  0x000001813fa548f0 JavaThread "ForkJoinPool.commonPool-worker-3" daemon [_thread_blocked, id=15444, stack(0x0000000dfd800000,0x0000000dfd900000)]
  0x000001813fa534b0 JavaThread "ForkJoinPool.commonPool-worker-4" daemon [_thread_blocked, id=8252, stack(0x0000000dfd900000,0x0000000dfda00000)]
  0x000001813fa51b60 JavaThread "ForkJoinPool.commonPool-worker-5" daemon [_thread_blocked, id=15000, stack(0x0000000dfda00000,0x0000000dfdb00000)]
  0x000001813fa52a90 JavaThread "ForkJoinPool.commonPool-worker-6" daemon [_thread_blocked, id=22712, stack(0x0000000dfdb00000,0x0000000dfdc00000)]
  0x000001813fa52fa0 JavaThread "ForkJoinPool.commonPool-worker-7" daemon [_thread_blocked, id=1700, stack(0x0000000dfdc00000,0x0000000dfdd00000)]
  0x000001813fa539c0 JavaThread "ForkJoinPool.commonPool-worker-8" daemon [_thread_blocked, id=8480, stack(0x0000000dfdd00000,0x0000000dfde00000)]
  0x000001813fa51140 JavaThread "ForkJoinPool.commonPool-worker-9" daemon [_thread_blocked, id=11932, stack(0x0000000dfde00000,0x0000000dfdf00000)]
  0x000001813fa54e00 JavaThread "ForkJoinPool.commonPool-worker-10" daemon [_thread_blocked, id=10484, stack(0x0000000dfdf00000,0x0000000dfe000000)]
  0x000001813fa55310 JavaThread "Exec process" daemon [_thread_in_native, id=22600, stack(0x0000000dfe000000,0x0000000dfe100000)]
  0x000001813fa55820 JavaThread "ForkJoinPool.commonPool-worker-11" daemon [_thread_blocked, id=21648, stack(0x0000000dfe100000,0x0000000dfe200000)]
  0x000001813fa52070 JavaThread "Exec process Thread 2" daemon [_thread_in_native, id=4724, stack(0x0000000dfe200000,0x0000000dfe300000)]
  0x000001813fa57b90 JavaThread "ForkJoinPool.commonPool-worker-12" daemon [_thread_blocked, id=25288, stack(0x0000000dfe300000,0x0000000dfe400000)]
  0x000001813fa57680 JavaThread "Exec process Thread 3" daemon [_thread_in_native, id=28868, stack(0x0000000dfe400000,0x0000000dfe500000)]
  0x000001813fa56240 JavaThread "ForkJoinPool.commonPool-worker-13" daemon [_thread_blocked, id=16248, stack(0x0000000df6400000,0x0000000df6500000)]

Other Threads:
  0x000001811e1cb220 VMThread "VM Thread" [stack: 0x0000000df5900000,0x0000000df5a00000] [id=26740]
  0x000001817f172480 WatcherThread [stack: 0x0000000df6800000,0x0000000df6900000] [id=25992]
  0x000001817f1d05e0 GCTaskThread "GC Thread#0" [stack: 0x0000000df5400000,0x0000000df5500000] [id=25484]
  0x000001813e844cf0 GCTaskThread "GC Thread#1" [stack: 0x0000000df6b00000,0x0000000df6c00000] [id=28476]
  0x000001813e407540 GCTaskThread "GC Thread#2" [stack: 0x0000000df6c00000,0x0000000df6d00000] [id=30220]
  0x000001813e407800 GCTaskThread "GC Thread#3" [stack: 0x0000000df6d00000,0x0000000df6e00000] [id=21432]
  0x000001813e3fe970 GCTaskThread "GC Thread#4" [stack: 0x0000000df6e00000,0x0000000df6f00000] [id=3480]
  0x000001813e3fec30 GCTaskThread "GC Thread#5" [stack: 0x0000000df6f00000,0x0000000df7000000] [id=28192]
  0x0000018140701ec0 GCTaskThread "GC Thread#6" [stack: 0x0000000df8000000,0x0000000df8100000] [id=4100]
  0x00000181407013c0 GCTaskThread "GC Thread#7" [stack: 0x0000000df8100000,0x0000000df8200000] [id=28152]
  0x0000018140701c00 GCTaskThread "GC Thread#8" [stack: 0x0000000df8200000,0x0000000df8300000] [id=29848]
  0x0000018140702440 GCTaskThread "GC Thread#9" [stack: 0x0000000df8300000,0x0000000df8400000] [id=14536]
  0x0000018140702700 GCTaskThread "GC Thread#10" [stack: 0x0000000df8400000,0x0000000df8500000] [id=2112]
  0x0000018140701680 GCTaskThread "GC Thread#11" [stack: 0x0000000df8500000,0x0000000df8600000] [id=11192]
  0x0000018140700b80 GCTaskThread "GC Thread#12" [stack: 0x0000000df8600000,0x0000000df8700000] [id=28612]
  0x0000018140701940 GCTaskThread "GC Thread#13" [stack: 0x0000000df8700000,0x0000000df8800000] [id=8784]
  0x0000018140702180 GCTaskThread "GC Thread#14" [stack: 0x0000000df8800000,0x0000000df8900000] [id=4816]
  0x000001817f1e1430 ConcurrentGCThread "G1 Main Marker" [stack: 0x0000000df5500000,0x0000000df5600000] [id=18404]
  0x000001817f1e1d50 ConcurrentGCThread "G1 Conc#0" [stack: 0x0000000df5600000,0x0000000df5700000] [id=23516]
  0x00000181408cd3b0 ConcurrentGCThread "G1 Conc#1" [stack: 0x0000000df8900000,0x0000000df8a00000] [id=25868]
  0x00000181408cc8b0 ConcurrentGCThread "G1 Conc#2" [stack: 0x0000000df8a00000,0x0000000df8b00000] [id=24476]
  0x00000181408cd0f0 ConcurrentGCThread "G1 Conc#3" [stack: 0x0000000df8b00000,0x0000000df8c00000] [id=30592]
  0x000001817f21d040 ConcurrentGCThread "G1 Refine#0" [stack: 0x0000000df5700000,0x0000000df5800000] [id=4228]
  0x000001817f21e820 ConcurrentGCThread "G1 Service" [stack: 0x0000000df5800000,0x0000000df5900000] [id=26832]

Threads with active compile tasks:
C2 CompilerThread0     7002 9214       4       org.gradle.internal.instantiation.generator.AbstractClassGenerator::inspectType (560 bytes)

VM state: not at safepoint (normal execution)

VM Mutex/Monitor currently owned by a thread: None

Heap address: 0x0000000080000000, size: 2048 MB, Compressed Oops mode: 32-bit

CDS archive(s) mapped at: [0x000001811f000000-0x000001811fbb0000-0x000001811fbb0000), size 12255232, SharedBaseAddress: 0x000001811f000000, ArchiveRelocationMode: 1.
Compressed class space mapped at: 0x0000018120000000-0x000001813a000000, reserved size: 436207616
Narrow klass base: 0x000001811f000000, Narrow klass shift: 0, Narrow klass range: 0x100000000

GC Precious Log:
 CPUs: 20 total, 20 available
 Memory: 16004M
 Large Page Support: Disabled
 NUMA Support: Disabled
 Compressed Oops: Enabled (32-bit)
 Heap Region Size: 1M
 Heap Min Capacity: 8M
 Heap Initial Capacity: 252M
 Heap Max Capacity: 2G
 Pre-touch: Disabled
 Parallel Workers: 15
 Concurrent Workers: 4
 Concurrent Refinement Workers: 15
 Periodic GC: Disabled

Heap:
 garbage-first heap   total 122880K, used 98244K [0x0000000080000000, 0x0000000100000000)
  region size 1024K, 33 young (33792K), 1 survivors (1024K)
 Metaspace       used 68605K, committed 69376K, reserved 491520K
  class space    used 9686K, committed 10048K, reserved 425984K

Heap Regions: E=young(eden), S=young(survivor), O=old, HS=humongous(starts), HC=humongous(continues), CS=collection set, F=free, OA=open archive, CA=closed archive, TAMS=top-at-mark-start (previous, next)
|   0|0x0000000080000000, 0x0000000080100000, 0x0000000080100000|100%|HS|  |TAMS 0x0000000080100000, 0x0000000080000000| Complete 
|   1|0x0000000080100000, 0x0000000080200000, 0x0000000080200000|100%|HC|  |TAMS 0x0000000080200000, 0x0000000080100000| Complete 
|   2|0x0000000080200000, 0x0000000080300000, 0x0000000080300000|100%|HC|  |TAMS 0x0000000080300000, 0x0000000080200000| Complete 
|   3|0x0000000080300000, 0x0000000080400000, 0x0000000080400000|100%| O|  |TAMS 0x0000000080400000, 0x0000000080300000| Untracked 
|   4|0x0000000080400000, 0x0000000080500000, 0x0000000080500000|100%| O|  |TAMS 0x0000000080500000, 0x0000000080400000| Untracked 
|   5|0x0000000080500000, 0x0000000080600000, 0x0000000080600000|100%| O|  |TAMS 0x0000000080600000, 0x0000000080500000| Untracked 
|   6|0x0000000080600000, 0x0000000080700000, 0x0000000080700000|100%|HS|  |TAMS 0x0000000080700000, 0x0000000080600000| Complete 
|   7|0x0000000080700000, 0x0000000080800000, 0x0000000080800000|100%| O|  |TAMS 0x0000000080800000, 0x0000000080700000| Untracked 
|   8|0x0000000080800000, 0x0000000080900000, 0x0000000080900000|100%| O|  |TAMS 0x0000000080900000, 0x0000000080800000| Untracked 
|   9|0x0000000080900000, 0x00000000809f0600, 0x0000000080a00000| 93%| O|  |TAMS 0x00000000809f0600, 0x0000000080900000| Untracked 
|  10|0x0000000080a00000, 0x0000000080b00000, 0x0000000080b00000|100%| O|  |TAMS 0x0000000080b00000, 0x0000000080a00000| Untracked 
|  11|0x0000000080b00000, 0x0000000080c00000, 0x0000000080c00000|100%| O|  |TAMS 0x0000000080c00000, 0x0000000080b00000| Untracked 
|  12|0x0000000080c00000, 0x0000000080d00000, 0x0000000080d00000|100%| O|  |TAMS 0x0000000080d00000, 0x0000000080c00000| Untracked 
|  13|0x0000000080d00000, 0x0000000080e00000, 0x0000000080e00000|100%| O|  |TAMS 0x0000000080e00000, 0x0000000080d00000| Untracked 
|  14|0x0000000080e00000, 0x0000000080f00000, 0x0000000080f00000|100%| O|  |TAMS 0x0000000080f00000, 0x0000000080e00000| Untracked 
|  15|0x0000000080f00000, 0x0000000081000000, 0x0000000081000000|100%| O|  |TAMS 0x0000000081000000, 0x0000000080f00000| Untracked 
|  16|0x0000000081000000, 0x0000000081100000, 0x0000000081100000|100%| O|  |TAMS 0x0000000081100000, 0x0000000081000000| Untracked 
|  17|0x0000000081100000, 0x0000000081200000, 0x0000000081200000|100%| O|  |TAMS 0x0000000081200000, 0x0000000081100000| Untracked 
|  18|0x0000000081200000, 0x0000000081300000, 0x0000000081300000|100%| O|  |TAMS 0x0000000081300000, 0x0000000081200000| Untracked 
|  19|0x0000000081300000, 0x0000000081400000, 0x0000000081400000|100%| O|  |TAMS 0x0000000081400000, 0x0000000081300000| Untracked 
|  20|0x0000000081400000, 0x0000000081400000, 0x0000000081500000|  0%| F|  |TAMS 0x0000000081400000, 0x0000000081400000| Untracked 
|  21|0x0000000081500000, 0x0000000081600000, 0x0000000081600000|100%| O|  |TAMS 0x0000000081600000, 0x0000000081500000| Untracked 
|  22|0x0000000081600000, 0x0000000081700000, 0x0000000081700000|100%| O|  |TAMS 0x0000000081700000, 0x0000000081600000| Untracked 
|  23|0x0000000081700000, 0x0000000081800000, 0x0000000081800000|100%| O|  |TAMS 0x0000000081800000, 0x0000000081700000| Untracked 
|  24|0x0000000081800000, 0x0000000081900000, 0x0000000081900000|100%| O|  |TAMS 0x0000000081900000, 0x0000000081800000| Untracked 
|  25|0x0000000081900000, 0x0000000081a00000, 0x0000000081a00000|100%| O|  |TAMS 0x0000000081a00000, 0x0000000081900000| Untracked 
|  26|0x0000000081a00000, 0x0000000081b00000, 0x0000000081b00000|100%| O|  |TAMS 0x0000000081b00000, 0x0000000081a00000| Untracked 
|  27|0x0000000081b00000, 0x0000000081c00000, 0x0000000081c00000|100%| O|  |TAMS 0x0000000081c00000, 0x0000000081b00000| Untracked 
|  28|0x0000000081c00000, 0x0000000081d00000, 0x0000000081d00000|100%| O|  |TAMS 0x0000000081d00000, 0x0000000081c00000| Untracked 
|  29|0x0000000081d00000, 0x0000000081e00000, 0x0000000081e00000|100%| O|  |TAMS 0x0000000081e00000, 0x0000000081d00000| Untracked 
|  30|0x0000000081e00000, 0x0000000081f00000, 0x0000000081f00000|100%| O|  |TAMS 0x0000000081f00000, 0x0000000081e00000| Untracked 
|  31|0x0000000081f00000, 0x0000000082000000, 0x0000000082000000|100%| O|  |TAMS 0x0000000082000000, 0x0000000081f00000| Untracked 
|  32|0x0000000082000000, 0x0000000082100000, 0x0000000082100000|100%| O|  |TAMS 0x0000000082100000, 0x0000000082000000| Untracked 
|  33|0x0000000082100000, 0x0000000082200000, 0x0000000082200000|100%| O|  |TAMS 0x0000000082200000, 0x0000000082100000| Untracked 
|  34|0x0000000082200000, 0x0000000082300000, 0x0000000082300000|100%| O|  |TAMS 0x0000000082300000, 0x0000000082200000| Untracked 
|  35|0x0000000082300000, 0x0000000082400000, 0x0000000082400000|100%| O|  |TAMS 0x0000000082400000, 0x0000000082300000| Untracked 
|  36|0x0000000082400000, 0x0000000082500000, 0x0000000082500000|100%| O|  |TAMS 0x0000000082500000, 0x0000000082400000| Untracked 
|  37|0x0000000082500000, 0x0000000082600000, 0x0000000082600000|100%|HS|  |TAMS 0x0000000082600000, 0x0000000082500000| Complete 
|  38|0x0000000082600000, 0x0000000082700000, 0x0000000082700000|100%|HC|  |TAMS 0x0000000082700000, 0x0000000082600000| Complete 
|  39|0x0000000082700000, 0x0000000082800000, 0x0000000082800000|100%|HS|  |TAMS 0x0000000082800000, 0x0000000082700000| Complete 
|  40|0x0000000082800000, 0x0000000082900000, 0x0000000082900000|100%|HC|  |TAMS 0x0000000082900000, 0x0000000082800000| Complete 
|  41|0x0000000082900000, 0x0000000082a00000, 0x0000000082a00000|100%|HC|  |TAMS 0x0000000082a00000, 0x0000000082900000| Complete 
|  42|0x0000000082a00000, 0x0000000082b00000, 0x0000000082b00000|100%|HS|  |TAMS 0x0000000082b00000, 0x0000000082a00000| Complete 
|  43|0x0000000082b00000, 0x0000000082c00000, 0x0000000082c00000|100%|HC|  |TAMS 0x0000000082c00000, 0x0000000082b00000| Complete 
|  44|0x0000000082c00000, 0x0000000082d00000, 0x0000000082d00000|100%| O|  |TAMS 0x0000000082d00000, 0x0000000082c00000| Untracked 
|  45|0x0000000082d00000, 0x0000000082e00000, 0x0000000082e00000|100%| O|  |TAMS 0x0000000082e00000, 0x0000000082d00000| Untracked 
|  46|0x0000000082e00000, 0x0000000082f00000, 0x0000000082f00000|100%| O|  |TAMS 0x0000000082f00000, 0x0000000082e00000| Untracked 
|  47|0x0000000082f00000, 0x0000000083000000, 0x0000000083000000|100%| O|  |TAMS 0x0000000083000000, 0x0000000082f00000| Untracked 
|  48|0x0000000083000000, 0x0000000083100000, 0x0000000083100000|100%| O|  |TAMS 0x0000000083100000, 0x0000000083000000| Untracked 
|  49|0x0000000083100000, 0x0000000083200000, 0x0000000083200000|100%| O|  |TAMS 0x0000000083200000, 0x0000000083100000| Untracked 
|  50|0x0000000083200000, 0x0000000083300000, 0x0000000083300000|100%| O|  |TAMS 0x0000000083300000, 0x0000000083200000| Untracked 
|  51|0x0000000083300000, 0x0000000083400000, 0x0000000083400000|100%| O|  |TAMS 0x0000000083400000, 0x0000000083300000| Untracked 
|  52|0x0000000083400000, 0x0000000083500000, 0x0000000083500000|100%| O|  |TAMS 0x0000000083500000, 0x0000000083400000| Untracked 
|  53|0x0000000083500000, 0x0000000083600000, 0x0000000083600000|100%|HS|  |TAMS 0x0000000083600000, 0x0000000083500000| Complete 
|  54|0x0000000083600000, 0x0000000083700000, 0x0000000083700000|100%|HC|  |TAMS 0x0000000083700000, 0x0000000083600000| Complete 
|  55|0x0000000083700000, 0x0000000083800000, 0x0000000083800000|100%|HC|  |TAMS 0x0000000083800000, 0x0000000083700000| Complete 
|  56|0x0000000083800000, 0x0000000083900000, 0x0000000083900000|100%| O|  |TAMS 0x000000008388de00, 0x0000000083800000| Untracked 
|  57|0x0000000083900000, 0x0000000083a00000, 0x0000000083a00000|100%| O|  |TAMS 0x0000000083900000, 0x0000000083900000| Untracked 
|  58|0x0000000083a00000, 0x0000000083b00000, 0x0000000083b00000|100%| O|  |TAMS 0x0000000083a00000, 0x0000000083a00000| Untracked 
|  59|0x0000000083b00000, 0x0000000083c00000, 0x0000000083c00000|100%| O|  |TAMS 0x0000000083b00000, 0x0000000083b00000| Untracked 
|  60|0x0000000083c00000, 0x0000000083d00000, 0x0000000083d00000|100%| O|  |TAMS 0x0000000083c00000, 0x0000000083c00000| Untracked 
|  61|0x0000000083d00000, 0x0000000083e00000, 0x0000000083e00000|100%| O|  |TAMS 0x0000000083d00000, 0x0000000083d00000| Untracked 
|  62|0x0000000083e00000, 0x0000000083f00000, 0x0000000083f00000|100%| O|  |TAMS 0x0000000083e00000, 0x0000000083e00000| Untracked 
|  63|0x0000000083f00000, 0x0000000084000000, 0x0000000084000000|100%| O|  |TAMS 0x0000000083f00000, 0x0000000083f00000| Untracked 
|  64|0x0000000084000000, 0x0000000084100000, 0x0000000084100000|100%| O|  |TAMS 0x0000000084000000, 0x0000000084000000| Untracked 
|  65|0x0000000084100000, 0x0000000084138e00, 0x0000000084200000| 22%| O|  |TAMS 0x0000000084100000, 0x0000000084100000| Untracked 
|  66|0x0000000084200000, 0x0000000084200000, 0x0000000084300000|  0%| F|  |TAMS 0x0000000084200000, 0x0000000084200000| Untracked 
|  67|0x0000000084300000, 0x0000000084300000, 0x0000000084400000|  0%| F|  |TAMS 0x0000000084300000, 0x0000000084300000| Untracked 
|  68|0x0000000084400000, 0x0000000084400000, 0x0000000084500000|  0%| F|  |TAMS 0x0000000084400000, 0x0000000084400000| Untracked 
|  69|0x0000000084500000, 0x0000000084500000, 0x0000000084600000|  0%| F|  |TAMS 0x0000000084500000, 0x0000000084500000| Untracked 
|  70|0x0000000084600000, 0x0000000084600000, 0x0000000084700000|  0%| F|  |TAMS 0x0000000084600000, 0x0000000084600000| Untracked 
|  71|0x0000000084700000, 0x0000000084700000, 0x0000000084800000|  0%| F|  |TAMS 0x0000000084700000, 0x0000000084700000| Untracked 
|  72|0x0000000084800000, 0x0000000084800000, 0x0000000084900000|  0%| F|  |TAMS 0x0000000084800000, 0x0000000084800000| Untracked 
|  73|0x0000000084900000, 0x0000000084900000, 0x0000000084a00000|  0%| F|  |TAMS 0x0000000084900000, 0x0000000084900000| Untracked 
|  74|0x0000000084a00000, 0x0000000084a00000, 0x0000000084b00000|  0%| F|  |TAMS 0x0000000084a00000, 0x0000000084a00000| Untracked 
|  75|0x0000000084b00000, 0x0000000084b00000, 0x0000000084c00000|  0%| F|  |TAMS 0x0000000084b00000, 0x0000000084b00000| Untracked 
|  76|0x0000000084c00000, 0x0000000084c00000, 0x0000000084d00000|  0%| F|  |TAMS 0x0000000084c00000, 0x0000000084c00000| Untracked 
|  77|0x0000000084d00000, 0x0000000084d00000, 0x0000000084e00000|  0%| F|  |TAMS 0x0000000084d00000, 0x0000000084d00000| Untracked 
|  78|0x0000000084e00000, 0x0000000084e00000, 0x0000000084f00000|  0%| F|  |TAMS 0x0000000084e00000, 0x0000000084e00000| Untracked 
|  79|0x0000000084f00000, 0x0000000084f00000, 0x0000000085000000|  0%| F|  |TAMS 0x0000000084f00000, 0x0000000084f00000| Untracked 
|  80|0x0000000085000000, 0x0000000085000000, 0x0000000085100000|  0%| F|  |TAMS 0x0000000085000000, 0x0000000085000000| Untracked 
|  81|0x0000000085100000, 0x0000000085100000, 0x0000000085200000|  0%| F|  |TAMS 0x0000000085100000, 0x0000000085100000| Untracked 
|  82|0x0000000085200000, 0x0000000085200000, 0x0000000085300000|  0%| F|  |TAMS 0x0000000085200000, 0x0000000085200000| Untracked 
|  83|0x0000000085300000, 0x0000000085300000, 0x0000000085400000|  0%| F|  |TAMS 0x0000000085300000, 0x0000000085300000| Untracked 
|  84|0x0000000085400000, 0x0000000085400000, 0x0000000085500000|  0%| F|  |TAMS 0x0000000085400000, 0x0000000085400000| Untracked 
|  85|0x0000000085500000, 0x0000000085500000, 0x0000000085600000|  0%| F|  |TAMS 0x0000000085500000, 0x0000000085500000| Untracked 
|  86|0x0000000085600000, 0x0000000085600000, 0x0000000085700000|  0%| F|  |TAMS 0x0000000085600000, 0x0000000085600000| Untracked 
|  87|0x0000000085700000, 0x0000000085800000, 0x0000000085800000|100%| E|  |TAMS 0x0000000085700000, 0x0000000085700000| Complete 
|  88|0x0000000085800000, 0x0000000085900000, 0x0000000085900000|100%| E|CS|TAMS 0x0000000085800000, 0x0000000085800000| Complete 
|  89|0x0000000085900000, 0x0000000085a00000, 0x0000000085a00000|100%| E|CS|TAMS 0x0000000085900000, 0x0000000085900000| Complete 
|  90|0x0000000085a00000, 0x0000000085b00000, 0x0000000085b00000|100%| E|CS|TAMS 0x0000000085a00000, 0x0000000085a00000| Complete 
|  91|0x0000000085b00000, 0x0000000085c00000, 0x0000000085c00000|100%| E|CS|TAMS 0x0000000085b00000, 0x0000000085b00000| Complete 
|  92|0x0000000085c00000, 0x0000000085d00000, 0x0000000085d00000|100%| E|CS|TAMS 0x0000000085c00000, 0x0000000085c00000| Complete 
|  93|0x0000000085d00000, 0x0000000085e00000, 0x0000000085e00000|100%| E|CS|TAMS 0x0000000085d00000, 0x0000000085d00000| Complete 
|  94|0x0000000085e00000, 0x0000000085f00000, 0x0000000085f00000|100%| E|CS|TAMS 0x0000000085e00000, 0x0000000085e00000| Complete 
|  95|0x0000000085f00000, 0x0000000086000000, 0x0000000086000000|100%| E|CS|TAMS 0x0000000085f00000, 0x0000000085f00000| Complete 
|  96|0x0000000086000000, 0x0000000086100000, 0x0000000086100000|100%| E|CS|TAMS 0x0000000086000000, 0x0000000086000000| Complete 
|  97|0x0000000086100000, 0x0000000086200000, 0x0000000086200000|100%| E|CS|TAMS 0x0000000086100000, 0x0000000086100000| Complete 
|  98|0x0000000086200000, 0x0000000086300000, 0x0000000086300000|100%| E|CS|TAMS 0x0000000086200000, 0x0000000086200000| Complete 
|  99|0x0000000086300000, 0x0000000086400000, 0x0000000086400000|100%| E|CS|TAMS 0x0000000086300000, 0x0000000086300000| Complete 
| 100|0x0000000086400000, 0x0000000086500000, 0x0000000086500000|100%| E|CS|TAMS 0x0000000086400000, 0x0000000086400000| Complete 
| 101|0x0000000086500000, 0x0000000086600000, 0x0000000086600000|100%| E|CS|TAMS 0x0000000086500000, 0x0000000086500000| Complete 
| 102|0x0000000086600000, 0x0000000086700000, 0x0000000086700000|100%| E|CS|TAMS 0x0000000086600000, 0x0000000086600000| Complete 
| 103|0x0000000086700000, 0x0000000086800000, 0x0000000086800000|100%| E|CS|TAMS 0x0000000086700000, 0x0000000086700000| Complete 
| 104|0x0000000086800000, 0x0000000086900000, 0x0000000086900000|100%| E|CS|TAMS 0x0000000086800000, 0x0000000086800000| Complete 
| 123|0x0000000087b00000, 0x0000000087c00000, 0x0000000087c00000|100%| E|CS|TAMS 0x0000000087b00000, 0x0000000087b00000| Complete 
| 124|0x0000000087c00000, 0x0000000087d00000, 0x0000000087d00000|100%| E|CS|TAMS 0x0000000087c00000, 0x0000000087c00000| Complete 
| 125|0x0000000087d00000, 0x0000000087e00000, 0x0000000087e00000|100%| E|CS|TAMS 0x0000000087d00000, 0x0000000087d00000| Complete 
| 126|0x0000000087e00000, 0x0000000087f00000, 0x0000000087f00000|100%| E|CS|TAMS 0x0000000087e00000, 0x0000000087e00000| Complete 
| 127|0x0000000087f00000, 0x0000000088000000, 0x0000000088000000|100%| E|CS|TAMS 0x0000000087f00000, 0x0000000087f00000| Complete 
| 128|0x0000000088000000, 0x0000000088100000, 0x0000000088100000|100%| E|CS|TAMS 0x0000000088000000, 0x0000000088000000| Complete 
| 129|0x0000000088100000, 0x0000000088200000, 0x0000000088200000|100%| E|CS|TAMS 0x0000000088100000, 0x0000000088100000| Complete 
| 130|0x0000000088200000, 0x0000000088300000, 0x0000000088300000|100%| E|CS|TAMS 0x0000000088200000, 0x0000000088200000| Complete 
| 131|0x0000000088300000, 0x0000000088400000, 0x0000000088400000|100%| E|CS|TAMS 0x0000000088300000, 0x0000000088300000| Complete 
| 132|0x0000000088400000, 0x0000000088500000, 0x0000000088500000|100%| E|CS|TAMS 0x0000000088400000, 0x0000000088400000| Complete 
| 133|0x0000000088500000, 0x0000000088600000, 0x0000000088600000|100%| E|CS|TAMS 0x0000000088500000, 0x0000000088500000| Complete 
| 134|0x0000000088600000, 0x0000000088700000, 0x0000000088700000|100%| E|CS|TAMS 0x0000000088600000, 0x0000000088600000| Complete 
| 135|0x0000000088700000, 0x0000000088800000, 0x0000000088800000|100%| E|CS|TAMS 0x0000000088700000, 0x0000000088700000| Complete 
| 136|0x0000000088800000, 0x00000000888c7d98, 0x0000000088900000| 78%| S|CS|TAMS 0x0000000088800000, 0x0000000088800000| Complete 
| 251|0x000000008fb00000, 0x000000008fc00000, 0x000000008fc00000|100%| E|CS|TAMS 0x000000008fb00000, 0x000000008fb00000| Complete 

Card table byte_map: [0x0000018116e80000,0x0000018117280000] _byte_map_base: 0x0000018116a80000

Marking Bits (Prev, Next): (CMBitMap*) 0x000001817f1d0b40, (CMBitMap*) 0x000001817f1d0b00
 Prev Bits: [0x0000018119680000, 0x000001811b680000)
 Next Bits: [0x0000018117680000, 0x0000018119680000)

Polling page: 0x000001817d0b0000

Metaspace:

Usage:
  Non-class:     57.54 MB used.
      Class:      9.46 MB used.
       Both:     67.00 MB used.

Virtual space:
  Non-class space:       64.00 MB reserved,      57.94 MB ( 91%) committed,  1 nodes.
      Class space:      416.00 MB reserved,       9.81 MB (  2%) committed,  1 nodes.
             Both:      480.00 MB reserved,      67.75 MB ( 14%) committed. 

Chunk freelists:
   Non-Class:  5.66 MB
       Class:  6.20 MB
        Both:  11.86 MB

MaxMetaspaceSize: 512.00 MB
CompressedClassSpaceSize: 416.00 MB
Initial GC threshold: 21.00 MB
Current GC threshold: 105.25 MB
CDS: on
MetaspaceReclaimPolicy: balanced
 - commit_granule_bytes: 65536.
 - commit_granule_words: 8192.
 - virtual_space_node_default_size: 8388608.
 - enlarge_chunks_in_place: 1.
 - new_chunks_are_fully_committed: 0.
 - uncommit_free_chunks: 1.
 - use_allocation_guard: 0.
 - handle_deallocations: 1.


Internal statistics:

num_allocs_failed_limit: 6.
num_arena_births: 1022.
num_arena_deaths: 0.
num_vsnodes_births: 2.
num_vsnodes_deaths: 0.
num_space_committed: 1084.
num_space_uncommitted: 0.
num_chunks_returned_to_freelist: 6.
num_chunks_taken_from_freelist: 3997.
num_chunk_merges: 6.
num_chunk_splits: 2568.
num_chunks_enlarged: 1626.
num_inconsistent_stats: 0.

CodeHeap 'non-profiled nmethods': size=119168Kb used=5209Kb max_used=5209Kb free=113959Kb
 bounds [0x000001810f620000, 0x000001810fb40000, 0x0000018116a80000]
CodeHeap 'profiled nmethods': size=119104Kb used=16596Kb max_used=16596Kb free=102507Kb
 bounds [0x0000018107a80000, 0x0000018108ac0000, 0x000001810eed0000]
CodeHeap 'non-nmethods': size=7488Kb used=2942Kb max_used=4118Kb free=4545Kb
 bounds [0x000001810eed0000, 0x000001810f2e0000, 0x000001810f620000]
 total_blobs=9416 nmethods=8509 adapters=818
 compilation: enabled
              stopped_count=0, restarted_count=0
 full_count=0

Compilation events (20 events):
Event: 5.898 Thread 0x0000018140065d50 9257       1       org.gradle.launcher.daemon.server.exec.LogToClient::access$100 (5 bytes)
Event: 5.898 Thread 0x0000018140065d50 nmethod 9257 0x000001810fb33710 code [0x000001810fb338a0, 0x000001810fb33958]
Event: 5.900 Thread 0x000001811e20d760 9258       3       sun.security.provider.SHA2::implCompress0 (490 bytes)
Event: 5.900 Thread 0x000001811e20d760 nmethod 9258 0x0000018108aacc10 code [0x0000018108aace00, 0x0000018108aad688]
Event: 5.904 Thread 0x000001811e9c06a0 nmethod 9252% 0x000001810fb33a10 code [0x000001810fb33bc0, 0x000001810fb34838]
Event: 5.905 Thread 0x000001811e20d0e0 9259       3       java.lang.ProcessEnvironment$CheckedEntry::getValue (5 bytes)
Event: 5.905 Thread 0x000001811e20d760 9260       3       java.lang.ProcessEnvironment$CheckedEntry::getValue (13 bytes)
Event: 5.906 Thread 0x000001811e20d760 nmethod 9260 0x0000018108aadb10 code [0x0000018108aadcc0, 0x0000018108aadf88]
Event: 5.906 Thread 0x000001811e20d0e0 nmethod 9259 0x0000018108aae090 code [0x0000018108aae240, 0x0000018108aae588]
Event: 5.908 Thread 0x0000018140065d50 9261       1       java.lang.ThreadGroup::getMaxPriority (5 bytes)
Event: 5.908 Thread 0x0000018140065d50 nmethod 9261 0x000001810fb35210 code [0x000001810fb353a0, 0x000001810fb35478]
Event: 5.909 Thread 0x000001811e20d760 9263       3       java.lang.ProcessEnvironment$EntryComparator::compare (13 bytes)
Event: 5.909 Thread 0x0000018140065d50 9264       3       java.lang.ProcessEnvironment$EntryComparator::compare (25 bytes)
Event: 5.909 Thread 0x0000018140065d50 nmethod 9264 0x0000018108aae690 code [0x0000018108aae860, 0x0000018108aaed48]
Event: 5.909 Thread 0x000001811e20d760 nmethod 9263 0x0000018108aaee90 code [0x0000018108aaf080, 0x0000018108aaf7e8]
Event: 5.920 Thread 0x0000018140065d50 9268       1       java.lang.Thread::isDaemon (5 bytes)
Event: 5.920 Thread 0x000001811e20d760 9269       1       java.lang.Thread::getPriority (5 bytes)
Event: 5.920 Thread 0x0000018140065d50 nmethod 9268 0x000001810fb35e10 code [0x000001810fb35fa0, 0x000001810fb36078]
Event: 5.920 Thread 0x000001811e20d760 nmethod 9269 0x000001810fb36110 code [0x000001810fb362a0, 0x000001810fb36378]
Event: 6.913 Thread 0x000001811e20d0e0 9270       3       javax.management.ObjectName::construct (1135 bytes)

GC Heap History (20 events):
Event: 3.843 GC heap before
{Heap before GC invocations=13 (full 0):
 garbage-first heap   total 100352K, used 79424K [0x0000000080000000, 0x0000000100000000)
  region size 1024K, 47 young (48128K), 6 survivors (6144K)
 Metaspace       used 50301K, committed 50816K, reserved 491520K
  class space    used 7061K, committed 7296K, reserved 425984K
}
Event: 3.845 GC heap after
{Heap after GC invocations=14 (full 0):
 garbage-first heap   total 100352K, used 39898K [0x0000000080000000, 0x0000000100000000)
  region size 1024K, 6 young (6144K), 6 survivors (6144K)
 Metaspace       used 50301K, committed 50816K, reserved 491520K
  class space    used 7061K, committed 7296K, reserved 425984K
}
Event: 4.157 GC heap before
{Heap before GC invocations=14 (full 0):
 garbage-first heap   total 100352K, used 78810K [0x0000000080000000, 0x0000000100000000)
  region size 1024K, 45 young (46080K), 6 survivors (6144K)
 Metaspace       used 52687K, committed 53312K, reserved 491520K
  class space    used 7385K, committed 7680K, reserved 425984K
}
Event: 4.160 GC heap after
{Heap after GC invocations=15 (full 0):
 garbage-first heap   total 100352K, used 43190K [0x0000000080000000, 0x0000000100000000)
  region size 1024K, 6 young (6144K), 6 survivors (6144K)
 Metaspace       used 52687K, committed 53312K, reserved 491520K
  class space    used 7385K, committed 7680K, reserved 425984K
}
Event: 4.451 GC heap before
{Heap before GC invocations=15 (full 0):
 garbage-first heap   total 100352K, used 86198K [0x0000000080000000, 0x0000000100000000)
  region size 1024K, 42 young (43008K), 6 survivors (6144K)
 Metaspace       used 55808K, committed 56512K, reserved 491520K
  class space    used 7792K, committed 8128K, reserved 425984K
}
Event: 4.454 GC heap after
{Heap after GC invocations=16 (full 0):
 garbage-first heap   total 100352K, used 53701K [0x0000000080000000, 0x0000000100000000)
  region size 1024K, 5 young (5120K), 5 survivors (5120K)
 Metaspace       used 55808K, committed 56512K, reserved 491520K
  class space    used 7792K, committed 8128K, reserved 425984K
}
Event: 4.625 GC heap before
{Heap before GC invocations=16 (full 0):
 garbage-first heap   total 100352K, used 80325K [0x0000000080000000, 0x0000000100000000)
  region size 1024K, 31 young (31744K), 5 survivors (5120K)
 Metaspace       used 57719K, committed 58368K, reserved 491520K
  class space    used 8072K, committed 8384K, reserved 425984K
}
Event: 4.627 GC heap after
{Heap after GC invocations=17 (full 0):
 garbage-first heap   total 100352K, used 55086K [0x0000000080000000, 0x0000000100000000)
  region size 1024K, 2 young (2048K), 2 survivors (2048K)
 Metaspace       used 57719K, committed 58368K, reserved 491520K
  class space    used 8072K, committed 8384K, reserved 425984K
}
Event: 4.793 GC heap before
{Heap before GC invocations=18 (full 0):
 garbage-first heap   total 100352K, used 80686K [0x0000000080000000, 0x0000000100000000)
  region size 1024K, 28 young (28672K), 2 survivors (2048K)
 Metaspace       used 59737K, committed 60416K, reserved 491520K
  class space    used 8388K, committed 8704K, reserved 425984K
}
Event: 4.795 GC heap after
{Heap after GC invocations=19 (full 0):
 garbage-first heap   total 100352K, used 55564K [0x0000000080000000, 0x0000000100000000)
  region size 1024K, 2 young (2048K), 2 survivors (2048K)
 Metaspace       used 59737K, committed 60416K, reserved 491520K
  class space    used 8388K, committed 8704K, reserved 425984K
}
Event: 4.951 GC heap before
{Heap before GC invocations=19 (full 0):
 garbage-first heap   total 100352K, used 78092K [0x0000000080000000, 0x0000000100000000)
  region size 1024K, 25 young (25600K), 2 survivors (2048K)
 Metaspace       used 61458K, committed 62144K, reserved 491520K
  class space    used 8691K, committed 9024K, reserved 425984K
}
Event: 4.953 GC heap after
{Heap after GC invocations=20 (full 0):
 garbage-first heap   total 100352K, used 56353K [0x0000000080000000, 0x0000000100000000)
  region size 1024K, 3 young (3072K), 3 survivors (3072K)
 Metaspace       used 61458K, committed 62144K, reserved 491520K
  class space    used 8691K, committed 9024K, reserved 425984K
}
Event: 5.135 GC heap before
{Heap before GC invocations=21 (full 0):
 garbage-first heap   total 102400K, used 87073K [0x0000000080000000, 0x0000000100000000)
  region size 1024K, 30 young (30720K), 3 survivors (3072K)
 Metaspace       used 62807K, committed 63488K, reserved 491520K
  class space    used 8892K, committed 9216K, reserved 425984K
}
Event: 5.136 GC heap after
{Heap after GC invocations=22 (full 0):
 garbage-first heap   total 102400K, used 60852K [0x0000000080000000, 0x0000000100000000)
  region size 1024K, 3 young (3072K), 3 survivors (3072K)
 Metaspace       used 62807K, committed 63488K, reserved 491520K
  class space    used 8892K, committed 9216K, reserved 425984K
}
Event: 5.336 GC heap before
{Heap before GC invocations=22 (full 0):
 garbage-first heap   total 102400K, used 85428K [0x0000000080000000, 0x0000000100000000)
  region size 1024K, 28 young (28672K), 3 survivors (3072K)
 Metaspace       used 63933K, committed 64576K, reserved 491520K
  class space    used 9064K, committed 9408K, reserved 425984K
}
Event: 5.338 GC heap after
{Heap after GC invocations=23 (full 0):
 garbage-first heap   total 122880K, used 63008K [0x0000000080000000, 0x0000000100000000)
  region size 1024K, 4 young (4096K), 4 survivors (4096K)
 Metaspace       used 63933K, committed 64576K, reserved 491520K
  class space    used 9064K, committed 9408K, reserved 425984K
}
Event: 5.682 GC heap before
{Heap before GC invocations=24 (full 0):
 garbage-first heap   total 122880K, used 99872K [0x0000000080000000, 0x0000000100000000)
  region size 1024K, 40 young (40960K), 4 survivors (4096K)
 Metaspace       used 65850K, committed 66624K, reserved 491520K
  class space    used 9306K, committed 9664K, reserved 425984K
}
Event: 5.684 GC heap after
{Heap after GC invocations=25 (full 0):
 garbage-first heap   total 122880K, used 66226K [0x0000000080000000, 0x0000000100000000)
  region size 1024K, 5 young (5120K), 5 survivors (5120K)
 Metaspace       used 65850K, committed 66624K, reserved 491520K
  class space    used 9306K, committed 9664K, reserved 425984K
}
Event: 5.691 GC heap before
{Heap before GC invocations=25 (full 0):
 garbage-first heap   total 122880K, used 67250K [0x0000000080000000, 0x0000000100000000)
  region size 1024K, 6 young (6144K), 5 survivors (5120K)
 Metaspace       used 65932K, committed 66688K, reserved 491520K
  class space    used 9322K, committed 9664K, reserved 425984K
}
Event: 5.694 GC heap after
{Heap after GC invocations=26 (full 0):
 garbage-first heap   total 122880K, used 66500K [0x0000000080000000, 0x0000000100000000)
  region size 1024K, 1 young (1024K), 1 survivors (1024K)
 Metaspace       used 65932K, committed 66688K, reserved 491520K
  class space    used 9322K, committed 9664K, reserved 425984K
}

Dll operation events (15 events):
Event: 0.005 Loaded shared library C:\Program Files\Eclipse Adoptium\jdk-17.0.14.7-hotspot\bin\java.dll
Event: 0.015 Loaded shared library C:\Program Files\Eclipse Adoptium\jdk-17.0.14.7-hotspot\bin\jsvml.dll
Event: 0.038 Loaded shared library C:\Program Files\Eclipse Adoptium\jdk-17.0.14.7-hotspot\bin\zip.dll
Event: 0.040 Loaded shared library C:\Program Files\Eclipse Adoptium\jdk-17.0.14.7-hotspot\bin\instrument.dll
Event: 0.042 Loaded shared library C:\Program Files\Eclipse Adoptium\jdk-17.0.14.7-hotspot\bin\net.dll
Event: 0.043 Loaded shared library C:\Program Files\Eclipse Adoptium\jdk-17.0.14.7-hotspot\bin\nio.dll
Event: 0.044 Loaded shared library C:\Program Files\Eclipse Adoptium\jdk-17.0.14.7-hotspot\bin\zip.dll
Event: 0.153 Loaded shared library C:\Program Files\Eclipse Adoptium\jdk-17.0.14.7-hotspot\bin\jimage.dll
Event: 0.220 Loaded shared library C:\Program Files\Eclipse Adoptium\jdk-17.0.14.7-hotspot\bin\verify.dll
Event: 0.300 Loaded shared library C:\Users\DIGI ROUTE\.gradle\native\c067742578af261105cb4f569cf0c3c89f3d7b1fecec35dd04571415982c5e48\windows-amd64\native-platform.dll
Event: 0.308 Loaded shared library C:\Users\DIGI ROUTE\.gradle\native\100fb08df4bc3b14c8652ba06237920a3bd2aa13389f12d3474272988ae205f9\windows-amd64\native-platform-file-events.dll
Event: 0.878 Loaded shared library C:\Program Files\Eclipse Adoptium\jdk-17.0.14.7-hotspot\bin\management.dll
Event: 0.879 Loaded shared library C:\Program Files\Eclipse Adoptium\jdk-17.0.14.7-hotspot\bin\management_ext.dll
Event: 0.979 Loaded shared library C:\Program Files\Eclipse Adoptium\jdk-17.0.14.7-hotspot\bin\extnet.dll
Event: 1.110 Loaded shared library C:\Program Files\Eclipse Adoptium\jdk-17.0.14.7-hotspot\bin\sunmscapi.dll

Deoptimization events (20 events):
Event: 5.891 Thread 0x000001813fa53ed0 DEOPT PACKING pc=0x000001810fa7ee28 sp=0x0000000dfd6feb40
Event: 5.891 Thread 0x000001813fa53ed0 DEOPT UNPACKING pc=0x000001810ef269a3 sp=0x0000000dfd6feb28 mode 2
Event: 5.899 Thread 0x0000018140631060 Uncommon trap: trap_request=0xffffff45 fr.pc=0x000001810f8925e0 relative=0x0000000000000060
Event: 5.899 Thread 0x0000018140631060 Uncommon trap: reason=unstable_if action=reinterpret pc=0x000001810f8925e0 method=java.util.HashMap$KeySpliterator.characteristics()I @ 4 c2
Event: 5.899 Thread 0x0000018140631060 DEOPT PACKING pc=0x000001810f8925e0 sp=0x0000000df77f6a10
Event: 5.899 Thread 0x0000018140631060 DEOPT UNPACKING pc=0x000001810ef269a3 sp=0x0000000df77f69a8 mode 2
Event: 5.902 Thread 0x000001813fa52580 Uncommon trap: trap_request=0xffffff45 fr.pc=0x000001810f9f984c relative=0x0000000000001fac
Event: 5.902 Thread 0x000001813fa52580 Uncommon trap: reason=unstable_if action=reinterpret pc=0x000001810f9f984c method=org.objectweb.asm.MethodWriter.putMethodInfo(Lorg/objectweb/asm/ByteVector;)V @ 9 c2
Event: 5.902 Thread 0x000001813fa52580 DEOPT PACKING pc=0x000001810f9f984c sp=0x0000000dfd7fe1f0
Event: 5.902 Thread 0x000001813fa52580 DEOPT UNPACKING pc=0x000001810ef269a3 sp=0x0000000dfd7fe1a0 mode 2
Event: 5.920 Thread 0x000001813fa57680 Uncommon trap: trap_request=0xffffffde fr.pc=0x000001810f8b10d8 relative=0x0000000000000958
Event: 5.920 Thread 0x000001813fa57680 Uncommon trap: reason=class_check action=maybe_recompile pc=0x000001810f8b10d8 method=java.io.BufferedInputStream.read1([BII)I @ 39 c2
Event: 5.920 Thread 0x000001813fa57680 DEOPT PACKING pc=0x000001810f8b10d8 sp=0x0000000dfe4ff0c0
Event: 5.920 Thread 0x000001813fa57680 DEOPT UNPACKING pc=0x000001810ef269a3 sp=0x0000000dfe4fefd8 mode 2
Event: 6.069 Thread 0x000001813fa57680 Uncommon trap: trap_request=0xffffffde fr.pc=0x000001810f8b10d8 relative=0x0000000000000958
Event: 6.069 Thread 0x000001813fa57680 Uncommon trap: reason=class_check action=maybe_recompile pc=0x000001810f8b10d8 method=java.io.BufferedInputStream.read1([BII)I @ 39 c2
Event: 6.069 Thread 0x000001813fa57680 DEOPT PACKING pc=0x000001810f8b10d8 sp=0x0000000dfe4ff0c0
Event: 6.913 Thread 0x00000181401eb260 Uncommon trap: trap_request=0xffffff45 fr.pc=0x000001810fac8c48 relative=0x00000000000001a8
Event: 6.913 Thread 0x00000181401eb260 Uncommon trap: reason=unstable_if action=reinterpret pc=0x000001810fac8c48 method=org.gradle.internal.time.MonotonicClock.syncIsDue(JJJ)Z @ 7 c2
Event: 6.913 Thread 0x00000181401eb260 DEOPT PACKING pc=0x000001810fac8c48 sp=0x0000000df71ff270

Classes loaded (20 events):
Event: 5.853 Loading class java/text/CharacterIterator
Event: 5.853 Loading class java/text/CharacterIterator done
Event: 5.853 Loading class java/text/StringCharacterIterator
Event: 5.854 Loading class java/text/StringCharacterIterator done
Event: 5.871 Loading class jdk/internal/reflect/UnsafeObjectFieldAccessorImpl
Event: 5.871 Loading class jdk/internal/reflect/UnsafeObjectFieldAccessorImpl done
Event: 5.889 Loading class java/util/stream/ReferencePipeline$15
Event: 5.889 Loading class java/util/stream/ReferencePipeline$15 done
Event: 5.890 Loading class java/util/stream/ReferencePipeline$15$1
Event: 5.890 Loading class java/util/stream/ReferencePipeline$15$1 done
Event: 5.908 Loading class java/lang/ProcessImpl
Event: 5.908 Loading class java/lang/ProcessImpl done
Event: 5.917 Loading class java/lang/ProcessHandleImpl
Event: 5.917 Loading class java/lang/ProcessHandleImpl done
Event: 5.918 Loading class java/lang/ProcessImpl$2
Event: 5.918 Loading class java/lang/ProcessImpl$2 done
Event: 5.918 Loading class java/lang/Process$PipeInputStream
Event: 5.918 Loading class java/lang/Process$PipeInputStream done
Event: 5.919 Loading class jdk/internal/event/ProcessStartEvent
Event: 5.919 Loading class jdk/internal/event/ProcessStartEvent done

Classes unloaded (0 events):
No events

Classes redefined (0 events):
No events

Internal exceptions (20 events):
Event: 5.844 Thread 0x0000018140631060 Exception <a 'java/lang/IncompatibleClassChangeError'{0x0000000086007ee8}: Found class java.lang.Object, but interface was expected> (0x0000000086007ee8) 
thrown [s\src\hotspot\share\interpreter\linkResolver.cpp, line 826]
Event: 5.861 Thread 0x0000018140631060 Exception <a 'java/lang/ClassNotFoundException'{0x0000000085fcf020}: org/gradle/api/internal/project/DefaultAntBuilderBeanInfo> (0x0000000085fcf020) 
thrown [s\src\hotspot\share\classfile\systemDictionary.cpp, line 256]
Event: 5.861 Thread 0x0000018140631060 Exception <a 'java/lang/ClassNotFoundException'{0x0000000085fdd8d0}: org/gradle/api/internal/project/ant/BasicAntBuilderBeanInfo> (0x0000000085fdd8d0) 
thrown [s\src\hotspot\share\classfile\systemDictionary.cpp, line 256]
Event: 5.861 Thread 0x0000018140631060 Exception <a 'java/lang/ClassNotFoundException'{0x0000000085feb948}: org/gradle/api/AntBuilderBeanInfo> (0x0000000085feb948) 
thrown [s\src\hotspot\share\classfile\systemDictionary.cpp, line 256]
Event: 5.862 Thread 0x0000018140631060 Exception <a 'java/lang/ClassNotFoundException'{0x0000000085ffaf30}: groovy/ant/AntBuilderBeanInfo> (0x0000000085ffaf30) 
thrown [s\src\hotspot\share\classfile\systemDictionary.cpp, line 256]
Event: 5.862 Thread 0x0000018140631060 Exception <a 'java/lang/ClassNotFoundException'{0x0000000085e3f298}: groovy/util/BuilderSupportBeanInfo> (0x0000000085e3f298) 
thrown [s\src\hotspot\share\classfile\systemDictionary.cpp, line 256]
Event: 5.862 Thread 0x0000018140631060 Exception <a 'java/lang/ClassNotFoundException'{0x0000000085e83538}: groovy/util/BuilderSupportCustomizer> (0x0000000085e83538) 
thrown [s\src\hotspot\share\classfile\systemDictionary.cpp, line 256]
Event: 5.863 Thread 0x0000018140631060 Exception <a 'java/lang/ClassNotFoundException'{0x0000000085e95258}: groovy/ant/AntBuilderCustomizer> (0x0000000085e95258) 
thrown [s\src\hotspot\share\classfile\systemDictionary.cpp, line 256]
Event: 5.863 Thread 0x0000018140631060 Exception <a 'java/lang/ClassNotFoundException'{0x0000000085ea7ef8}: org/gradle/api/AntBuilderCustomizer> (0x0000000085ea7ef8) 
thrown [s\src\hotspot\share\classfile\systemDictionary.cpp, line 256]
Event: 5.864 Thread 0x0000018140631060 Exception <a 'java/lang/ClassNotFoundException'{0x0000000085ec1958}: org/gradle/api/internal/project/ant/BasicAntBuilderCustomizer> (0x0000000085ec1958) 
thrown [s\src\hotspot\share\classfile\systemDictionary.cpp, line 256]
Event: 5.864 Thread 0x0000018140631060 Exception <a 'java/lang/ClassNotFoundException'{0x0000000085ee2b98}: org/gradle/api/internal/project/DefaultAntBuilderCustomizer> (0x0000000085ee2b98) 
thrown [s\src\hotspot\share\classfile\systemDictionary.cpp, line 256]
Event: 5.886 Thread 0x0000018140631060 Exception <a 'java/lang/NoSuchMethodError'{0x0000000085b79e58}: 'java.lang.Object java.lang.invoke.DirectMethodHandle$Holder.newInvokeSpecial(java.lang.Object, java.lang.Object, java.lang.Object, java.lang.Object, java.lang.Object, java.lang.Object, int)'> (0x0000000085b79e58) 
thrown [s\src\hotspot\share\interpreter\linkResolver.cpp, line 759]
Event: 5.886 Thread 0x0000018140631060 Exception <a 'java/lang/NoSuchMethodError'{0x0000000085b80000}: 'java.lang.Object java.lang.invoke.DirectMethodHandle$Holder.invokeSpecial(java.lang.Object, java.lang.Object, java.lang.Object, java.lang.Object, java.lang.Object, java.lang.Object, java.lang.Object, int)'> (0x0000000085b80000) 
thrown [s\src\hotspot\share\interpreter\linkResolver.cpp, line 759]
Event: 5.886 Thread 0x0000018140631060 Exception <a 'java/lang/NoSuchMethodError'{0x0000000085b85928}: 'java.lang.Object java.lang.invoke.Invokers$Holder.linkToTargetMethod(java.lang.Object, java.lang.Object, java.lang.Object, java.lang.Object, java.lang.Object, int, java.lang.Object)'> (0x0000000085b85928) 
thrown [s\src\hotspot\share\interpreter\linkResolver.cpp, line 759]
Event: 5.891 Thread 0x000001813fa53ed0 Implicit null exception at 0x000001810f8e8bdd to 0x000001810f8e8d48
Event: 5.891 Thread 0x000001813fa53ed0 Implicit null exception at 0x000001810fa7e6be to 0x000001810fa7ee08
Event: 5.917 Thread 0x000001813fa55310 Exception <a 'java/lang/NoSuchMethodError'{0x00000000858649b8}: 'void java.lang.invoke.DirectMethodHandle$Holder.invokeStatic(java.lang.Object, long)'> (0x00000000858649b8) 
thrown [s\src\hotspot\share\interpreter\linkResolver.cpp, line 759]
Event: 5.917 Thread 0x000001813fa55310 Exception <a 'java/lang/NoSuchMethodError'{0x000000008588b3a0}: 'java.lang.Object java.lang.invoke.DirectMethodHandle$Holder.invokeStatic(java.lang.Object, java.lang.Object, long, java.lang.Object)'> (0x000000008588b3a0) 
thrown [s\src\hotspot\share\interpreter\linkResolver.cpp, line 759]
Event: 5.918 Thread 0x000001813fa55310 Exception <a 'java/lang/NoSuchMethodError'{0x000000008588eb78}: 'java.lang.Object java.lang.invoke.DirectMethodHandle$Holder.invokeStaticInit(java.lang.Object, java.lang.Object, long, java.lang.Object)'> (0x000000008588eb78) 
thrown [s\src\hotspot\share\interpreter\linkResolver.cpp, line 759]
Event: 6.077 Thread 0x000001813fa55310 Exception <a 'java/lang/NoSuchMethodError'{0x00000000858a21d8}: 'void java.lang.invoke.DirectMethodHandle$Holder.invokeSpecial(java.lang.Object, java.lang.Object, int)'> (0x00000000858a21d8) 
thrown [s\src\hotspot\share\interpreter\linkResolver.cpp, line 759]

VM Operations (20 events):
Event: 5.329 Executing VM operation: HandshakeAllThreads done
Event: 5.336 Executing VM operation: G1CollectForAllocation
Event: 5.338 Executing VM operation: G1CollectForAllocation done
Event: 5.348 Executing VM operation: G1PauseRemark
Event: 5.351 Executing VM operation: G1PauseRemark done
Event: 5.356 Executing VM operation: G1PauseCleanup
Event: 5.356 Executing VM operation: G1PauseCleanup done
Event: 5.457 Executing VM operation: ICBufferFull
Event: 5.458 Executing VM operation: ICBufferFull done
Event: 5.581 Executing VM operation: ICBufferFull
Event: 5.581 Executing VM operation: ICBufferFull done
Event: 5.681 Executing VM operation: G1CollectForAllocation
Event: 5.684 Executing VM operation: G1CollectForAllocation done
Event: 5.691 Executing VM operation: G1CollectForAllocation
Event: 5.694 Executing VM operation: G1CollectForAllocation done
Event: 5.895 Executing VM operation: ICBufferFull
Event: 5.895 Executing VM operation: ICBufferFull done
Event: 5.919 Executing VM operation: HandshakeAllThreads
Event: 5.919 Executing VM operation: HandshakeAllThreads done
Event: 6.918 Executing VM operation: Cleanup

Memory protections (0 events):
No events

Nmethod flushes (20 events):
Event: 2.880 Thread 0x000001811e1f0d30 flushing  nmethod 0x00000181082b2e90
Event: 2.880 Thread 0x000001811e1f0d30 flushing  nmethod 0x00000181082b3a10
Event: 2.880 Thread 0x000001811e1f0d30 flushing  nmethod 0x00000181082b4210
Event: 2.880 Thread 0x000001811e1f0d30 flushing  nmethod 0x00000181082b5390
Event: 2.880 Thread 0x000001811e1f0d30 flushing  nmethod 0x00000181082b5910
Event: 2.880 Thread 0x000001811e1f0d30 flushing  nmethod 0x00000181082bcb90
Event: 2.880 Thread 0x000001811e1f0d30 flushing  nmethod 0x00000181082c0290
Event: 2.880 Thread 0x000001811e1f0d30 flushing  nmethod 0x00000181082d4810
Event: 2.880 Thread 0x000001811e1f0d30 flushing  nmethod 0x00000181082ea090
Event: 2.880 Thread 0x000001811e1f0d30 flushing  nmethod 0x0000018108302310
Event: 2.880 Thread 0x000001811e1f0d30 flushing  nmethod 0x0000018108302810
Event: 2.880 Thread 0x000001811e1f0d30 flushing  nmethod 0x0000018108303510
Event: 2.880 Thread 0x000001811e1f0d30 flushing  nmethod 0x0000018108303b90
Event: 2.880 Thread 0x000001811e1f0d30 flushing  nmethod 0x0000018108305590
Event: 2.880 Thread 0x000001811e1f0d30 flushing  nmethod 0x0000018108316010
Event: 2.880 Thread 0x000001811e1f0d30 flushing  nmethod 0x0000018108316490
Event: 4.793 Thread 0x000001811e1f0d30 flushing  nmethod 0x000001810f899010
Event: 4.796 Thread 0x000001811e1f0d30 flushing  nmethod 0x0000018107e21610
Event: 4.796 Thread 0x000001811e1f0d30 flushing  nmethod 0x0000018107f57690
Event: 4.798 Thread 0x000001811e1f0d30 flushing  nmethod 0x00000181083dc310

Events (20 events):
Event: 4.140 Thread 0x0000018140631060 Thread added: 0x0000018143be56f0
Event: 4.141 Thread 0x0000018140631060 Thread added: 0x0000018143be6620
Event: 4.141 Thread 0x0000018140631060 Thread added: 0x0000018143be5c00
Event: 4.469 Thread 0x0000018140631060 Thread added: 0x0000018143be6b30
Event: 4.796 Thread 0x0000018140631060 Thread added: 0x0000018143be7a60
Event: 5.890 Thread 0x0000018140631060 Thread added: 0x000001813fa53ed0
Event: 5.891 Thread 0x000001813fa53ed0 Thread added: 0x000001813fa52580
Event: 5.891 Thread 0x000001813fa53ed0 Thread added: 0x000001813fa548f0
Event: 5.891 Thread 0x000001813fa52580 Thread added: 0x000001813fa534b0
Event: 5.891 Thread 0x000001813fa52580 Thread added: 0x000001813fa51b60
Event: 5.891 Thread 0x000001813fa548f0 Thread added: 0x000001813fa52a90
Event: 5.891 Thread 0x000001813fa534b0 Thread added: 0x000001813fa52fa0
Event: 5.891 Thread 0x000001813fa548f0 Thread added: 0x000001813fa539c0
Event: 5.891 Thread 0x000001813fa51b60 Thread added: 0x000001813fa51140
Event: 5.891 Thread 0x000001813fa52a90 Thread added: 0x000001813fa54e00
Event: 5.908 Thread 0x000001813fa52580 Thread added: 0x000001813fa55310
Event: 5.908 Thread 0x000001813fa52580 Thread added: 0x000001813fa55820
Event: 5.920 Thread 0x000001813fa55310 Thread added: 0x000001813fa52070
Event: 5.920 Thread 0x000001813fa52580 Thread added: 0x000001813fa57b90
Event: 5.920 Thread 0x000001813fa55310 Thread added: 0x000001813fa57680


Dynamic libraries:
0x00007ff789570000 - 0x00007ff78957e000 	C:\Program Files\Eclipse Adoptium\jdk-17.0.14.7-hotspot\bin\java.exe
0x00007ff8031a0000 - 0x00007ff803400000 	C:\WINDOWS\SYSTEM32\ntdll.dll
0x00007ff801320000 - 0x00007ff8013e7000 	C:\WINDOWS\System32\KERNEL32.DLL
0x00007ff800880000 - 0x00007ff800c4a000 	C:\WINDOWS\System32\KERNELBASE.dll
0x00007ff800730000 - 0x00007ff80087b000 	C:\WINDOWS\System32\ucrtbase.dll
0x00007ffffa3e0000 - 0x00007ffffa3fe000 	C:\Program Files\Eclipse Adoptium\jdk-17.0.14.7-hotspot\bin\VCRUNTIME140.dll
0x00007fffec9f0000 - 0x00007fffeca07000 	C:\Program Files\Eclipse Adoptium\jdk-17.0.14.7-hotspot\bin\jli.dll
0x00007ff802f90000 - 0x00007ff80315c000 	C:\WINDOWS\System32\USER32.dll
0x00007fffff4d0000 - 0x00007fffff767000 	C:\WINDOWS\WinSxS\amd64_microsoft.windows.common-controls_6595b64144ccf1df_6.0.26100.3624_none_3e086962e3345f24\COMCTL32.dll
0x00007ff800660000 - 0x00007ff800687000 	C:\WINDOWS\System32\win32u.dll
0x00007ff801170000 - 0x00007ff801219000 	C:\WINDOWS\System32\msvcrt.dll
0x00007ff8013f0000 - 0x00007ff80141a000 	C:\WINDOWS\System32\GDI32.dll
0x00007ff800dd0000 - 0x00007ff800f01000 	C:\WINDOWS\System32\gdi32full.dll
0x00007ff800380000 - 0x00007ff800423000 	C:\WINDOWS\System32\msvcp_win.dll
0x00007ff801580000 - 0x00007ff8015af000 	C:\WINDOWS\System32\IMM32.DLL
0x00007fffee520000 - 0x00007fffee52c000 	C:\Program Files\Eclipse Adoptium\jdk-17.0.14.7-hotspot\bin\vcruntime140_1.dll
0x00007fffda1e0000 - 0x00007fffda26d000 	C:\Program Files\Eclipse Adoptium\jdk-17.0.14.7-hotspot\bin\msvcp140.dll
0x00007fff63ce0000 - 0x00007fff6494b000 	C:\Program Files\Eclipse Adoptium\jdk-17.0.14.7-hotspot\bin\server\jvm.dll
0x00007ff802290000 - 0x00007ff802342000 	C:\WINDOWS\System32\ADVAPI32.dll
0x00007ff800fa0000 - 0x00007ff801046000 	C:\WINDOWS\System32\sechost.dll
0x00007ff801050000 - 0x00007ff801166000 	C:\WINDOWS\System32\RPCRT4.dll
0x00007ff801a60000 - 0x00007ff801ad4000 	C:\WINDOWS\System32\WS2_32.dll
0x00007fffffba0000 - 0x00007fffffbfe000 	C:\WINDOWS\SYSTEM32\POWRPROF.dll
0x00007ffff6e70000 - 0x00007ffff6e7b000 	C:\WINDOWS\SYSTEM32\VERSION.dll
0x00007ffff4f40000 - 0x00007ffff4f76000 	C:\WINDOWS\SYSTEM32\WINMM.dll
0x00007fffff870000 - 0x00007fffff884000 	C:\WINDOWS\SYSTEM32\UMPDC.dll
0x00007ffffe8e0000 - 0x00007ffffe8fa000 	C:\WINDOWS\SYSTEM32\kernel.appcore.dll
0x00007fffe4160000 - 0x00007fffe416a000 	C:\Program Files\Eclipse Adoptium\jdk-17.0.14.7-hotspot\bin\jimage.dll
0x00007fffffc10000 - 0x00007fffffe51000 	C:\WINDOWS\SYSTEM32\DBGHELP.DLL
0x00007ff801650000 - 0x00007ff8019d2000 	C:\WINDOWS\System32\combase.dll
0x00007ff801240000 - 0x00007ff801316000 	C:\WINDOWS\System32\OLEAUT32.dll
0x00007fff93a70000 - 0x00007fff93aa9000 	C:\WINDOWS\SYSTEM32\dbgcore.DLL
0x00007ff800690000 - 0x00007ff800729000 	C:\WINDOWS\System32\bcryptPrimitives.dll
0x00007fffda130000 - 0x00007fffda13e000 	C:\Program Files\Eclipse Adoptium\jdk-17.0.14.7-hotspot\bin\instrument.dll
0x00007fffe3620000 - 0x00007fffe3645000 	C:\Program Files\Eclipse Adoptium\jdk-17.0.14.7-hotspot\bin\java.dll
0x00007fffd9b80000 - 0x00007fffd9c57000 	C:\Program Files\Eclipse Adoptium\jdk-17.0.14.7-hotspot\bin\jsvml.dll
0x00007ff801b60000 - 0x00007ff802289000 	C:\WINDOWS\System32\SHELL32.dll
0x00007ff800430000 - 0x00007ff800598000 	C:\WINDOWS\System32\wintypes.dll
0x00007ffffd5f0000 - 0x00007ffffde42000 	C:\WINDOWS\SYSTEM32\windows.storage.dll
0x00007ff802cf0000 - 0x00007ff802ddd000 	C:\WINDOWS\System32\SHCORE.dll
0x00007ff802bc0000 - 0x00007ff802c24000 	C:\WINDOWS\System32\shlwapi.dll
0x00007ff800290000 - 0x00007ff8002bf000 	C:\WINDOWS\SYSTEM32\profapi.dll
0x00007fffe3580000 - 0x00007fffe3598000 	C:\Program Files\Eclipse Adoptium\jdk-17.0.14.7-hotspot\bin\zip.dll
0x00007fffe35c0000 - 0x00007fffe35d9000 	C:\Program Files\Eclipse Adoptium\jdk-17.0.14.7-hotspot\bin\net.dll
0x00007ffff70a0000 - 0x00007ffff71bd000 	C:\WINDOWS\SYSTEM32\WINHTTP.dll
0x00007fffff130000 - 0x00007fffff19a000 	C:\WINDOWS\system32\mswsock.dll
0x00007fffe35a0000 - 0x00007fffe35b6000 	C:\Program Files\Eclipse Adoptium\jdk-17.0.14.7-hotspot\bin\nio.dll
0x00007fffe3610000 - 0x00007fffe3620000 	C:\Program Files\Eclipse Adoptium\jdk-17.0.14.7-hotspot\bin\verify.dll
0x00007fffda140000 - 0x00007fffda167000 	C:\Users\DIGI ROUTE\.gradle\native\c067742578af261105cb4f569cf0c3c89f3d7b1fecec35dd04571415982c5e48\windows-amd64\native-platform.dll
0x00007fffb3a10000 - 0x00007fffb3b54000 	C:\Users\DIGI ROUTE\.gradle\native\100fb08df4bc3b14c8652ba06237920a3bd2aa13389f12d3474272988ae205f9\windows-amd64\native-platform-file-events.dll
0x00007fffe24a0000 - 0x00007fffe24aa000 	C:\Program Files\Eclipse Adoptium\jdk-17.0.14.7-hotspot\bin\management.dll
0x00007fffe2480000 - 0x00007fffe248b000 	C:\Program Files\Eclipse Adoptium\jdk-17.0.14.7-hotspot\bin\management_ext.dll
0x00007ff802530000 - 0x00007ff802538000 	C:\WINDOWS\System32\PSAPI.DLL
0x00007ff800000000 - 0x00007ff80001c000 	C:\WINDOWS\SYSTEM32\CRYPTSP.dll
0x00007ffffea00000 - 0x00007ffffea3a000 	C:\WINDOWS\system32\rsaenh.dll
0x00007fffff1d0000 - 0x00007fffff1fb000 	C:\WINDOWS\SYSTEM32\USERENV.dll
0x00007ff800260000 - 0x00007ff800286000 	C:\WINDOWS\SYSTEM32\bcrypt.dll
0x00007fffff2d0000 - 0x00007fffff2dc000 	C:\WINDOWS\SYSTEM32\CRYPTBASE.dll
0x00007ffffe400000 - 0x00007ffffe433000 	C:\WINDOWS\SYSTEM32\IPHLPAPI.DLL
0x00007ff8019e0000 - 0x00007ff8019ea000 	C:\WINDOWS\System32\NSI.dll
0x00007ffff8df0000 - 0x00007ffff8e0f000 	C:\WINDOWS\SYSTEM32\dhcpcsvc6.DLL
0x00007ffff8dc0000 - 0x00007ffff8de5000 	C:\WINDOWS\SYSTEM32\dhcpcsvc.DLL
0x00007ffffe4d0000 - 0x00007ffffe5f5000 	C:\WINDOWS\SYSTEM32\DNSAPI.dll
0x00007fffddc90000 - 0x00007fffddc99000 	C:\Program Files\Eclipse Adoptium\jdk-17.0.14.7-hotspot\bin\extnet.dll
0x00007fffda120000 - 0x00007fffda12e000 	C:\Program Files\Eclipse Adoptium\jdk-17.0.14.7-hotspot\bin\sunmscapi.dll
0x00007ff800c50000 - 0x00007ff800dc7000 	C:\WINDOWS\System32\CRYPT32.dll
0x00007fffff490000 - 0x00007fffff4c0000 	C:\WINDOWS\SYSTEM32\ncrypt.dll
0x00007fffff440000 - 0x00007fffff47f000 	C:\WINDOWS\SYSTEM32\NTASN1.dll
0x00007fffef4b0000 - 0x00007fffef4b8000 	C:\WINDOWS\system32\wshunix.dll
0x00007ffff0800000 - 0x00007ffff0818000 	C:\WINDOWS\system32\napinsp.dll
0x00007ffff0790000 - 0x00007ffff07a2000 	C:\WINDOWS\System32\winrnr.dll
0x00007ffff0750000 - 0x00007ffff0780000 	C:\WINDOWS\system32\nlansp_c.dll
0x00007ffff6990000 - 0x00007ffff69a6000 	C:\WINDOWS\system32\wshbth.dll
0x00007ffff4ff0000 - 0x00007ffff4ffb000 	C:\Windows\System32\rasadhlp.dll
0x00007ffff90f0000 - 0x00007ffff9175000 	C:\WINDOWS\System32\fwpuclnt.dll

dbghelp: loaded successfully - version: 4.0.5 - missing functions: none
symbol engine: initialized successfully - sym options: 0x614 - pdb path: .;C:\Program Files\Eclipse Adoptium\jdk-17.0.14.7-hotspot\bin;C:\WINDOWS\SYSTEM32;C:\WINDOWS\WinSxS\amd64_microsoft.windows.common-controls_6595b64144ccf1df_6.0.26100.3624_none_3e086962e3345f24;C:\Program Files\Eclipse Adoptium\jdk-17.0.14.7-hotspot\bin\server;C:\Users\DIGI ROUTE\.gradle\native\c067742578af261105cb4f569cf0c3c89f3d7b1fecec35dd04571415982c5e48\windows-amd64;C:\Users\DIGI ROUTE\.gradle\native\100fb08df4bc3b14c8652ba06237920a3bd2aa13389f12d3474272988ae205f9\windows-amd64

VM Arguments:
jvm_args: --add-opens=java.base/java.lang=ALL-UNNAMED --add-opens=java.base/java.lang.invoke=ALL-UNNAMED --add-opens=java.base/java.util=ALL-UNNAMED --add-opens=java.prefs/java.util.prefs=ALL-UNNAMED --add-exports=jdk.compiler/com.sun.tools.javac.api=ALL-UNNAMED --add-exports=jdk.compiler/com.sun.tools.javac.util=ALL-UNNAMED --add-opens=java.base/java.util=ALL-UNNAMED --add-opens=java.prefs/java.util.prefs=ALL-UNNAMED --add-opens=java.base/java.nio.charset=ALL-UNNAMED --add-opens=java.base/java.net=ALL-UNNAMED --add-opens=java.base/java.util.concurrent.atomic=ALL-UNNAMED --add-opens=java.xml/javax.xml.namespace=ALL-UNNAMED -XX:MaxMetaspaceSize=512m -Xmx2048m -Dfile.encoding=windows-1252 -Duser.country=IN -Duser.language=en -Duser.variant -javaagent:C:\Users\DIGI ROUTE\.gradle\wrapper\dists\gradle-8.11.1-bin\bpt9gzteqjrbo1mjrsomdt32c\gradle-8.11.1\lib\agents\gradle-instrumentation-agent-8.11.1.jar 
java_command: org.gradle.launcher.daemon.bootstrap.GradleDaemon 8.11.1
java_class_path (initial): C:\Users\DIGI ROUTE\.gradle\wrapper\dists\gradle-8.11.1-bin\bpt9gzteqjrbo1mjrsomdt32c\gradle-8.11.1\lib\gradle-daemon-main-8.11.1.jar
Launcher Type: SUN_STANDARD

[Global flags]
     intx CICompilerCount                          = 12                                        {product} {ergonomic}
   size_t CompressedClassSpaceSize                 = 436207616                                 {product} {ergonomic}
     uint ConcGCThreads                            = 4                                         {product} {ergonomic}
     uint G1ConcRefinementThreads                  = 15                                        {product} {ergonomic}
   size_t G1HeapRegionSize                         = 1048576                                   {product} {ergonomic}
    uintx GCDrainStackTargetSize                   = 64                                        {product} {ergonomic}
   size_t InitialHeapSize                          = 264241152                                 {product} {ergonomic}
   size_t MarkStackSize                            = 4194304                                   {product} {ergonomic}
   size_t MaxHeapSize                              = 2147483648                                {product} {command line}
   size_t MaxMetaspaceSize                         = 536870912                                 {product} {command line}
   size_t MaxNewSize                               = 1287651328                                {product} {ergonomic}
   size_t MinHeapDeltaBytes                        = 1048576                                   {product} {ergonomic}
   size_t MinHeapSize                              = 8388608                                   {product} {ergonomic}
    uintx NonNMethodCodeHeapSize                   = 7602480                                {pd product} {ergonomic}
    uintx NonProfiledCodeHeapSize                  = 122027880                              {pd product} {ergonomic}
    uintx ProfiledCodeHeapSize                     = 122027880                              {pd product} {ergonomic}
    uintx ReservedCodeCacheSize                    = 251658240                              {pd product} {ergonomic}
     bool SegmentedCodeCache                       = true                                      {product} {ergonomic}
   size_t SoftMaxHeapSize                          = 2147483648                             {manageable} {ergonomic}
     bool UseCompressedClassPointers               = true                           {product lp64_product} {ergonomic}
     bool UseCompressedOops                        = true                           {product lp64_product} {ergonomic}
     bool UseG1GC                                  = true                                      {product} {ergonomic}
     bool UseLargePagesIndividualAllocation        = false                                  {pd product} {ergonomic}

Logging:
Log output configuration:
 #0: stdout all=warning uptime,level,tags
 #1: stderr all=off uptime,level,tags

Environment Variables:
CLASSPATH=C:\Users\DIGI ROUTE\Desktop\wellfareCanteen\android\\gradle\wrapper\gradle-wrapper.jar
PATH=C:\Users\DIGI ROUTE\Desktop\wellfareCanteen\node_modules\.bin;C:\Users\DIGI ROUTE\Desktop\wellfareCanteen\node_modules\.bin;C:\Users\DIGI ROUTE\Desktop\node_modules\.bin;C:\Users\DIGI ROUTE\node_modules\.bin;C:\Users\node_modules\.bin;C:\node_modules\.bin;C:\Users\DIGI ROUTE\AppData\Roaming\npm\node_modules\npm\node_modules\@npmcli\run-script\lib\node-gyp-bin;C:\Program Files\Eclipse Adoptium\jdk-17.0.14.7-hotspot\bin;C:\Program Files\Eclipse Adoptium\jdk-11.0.26.4-hotspot\bin;C:\Program Files\Common Files\Oracle\Java\javapath;C:\Program Files (x86)\Common Files\Oracle\Java\java8path;C:\Program Files (x86)\Common Files\Oracle\Java\javapath;C:\Windows\system32;C:\Windows;C:\Windows\System32\Wbem;C:\Windows\System32\WindowsPowerShell\v1.0\;C:\Windows\System32\OpenSSH\;C:\Program Files (x86)\NVIDIA Corporation\PhysX\Common;C:\Program Files\NVIDIA Corporation\NVIDIA NvDLISR;C:\Program Files\Amazon\AWSCLIV2\;C:\Program Files\nodejs\;C:\WINDOWS\system32;C:\WINDOWS;C:\WINDOWS\System32\Wbem;C:\WINDOWS\System32\WindowsPowerShell\v1.0\;C:\WINDOWS\System32\OpenSSH\;C:\ProgramData\chocolatey\bin;C:\Program Files\Git\cmd;C:\Users\DIGI ROUTE\AppData\Local\Microsoft\WindowsApps;C:\Users\DIGI ROUTE\AppData\Local\Programs\Microsoft VS Code\bin;C:\Users\DIGI ROUTE\AppData\Roaming\npm;C:\Users\DIGI ROUTE\AppData\Local\Android\Sdk\platform-tools;
USERNAME=DIGI ROUTE
OS=Windows_NT
PROCESSOR_IDENTIFIER=Intel64 Family 6 Model 154 Stepping 3, GenuineIntel
TMP=C:\Users\DIGIRO~1\AppData\Local\Temp
TEMP=C:\Users\DIGIRO~1\AppData\Local\Temp



Periodic native trim disabled


---------------  S Y S T E M  ---------------

OS:
 Windows 11 , 64 bit Build 26100 (10.0.26100.3775)
OS uptime: 2 days 1:55 hours

CPU: total 20 (initial active 20) (10 cores per cpu, 2 threads per core) family 6 model 154 stepping 3 microcode 0x434, cx8, cmov, fxsr, ht, mmx, 3dnowpref, sse, sse2, sse3, ssse3, sse4.1, sse4.2, popcnt, lzcnt, tsc, tscinvbit, avx, avx2, aes, erms, clmul, bmi1, bmi2, adx, sha, fma, vzeroupper, clflush, clflushopt, clwb
Processor Information for all 20 processors :
  Max Mhz: 2300, Current Mhz: 2300, Mhz Limit: 2300

Memory: 4k page, system-wide physical 16004M (1401M free)
TotalPageFile size 65156M (AvailPageFile size 163M)
current process WorkingSet (physical memory assigned to process): 358M, peak: 363M
current process commit charge ("private bytes"): 414M, peak: 458M

vm_info: OpenJDK 64-Bit Server VM (17.0.14+7) for windows-amd64 JRE (17.0.14+7), built on Jan 21 2025 23:40:15 by "admin" with MS VC++ 17.7 (VS2022)

END.
