#
# There is insufficient memory for the Java Runtime Environment to continue.
# Native memory allocation (malloc) failed to allocate 1458176 bytes. Error detail: Chunk::new
# Possible reasons:
#   The system is out of physical RAM or swap space
#   This process is running with CompressedOops enabled, and the Java Heap may be blocking the growth of the native heap
# Possible solutions:
#   Reduce memory load on the system
#   Increase physical memory or swap space
#   Check if swap backing store is full
#   Decrease Java heap size (-Xmx/-Xms)
#   Decrease number of Java threads
#   Decrease Java thread stack sizes (-Xss)
#   Set larger code cache with -XX:ReservedCodeCacheSize=
#   JVM is running with Unscaled Compressed Oops mode in which the Java heap is
#     placed in the first 4GB address space. The Java Heap base address is the
#     maximum limit for the native heap growth. Please use -XX:HeapBaseMinAddress
#     to set the Java Heap base and to place the Java Heap above 4GB virtual address.
# This output file may be truncated or incomplete.
#
#  Out of Memory Error (arena.cpp:191), pid=30332, tid=30356
#
# JRE version: OpenJDK Runtime Environment Temurin-17.0.14+7 (17.0.14+7) (build 17.0.14+7)
# Java VM: OpenJDK 64-Bit Server VM Temurin-17.0.14+7 (17.0.14+7, mixed mode, sharing, tiered, compressed oops, compressed class ptrs, g1 gc, windows-amd64)
# No core dump will be written. Minidumps are not enabled by default on client versions of Windows
#

---------------  S U M M A R Y ------------

Command Line: --add-opens=java.base/java.lang=ALL-UNNAMED --add-opens=java.base/java.lang.invoke=ALL-UNNAMED --add-opens=java.base/java.util=ALL-UNNAMED --add-opens=java.prefs/java.util.prefs=ALL-UNNAMED --add-exports=jdk.compiler/com.sun.tools.javac.api=ALL-UNNAMED --add-exports=jdk.compiler/com.sun.tools.javac.util=ALL-UNNAMED --add-opens=java.base/java.util=ALL-UNNAMED --add-opens=java.prefs/java.util.prefs=ALL-UNNAMED --add-opens=java.base/java.nio.charset=ALL-UNNAMED --add-opens=java.base/java.net=ALL-UNNAMED --add-opens=java.base/java.util.concurrent.atomic=ALL-UNNAMED --add-opens=java.xml/javax.xml.namespace=ALL-UNNAMED -XX:MaxMetaspaceSize=512m -Xmx2048m -Dfile.encoding=windows-1252 -Duser.country=IN -Duser.language=en -Duser.variant -javaagent:C:\Users\DIGI ROUTE\.gradle\wrapper\dists\gradle-8.11.1-bin\bpt9gzteqjrbo1mjrsomdt32c\gradle-8.11.1\lib\agents\gradle-instrumentation-agent-8.11.1.jar org.gradle.launcher.daemon.bootstrap.GradleDaemon 8.11.1

Host: 12th Gen Intel(R) Core(TM) i7-12700H, 20 cores, 15G,  Windows 11 , 64 bit Build 26100 (10.0.26100.3775)
Time: Sat May  3 20:14:44 2025 India Standard Time elapsed time: 2.516839 seconds (0d 0h 0m 2s)

---------------  T H R E A D  ---------------

Current thread (0x000002094a300cd0):  JavaThread "C2 CompilerThread3" daemon [_thread_in_native, id=30356, stack(0x000000123ca00000,0x000000123cb00000)]


Current CompileTask:
C2:   2516 2471       4       jdk.internal.org.objectweb.asm.Frame::execute (2305 bytes)

Stack: [0x000000123ca00000,0x000000123cb00000]
Native frames: (J=compiled Java code, j=interpreted, Vv=VM code, C=native code)
V  [jvm.dll+0x682eb9]
V  [jvm.dll+0x8399c8]
V  [jvm.dll+0x83b473]
V  [jvm.dll+0x83bae3]
V  [jvm.dll+0x24715f]
V  [jvm.dll+0xace44]
V  [jvm.dll+0xad4dc]
V  [jvm.dll+0x365b5e]
V  [jvm.dll+0x1baa69]
V  [jvm.dll+0x2182a7]
V  [jvm.dll+0x21758f]
V  [jvm.dll+0x1a3150]
V  [jvm.dll+0x22799c]
V  [jvm.dll+0x225afb]
V  [jvm.dll+0x7ef128]
V  [jvm.dll+0x7e948c]
V  [jvm.dll+0x681d97]
C  [ucrtbase.dll+0x37b0]
C  [KERNEL32.DLL+0x2e8d7]
C  [ntdll.dll+0xb14fc]


---------------  P R O C E S S  ---------------

Threads class SMR info:
_java_thread_list=0x000002094c04c4b0, length=31, elements={
0x000002090b5e0280, 0x000002092a7766e0, 0x000002092a7771b0, 0x000002092a791440,
0x000002092a791e10, 0x000002092a7947f0, 0x000002092a7974d0, 0x000002092a79e5f0,
0x000002092ab7bfe0, 0x000002092ab850c0, 0x000002092ac3ede0, 0x000002092a764820,
0x000002092acccc10, 0x000002092ad90e30, 0x000002094a147d50, 0x000002094a300cd0,
0x000002094afabd50, 0x000002094aa3d660, 0x000002094ad6edd0, 0x000002094be58d60,
0x000002094bf7cf50, 0x000002094b0bcd50, 0x000002094a835880, 0x000002094b97b480,
0x000002094b97c3b0, 0x000002094b97d7f0, 0x000002094b97b990, 0x000002094b97dd00,
0x000002094b97bea0, 0x000002094b97d2e0, 0x000002094b97c8c0
}

Java Threads: ( => current thread )
  0x000002090b5e0280 JavaThread "main" [_thread_blocked, id=21552, stack(0x000000123b400000,0x000000123b500000)]
  0x000002092a7766e0 JavaThread "Reference Handler" daemon [_thread_blocked, id=30700, stack(0x000000123bb00000,0x000000123bc00000)]
  0x000002092a7771b0 JavaThread "Finalizer" daemon [_thread_blocked, id=30612, stack(0x000000123bc00000,0x000000123bd00000)]
  0x000002092a791440 JavaThread "Signal Dispatcher" daemon [_thread_blocked, id=13152, stack(0x000000123bd00000,0x000000123be00000)]
  0x000002092a791e10 JavaThread "Attach Listener" daemon [_thread_blocked, id=20052, stack(0x000000123be00000,0x000000123bf00000)]
  0x000002092a7947f0 JavaThread "Service Thread" daemon [_thread_blocked, id=30372, stack(0x000000123bf00000,0x000000123c000000)]
  0x000002092a7974d0 JavaThread "Monitor Deflation Thread" daemon [_thread_blocked, id=28360, stack(0x000000123c000000,0x000000123c100000)]
  0x000002092a79e5f0 JavaThread "C2 CompilerThread0" daemon [_thread_in_native, id=4332, stack(0x000000123c100000,0x000000123c200000)]
  0x000002092ab7bfe0 JavaThread "C1 CompilerThread0" daemon [_thread_blocked, id=30224, stack(0x000000123c200000,0x000000123c300000)]
  0x000002092ab850c0 JavaThread "Sweeper thread" daemon [_thread_blocked, id=30368, stack(0x000000123c300000,0x000000123c400000)]
  0x000002092ac3ede0 JavaThread "C1 CompilerThread1" daemon [_thread_blocked, id=30232, stack(0x000000123c400000,0x000000123c500000)]
  0x000002092a764820 JavaThread "Common-Cleaner" daemon [_thread_blocked, id=30240, stack(0x000000123c500000,0x000000123c600000)]
  0x000002092acccc10 JavaThread "C2 CompilerThread1" daemon [_thread_blocked, id=19888, stack(0x000000123c600000,0x000000123c700000)]
  0x000002092ad90e30 JavaThread "Notification Thread" daemon [_thread_blocked, id=29960, stack(0x000000123c700000,0x000000123c800000)]
  0x000002094a147d50 JavaThread "C2 CompilerThread2" daemon [_thread_blocked, id=23740, stack(0x000000123c900000,0x000000123ca00000)]
=>0x000002094a300cd0 JavaThread "C2 CompilerThread3" daemon [_thread_in_native, id=30356, stack(0x000000123ca00000,0x000000123cb00000)]
  0x000002094afabd50 JavaThread "C1 CompilerThread2" daemon [_thread_blocked, id=2864, stack(0x000000123d100000,0x000000123d200000)]
  0x000002094aa3d660 JavaThread "C1 CompilerThread3" daemon [_thread_blocked, id=26964, stack(0x000000123d200000,0x000000123d300000)]
  0x000002094ad6edd0 JavaThread "Daemon health stats" [_thread_blocked, id=30624, stack(0x000000123d300000,0x000000123d400000)]
  0x000002094be58d60 JavaThread "Incoming local TCP Connector on port 56306" [_thread_in_native, id=27212, stack(0x000000123d400000,0x000000123d500000)]
  0x000002094bf7cf50 JavaThread "Daemon periodic checks" [_thread_blocked, id=11816, stack(0x000000123d500000,0x000000123d600000)]
  0x000002094b0bcd50 JavaThread "Daemon" [_thread_blocked, id=25344, stack(0x000000123d600000,0x000000123d700000)]
  0x000002094a835880 JavaThread "Handler for socket connection from /127.0.0.1:56306 to /127.0.0.1:56307" [_thread_in_native, id=19972, stack(0x000000123d700000,0x000000123d800000)]
  0x000002094b97b480 JavaThread "Cancel handler" [_thread_blocked, id=23592, stack(0x000000123d800000,0x000000123d900000)]
  0x000002094b97c3b0 JavaThread "Daemon worker" [_thread_in_vm, id=19576, stack(0x000000123d900000,0x000000123da00000)]
  0x000002094b97d7f0 JavaThread "Asynchronous log dispatcher for DefaultDaemonConnection: socket connection from /127.0.0.1:56306 to /127.0.0.1:56307" [_thread_blocked, id=11104, stack(0x000000123da00000,0x000000123db00000)]
  0x000002094b97b990 JavaThread "Stdin handler" [_thread_blocked, id=25548, stack(0x000000123db00000,0x000000123dc00000)]
  0x000002094b97dd00 JavaThread "Daemon client event forwarder" [_thread_blocked, id=26764, stack(0x000000123dc00000,0x000000123dd00000)]
  0x000002094b97bea0 JavaThread "Cache worker for journal cache (C:\Users\DIGI ROUTE\.gradle\caches\journal-1)" [_thread_blocked, id=16708, stack(0x000000123dd00000,0x000000123de00000)]
  0x000002094b97d2e0 JavaThread "File lock request listener" [_thread_in_native, id=27308, stack(0x000000123de00000,0x000000123df00000)]
  0x000002094b97c8c0 JavaThread "Cache worker for file hash cache (C:\Users\DIGI ROUTE\.gradle\caches\8.11.1\fileHashes)" [_thread_blocked, id=30136, stack(0x000000123df00000,0x000000123e000000)]

Other Threads:
  0x000002092a7722f0 VMThread "VM Thread" [stack: 0x000000123ba00000,0x000000123bb00000] [id=5772]
  0x000002090b5e1010 WatcherThread [stack: 0x000000123c800000,0x000000123c900000] [id=29364]
  0x000002090b63f170 GCTaskThread "GC Thread#0" [stack: 0x000000123b500000,0x000000123b600000] [id=29932]
  0x000002094a624f40 GCTaskThread "GC Thread#1" [stack: 0x000000123cc00000,0x000000123cd00000] [id=30360]
  0x000002094a7091a0 GCTaskThread "GC Thread#2" [stack: 0x000000123cd00000,0x000000123ce00000] [id=30364]
  0x000002094a73e0c0 GCTaskThread "GC Thread#3" [stack: 0x000000123ce00000,0x000000123cf00000] [id=10640]
  0x000002092ae96db0 GCTaskThread "GC Thread#4" [stack: 0x000000123cf00000,0x000000123d000000] [id=10984]
  0x000002094a3d1a40 GCTaskThread "GC Thread#5" [stack: 0x000000123d000000,0x000000123d100000] [id=17128]
  0x000002090b650ca0 ConcurrentGCThread "G1 Main Marker" [stack: 0x000000123b600000,0x000000123b700000] [id=30220]
  0x000002090b6515d0 ConcurrentGCThread "G1 Conc#0" [stack: 0x000000123b700000,0x000000123b800000] [id=30228]
  0x000002092a6a8a80 ConcurrentGCThread "G1 Refine#0" [stack: 0x000000123b800000,0x000000123b900000] [id=28364]
  0x000002092a6aa170 ConcurrentGCThread "G1 Service" [stack: 0x000000123b900000,0x000000123ba00000] [id=13028]

Threads with active compile tasks:
C2 CompilerThread0     2543 2592   !   4       java.lang.ClassLoader::loadClass (121 bytes)
C2 CompilerThread3     2543 2471       4       jdk.internal.org.objectweb.asm.Frame::execute (2305 bytes)

VM state: not at safepoint (normal execution)

VM Mutex/Monitor currently owned by a thread: None

Heap address: 0x0000000080000000, size: 2048 MB, Compressed Oops mode: 32-bit

CDS archive(s) mapped at: [0x000002092b000000-0x000002092bbb0000-0x000002092bbb0000), size 12255232, SharedBaseAddress: 0x000002092b000000, ArchiveRelocationMode: 1.
Compressed class space mapped at: 0x000002092c000000-0x0000020946000000, reserved size: 436207616
Narrow klass base: 0x000002092b000000, Narrow klass shift: 0, Narrow klass range: 0x100000000

GC Precious Log:
 CPUs: 20 total, 20 available
 Memory: 16004M
 Large Page Support: Disabled
 NUMA Support: Disabled
 Compressed Oops: Enabled (32-bit)
 Heap Region Size: 1M
 Heap Min Capacity: 8M
 Heap Initial Capacity: 252M
 Heap Max Capacity: 2G
 Pre-touch: Disabled
 Parallel Workers: 15
 Concurrent Workers: 4
 Concurrent Refinement Workers: 15
 Periodic GC: Disabled

Heap:
 garbage-first heap   total 258048K, used 73355K [0x0000000080000000, 0x0000000100000000)
  region size 1024K, 64 young (65536K), 7 survivors (7168K)
 Metaspace       used 14846K, committed 15104K, reserved 491520K
  class space    used 2019K, committed 2176K, reserved 425984K

Heap Regions: E=young(eden), S=young(survivor), O=old, HS=humongous(starts), HC=humongous(continues), CS=collection set, F=free, OA=open archive, CA=closed archive, TAMS=top-at-mark-start (previous, next)
|   0|0x0000000080000000, 0x0000000080100000, 0x0000000080100000|100%|HS|  |TAMS 0x0000000080000000, 0x0000000080000000| Complete 
|   1|0x0000000080100000, 0x0000000080200000, 0x0000000080200000|100%|HC|  |TAMS 0x0000000080100000, 0x0000000080100000| Complete 
|   2|0x0000000080200000, 0x0000000080300000, 0x0000000080300000|100%|HC|  |TAMS 0x0000000080200000, 0x0000000080200000| Complete 
|   3|0x0000000080300000, 0x0000000080400000, 0x0000000080400000|100%| O|  |TAMS 0x0000000080300000, 0x0000000080300000| Untracked 
|   4|0x0000000080400000, 0x0000000080500000, 0x0000000080500000|100%| O|  |TAMS 0x0000000080400000, 0x0000000080400000| Untracked 
|   5|0x0000000080500000, 0x0000000080600000, 0x0000000080600000|100%| O|  |TAMS 0x0000000080500000, 0x0000000080500000| Untracked 
|   6|0x0000000080600000, 0x0000000080700000, 0x0000000080700000|100%|HS|  |TAMS 0x0000000080600000, 0x0000000080600000| Complete 
|   7|0x0000000080700000, 0x0000000080700000, 0x0000000080800000|  0%| F|  |TAMS 0x0000000080700000, 0x0000000080700000| Untracked 
|   8|0x0000000080800000, 0x0000000080900000, 0x0000000080900000|100%| O|  |TAMS 0x0000000080800000, 0x0000000080800000| Untracked 
|   9|0x0000000080900000, 0x00000000809a2e00, 0x0000000080a00000| 63%| O|  |TAMS 0x0000000080900000, 0x0000000080900000| Untracked 
|  10|0x0000000080a00000, 0x0000000080a00000, 0x0000000080b00000|  0%| F|  |TAMS 0x0000000080a00000, 0x0000000080a00000| Untracked 
|  11|0x0000000080b00000, 0x0000000080b00000, 0x0000000080c00000|  0%| F|  |TAMS 0x0000000080b00000, 0x0000000080b00000| Untracked 
|  12|0x0000000080c00000, 0x0000000080c00000, 0x0000000080d00000|  0%| F|  |TAMS 0x0000000080c00000, 0x0000000080c00000| Untracked 
|  13|0x0000000080d00000, 0x0000000080d00000, 0x0000000080e00000|  0%| F|  |TAMS 0x0000000080d00000, 0x0000000080d00000| Untracked 
|  14|0x0000000080e00000, 0x0000000080e00000, 0x0000000080f00000|  0%| F|  |TAMS 0x0000000080e00000, 0x0000000080e00000| Untracked 
|  15|0x0000000080f00000, 0x0000000080f00000, 0x0000000081000000|  0%| F|  |TAMS 0x0000000080f00000, 0x0000000080f00000| Untracked 
|  16|0x0000000081000000, 0x0000000081000000, 0x0000000081100000|  0%| F|  |TAMS 0x0000000081000000, 0x0000000081000000| Untracked 
|  17|0x0000000081100000, 0x0000000081100000, 0x0000000081200000|  0%| F|  |TAMS 0x0000000081100000, 0x0000000081100000| Untracked 
|  18|0x0000000081200000, 0x0000000081200000, 0x0000000081300000|  0%| F|  |TAMS 0x0000000081200000, 0x0000000081200000| Untracked 
|  19|0x0000000081300000, 0x0000000081300000, 0x0000000081400000|  0%| F|  |TAMS 0x0000000081300000, 0x0000000081300000| Untracked 
|  20|0x0000000081400000, 0x0000000081400000, 0x0000000081500000|  0%| F|  |TAMS 0x0000000081400000, 0x0000000081400000| Untracked 
|  21|0x0000000081500000, 0x0000000081500000, 0x0000000081600000|  0%| F|  |TAMS 0x0000000081500000, 0x0000000081500000| Untracked 
|  22|0x0000000081600000, 0x0000000081600000, 0x0000000081700000|  0%| F|  |TAMS 0x0000000081600000, 0x0000000081600000| Untracked 
|  23|0x0000000081700000, 0x0000000081700000, 0x0000000081800000|  0%| F|  |TAMS 0x0000000081700000, 0x0000000081700000| Untracked 
|  24|0x0000000081800000, 0x0000000081800000, 0x0000000081900000|  0%| F|  |TAMS 0x0000000081800000, 0x0000000081800000| Untracked 
|  25|0x0000000081900000, 0x0000000081900000, 0x0000000081a00000|  0%| F|  |TAMS 0x0000000081900000, 0x0000000081900000| Untracked 
|  26|0x0000000081a00000, 0x0000000081a00000, 0x0000000081b00000|  0%| F|  |TAMS 0x0000000081a00000, 0x0000000081a00000| Untracked 
|  27|0x0000000081b00000, 0x0000000081b00000, 0x0000000081c00000|  0%| F|  |TAMS 0x0000000081b00000, 0x0000000081b00000| Untracked 
|  28|0x0000000081c00000, 0x0000000081c00000, 0x0000000081d00000|  0%| F|  |TAMS 0x0000000081c00000, 0x0000000081c00000| Untracked 
|  29|0x0000000081d00000, 0x0000000081d00000, 0x0000000081e00000|  0%| F|  |TAMS 0x0000000081d00000, 0x0000000081d00000| Untracked 
|  30|0x0000000081e00000, 0x0000000081e00000, 0x0000000081f00000|  0%| F|  |TAMS 0x0000000081e00000, 0x0000000081e00000| Untracked 
|  31|0x0000000081f00000, 0x0000000081f00000, 0x0000000082000000|  0%| F|  |TAMS 0x0000000081f00000, 0x0000000081f00000| Untracked 
|  32|0x0000000082000000, 0x0000000082000000, 0x0000000082100000|  0%| F|  |TAMS 0x0000000082000000, 0x0000000082000000| Untracked 
|  33|0x0000000082100000, 0x0000000082100000, 0x0000000082200000|  0%| F|  |TAMS 0x0000000082100000, 0x0000000082100000| Untracked 
|  34|0x0000000082200000, 0x0000000082200000, 0x0000000082300000|  0%| F|  |TAMS 0x0000000082200000, 0x0000000082200000| Untracked 
|  35|0x0000000082300000, 0x0000000082300000, 0x0000000082400000|  0%| F|  |TAMS 0x0000000082300000, 0x0000000082300000| Untracked 
|  36|0x0000000082400000, 0x0000000082400000, 0x0000000082500000|  0%| F|  |TAMS 0x0000000082400000, 0x0000000082400000| Untracked 
|  37|0x0000000082500000, 0x0000000082500000, 0x0000000082600000|  0%| F|  |TAMS 0x0000000082500000, 0x0000000082500000| Untracked 
|  38|0x0000000082600000, 0x0000000082600000, 0x0000000082700000|  0%| F|  |TAMS 0x0000000082600000, 0x0000000082600000| Untracked 
|  39|0x0000000082700000, 0x0000000082700000, 0x0000000082800000|  0%| F|  |TAMS 0x0000000082700000, 0x0000000082700000| Untracked 
|  40|0x0000000082800000, 0x0000000082800000, 0x0000000082900000|  0%| F|  |TAMS 0x0000000082800000, 0x0000000082800000| Untracked 
|  41|0x0000000082900000, 0x0000000082900000, 0x0000000082a00000|  0%| F|  |TAMS 0x0000000082900000, 0x0000000082900000| Untracked 
|  42|0x0000000082a00000, 0x0000000082a00000, 0x0000000082b00000|  0%| F|  |TAMS 0x0000000082a00000, 0x0000000082a00000| Untracked 
|  43|0x0000000082b00000, 0x0000000082b00000, 0x0000000082c00000|  0%| F|  |TAMS 0x0000000082b00000, 0x0000000082b00000| Untracked 
|  44|0x0000000082c00000, 0x0000000082c00000, 0x0000000082d00000|  0%| F|  |TAMS 0x0000000082c00000, 0x0000000082c00000| Untracked 
|  45|0x0000000082d00000, 0x0000000082d00000, 0x0000000082e00000|  0%| F|  |TAMS 0x0000000082d00000, 0x0000000082d00000| Untracked 
|  46|0x0000000082e00000, 0x0000000082e00000, 0x0000000082f00000|  0%| F|  |TAMS 0x0000000082e00000, 0x0000000082e00000| Untracked 
|  47|0x0000000082f00000, 0x0000000082f00000, 0x0000000083000000|  0%| F|  |TAMS 0x0000000082f00000, 0x0000000082f00000| Untracked 
|  48|0x0000000083000000, 0x0000000083000000, 0x0000000083100000|  0%| F|  |TAMS 0x0000000083000000, 0x0000000083000000| Untracked 
|  49|0x0000000083100000, 0x0000000083100000, 0x0000000083200000|  0%| F|  |TAMS 0x0000000083100000, 0x0000000083100000| Untracked 
|  50|0x0000000083200000, 0x0000000083200000, 0x0000000083300000|  0%| F|  |TAMS 0x0000000083200000, 0x0000000083200000| Untracked 
|  51|0x0000000083300000, 0x0000000083300000, 0x0000000083400000|  0%| F|  |TAMS 0x0000000083300000, 0x0000000083300000| Untracked 
|  52|0x0000000083400000, 0x0000000083400000, 0x0000000083500000|  0%| F|  |TAMS 0x0000000083400000, 0x0000000083400000| Untracked 
|  53|0x0000000083500000, 0x0000000083500000, 0x0000000083600000|  0%| F|  |TAMS 0x0000000083500000, 0x0000000083500000| Untracked 
|  54|0x0000000083600000, 0x0000000083600000, 0x0000000083700000|  0%| F|  |TAMS 0x0000000083600000, 0x0000000083600000| Untracked 
|  55|0x0000000083700000, 0x0000000083700000, 0x0000000083800000|  0%| F|  |TAMS 0x0000000083700000, 0x0000000083700000| Untracked 
|  56|0x0000000083800000, 0x0000000083800000, 0x0000000083900000|  0%| F|  |TAMS 0x0000000083800000, 0x0000000083800000| Untracked 
|  57|0x0000000083900000, 0x0000000083900000, 0x0000000083a00000|  0%| F|  |TAMS 0x0000000083900000, 0x0000000083900000| Untracked 
|  58|0x0000000083a00000, 0x0000000083a00000, 0x0000000083b00000|  0%| F|  |TAMS 0x0000000083a00000, 0x0000000083a00000| Untracked 
|  59|0x0000000083b00000, 0x0000000083b00000, 0x0000000083c00000|  0%| F|  |TAMS 0x0000000083b00000, 0x0000000083b00000| Untracked 
|  60|0x0000000083c00000, 0x0000000083c00000, 0x0000000083d00000|  0%| F|  |TAMS 0x0000000083c00000, 0x0000000083c00000| Untracked 
|  61|0x0000000083d00000, 0x0000000083d00000, 0x0000000083e00000|  0%| F|  |TAMS 0x0000000083d00000, 0x0000000083d00000| Untracked 
|  62|0x0000000083e00000, 0x0000000083e00000, 0x0000000083f00000|  0%| F|  |TAMS 0x0000000083e00000, 0x0000000083e00000| Untracked 
|  63|0x0000000083f00000, 0x0000000083f00000, 0x0000000084000000|  0%| F|  |TAMS 0x0000000083f00000, 0x0000000083f00000| Untracked 
|  64|0x0000000084000000, 0x0000000084000000, 0x0000000084100000|  0%| F|  |TAMS 0x0000000084000000, 0x0000000084000000| Untracked 
|  65|0x0000000084100000, 0x0000000084100000, 0x0000000084200000|  0%| F|  |TAMS 0x0000000084100000, 0x0000000084100000| Untracked 
|  66|0x0000000084200000, 0x0000000084200000, 0x0000000084300000|  0%| F|  |TAMS 0x0000000084200000, 0x0000000084200000| Untracked 
|  67|0x0000000084300000, 0x0000000084300000, 0x0000000084400000|  0%| F|  |TAMS 0x0000000084300000, 0x0000000084300000| Untracked 
|  68|0x0000000084400000, 0x0000000084400000, 0x0000000084500000|  0%| F|  |TAMS 0x0000000084400000, 0x0000000084400000| Untracked 
|  69|0x0000000084500000, 0x0000000084500000, 0x0000000084600000|  0%| F|  |TAMS 0x0000000084500000, 0x0000000084500000| Untracked 
|  70|0x0000000084600000, 0x0000000084600000, 0x0000000084700000|  0%| F|  |TAMS 0x0000000084600000, 0x0000000084600000| Untracked 
|  71|0x0000000084700000, 0x0000000084700000, 0x0000000084800000|  0%| F|  |TAMS 0x0000000084700000, 0x0000000084700000| Untracked 
|  72|0x0000000084800000, 0x0000000084800000, 0x0000000084900000|  0%| F|  |TAMS 0x0000000084800000, 0x0000000084800000| Untracked 
|  73|0x0000000084900000, 0x0000000084900000, 0x0000000084a00000|  0%| F|  |TAMS 0x0000000084900000, 0x0000000084900000| Untracked 
|  74|0x0000000084a00000, 0x0000000084a00000, 0x0000000084b00000|  0%| F|  |TAMS 0x0000000084a00000, 0x0000000084a00000| Untracked 
|  75|0x0000000084b00000, 0x0000000084b00000, 0x0000000084c00000|  0%| F|  |TAMS 0x0000000084b00000, 0x0000000084b00000| Untracked 
|  76|0x0000000084c00000, 0x0000000084c00000, 0x0000000084d00000|  0%| F|  |TAMS 0x0000000084c00000, 0x0000000084c00000| Untracked 
|  77|0x0000000084d00000, 0x0000000084d00000, 0x0000000084e00000|  0%| F|  |TAMS 0x0000000084d00000, 0x0000000084d00000| Untracked 
|  78|0x0000000084e00000, 0x0000000084e00000, 0x0000000084f00000|  0%| F|  |TAMS 0x0000000084e00000, 0x0000000084e00000| Untracked 
|  79|0x0000000084f00000, 0x0000000084f00000, 0x0000000085000000|  0%| F|  |TAMS 0x0000000084f00000, 0x0000000084f00000| Untracked 
|  80|0x0000000085000000, 0x0000000085000000, 0x0000000085100000|  0%| F|  |TAMS 0x0000000085000000, 0x0000000085000000| Untracked 
|  81|0x0000000085100000, 0x0000000085100000, 0x0000000085200000|  0%| F|  |TAMS 0x0000000085100000, 0x0000000085100000| Untracked 
|  82|0x0000000085200000, 0x0000000085200000, 0x0000000085300000|  0%| F|  |TAMS 0x0000000085200000, 0x0000000085200000| Untracked 
|  83|0x0000000085300000, 0x0000000085300000, 0x0000000085400000|  0%| F|  |TAMS 0x0000000085300000, 0x0000000085300000| Untracked 
|  84|0x0000000085400000, 0x0000000085400000, 0x0000000085500000|  0%| F|  |TAMS 0x0000000085400000, 0x0000000085400000| Untracked 
|  85|0x0000000085500000, 0x0000000085500000, 0x0000000085600000|  0%| F|  |TAMS 0x0000000085500000, 0x0000000085500000| Untracked 
|  86|0x0000000085600000, 0x0000000085600000, 0x0000000085700000|  0%| F|  |TAMS 0x0000000085600000, 0x0000000085600000| Untracked 
|  87|0x0000000085700000, 0x0000000085700000, 0x0000000085800000|  0%| F|  |TAMS 0x0000000085700000, 0x0000000085700000| Untracked 
|  88|0x0000000085800000, 0x0000000085800000, 0x0000000085900000|  0%| F|  |TAMS 0x0000000085800000, 0x0000000085800000| Untracked 
|  89|0x0000000085900000, 0x0000000085900000, 0x0000000085a00000|  0%| F|  |TAMS 0x0000000085900000, 0x0000000085900000| Untracked 
|  90|0x0000000085a00000, 0x0000000085a00000, 0x0000000085b00000|  0%| F|  |TAMS 0x0000000085a00000, 0x0000000085a00000| Untracked 
|  91|0x0000000085b00000, 0x0000000085b00000, 0x0000000085c00000|  0%| F|  |TAMS 0x0000000085b00000, 0x0000000085b00000| Untracked 
|  92|0x0000000085c00000, 0x0000000085c00000, 0x0000000085d00000|  0%| F|  |TAMS 0x0000000085c00000, 0x0000000085c00000| Untracked 
|  93|0x0000000085d00000, 0x0000000085d00000, 0x0000000085e00000|  0%| F|  |TAMS 0x0000000085d00000, 0x0000000085d00000| Untracked 
|  94|0x0000000085e00000, 0x0000000085e00000, 0x0000000085f00000|  0%| F|  |TAMS 0x0000000085e00000, 0x0000000085e00000| Untracked 
|  95|0x0000000085f00000, 0x0000000085f00000, 0x0000000086000000|  0%| F|  |TAMS 0x0000000085f00000, 0x0000000085f00000| Untracked 
|  96|0x0000000086000000, 0x0000000086000000, 0x0000000086100000|  0%| F|  |TAMS 0x0000000086000000, 0x0000000086000000| Untracked 
|  97|0x0000000086100000, 0x0000000086100000, 0x0000000086200000|  0%| F|  |TAMS 0x0000000086100000, 0x0000000086100000| Untracked 
|  98|0x0000000086200000, 0x0000000086200000, 0x0000000086300000|  0%| F|  |TAMS 0x0000000086200000, 0x0000000086200000| Untracked 
|  99|0x0000000086300000, 0x0000000086300000, 0x0000000086400000|  0%| F|  |TAMS 0x0000000086300000, 0x0000000086300000| Untracked 
| 100|0x0000000086400000, 0x0000000086400000, 0x0000000086500000|  0%| F|  |TAMS 0x0000000086400000, 0x0000000086400000| Untracked 
| 101|0x0000000086500000, 0x0000000086500000, 0x0000000086600000|  0%| F|  |TAMS 0x0000000086500000, 0x0000000086500000| Untracked 
| 102|0x0000000086600000, 0x0000000086600000, 0x0000000086700000|  0%| F|  |TAMS 0x0000000086600000, 0x0000000086600000| Untracked 
| 103|0x0000000086700000, 0x0000000086700000, 0x0000000086800000|  0%| F|  |TAMS 0x0000000086700000, 0x0000000086700000| Untracked 
| 104|0x0000000086800000, 0x0000000086800000, 0x0000000086900000|  0%| F|  |TAMS 0x0000000086800000, 0x0000000086800000| Untracked 
| 105|0x0000000086900000, 0x0000000086900000, 0x0000000086a00000|  0%| F|  |TAMS 0x0000000086900000, 0x0000000086900000| Untracked 
| 106|0x0000000086a00000, 0x0000000086a00000, 0x0000000086b00000|  0%| F|  |TAMS 0x0000000086a00000, 0x0000000086a00000| Untracked 
| 107|0x0000000086b00000, 0x0000000086b00000, 0x0000000086c00000|  0%| F|  |TAMS 0x0000000086b00000, 0x0000000086b00000| Untracked 
| 108|0x0000000086c00000, 0x0000000086c00000, 0x0000000086d00000|  0%| F|  |TAMS 0x0000000086c00000, 0x0000000086c00000| Untracked 
| 109|0x0000000086d00000, 0x0000000086d00000, 0x0000000086e00000|  0%| F|  |TAMS 0x0000000086d00000, 0x0000000086d00000| Untracked 
| 110|0x0000000086e00000, 0x0000000086e00000, 0x0000000086f00000|  0%| F|  |TAMS 0x0000000086e00000, 0x0000000086e00000| Untracked 
| 111|0x0000000086f00000, 0x0000000086f00000, 0x0000000087000000|  0%| F|  |TAMS 0x0000000086f00000, 0x0000000086f00000| Untracked 
| 112|0x0000000087000000, 0x0000000087000000, 0x0000000087100000|  0%| F|  |TAMS 0x0000000087000000, 0x0000000087000000| Untracked 
| 113|0x0000000087100000, 0x0000000087100000, 0x0000000087200000|  0%| F|  |TAMS 0x0000000087100000, 0x0000000087100000| Untracked 
| 114|0x0000000087200000, 0x0000000087200000, 0x0000000087300000|  0%| F|  |TAMS 0x0000000087200000, 0x0000000087200000| Untracked 
| 115|0x0000000087300000, 0x0000000087300000, 0x0000000087400000|  0%| F|  |TAMS 0x0000000087300000, 0x0000000087300000| Untracked 
| 116|0x0000000087400000, 0x0000000087400000, 0x0000000087500000|  0%| F|  |TAMS 0x0000000087400000, 0x0000000087400000| Untracked 
| 117|0x0000000087500000, 0x0000000087500000, 0x0000000087600000|  0%| F|  |TAMS 0x0000000087500000, 0x0000000087500000| Untracked 
| 118|0x0000000087600000, 0x0000000087600000, 0x0000000087700000|  0%| F|  |TAMS 0x0000000087600000, 0x0000000087600000| Untracked 
| 119|0x0000000087700000, 0x0000000087700000, 0x0000000087800000|  0%| F|  |TAMS 0x0000000087700000, 0x0000000087700000| Untracked 
| 120|0x0000000087800000, 0x0000000087800000, 0x0000000087900000|  0%| F|  |TAMS 0x0000000087800000, 0x0000000087800000| Untracked 
| 121|0x0000000087900000, 0x0000000087900000, 0x0000000087a00000|  0%| F|  |TAMS 0x0000000087900000, 0x0000000087900000| Untracked 
| 122|0x0000000087a00000, 0x0000000087a00000, 0x0000000087b00000|  0%| F|  |TAMS 0x0000000087a00000, 0x0000000087a00000| Untracked 
| 123|0x0000000087b00000, 0x0000000087b00000, 0x0000000087c00000|  0%| F|  |TAMS 0x0000000087b00000, 0x0000000087b00000| Untracked 
| 124|0x0000000087c00000, 0x0000000087c00000, 0x0000000087d00000|  0%| F|  |TAMS 0x0000000087c00000, 0x0000000087c00000| Untracked 
| 125|0x0000000087d00000, 0x0000000087d00000, 0x0000000087e00000|  0%| F|  |TAMS 0x0000000087d00000, 0x0000000087d00000| Untracked 
| 126|0x0000000087e00000, 0x0000000087e00000, 0x0000000087f00000|  0%| F|  |TAMS 0x0000000087e00000, 0x0000000087e00000| Untracked 
| 127|0x0000000087f00000, 0x0000000087f00000, 0x0000000088000000|  0%| F|  |TAMS 0x0000000087f00000, 0x0000000087f00000| Untracked 
| 128|0x0000000088000000, 0x0000000088000000, 0x0000000088100000|  0%| F|  |TAMS 0x0000000088000000, 0x0000000088000000| Untracked 
| 129|0x0000000088100000, 0x0000000088100000, 0x0000000088200000|  0%| F|  |TAMS 0x0000000088100000, 0x0000000088100000| Untracked 
| 130|0x0000000088200000, 0x0000000088200000, 0x0000000088300000|  0%| F|  |TAMS 0x0000000088200000, 0x0000000088200000| Untracked 
| 131|0x0000000088300000, 0x0000000088300000, 0x0000000088400000|  0%| F|  |TAMS 0x0000000088300000, 0x0000000088300000| Untracked 
| 132|0x0000000088400000, 0x0000000088400000, 0x0000000088500000|  0%| F|  |TAMS 0x0000000088400000, 0x0000000088400000| Untracked 
| 133|0x0000000088500000, 0x0000000088500000, 0x0000000088600000|  0%| F|  |TAMS 0x0000000088500000, 0x0000000088500000| Untracked 
| 134|0x0000000088600000, 0x0000000088600000, 0x0000000088700000|  0%| F|  |TAMS 0x0000000088600000, 0x0000000088600000| Untracked 
| 135|0x0000000088700000, 0x0000000088700000, 0x0000000088800000|  0%| F|  |TAMS 0x0000000088700000, 0x0000000088700000| Untracked 
| 136|0x0000000088800000, 0x0000000088800000, 0x0000000088900000|  0%| F|  |TAMS 0x0000000088800000, 0x0000000088800000| Untracked 
| 137|0x0000000088900000, 0x0000000088900000, 0x0000000088a00000|  0%| F|  |TAMS 0x0000000088900000, 0x0000000088900000| Untracked 
| 138|0x0000000088a00000, 0x0000000088a00000, 0x0000000088b00000|  0%| F|  |TAMS 0x0000000088a00000, 0x0000000088a00000| Untracked 
| 139|0x0000000088b00000, 0x0000000088b00000, 0x0000000088c00000|  0%| F|  |TAMS 0x0000000088b00000, 0x0000000088b00000| Untracked 
| 140|0x0000000088c00000, 0x0000000088c00000, 0x0000000088d00000|  0%| F|  |TAMS 0x0000000088c00000, 0x0000000088c00000| Untracked 
| 141|0x0000000088d00000, 0x0000000088d00000, 0x0000000088e00000|  0%| F|  |TAMS 0x0000000088d00000, 0x0000000088d00000| Untracked 
| 142|0x0000000088e00000, 0x0000000088e00000, 0x0000000088f00000|  0%| F|  |TAMS 0x0000000088e00000, 0x0000000088e00000| Untracked 
| 143|0x0000000088f00000, 0x0000000088f00000, 0x0000000089000000|  0%| F|  |TAMS 0x0000000088f00000, 0x0000000088f00000| Untracked 
| 144|0x0000000089000000, 0x0000000089000000, 0x0000000089100000|  0%| F|  |TAMS 0x0000000089000000, 0x0000000089000000| Untracked 
| 145|0x0000000089100000, 0x0000000089100000, 0x0000000089200000|  0%| F|  |TAMS 0x0000000089100000, 0x0000000089100000| Untracked 
| 146|0x0000000089200000, 0x0000000089200000, 0x0000000089300000|  0%| F|  |TAMS 0x0000000089200000, 0x0000000089200000| Untracked 
| 147|0x0000000089300000, 0x0000000089300000, 0x0000000089400000|  0%| F|  |TAMS 0x0000000089300000, 0x0000000089300000| Untracked 
| 148|0x0000000089400000, 0x0000000089400000, 0x0000000089500000|  0%| F|  |TAMS 0x0000000089400000, 0x0000000089400000| Untracked 
| 149|0x0000000089500000, 0x0000000089500000, 0x0000000089600000|  0%| F|  |TAMS 0x0000000089500000, 0x0000000089500000| Untracked 
| 150|0x0000000089600000, 0x0000000089600000, 0x0000000089700000|  0%| F|  |TAMS 0x0000000089600000, 0x0000000089600000| Untracked 
| 151|0x0000000089700000, 0x0000000089700000, 0x0000000089800000|  0%| F|  |TAMS 0x0000000089700000, 0x0000000089700000| Untracked 
| 152|0x0000000089800000, 0x0000000089800000, 0x0000000089900000|  0%| F|  |TAMS 0x0000000089800000, 0x0000000089800000| Untracked 
| 153|0x0000000089900000, 0x0000000089900000, 0x0000000089a00000|  0%| F|  |TAMS 0x0000000089900000, 0x0000000089900000| Untracked 
| 154|0x0000000089a00000, 0x0000000089a00000, 0x0000000089b00000|  0%| F|  |TAMS 0x0000000089a00000, 0x0000000089a00000| Untracked 
| 155|0x0000000089b00000, 0x0000000089b00000, 0x0000000089c00000|  0%| F|  |TAMS 0x0000000089b00000, 0x0000000089b00000| Untracked 
| 156|0x0000000089c00000, 0x0000000089c00000, 0x0000000089d00000|  0%| F|  |TAMS 0x0000000089c00000, 0x0000000089c00000| Untracked 
| 157|0x0000000089d00000, 0x0000000089d00000, 0x0000000089e00000|  0%| F|  |TAMS 0x0000000089d00000, 0x0000000089d00000| Untracked 
| 158|0x0000000089e00000, 0x0000000089e00000, 0x0000000089f00000|  0%| F|  |TAMS 0x0000000089e00000, 0x0000000089e00000| Untracked 
| 159|0x0000000089f00000, 0x0000000089f00000, 0x000000008a000000|  0%| F|  |TAMS 0x0000000089f00000, 0x0000000089f00000| Untracked 
| 160|0x000000008a000000, 0x000000008a000000, 0x000000008a100000|  0%| F|  |TAMS 0x000000008a000000, 0x000000008a000000| Untracked 
| 161|0x000000008a100000, 0x000000008a100000, 0x000000008a200000|  0%| F|  |TAMS 0x000000008a100000, 0x000000008a100000| Untracked 
| 162|0x000000008a200000, 0x000000008a200000, 0x000000008a300000|  0%| F|  |TAMS 0x000000008a200000, 0x000000008a200000| Untracked 
| 163|0x000000008a300000, 0x000000008a300000, 0x000000008a400000|  0%| F|  |TAMS 0x000000008a300000, 0x000000008a300000| Untracked 
| 164|0x000000008a400000, 0x000000008a400000, 0x000000008a500000|  0%| F|  |TAMS 0x000000008a400000, 0x000000008a400000| Untracked 
| 165|0x000000008a500000, 0x000000008a500000, 0x000000008a600000|  0%| F|  |TAMS 0x000000008a500000, 0x000000008a500000| Untracked 
| 166|0x000000008a600000, 0x000000008a600000, 0x000000008a700000|  0%| F|  |TAMS 0x000000008a600000, 0x000000008a600000| Untracked 
| 167|0x000000008a700000, 0x000000008a700000, 0x000000008a800000|  0%| F|  |TAMS 0x000000008a700000, 0x000000008a700000| Untracked 
| 168|0x000000008a800000, 0x000000008a800000, 0x000000008a900000|  0%| F|  |TAMS 0x000000008a800000, 0x000000008a800000| Untracked 
| 169|0x000000008a900000, 0x000000008a900000, 0x000000008aa00000|  0%| F|  |TAMS 0x000000008a900000, 0x000000008a900000| Untracked 
| 170|0x000000008aa00000, 0x000000008aa00000, 0x000000008ab00000|  0%| F|  |TAMS 0x000000008aa00000, 0x000000008aa00000| Untracked 
| 171|0x000000008ab00000, 0x000000008ab00000, 0x000000008ac00000|  0%| F|  |TAMS 0x000000008ab00000, 0x000000008ab00000| Untracked 
| 172|0x000000008ac00000, 0x000000008ac00000, 0x000000008ad00000|  0%| F|  |TAMS 0x000000008ac00000, 0x000000008ac00000| Untracked 
| 173|0x000000008ad00000, 0x000000008ad00000, 0x000000008ae00000|  0%| F|  |TAMS 0x000000008ad00000, 0x000000008ad00000| Untracked 
| 174|0x000000008ae00000, 0x000000008ae00000, 0x000000008af00000|  0%| F|  |TAMS 0x000000008ae00000, 0x000000008ae00000| Untracked 
| 175|0x000000008af00000, 0x000000008af00000, 0x000000008b000000|  0%| F|  |TAMS 0x000000008af00000, 0x000000008af00000| Untracked 
| 176|0x000000008b000000, 0x000000008b000000, 0x000000008b100000|  0%| F|  |TAMS 0x000000008b000000, 0x000000008b000000| Untracked 
| 177|0x000000008b100000, 0x000000008b100000, 0x000000008b200000|  0%| F|  |TAMS 0x000000008b100000, 0x000000008b100000| Untracked 
| 178|0x000000008b200000, 0x000000008b200000, 0x000000008b300000|  0%| F|  |TAMS 0x000000008b200000, 0x000000008b200000| Untracked 
| 179|0x000000008b300000, 0x000000008b300000, 0x000000008b400000|  0%| F|  |TAMS 0x000000008b300000, 0x000000008b300000| Untracked 
| 180|0x000000008b400000, 0x000000008b400000, 0x000000008b500000|  0%| F|  |TAMS 0x000000008b400000, 0x000000008b400000| Untracked 
| 181|0x000000008b500000, 0x000000008b500000, 0x000000008b600000|  0%| F|  |TAMS 0x000000008b500000, 0x000000008b500000| Untracked 
| 182|0x000000008b600000, 0x000000008b600000, 0x000000008b700000|  0%| F|  |TAMS 0x000000008b600000, 0x000000008b600000| Untracked 
| 183|0x000000008b700000, 0x000000008b700000, 0x000000008b800000|  0%| F|  |TAMS 0x000000008b700000, 0x000000008b700000| Untracked 
| 184|0x000000008b800000, 0x000000008b800000, 0x000000008b900000|  0%| F|  |TAMS 0x000000008b800000, 0x000000008b800000| Untracked 
| 185|0x000000008b900000, 0x000000008b900000, 0x000000008ba00000|  0%| F|  |TAMS 0x000000008b900000, 0x000000008b900000| Untracked 
| 186|0x000000008ba00000, 0x000000008ba00000, 0x000000008bb00000|  0%| F|  |TAMS 0x000000008ba00000, 0x000000008ba00000| Untracked 
| 187|0x000000008bb00000, 0x000000008bb00000, 0x000000008bc00000|  0%| F|  |TAMS 0x000000008bb00000, 0x000000008bb00000| Untracked 
| 188|0x000000008bc00000, 0x000000008bd00000, 0x000000008bd00000|100%| E|  |TAMS 0x000000008bc00000, 0x000000008bc00000| Complete 
| 189|0x000000008bd00000, 0x000000008be00000, 0x000000008be00000|100%| E|CS|TAMS 0x000000008bd00000, 0x000000008bd00000| Complete 
| 190|0x000000008be00000, 0x000000008bf00000, 0x000000008bf00000|100%| E|CS|TAMS 0x000000008be00000, 0x000000008be00000| Complete 
| 191|0x000000008bf00000, 0x000000008c000000, 0x000000008c000000|100%| E|CS|TAMS 0x000000008bf00000, 0x000000008bf00000| Complete 
| 192|0x000000008c000000, 0x000000008c100000, 0x000000008c100000|100%| E|CS|TAMS 0x000000008c000000, 0x000000008c000000| Complete 
| 193|0x000000008c100000, 0x000000008c200000, 0x000000008c200000|100%| S|CS|TAMS 0x000000008c100000, 0x000000008c100000| Complete 
| 194|0x000000008c200000, 0x000000008c300000, 0x000000008c300000|100%| S|CS|TAMS 0x000000008c200000, 0x000000008c200000| Complete 
| 195|0x000000008c300000, 0x000000008c400000, 0x000000008c400000|100%| S|CS|TAMS 0x000000008c300000, 0x000000008c300000| Complete 
| 196|0x000000008c400000, 0x000000008c500000, 0x000000008c500000|100%| S|CS|TAMS 0x000000008c400000, 0x000000008c400000| Complete 
| 197|0x000000008c500000, 0x000000008c600000, 0x000000008c600000|100%| S|CS|TAMS 0x000000008c500000, 0x000000008c500000| Complete 
| 198|0x000000008c600000, 0x000000008c700000, 0x000000008c700000|100%| S|CS|TAMS 0x000000008c600000, 0x000000008c600000| Complete 
| 199|0x000000008c700000, 0x000000008c800000, 0x000000008c800000|100%| S|CS|TAMS 0x000000008c700000, 0x000000008c700000| Complete 
| 200|0x000000008c800000, 0x000000008c900000, 0x000000008c900000|100%| E|CS|TAMS 0x000000008c800000, 0x000000008c800000| Complete 
| 201|0x000000008c900000, 0x000000008ca00000, 0x000000008ca00000|100%| E|CS|TAMS 0x000000008c900000, 0x000000008c900000| Complete 
| 202|0x000000008ca00000, 0x000000008cb00000, 0x000000008cb00000|100%| E|CS|TAMS 0x000000008ca00000, 0x000000008ca00000| Complete 
| 203|0x000000008cb00000, 0x000000008cc00000, 0x000000008cc00000|100%| E|CS|TAMS 0x000000008cb00000, 0x000000008cb00000| Complete 
| 204|0x000000008cc00000, 0x000000008cd00000, 0x000000008cd00000|100%| E|CS|TAMS 0x000000008cc00000, 0x000000008cc00000| Complete 
| 205|0x000000008cd00000, 0x000000008ce00000, 0x000000008ce00000|100%| E|CS|TAMS 0x000000008cd00000, 0x000000008cd00000| Complete 
| 206|0x000000008ce00000, 0x000000008cf00000, 0x000000008cf00000|100%| E|CS|TAMS 0x000000008ce00000, 0x000000008ce00000| Complete 
| 207|0x000000008cf00000, 0x000000008d000000, 0x000000008d000000|100%| E|CS|TAMS 0x000000008cf00000, 0x000000008cf00000| Complete 
| 208|0x000000008d000000, 0x000000008d100000, 0x000000008d100000|100%| E|CS|TAMS 0x000000008d000000, 0x000000008d000000| Complete 
| 209|0x000000008d100000, 0x000000008d200000, 0x000000008d200000|100%| E|CS|TAMS 0x000000008d100000, 0x000000008d100000| Complete 
| 210|0x000000008d200000, 0x000000008d300000, 0x000000008d300000|100%| E|CS|TAMS 0x000000008d200000, 0x000000008d200000| Complete 
| 211|0x000000008d300000, 0x000000008d400000, 0x000000008d400000|100%| E|CS|TAMS 0x000000008d300000, 0x000000008d300000| Complete 
| 212|0x000000008d400000, 0x000000008d500000, 0x000000008d500000|100%| E|CS|TAMS 0x000000008d400000, 0x000000008d400000| Complete 
| 213|0x000000008d500000, 0x000000008d600000, 0x000000008d600000|100%| E|CS|TAMS 0x000000008d500000, 0x000000008d500000| Complete 
| 214|0x000000008d600000, 0x000000008d700000, 0x000000008d700000|100%| E|CS|TAMS 0x000000008d600000, 0x000000008d600000| Complete 
| 215|0x000000008d700000, 0x000000008d800000, 0x000000008d800000|100%| E|CS|TAMS 0x000000008d700000, 0x000000008d700000| Complete 
| 216|0x000000008d800000, 0x000000008d900000, 0x000000008d900000|100%| E|CS|TAMS 0x000000008d800000, 0x000000008d800000| Complete 
| 217|0x000000008d900000, 0x000000008da00000, 0x000000008da00000|100%| E|CS|TAMS 0x000000008d900000, 0x000000008d900000| Complete 
| 218|0x000000008da00000, 0x000000008db00000, 0x000000008db00000|100%| E|CS|TAMS 0x000000008da00000, 0x000000008da00000| Complete 
| 219|0x000000008db00000, 0x000000008dc00000, 0x000000008dc00000|100%| E|CS|TAMS 0x000000008db00000, 0x000000008db00000| Complete 
| 220|0x000000008dc00000, 0x000000008dd00000, 0x000000008dd00000|100%| E|CS|TAMS 0x000000008dc00000, 0x000000008dc00000| Complete 
| 221|0x000000008dd00000, 0x000000008de00000, 0x000000008de00000|100%| E|CS|TAMS 0x000000008dd00000, 0x000000008dd00000| Complete 
| 222|0x000000008de00000, 0x000000008df00000, 0x000000008df00000|100%| E|CS|TAMS 0x000000008de00000, 0x000000008de00000| Complete 
| 223|0x000000008df00000, 0x000000008e000000, 0x000000008e000000|100%| E|CS|TAMS 0x000000008df00000, 0x000000008df00000| Complete 
| 224|0x000000008e000000, 0x000000008e100000, 0x000000008e100000|100%| E|CS|TAMS 0x000000008e000000, 0x000000008e000000| Complete 
| 225|0x000000008e100000, 0x000000008e200000, 0x000000008e200000|100%| E|CS|TAMS 0x000000008e100000, 0x000000008e100000| Complete 
| 226|0x000000008e200000, 0x000000008e300000, 0x000000008e300000|100%| E|CS|TAMS 0x000000008e200000, 0x000000008e200000| Complete 
| 227|0x000000008e300000, 0x000000008e400000, 0x000000008e400000|100%| E|CS|TAMS 0x000000008e300000, 0x000000008e300000| Complete 
| 228|0x000000008e400000, 0x000000008e500000, 0x000000008e500000|100%| E|CS|TAMS 0x000000008e400000, 0x000000008e400000| Complete 
| 229|0x000000008e500000, 0x000000008e600000, 0x000000008e600000|100%| E|CS|TAMS 0x000000008e500000, 0x000000008e500000| Complete 
| 230|0x000000008e600000, 0x000000008e700000, 0x000000008e700000|100%| E|CS|TAMS 0x000000008e600000, 0x000000008e600000| Complete 
| 231|0x000000008e700000, 0x000000008e800000, 0x000000008e800000|100%| E|CS|TAMS 0x000000008e700000, 0x000000008e700000| Complete 
| 232|0x000000008e800000, 0x000000008e900000, 0x000000008e900000|100%| E|CS|TAMS 0x000000008e800000, 0x000000008e800000| Complete 
| 233|0x000000008e900000, 0x000000008ea00000, 0x000000008ea00000|100%| E|CS|TAMS 0x000000008e900000, 0x000000008e900000| Complete 
| 234|0x000000008ea00000, 0x000000008eb00000, 0x000000008eb00000|100%| E|CS|TAMS 0x000000008ea00000, 0x000000008ea00000| Complete 
| 235|0x000000008eb00000, 0x000000008ec00000, 0x000000008ec00000|100%| E|CS|TAMS 0x000000008eb00000, 0x000000008eb00000| Complete 
| 236|0x000000008ec00000, 0x000000008ed00000, 0x000000008ed00000|100%| E|CS|TAMS 0x000000008ec00000, 0x000000008ec00000| Complete 
| 237|0x000000008ed00000, 0x000000008ee00000, 0x000000008ee00000|100%| E|CS|TAMS 0x000000008ed00000, 0x000000008ed00000| Complete 
| 238|0x000000008ee00000, 0x000000008ef00000, 0x000000008ef00000|100%| E|CS|TAMS 0x000000008ee00000, 0x000000008ee00000| Complete 
| 239|0x000000008ef00000, 0x000000008f000000, 0x000000008f000000|100%| E|CS|TAMS 0x000000008ef00000, 0x000000008ef00000| Complete 
| 240|0x000000008f000000, 0x000000008f100000, 0x000000008f100000|100%| E|CS|TAMS 0x000000008f000000, 0x000000008f000000| Complete 
| 241|0x000000008f100000, 0x000000008f200000, 0x000000008f200000|100%| E|CS|TAMS 0x000000008f100000, 0x000000008f100000| Complete 
| 242|0x000000008f200000, 0x000000008f300000, 0x000000008f300000|100%| E|CS|TAMS 0x000000008f200000, 0x000000008f200000| Complete 
| 243|0x000000008f300000, 0x000000008f400000, 0x000000008f400000|100%| E|CS|TAMS 0x000000008f300000, 0x000000008f300000| Complete 
| 244|0x000000008f400000, 0x000000008f500000, 0x000000008f500000|100%| E|CS|TAMS 0x000000008f400000, 0x000000008f400000| Complete 
| 245|0x000000008f500000, 0x000000008f600000, 0x000000008f600000|100%| E|CS|TAMS 0x000000008f500000, 0x000000008f500000| Complete 
| 246|0x000000008f600000, 0x000000008f700000, 0x000000008f700000|100%| E|CS|TAMS 0x000000008f600000, 0x000000008f600000| Complete 
| 247|0x000000008f700000, 0x000000008f800000, 0x000000008f800000|100%| E|CS|TAMS 0x000000008f700000, 0x000000008f700000| Complete 
| 248|0x000000008f800000, 0x000000008f900000, 0x000000008f900000|100%| E|CS|TAMS 0x000000008f800000, 0x000000008f800000| Complete 
| 249|0x000000008f900000, 0x000000008fa00000, 0x000000008fa00000|100%| E|CS|TAMS 0x000000008f900000, 0x000000008f900000| Complete 
| 250|0x000000008fa00000, 0x000000008fb00000, 0x000000008fb00000|100%| E|CS|TAMS 0x000000008fa00000, 0x000000008fa00000| Complete 
| 251|0x000000008fb00000, 0x000000008fc00000, 0x000000008fc00000|100%| E|CS|TAMS 0x000000008fb00000, 0x000000008fb00000| Complete 

Card table byte_map: [0x0000020922fc0000,0x00000209233c0000] _byte_map_base: 0x0000020922bc0000

Marking Bits (Prev, Next): (CMBitMap*) 0x000002090b63f6a0, (CMBitMap*) 0x000002090b63f6e0
 Prev Bits: [0x00000209237c0000, 0x00000209257c0000)
 Next Bits: [0x00000209257c0000, 0x00000209277c0000)

Polling page: 0x00000209094d0000

Metaspace:

Usage:
  Non-class:     12.59 MB used.
      Class:      1.99 MB used.
       Both:     14.58 MB used.

Virtual space:
  Non-class space:       64.00 MB reserved,      12.69 MB ( 20%) committed,  1 nodes.
      Class space:      416.00 MB reserved,       2.12 MB ( <1%) committed,  1 nodes.
             Both:      480.00 MB reserved,      14.81 MB (  3%) committed. 

Chunk freelists:
   Non-Class:  3.05 MB
       Class:  13.89 MB
        Both:  16.94 MB

MaxMetaspaceSize: 512.00 MB
CompressedClassSpaceSize: 416.00 MB
Initial GC threshold: 21.00 MB
Current GC threshold: 21.00 MB
CDS: on
MetaspaceReclaimPolicy: balanced
 - commit_granule_bytes: 65536.
 - commit_granule_words: 8192.
 - virtual_space_node_default_size: 8388608.
 - enlarge_chunks_in_place: 1.
 - new_chunks_are_fully_committed: 0.
 - uncommit_free_chunks: 1.
 - use_allocation_guard: 0.
 - handle_deallocations: 1.


Internal statistics:

num_allocs_failed_limit: 0.
num_arena_births: 178.
num_arena_deaths: 0.
num_vsnodes_births: 2.
num_vsnodes_deaths: 0.
num_space_committed: 238.
num_space_uncommitted: 0.
num_chunks_returned_to_freelist: 0.
num_chunks_taken_from_freelist: 640.
num_chunk_merges: 0.
num_chunk_splits: 433.
num_chunks_enlarged: 331.
num_inconsistent_stats: 0.

CodeHeap 'non-profiled nmethods': size=119168Kb used=1305Kb max_used=1305Kb free=117862Kb
 bounds [0x000002091acb0000, 0x000002091af20000, 0x0000020922110000]
CodeHeap 'profiled nmethods': size=119104Kb used=5422Kb max_used=5422Kb free=113681Kb
 bounds [0x0000020913110000, 0x0000020913660000, 0x000002091a560000]
CodeHeap 'non-nmethods': size=7488Kb used=2914Kb max_used=2928Kb free=4573Kb
 bounds [0x000002091a560000, 0x000002091a840000, 0x000002091acb0000]
 total_blobs=3141 nmethods=2611 adapters=439
 compilation: enabled
              stopped_count=0, restarted_count=0
 full_count=0

Compilation events (20 events):
Event: 2.290 Thread 0x000002094aa3d660 nmethod 2587 0x0000020913648710 code [0x00000209136488a0, 0x00000209136489a8]
Event: 2.291 Thread 0x000002092ac3ede0 nmethod 2584 0x0000020913648a90 code [0x0000020913648e60, 0x000002091364ab38]
Event: 2.291 Thread 0x000002092ab7bfe0 nmethod 2589 0x000002091364b390 code [0x000002091364b600, 0x000002091364c068]
Event: 2.293 Thread 0x000002092ac3ede0 2590       1       java.lang.Enum::toString (5 bytes)
Event: 2.294 Thread 0x000002092ac3ede0 nmethod 2590 0x000002091adf4e10 code [0x000002091adf4fa0, 0x000002091adf5078]
Event: 2.294 Thread 0x000002094aa3d660 2591       3       java.lang.Enum::compareTo (44 bytes)
Event: 2.294 Thread 0x000002094aa3d660 nmethod 2591 0x000002091364c410 code [0x000002091364c600, 0x000002091364cb08]
Event: 2.295 Thread 0x000002092a79e5f0 2592   !   4       java.lang.ClassLoader::loadClass (121 bytes)
Event: 2.299 Thread 0x000002094a147d50 2593       4       java.security.AccessController::checkContext (49 bytes)
Event: 2.299 Thread 0x000002094a147d50 nmethod 2593 0x000002091adf5110 code [0x000002091adf5280, 0x000002091adf5318]
Event: 2.302 Thread 0x000002092ab7bfe0 2594       3       java.lang.invoke.VarHandle::getTypesAndInvokers (24 bytes)
Event: 2.302 Thread 0x000002092ab7bfe0 nmethod 2594 0x000002091364cd10 code [0x000002091364cec0, 0x000002091364d378]
Event: 2.303 Thread 0x000002092ab7bfe0 2595       3       java.lang.invoke.MemberName::changeReferenceKind (60 bytes)
Event: 2.303 Thread 0x000002092ab7bfe0 nmethod 2595 0x000002091364d490 code [0x000002091364d620, 0x000002091364d758]
Event: 2.303 Thread 0x000002094afabd50 2596       3       java.lang.invoke.VarHandleByteArrayAsInts$ArrayHandle::get (36 bytes)
Event: 2.303 Thread 0x000002094a3011f0 2597       4       java.lang.invoke.VarHandleByteArrayAsInts$ArrayHandle::index (12 bytes)
Event: 2.303 Thread 0x000002092ac3ede0 2598       3       java.lang.invoke.VarHandleGuards::guard_LI_I (78 bytes)
Event: 2.304 Thread 0x000002094afabd50 nmethod 2596 0x000002091364d810 code [0x000002091364d9e0, 0x000002091364deb8]
Event: 2.306 Thread 0x000002094a3011f0 nmethod 2597 0x000002091adf5410 code [0x000002091adf5580, 0x000002091adf5618]
Event: 2.307 Thread 0x000002092ac3ede0 nmethod 2598 0x000002091364e090 code [0x000002091364e3e0, 0x0000020913650128]

GC Heap History (6 events):
Event: 0.634 GC heap before
{Heap before GC invocations=0 (full 0):
 garbage-first heap   total 258048K, used 22528K [0x0000000080000000, 0x0000000100000000)
  region size 1024K, 23 young (23552K), 0 survivors (0K)
 Metaspace       used 1086K, committed 1216K, reserved 491520K
  class space    used 72K, committed 128K, reserved 425984K
}
Event: 0.636 GC heap after
{Heap after GC invocations=1 (full 0):
 garbage-first heap   total 258048K, used 2768K [0x0000000080000000, 0x0000000100000000)
  region size 1024K, 3 young (3072K), 3 survivors (3072K)
 Metaspace       used 1086K, committed 1216K, reserved 491520K
  class space    used 72K, committed 128K, reserved 425984K
}
Event: 1.091 GC heap before
{Heap before GC invocations=1 (full 0):
 garbage-first heap   total 258048K, used 40656K [0x0000000080000000, 0x0000000100000000)
  region size 1024K, 37 young (37888K), 3 survivors (3072K)
 Metaspace       used 4461K, committed 4672K, reserved 491520K
  class space    used 542K, committed 640K, reserved 425984K
}
Event: 1.096 GC heap after
{Heap after GC invocations=2 (full 0):
 garbage-first heap   total 258048K, used 10566K [0x0000000080000000, 0x0000000100000000)
  region size 1024K, 5 young (5120K), 5 survivors (5120K)
 Metaspace       used 4461K, committed 4672K, reserved 491520K
  class space    used 542K, committed 640K, reserved 425984K
}
Event: 1.435 GC heap before
{Heap before GC invocations=2 (full 0):
 garbage-first heap   total 258048K, used 60742K [0x0000000080000000, 0x0000000100000000)
  region size 1024K, 52 young (53248K), 5 survivors (5120K)
 Metaspace       used 4666K, committed 4864K, reserved 491520K
  class space    used 572K, committed 640K, reserved 425984K
}
Event: 1.440 GC heap after
{Heap after GC invocations=3 (full 0):
 garbage-first heap   total 258048K, used 16011K [0x0000000080000000, 0x0000000100000000)
  region size 1024K, 7 young (7168K), 7 survivors (7168K)
 Metaspace       used 4666K, committed 4864K, reserved 491520K
  class space    used 572K, committed 640K, reserved 425984K
}

Dll operation events (15 events):
Event: 0.008 Loaded shared library C:\Program Files\Eclipse Adoptium\jdk-17.0.14.7-hotspot\bin\java.dll
Event: 0.312 Loaded shared library C:\Program Files\Eclipse Adoptium\jdk-17.0.14.7-hotspot\bin\jsvml.dll
Event: 0.400 Loaded shared library C:\Program Files\Eclipse Adoptium\jdk-17.0.14.7-hotspot\bin\zip.dll
Event: 0.403 Loaded shared library C:\Program Files\Eclipse Adoptium\jdk-17.0.14.7-hotspot\bin\instrument.dll
Event: 0.406 Loaded shared library C:\Program Files\Eclipse Adoptium\jdk-17.0.14.7-hotspot\bin\net.dll
Event: 0.407 Loaded shared library C:\Program Files\Eclipse Adoptium\jdk-17.0.14.7-hotspot\bin\nio.dll
Event: 0.408 Loaded shared library C:\Program Files\Eclipse Adoptium\jdk-17.0.14.7-hotspot\bin\zip.dll
Event: 0.586 Loaded shared library C:\Program Files\Eclipse Adoptium\jdk-17.0.14.7-hotspot\bin\jimage.dll
Event: 0.682 Loaded shared library C:\Program Files\Eclipse Adoptium\jdk-17.0.14.7-hotspot\bin\verify.dll
Event: 0.788 Loaded shared library C:\Users\DIGI ROUTE\.gradle\native\c067742578af261105cb4f569cf0c3c89f3d7b1fecec35dd04571415982c5e48\windows-amd64\native-platform.dll
Event: 0.819 Loaded shared library C:\Users\DIGI ROUTE\.gradle\native\100fb08df4bc3b14c8652ba06237920a3bd2aa13389f12d3474272988ae205f9\windows-amd64\native-platform-file-events.dll
Event: 1.587 Loaded shared library C:\Program Files\Eclipse Adoptium\jdk-17.0.14.7-hotspot\bin\management.dll
Event: 1.589 Loaded shared library C:\Program Files\Eclipse Adoptium\jdk-17.0.14.7-hotspot\bin\management_ext.dll
Event: 1.719 Loaded shared library C:\Program Files\Eclipse Adoptium\jdk-17.0.14.7-hotspot\bin\extnet.dll
Event: 1.869 Loaded shared library C:\Program Files\Eclipse Adoptium\jdk-17.0.14.7-hotspot\bin\sunmscapi.dll

Deoptimization events (20 events):
Event: 2.077 Thread 0x000002094b97c3b0 DEOPT PACKING pc=0x000002091ad5d978 sp=0x000000123d9fb610
Event: 2.077 Thread 0x000002094b97c3b0 DEOPT UNPACKING pc=0x000002091a5b69a3 sp=0x000000123d9fb578 mode 2
Event: 2.272 Thread 0x000002094b97c3b0 Uncommon trap: trap_request=0xffffff45 fr.pc=0x000002091acd2bcc relative=0x00000000000001ac
Event: 2.272 Thread 0x000002094b97c3b0 Uncommon trap: reason=unstable_if action=reinterpret pc=0x000002091acd2bcc method=java.util.regex.Matcher.reset()Ljava/util/regex/Matcher; @ 47 c2
Event: 2.272 Thread 0x000002094b97c3b0 DEOPT PACKING pc=0x000002091acd2bcc sp=0x000000123d9fa850
Event: 2.272 Thread 0x000002094b97c3b0 DEOPT UNPACKING pc=0x000002091a5b69a3 sp=0x000000123d9fa7d8 mode 2
Event: 2.280 Thread 0x000002094b97c3b0 DEOPT PACKING pc=0x000002091320d437 sp=0x000000123d9fa520
Event: 2.280 Thread 0x000002094b97c3b0 DEOPT UNPACKING pc=0x000002091a5b7143 sp=0x000000123d9f99b8 mode 0
Event: 2.301 Thread 0x000002094b97c3b0 Uncommon trap: trap_request=0xffffff45 fr.pc=0x000002091add3508 relative=0x00000000000001e8
Event: 2.301 Thread 0x000002094b97c3b0 Uncommon trap: reason=unstable_if action=reinterpret pc=0x000002091add3508 method=java.lang.invoke.VarHandle.getTypesAndInvokers()Ljava/lang/invoke/VarHandle$TypesAndInvokers; @ 6 c2
Event: 2.301 Thread 0x000002094b97c3b0 DEOPT PACKING pc=0x000002091add3508 sp=0x000000123d9fac80
Event: 2.301 Thread 0x000002094b97c3b0 DEOPT UNPACKING pc=0x000002091a5b69a3 sp=0x000000123d9fab80 mode 2
Event: 2.302 Thread 0x000002094b97c3b0 Uncommon trap: trap_request=0xffffff45 fr.pc=0x000002091adbbf40 relative=0x00000000000000a0
Event: 2.302 Thread 0x000002094b97c3b0 Uncommon trap: reason=unstable_if action=reinterpret pc=0x000002091adbbf40 method=jdk.internal.misc.Unsafe.convEndian(ZI)I @ 4 c2
Event: 2.302 Thread 0x000002094b97c3b0 DEOPT PACKING pc=0x000002091adbbf40 sp=0x000000123d9facb0
Event: 2.302 Thread 0x000002094b97c3b0 DEOPT UNPACKING pc=0x000002091a5b69a3 sp=0x000000123d9fab60 mode 2
Event: 2.302 Thread 0x000002094b97c3b0 Uncommon trap: trap_request=0xffffff45 fr.pc=0x000002091adbb2f4 relative=0x0000000000000074
Event: 2.302 Thread 0x000002094b97c3b0 Uncommon trap: reason=unstable_if action=reinterpret pc=0x000002091adbb2f4 method=jdk.internal.misc.Unsafe.convEndian(ZI)I @ 4 c2
Event: 2.302 Thread 0x000002094b97c3b0 DEOPT PACKING pc=0x000002091adbb2f4 sp=0x000000123d9fac30
Event: 2.302 Thread 0x000002094b97c3b0 DEOPT UNPACKING pc=0x000002091a5b69a3 sp=0x000000123d9fab60 mode 2

Classes loaded (20 events):
Event: 2.248 Loading class sun/invoke/util/VerifyAccess$1
Event: 2.248 Loading class sun/invoke/util/VerifyAccess$1 done
Event: 2.260 Loading class java/util/concurrent/ArrayBlockingQueue
Event: 2.261 Loading class java/util/concurrent/ArrayBlockingQueue done
Event: 2.261 Loading class java/util/concurrent/locks/ReentrantLock$FairSync
Event: 2.261 Loading class java/util/concurrent/locks/ReentrantLock$FairSync done
Event: 2.264 Loading class sun/misc/Unsafe
Event: 2.264 Loading class sun/misc/Unsafe done
Event: 2.267 Loading class java/net/DatagramPacket
Event: 2.268 Loading class java/net/DatagramPacket done
Event: 2.268 Loading class sun/nio/ch/DatagramSocketAdaptor$DatagramPackets
Event: 2.268 Loading class sun/nio/ch/DatagramSocketAdaptor$DatagramPackets done
Event: 2.299 Loading class sun/security/provider/MD5
Event: 2.299 Loading class sun/security/provider/MD5 done
Event: 2.299 Loading class sun/security/provider/SHA5$SHA512
Event: 2.300 Loading class sun/security/provider/SHA5
Event: 2.300 Loading class sun/security/provider/SHA5 done
Event: 2.300 Loading class sun/security/provider/SHA5$SHA512 done
Event: 2.301 Loading class sun/security/provider/ByteArrayAccess$LE
Event: 2.301 Loading class sun/security/provider/ByteArrayAccess$LE done

Classes unloaded (0 events):
No events

Classes redefined (0 events):
No events

Internal exceptions (20 events):
Event: 1.006 Thread 0x000002090b5e0280 Exception <a 'java/lang/NoSuchMethodError'{0x000000008e6a3ee8}: 'void java.lang.invoke.DirectMethodHandle$Holder.invokeInterface(java.lang.Object, java.lang.Object, java.lang.Object)'> (0x000000008e6a3ee8) 
thrown [s\src\hotspot\share\interpreter\linkResolver.cpp, line 759]
Event: 1.586 Thread 0x000002090b5e0280 Exception <a 'java/lang/NoSuchMethodError'{0x000000008f055ed8}: 'java.lang.Object java.lang.invoke.DirectMethodHandle$Holder.invokeStaticInit(java.lang.Object)'> (0x000000008f055ed8) 
thrown [s\src\hotspot\share\interpreter\linkResolver.cpp, line 759]
Event: 1.602 Thread 0x000002090b5e0280 Exception <a 'java/lang/NoSuchMethodError'{0x000000008f0dee38}: 'java.lang.Object java.lang.invoke.DirectMethodHandle$Holder.invokeInterface(java.lang.Object, java.lang.Object)'> (0x000000008f0dee38) 
thrown [s\src\hotspot\share\interpreter\linkResolver.cpp, line 759]
Event: 1.672 Thread 0x000002090b5e0280 Exception <a 'java/lang/NoSuchMethodError'{0x000000008ea9adb0}: 'java.lang.Object java.lang.invoke.DirectMethodHandle$Holder.invokeStaticInit(java.lang.Object, int, int, int, int)'> (0x000000008ea9adb0) 
thrown [s\src\hotspot\share\interpreter\linkResolver.cpp, line 759]
Event: 1.708 Thread 0x000002090b5e0280 Exception <a 'java/lang/NoSuchMethodError'{0x000000008e9c2450}: 'java.lang.Object java.lang.invoke.DirectMethodHandle$Holder.invokeStaticInit(java.lang.Object, java.lang.Object, int, int, int, int)'> (0x000000008e9c2450) 
thrown [s\src\hotspot\share\interpreter\linkResolver.cpp, line 759]
Event: 1.821 Thread 0x000002090b5e0280 Exception <a 'java/lang/NoSuchMethodError'{0x000000008e648800}: 'void java.lang.invoke.DirectMethodHandle$Holder.invokeStatic(java.lang.Object, java.lang.Object, java.lang.Object)'> (0x000000008e648800) 
thrown [s\src\hotspot\share\interpreter\linkResolver.cpp, line 759]
Event: 1.841 Thread 0x000002090b5e0280 Exception <a 'java/io/IOException'{0x000000008e55f928}> (0x000000008e55f928) 
thrown [s\src\hotspot\share\prims\jni.cpp, line 516]
Event: 1.843 Thread 0x000002090b5e0280 Implicit null exception at 0x000002091acffdf2 to 0x000002091ad003c4
Event: 1.848 Thread 0x000002090b5e0280 Exception <a 'java/lang/NoSuchMethodError'{0x000000008e5bfd18}: 'java.lang.Object java.lang.invoke.DirectMethodHandle$Holder.newInvokeSpecial(java.lang.Object, java.lang.Object, java.lang.Object, java.lang.Object, java.lang.Object)'> (0x000000008e5bfd18) 
thrown [s\src\hotspot\share\interpreter\linkResolver.cpp, line 759]
Event: 1.942 Thread 0x000002094b0bcd50 Exception <a 'java/lang/NoSuchMethodError'{0x000000008e278760}: 'void java.lang.invoke.DirectMethodHandle$Holder.invokeSpecial(java.lang.Object, java.lang.Object, java.lang.Object)'> (0x000000008e278760) 
thrown [s\src\hotspot\share\interpreter\linkResolver.cpp, line 759]
Event: 1.993 Thread 0x000002094b97c3b0 Exception <a 'java/lang/NoSuchMethodError'{0x000000008dc66a68}: 'long java.lang.invoke.DirectMethodHandle$Holder.invokeInterface(java.lang.Object, java.lang.Object)'> (0x000000008dc66a68) 
thrown [s\src\hotspot\share\interpreter\linkResolver.cpp, line 759]
Event: 2.045 Thread 0x000002094b97c3b0 Exception <a 'java/lang/NoSuchMethodError'{0x000000008d8d9c38}: 'void java.lang.invoke.DirectMethodHandle$Holder.invokeStatic(java.lang.Object, java.lang.Object)'> (0x000000008d8d9c38) 
thrown [s\src\hotspot\share\interpreter\linkResolver.cpp, line 759]
Event: 2.085 Thread 0x000002094b97c3b0 Exception <a 'java/lang/NoSuchMethodError'{0x000000008d6f51d8}: 'int java.lang.invoke.DirectMethodHandle$Holder.invokeVirtual(java.lang.Object, java.lang.Object, java.lang.Object)'> (0x000000008d6f51d8) 
thrown [s\src\hotspot\share\interpreter\linkResolver.cpp, line 759]
Event: 2.114 Thread 0x000002094b97c3b0 Exception <a 'java/lang/NoSuchMethodError'{0x000000008d380568}: 'java.lang.Object java.lang.invoke.DirectMethodHandle$Holder.newInvokeSpecial(java.lang.Object, java.lang.Object, java.lang.Object, java.lang.Object, java.lang.Object, java.lang.Object)'> (0x000000008d380568) 
thrown [s\src\hotspot\share\interpreter\linkResolver.cpp, line 759]
Event: 2.156 Thread 0x000002094b97c3b0 Exception <a 'java/lang/NoSuchMethodError'{0x000000008d082d80}: 'void java.lang.invoke.DelegatingMethodHandle$Holder.reinvoke_L(java.lang.Object, java.lang.Object, java.lang.Object, java.lang.Object, java.lang.Object, java.lang.Object, java.lang.Object, java.lang.Object, java.lang.Object, java.lang.Object)'> (0x000000008d082d80) 
thrown [s\src\hotspot\share\interpreter\linkResolver.cpp, line 759]
Event: 2.156 Thread 0x000002094b97c3b0 Exception <a 'java/lang/NoSuchMethodError'{0x000000008d08b1f0}: 'java.lang.Object java.lang.invoke.DirectMethodHandle$Holder.invokeSpecial(java.lang.Object, java.lang.Object, java.lang.Object, java.lang.Object, java.lang.Object, java.lang.Object, java.lang.Object, java.lang.Object, java.lang.Object, java.lang.Object)'> (0x000000008d08b1f0) 
thrown [s\src\hotspot\share\interpreter\linkResolver.cpp, line 759]
Event: 2.157 Thread 0x000002094b97c3b0 Exception <a 'java/lang/NoSuchMethodError'{0x000000008d08fac0}: 'java.lang.Object java.lang.invoke.Invokers$Holder.invoker(java.lang.Object, java.lang.Object, java.lang.Object, java.lang.Object, java.lang.Object, java.lang.Object, java.lang.Object, java.lang.Object, java.lang.Object, java.lang.Object)'> (0x000000008d08fac0) 
thrown [s\src\hotspot\share\interpreter\linkResolver.cpp, line 759]
Event: 2.157 Thread 0x000002094b97c3b0 Exception <a 'java/lang/NoSuchMethodError'{0x000000008d0956c8}: 'java.lang.Object java.lang.invoke.DirectMethodHandle$Holder.invokeSpecial(java.lang.Object, java.lang.Object, java.lang.Object, java.lang.Object, java.lang.Object, java.lang.Object, java.lang.Object, java.lang.Object, java.lang.Object, java.lang.Object, java.lang.Object)'> (0x000000008d0956c8) 
thrown [s\src\hotspot\share\interpreter\linkResolver.cpp, line 759]
Event: 2.262 Thread 0x000002094b97c3b0 Exception <a 'java/lang/NoSuchMethodError'{0x000000008c81b918}: 'java.lang.Object java.lang.invoke.DirectMethodHandle$Holder.newInvokeSpecial(java.lang.Object, java.lang.Object, int)'> (0x000000008c81b918) 
thrown [s\src\hotspot\share\interpreter\linkResolver.cpp, line 759]
Event: 2.301 Thread 0x000002094b97c3b0 Implicit null exception at 0x000002091add3368 to 0x000002091add34e8

VM Operations (20 events):
Event: 1.567 Executing VM operation: HandshakeAllThreads
Event: 1.567 Executing VM operation: HandshakeAllThreads done
Event: 1.569 Executing VM operation: HandshakeAllThreads
Event: 1.569 Executing VM operation: HandshakeAllThreads done
Event: 1.600 Executing VM operation: HandshakeAllThreads
Event: 1.600 Executing VM operation: HandshakeAllThreads done
Event: 1.623 Executing VM operation: HandshakeAllThreads
Event: 1.623 Executing VM operation: HandshakeAllThreads done
Event: 1.664 Executing VM operation: HandshakeAllThreads
Event: 1.664 Executing VM operation: HandshakeAllThreads done
Event: 1.677 Executing VM operation: HandshakeAllThreads
Event: 1.677 Executing VM operation: HandshakeAllThreads done
Event: 1.700 Executing VM operation: HandshakeAllThreads
Event: 1.700 Executing VM operation: HandshakeAllThreads done
Event: 1.820 Executing VM operation: HandshakeAllThreads
Event: 1.820 Executing VM operation: HandshakeAllThreads done
Event: 1.874 Executing VM operation: HandshakeAllThreads
Event: 1.874 Executing VM operation: HandshakeAllThreads done
Event: 1.976 Executing VM operation: ICBufferFull
Event: 1.976 Executing VM operation: ICBufferFull done

Memory protections (0 events):
No events

Nmethod flushes (0 events):
No events

Events (20 events):
Event: 0.391 Thread 0x000002092ab7bfe0 Thread added: 0x000002092acccc10
Event: 0.414 Thread 0x000002090b5e0280 Thread added: 0x000002092ad90e30
Event: 0.582 Thread 0x000002092ab7bfe0 Thread added: 0x000002094a147d50
Event: 0.586 Thread 0x000002092a79e5f0 Thread added: 0x000002094a300cd0
Event: 0.586 Thread 0x000002092a79e5f0 Thread added: 0x000002094a3011f0
Event: 0.843 Thread 0x000002092ab7bfe0 Thread added: 0x000002094afabd50
Event: 0.843 Thread 0x000002092ab7bfe0 Thread added: 0x000002094aa3d660
Event: 1.610 Thread 0x000002090b5e0280 Thread added: 0x000002094ad6edd0
Event: 1.800 Thread 0x000002090b5e0280 Thread added: 0x000002094be58d60
Event: 1.851 Thread 0x000002090b5e0280 Thread added: 0x000002094bf7cf50
Event: 1.899 Thread 0x000002094be58d60 Thread added: 0x000002094b0bcd50
Event: 1.902 Thread 0x000002094b0bcd50 Thread added: 0x000002094a835880
Event: 1.938 Thread 0x000002094b0bcd50 Thread added: 0x000002094b97b480
Event: 1.944 Thread 0x000002094b0bcd50 Thread added: 0x000002094b97c3b0
Event: 1.954 Thread 0x000002094b97c3b0 Thread added: 0x000002094b97d7f0
Event: 1.956 Thread 0x000002094b97c3b0 Thread added: 0x000002094b97b990
Event: 1.958 Thread 0x000002094b97c3b0 Thread added: 0x000002094b97dd00
Event: 2.261 Thread 0x000002094b97c3b0 Thread added: 0x000002094b97bea0
Event: 2.267 Thread 0x000002094b97c3b0 Thread added: 0x000002094b97d2e0
Event: 2.292 Thread 0x000002094b97c3b0 Thread added: 0x000002094b97c8c0


Dynamic libraries:
0x00007ff66a2e0000 - 0x00007ff66a2ee000 	C:\Program Files\Eclipse Adoptium\jdk-17.0.14.7-hotspot\bin\java.exe
0x00007ffc9b040000 - 0x00007ffc9b2a0000 	C:\WINDOWS\SYSTEM32\ntdll.dll
0x00007ffc9a930000 - 0x00007ffc9a9f7000 	C:\WINDOWS\System32\KERNEL32.DLL
0x00007ffc98900000 - 0x00007ffc98cca000 	C:\WINDOWS\System32\KERNELBASE.dll
0x00007ffc982c0000 - 0x00007ffc9840b000 	C:\WINDOWS\System32\ucrtbase.dll
0x00007ffc759c0000 - 0x00007ffc759de000 	C:\Program Files\Eclipse Adoptium\jdk-17.0.14.7-hotspot\bin\VCRUNTIME140.dll
0x00007ffc92860000 - 0x00007ffc92877000 	C:\Program Files\Eclipse Adoptium\jdk-17.0.14.7-hotspot\bin\jli.dll
0x00007ffc99870000 - 0x00007ffc99a3c000 	C:\WINDOWS\System32\USER32.dll
0x00007ffc988d0000 - 0x00007ffc988f7000 	C:\WINDOWS\System32\win32u.dll
0x00007ffc9ac30000 - 0x00007ffc9ac5a000 	C:\WINDOWS\System32\GDI32.dll
0x00007ffc98640000 - 0x00007ffc98771000 	C:\WINDOWS\System32\gdi32full.dll
0x00007ffc7bbb0000 - 0x00007ffc7be47000 	C:\WINDOWS\WinSxS\amd64_microsoft.windows.common-controls_6595b64144ccf1df_6.0.26100.3624_none_3e086962e3345f24\COMCTL32.dll
0x00007ffc98590000 - 0x00007ffc98633000 	C:\WINDOWS\System32\msvcp_win.dll
0x00007ffc99590000 - 0x00007ffc99639000 	C:\WINDOWS\System32\msvcrt.dll
0x00007ffc9aa00000 - 0x00007ffc9aa2f000 	C:\WINDOWS\System32\IMM32.DLL
0x00007ffc92850000 - 0x00007ffc9285c000 	C:\Program Files\Eclipse Adoptium\jdk-17.0.14.7-hotspot\bin\vcruntime140_1.dll
0x00007ffc03980000 - 0x00007ffc03a0d000 	C:\Program Files\Eclipse Adoptium\jdk-17.0.14.7-hotspot\bin\msvcp140.dll
0x00007ffbcec40000 - 0x00007ffbcf8ab000 	C:\Program Files\Eclipse Adoptium\jdk-17.0.14.7-hotspot\bin\server\jvm.dll
0x00007ffc9ae40000 - 0x00007ffc9aef2000 	C:\WINDOWS\System32\ADVAPI32.dll
0x00007ffc9af50000 - 0x00007ffc9aff6000 	C:\WINDOWS\System32\sechost.dll
0x00007ffc99750000 - 0x00007ffc99866000 	C:\WINDOWS\System32\RPCRT4.dll
0x00007ffc99650000 - 0x00007ffc996c4000 	C:\WINDOWS\System32\WS2_32.dll
0x00007ffc96eb0000 - 0x00007ffc96f0e000 	C:\WINDOWS\SYSTEM32\POWRPROF.dll
0x00007ffc8dd10000 - 0x00007ffc8dd46000 	C:\WINDOWS\SYSTEM32\WINMM.dll
0x00007ffc8dc30000 - 0x00007ffc8dc3b000 	C:\WINDOWS\SYSTEM32\VERSION.dll
0x00007ffc96e90000 - 0x00007ffc96ea4000 	C:\WINDOWS\SYSTEM32\UMPDC.dll
0x00007ffc97150000 - 0x00007ffc9716a000 	C:\WINDOWS\SYSTEM32\kernel.appcore.dll
0x00007ffc780b0000 - 0x00007ffc780ba000 	C:\Program Files\Eclipse Adoptium\jdk-17.0.14.7-hotspot\bin\jimage.dll
0x00007ffc958f0000 - 0x00007ffc95b31000 	C:\WINDOWS\SYSTEM32\DBGHELP.DLL
0x00007ffc99200000 - 0x00007ffc99582000 	C:\WINDOWS\System32\combase.dll
0x00007ffc99110000 - 0x00007ffc991e6000 	C:\WINDOWS\System32\OLEAUT32.dll
0x00007ffc0b540000 - 0x00007ffc0b579000 	C:\WINDOWS\SYSTEM32\dbgcore.DLL
0x00007ffc98220000 - 0x00007ffc982b9000 	C:\WINDOWS\System32\bcryptPrimitives.dll
0x00007ffc639a0000 - 0x00007ffc639ae000 	C:\Program Files\Eclipse Adoptium\jdk-17.0.14.7-hotspot\bin\instrument.dll
0x00007ffc75990000 - 0x00007ffc759b5000 	C:\Program Files\Eclipse Adoptium\jdk-17.0.14.7-hotspot\bin\java.dll
0x00007ffc00d00000 - 0x00007ffc00dd7000 	C:\Program Files\Eclipse Adoptium\jdk-17.0.14.7-hotspot\bin\jsvml.dll
0x00007ffc9a180000 - 0x00007ffc9a8a9000 	C:\WINDOWS\System32\SHELL32.dll
0x00007ffc98cd0000 - 0x00007ffc98e38000 	C:\WINDOWS\System32\wintypes.dll
0x00007ffc95f00000 - 0x00007ffc96752000 	C:\WINDOWS\SYSTEM32\windows.storage.dll
0x00007ffc98f70000 - 0x00007ffc9905d000 	C:\WINDOWS\System32\SHCORE.dll
0x00007ffc98f00000 - 0x00007ffc98f64000 	C:\WINDOWS\System32\shlwapi.dll
0x00007ffc98130000 - 0x00007ffc9815f000 	C:\WINDOWS\SYSTEM32\profapi.dll
0x00007ffc54e30000 - 0x00007ffc54e48000 	C:\Program Files\Eclipse Adoptium\jdk-17.0.14.7-hotspot\bin\zip.dll
0x00007ffc639b0000 - 0x00007ffc639c9000 	C:\Program Files\Eclipse Adoptium\jdk-17.0.14.7-hotspot\bin\net.dll
0x00007ffc91540000 - 0x00007ffc9165d000 	C:\WINDOWS\SYSTEM32\WINHTTP.dll
0x00007ffc97670000 - 0x00007ffc976da000 	C:\WINDOWS\system32\mswsock.dll
0x00007ffc63920000 - 0x00007ffc63936000 	C:\Program Files\Eclipse Adoptium\jdk-17.0.14.7-hotspot\bin\nio.dll
0x00007ffc75980000 - 0x00007ffc75990000 	C:\Program Files\Eclipse Adoptium\jdk-17.0.14.7-hotspot\bin\verify.dll
0x00007ffc55f10000 - 0x00007ffc55f37000 	C:\Users\DIGI ROUTE\.gradle\native\c067742578af261105cb4f569cf0c3c89f3d7b1fecec35dd04571415982c5e48\windows-amd64\native-platform.dll
0x00007ffc00a70000 - 0x00007ffc00bb4000 	C:\Users\DIGI ROUTE\.gradle\native\100fb08df4bc3b14c8652ba06237920a3bd2aa13389f12d3474272988ae205f9\windows-amd64\native-platform-file-events.dll
0x00007ffc75380000 - 0x00007ffc7538a000 	C:\Program Files\Eclipse Adoptium\jdk-17.0.14.7-hotspot\bin\management.dll
0x00007ffc6c5b0000 - 0x00007ffc6c5bb000 	C:\Program Files\Eclipse Adoptium\jdk-17.0.14.7-hotspot\bin\management_ext.dll
0x00007ffc99640000 - 0x00007ffc99648000 	C:\WINDOWS\System32\PSAPI.DLL
0x00007ffc97910000 - 0x00007ffc9792c000 	C:\WINDOWS\SYSTEM32\CRYPTSP.dll
0x00007ffc970b0000 - 0x00007ffc970ea000 	C:\WINDOWS\system32\rsaenh.dll
0x00007ffc97710000 - 0x00007ffc9773b000 	C:\WINDOWS\SYSTEM32\USERENV.dll
0x00007ffc98100000 - 0x00007ffc98126000 	C:\WINDOWS\SYSTEM32\bcrypt.dll
0x00007ffc97930000 - 0x00007ffc9793c000 	C:\WINDOWS\SYSTEM32\CRYPTBASE.dll
0x00007ffc96ba0000 - 0x00007ffc96bd3000 	C:\WINDOWS\SYSTEM32\IPHLPAPI.DLL
0x00007ffc9aa40000 - 0x00007ffc9aa4a000 	C:\WINDOWS\System32\NSI.dll
0x00007ffc91b70000 - 0x00007ffc91b8f000 	C:\WINDOWS\SYSTEM32\dhcpcsvc6.DLL
0x00007ffc91ad0000 - 0x00007ffc91af5000 	C:\WINDOWS\SYSTEM32\dhcpcsvc.DLL
0x00007ffc96be0000 - 0x00007ffc96d05000 	C:\WINDOWS\SYSTEM32\DNSAPI.dll
0x00007ffc63a60000 - 0x00007ffc63a69000 	C:\Program Files\Eclipse Adoptium\jdk-17.0.14.7-hotspot\bin\extnet.dll
0x00007ffc63960000 - 0x00007ffc6396e000 	C:\Program Files\Eclipse Adoptium\jdk-17.0.14.7-hotspot\bin\sunmscapi.dll
0x00007ffc98410000 - 0x00007ffc98587000 	C:\WINDOWS\System32\CRYPT32.dll
0x00007ffc97b10000 - 0x00007ffc97b40000 	C:\WINDOWS\SYSTEM32\ncrypt.dll
0x00007ffc97ac0000 - 0x00007ffc97aff000 	C:\WINDOWS\SYSTEM32\NTASN1.dll
0x00007ffc88840000 - 0x00007ffc88848000 	C:\WINDOWS\system32\wshunix.dll

dbghelp: loaded successfully - version: 4.0.5 - missing functions: none
symbol engine: initialized successfully - sym options: 0x614 - pdb path: .;C:\Program Files\Eclipse Adoptium\jdk-17.0.14.7-hotspot\bin;C:\WINDOWS\SYSTEM32;C:\WINDOWS\WinSxS\amd64_microsoft.windows.common-controls_6595b64144ccf1df_6.0.26100.3624_none_3e086962e3345f24;C:\Program Files\Eclipse Adoptium\jdk-17.0.14.7-hotspot\bin\server;C:\Users\DIGI ROUTE\.gradle\native\c067742578af261105cb4f569cf0c3c89f3d7b1fecec35dd04571415982c5e48\windows-amd64;C:\Users\DIGI ROUTE\.gradle\native\100fb08df4bc3b14c8652ba06237920a3bd2aa13389f12d3474272988ae205f9\windows-amd64

VM Arguments:
jvm_args: --add-opens=java.base/java.lang=ALL-UNNAMED --add-opens=java.base/java.lang.invoke=ALL-UNNAMED --add-opens=java.base/java.util=ALL-UNNAMED --add-opens=java.prefs/java.util.prefs=ALL-UNNAMED --add-exports=jdk.compiler/com.sun.tools.javac.api=ALL-UNNAMED --add-exports=jdk.compiler/com.sun.tools.javac.util=ALL-UNNAMED --add-opens=java.base/java.util=ALL-UNNAMED --add-opens=java.prefs/java.util.prefs=ALL-UNNAMED --add-opens=java.base/java.nio.charset=ALL-UNNAMED --add-opens=java.base/java.net=ALL-UNNAMED --add-opens=java.base/java.util.concurrent.atomic=ALL-UNNAMED --add-opens=java.xml/javax.xml.namespace=ALL-UNNAMED -XX:MaxMetaspaceSize=512m -Xmx2048m -Dfile.encoding=windows-1252 -Duser.country=IN -Duser.language=en -Duser.variant -javaagent:C:\Users\DIGI ROUTE\.gradle\wrapper\dists\gradle-8.11.1-bin\bpt9gzteqjrbo1mjrsomdt32c\gradle-8.11.1\lib\agents\gradle-instrumentation-agent-8.11.1.jar 
java_command: org.gradle.launcher.daemon.bootstrap.GradleDaemon 8.11.1
java_class_path (initial): C:\Users\DIGI ROUTE\.gradle\wrapper\dists\gradle-8.11.1-bin\bpt9gzteqjrbo1mjrsomdt32c\gradle-8.11.1\lib\gradle-daemon-main-8.11.1.jar
Launcher Type: SUN_STANDARD

[Global flags]
     intx CICompilerCount                          = 12                                        {product} {ergonomic}
   size_t CompressedClassSpaceSize                 = 436207616                                 {product} {ergonomic}
     uint ConcGCThreads                            = 4                                         {product} {ergonomic}
     uint G1ConcRefinementThreads                  = 15                                        {product} {ergonomic}
   size_t G1HeapRegionSize                         = 1048576                                   {product} {ergonomic}
    uintx GCDrainStackTargetSize                   = 64                                        {product} {ergonomic}
   size_t InitialHeapSize                          = 264241152                                 {product} {ergonomic}
   size_t MarkStackSize                            = 4194304                                   {product} {ergonomic}
   size_t MaxHeapSize                              = 2147483648                                {product} {command line}
   size_t MaxMetaspaceSize                         = 536870912                                 {product} {command line}
   size_t MaxNewSize                               = 1287651328                                {product} {ergonomic}
   size_t MinHeapDeltaBytes                        = 1048576                                   {product} {ergonomic}
   size_t MinHeapSize                              = 8388608                                   {product} {ergonomic}
    uintx NonNMethodCodeHeapSize                   = 7602480                                {pd product} {ergonomic}
    uintx NonProfiledCodeHeapSize                  = 122027880                              {pd product} {ergonomic}
    uintx ProfiledCodeHeapSize                     = 122027880                              {pd product} {ergonomic}
    uintx ReservedCodeCacheSize                    = 251658240                              {pd product} {ergonomic}
     bool SegmentedCodeCache                       = true                                      {product} {ergonomic}
   size_t SoftMaxHeapSize                          = 2147483648                             {manageable} {ergonomic}
     bool UseCompressedClassPointers               = true                           {product lp64_product} {ergonomic}
     bool UseCompressedOops                        = true                           {product lp64_product} {ergonomic}
     bool UseG1GC                                  = true                                      {product} {ergonomic}
     bool UseLargePagesIndividualAllocation        = false                                  {pd product} {ergonomic}

Logging:
Log output configuration:
 #0: stdout all=warning uptime,level,tags
 #1: stderr all=off uptime,level,tags

Environment Variables:
CLASSPATH=C:\Users\DIGI ROUTE\Desktop\wellfareCanteen\android\\gradle\wrapper\gradle-wrapper.jar
PATH=C:\Users\DIGI ROUTE\Desktop\wellfareCanteen\node_modules\.bin;C:\Users\DIGI ROUTE\Desktop\wellfareCanteen\node_modules\.bin;C:\Users\DIGI ROUTE\Desktop\node_modules\.bin;C:\Users\DIGI ROUTE\node_modules\.bin;C:\Users\node_modules\.bin;C:\node_modules\.bin;C:\Users\DIGI ROUTE\AppData\Roaming\npm\node_modules\npm\node_modules\@npmcli\run-script\lib\node-gyp-bin;C:\Program Files\Eclipse Adoptium\jdk-17.0.14.7-hotspot\bin;C:\Program Files\Eclipse Adoptium\jdk-11.0.26.4-hotspot\bin;C:\Program Files\Common Files\Oracle\Java\javapath;C:\Program Files (x86)\Common Files\Oracle\Java\java8path;C:\Program Files (x86)\Common Files\Oracle\Java\javapath;C:\Windows\system32;C:\Windows;C:\Windows\System32\Wbem;C:\Windows\System32\WindowsPowerShell\v1.0\;C:\Windows\System32\OpenSSH\;C:\Program Files (x86)\NVIDIA Corporation\PhysX\Common;C:\Program Files\NVIDIA Corporation\NVIDIA NvDLISR;C:\Program Files\Amazon\AWSCLIV2\;C:\Program Files\nodejs\;C:\WINDOWS\system32;C:\WINDOWS;C:\WINDOWS\System32\Wbem;C:\WINDOWS\System32\WindowsPowerShell\v1.0\;C:\WINDOWS\System32\OpenSSH\;C:\ProgramData\chocolatey\bin;C:\Program Files\Git\cmd;C:\Users\DIGI ROUTE\AppData\Local\Microsoft\WindowsApps;C:\Users\DIGI ROUTE\AppData\Local\Programs\Microsoft VS Code\bin;C:\Users\DIGI ROUTE\AppData\Roaming\npm;C:\Users\DIGI ROUTE\AppData\Local\Android\Sdk\platform-tools;
USERNAME=DIGI ROUTE
OS=Windows_NT
PROCESSOR_IDENTIFIER=Intel64 Family 6 Model 154 Stepping 3, GenuineIntel
TMP=C:\Users\DIGIRO~1\AppData\Local\Temp
TEMP=C:\Users\DIGIRO~1\AppData\Local\Temp



Periodic native trim disabled


---------------  S Y S T E M  ---------------

OS:
 Windows 11 , 64 bit Build 26100 (10.0.26100.3775)
OS uptime: 0 days 8:51 hours

CPU: total 20 (initial active 20) (10 cores per cpu, 2 threads per core) family 6 model 154 stepping 3 microcode 0x434, cx8, cmov, fxsr, ht, mmx, 3dnowpref, sse, sse2, sse3, ssse3, sse4.1, sse4.2, popcnt, lzcnt, tsc, tscinvbit, avx, avx2, aes, erms, clmul, bmi1, bmi2, adx, sha, fma, vzeroupper, clflush, clflushopt, clwb
Processor Information for all 20 processors :
  Max Mhz: 2300, Current Mhz: 2300, Mhz Limit: 2300

Memory: 4k page, system-wide physical 16004M (1605M free)
TotalPageFile size 65156M (AvailPageFile size 37M)
current process WorkingSet (physical memory assigned to process): 182M, peak: 182M
current process commit charge ("private bytes"): 424M, peak: 424M

vm_info: OpenJDK 64-Bit Server VM (17.0.14+7) for windows-amd64 JRE (17.0.14+7), built on Jan 21 2025 23:40:15 by "admin" with MS VC++ 17.7 (VS2022)

END.
